[2022-08-11 05:32:40,385] {taskinstance.py:1179} INFO - Dependencies all met for <TaskInstance: craw.cr2 manual__2022-08-11T05:32:30.559219+00:00 [queued]>
[2022-08-11 05:32:40,447] {taskinstance.py:1179} INFO - Dependencies all met for <TaskInstance: craw.cr2 manual__2022-08-11T05:32:30.559219+00:00 [queued]>
[2022-08-11 05:32:40,448] {taskinstance.py:1376} INFO - 
--------------------------------------------------------------------------------
[2022-08-11 05:32:40,449] {taskinstance.py:1377} INFO - Starting attempt 1 of 2
[2022-08-11 05:32:40,450] {taskinstance.py:1378} INFO - 
--------------------------------------------------------------------------------
[2022-08-11 05:32:40,520] {taskinstance.py:1397} INFO - Executing <Task(PythonOperator): cr2> on 2022-08-11 05:32:30.559219+00:00
[2022-08-11 05:32:40,549] {standard_task_runner.py:52} INFO - Started process 14670 to run task
[2022-08-11 05:32:40,572] {standard_task_runner.py:79} INFO - Running: ['***', 'tasks', 'run', 'craw', 'cr2', 'manual__2022-08-11T05:32:30.559219+00:00', '--job-id', '79', '--raw', '--subdir', 'DAGS_FOLDER/newtest.py', '--cfg-path', '/tmp/tmpqt9umun8', '--error-file', '/tmp/tmpjvswvln3']
[2022-08-11 05:32:40,584] {standard_task_runner.py:80} INFO - Job 79: Subtask cr2
[2022-08-11 05:32:40,911] {task_command.py:371} INFO - Running <TaskInstance: craw.cr2 manual__2022-08-11T05:32:30.559219+00:00 [running]> on host d59619969b18
[2022-08-11 05:32:41,685] {taskinstance.py:1591} INFO - Exporting the following env vars:
AIRFLOW_CTX_DAG_OWNER=***
AIRFLOW_CTX_DAG_ID=craw
AIRFLOW_CTX_TASK_ID=cr2
AIRFLOW_CTX_EXECUTION_DATE=2022-08-11T05:32:30.559219+00:00
AIRFLOW_CTX_TRY_NUMBER=1
AIRFLOW_CTX_DAG_RUN_ID=manual__2022-08-11T05:32:30.559219+00:00
[2022-08-11 05:32:41,803] {logger.py:11} INFO - ====== WebDriver manager ======
[2022-08-11 05:32:45,638] {logger.py:11} INFO - Get LATEST chromedriver version for google-chrome 104.0.5112
[2022-08-11 05:32:56,102] {local_task_job.py:221} WARNING - State of this instance has been externally set to restarting. Terminating instance.
[2022-08-11 05:32:56,153] {process_utils.py:129} INFO - Sending Signals.SIGTERM to group 14670. PIDs of all processes in the group: [14670]
[2022-08-11 05:32:56,154] {process_utils.py:80} INFO - Sending the signal Signals.SIGTERM to group 14670
[2022-08-11 05:32:56,232] {taskinstance.py:1561} ERROR - Received SIGTERM. Terminating subprocesses.
[2022-08-11 05:32:57,155] {logger.py:11} INFO - Driver [/home/***/.wdm/drivers/chromedriver/linux64/104.0.5112/chromedriver] found in cache
[2022-08-11 05:33:56,201] {process_utils.py:143} WARNING - process psutil.Process(pid=14670, name='airflow task ru', status='sleeping', started='05:32:40') did not respond to SIGTERM. Trying SIGKILL
[2022-08-11 05:33:56,214] {process_utils.py:80} INFO - Sending the signal Signals.SIGKILL to group 14670
[2022-08-11 05:33:56,372] {process_utils.py:75} INFO - Process psutil.Process(pid=14670, name='airflow task ru', status='terminated', exitcode=<Negsignal.SIGKILL: -9>, started='05:32:40') (14670) terminated with exit code Negsignal.SIGKILL
[2022-08-11 05:33:56,374] {standard_task_runner.py:162} ERROR - Job 79 was killed before it finished (likely due to running out of memory)
