[2022-08-11 04:51:19,623] {taskinstance.py:1179} INFO - Dependencies all met for <TaskInstance: craw.cr2 manual__2022-08-11T04:51:14.331197+00:00 [queued]>
[2022-08-11 04:51:19,653] {taskinstance.py:1179} INFO - Dependencies all met for <TaskInstance: craw.cr2 manual__2022-08-11T04:51:14.331197+00:00 [queued]>
[2022-08-11 04:51:19,654] {taskinstance.py:1376} INFO - 
--------------------------------------------------------------------------------
[2022-08-11 04:51:19,655] {taskinstance.py:1377} INFO - Starting attempt 1 of 2
[2022-08-11 04:51:19,656] {taskinstance.py:1378} INFO - 
--------------------------------------------------------------------------------
[2022-08-11 04:51:19,705] {taskinstance.py:1397} INFO - Executing <Task(PythonOperator): cr2> on 2022-08-11 04:51:14.331197+00:00
[2022-08-11 04:51:19,718] {standard_task_runner.py:52} INFO - Started process 11268 to run task
[2022-08-11 04:51:19,725] {standard_task_runner.py:79} INFO - Running: ['***', 'tasks', 'run', 'craw', 'cr2', 'manual__2022-08-11T04:51:14.331197+00:00', '--job-id', '70', '--raw', '--subdir', 'DAGS_FOLDER/newtest.py', '--cfg-path', '/tmp/tmp4sr0w3ye', '--error-file', '/tmp/tmp8dcmgxl6']
[2022-08-11 04:51:19,728] {standard_task_runner.py:80} INFO - Job 70: Subtask cr2
[2022-08-11 04:51:19,907] {task_command.py:371} INFO - Running <TaskInstance: craw.cr2 manual__2022-08-11T04:51:14.331197+00:00 [running]> on host d59619969b18
[2022-08-11 04:51:20,321] {taskinstance.py:1591} INFO - Exporting the following env vars:
AIRFLOW_CTX_DAG_OWNER=***
AIRFLOW_CTX_DAG_ID=craw
AIRFLOW_CTX_TASK_ID=cr2
AIRFLOW_CTX_EXECUTION_DATE=2022-08-11T04:51:14.331197+00:00
AIRFLOW_CTX_TRY_NUMBER=1
AIRFLOW_CTX_DAG_RUN_ID=manual__2022-08-11T04:51:14.331197+00:00
[2022-08-11 04:51:20,327] {taskinstance.py:1909} ERROR - Task failed with exception
Traceback (most recent call last):
  File "/home/airflow/.local/lib/python3.7/site-packages/airflow/operators/python.py", line 171, in execute
    return_value = self.execute_callable()
  File "/home/airflow/.local/lib/python3.7/site-packages/airflow/operators/python.py", line 189, in execute_callable
    return self.python_callable(*self.op_args, **self.op_kwargs)
  File "/opt/airflow/dags/newtest.py", line 37, in crawling
    s,e,lists=op_args
ValueError: not enough values to unpack (expected 3, got 2)
[2022-08-11 04:51:21,068] {taskinstance.py:1420} INFO - Marking task as UP_FOR_RETRY. dag_id=craw, task_id=cr2, execution_date=20220811T045114, start_date=20220811T045119, end_date=20220811T045121
[2022-08-11 04:51:21,110] {standard_task_runner.py:97} ERROR - Failed to execute job 70 for task cr2 (not enough values to unpack (expected 3, got 2); 11268)
[2022-08-11 04:51:21,169] {local_task_job.py:156} INFO - Task exited with return code 1
[2022-08-11 04:51:21,282] {local_task_job.py:273} INFO - 0 downstream tasks scheduled from follow-on schedule check
