[2022-07-22 05:42:13,450] {taskinstance.py:1179} INFO - Dependencies all met for <TaskInstance: workflow.create_table scheduled__2021-09-18T00:00:00+00:00 [queued]>
[2022-07-22 05:42:13,491] {taskinstance.py:1179} INFO - Dependencies all met for <TaskInstance: workflow.create_table scheduled__2021-09-18T00:00:00+00:00 [queued]>
[2022-07-22 05:42:13,493] {taskinstance.py:1376} INFO - 
--------------------------------------------------------------------------------
[2022-07-22 05:42:13,494] {taskinstance.py:1377} INFO - Starting attempt 1 of 1
[2022-07-22 05:42:13,499] {taskinstance.py:1378} INFO - 
--------------------------------------------------------------------------------
[2022-07-22 05:42:13,558] {taskinstance.py:1397} INFO - Executing <Task(MySqlOperator): create_table> on 2021-09-18 00:00:00+00:00
[2022-07-22 05:42:13,587] {standard_task_runner.py:52} INFO - Started process 2085 to run task
[2022-07-22 05:42:13,593] {standard_task_runner.py:79} INFO - Running: ['***', 'tasks', 'run', 'workflow', 'create_table', 'scheduled__2021-09-18T00:00:00+00:00', '--job-id', '201', '--raw', '--subdir', 'DAGS_FOLDER/test.py', '--cfg-path', '/tmp/tmpqu0gh1jz', '--error-file', '/tmp/tmpud9kli9w']
[2022-07-22 05:42:13,616] {standard_task_runner.py:80} INFO - Job 201: Subtask create_table
[2022-07-22 05:42:13,818] {task_command.py:371} INFO - Running <TaskInstance: workflow.create_table scheduled__2021-09-18T00:00:00+00:00 [running]> on host cdbfdeb58988
[2022-07-22 05:42:13,971] {taskinstance.py:1591} INFO - Exporting the following env vars:
AIRFLOW_CTX_DAG_OWNER=***
AIRFLOW_CTX_DAG_ID=workflow
AIRFLOW_CTX_TASK_ID=create_table
AIRFLOW_CTX_EXECUTION_DATE=2021-09-18T00:00:00+00:00
AIRFLOW_CTX_TRY_NUMBER=1
AIRFLOW_CTX_DAG_RUN_ID=scheduled__2021-09-18T00:00:00+00:00
[2022-07-22 05:42:13,974] {mysql.py:82} INFO - Executing: CREATE DATABASE FUCK
[2022-07-22 05:42:13,990] {base.py:68} INFO - Using connection ID 'mysql_db' for task execution.
[2022-07-22 05:42:13,992] {taskinstance.py:1909} ERROR - Task failed with exception
Traceback (most recent call last):
  File "/home/airflow/.local/lib/python3.7/site-packages/airflow/providers/mysql/operators/mysql.py", line 84, in execute
    hook.run(self.sql, autocommit=self.autocommit, parameters=self.parameters)
  File "/home/airflow/.local/lib/python3.7/site-packages/airflow/hooks/dbapi.py", line 204, in run
    with closing(self.get_conn()) as conn:
  File "/home/airflow/.local/lib/python3.7/site-packages/airflow/providers/mysql/hooks/mysql.py", line 163, in get_conn
    import MySQLdb
ModuleNotFoundError: No module named 'MySQLdb'
[2022-07-22 05:42:14,006] {taskinstance.py:1420} INFO - Marking task as FAILED. dag_id=workflow, task_id=create_table, execution_date=20210918T000000, start_date=20220722T054213, end_date=20220722T054214
[2022-07-22 05:42:14,030] {standard_task_runner.py:97} ERROR - Failed to execute job 201 for task create_table (No module named 'MySQLdb'; 2085)
[2022-07-22 05:42:14,061] {local_task_job.py:156} INFO - Task exited with return code 1
[2022-07-22 05:42:14,132] {local_task_job.py:273} INFO - 0 downstream tasks scheduled from follow-on schedule check
