[2022-08-19 03:27:15,853] {taskinstance.py:1179} INFO - Dependencies all met for <TaskInstance: craw.cr5 scheduled__2022-08-16T14:55:00+00:00 [queued]>
[2022-08-19 03:27:15,870] {taskinstance.py:1179} INFO - Dependencies all met for <TaskInstance: craw.cr5 scheduled__2022-08-16T14:55:00+00:00 [queued]>
[2022-08-19 03:27:15,871] {taskinstance.py:1376} INFO - 
--------------------------------------------------------------------------------
[2022-08-19 03:27:15,871] {taskinstance.py:1377} INFO - Starting attempt 2 of 2
[2022-08-19 03:27:15,872] {taskinstance.py:1378} INFO - 
--------------------------------------------------------------------------------
[2022-08-19 03:27:15,901] {taskinstance.py:1397} INFO - Executing <Task(PythonOperator): cr5> on 2022-08-16 14:55:00+00:00
[2022-08-19 03:27:15,909] {standard_task_runner.py:52} INFO - Started process 498 to run task
[2022-08-19 03:27:15,913] {standard_task_runner.py:79} INFO - Running: ['***', 'tasks', 'run', 'craw', 'cr5', 'scheduled__2022-08-16T14:55:00+00:00', '--job-id', '182', '--raw', '--subdir', 'DAGS_FOLDER/newtest.py', '--cfg-path', '/tmp/tmpdcmc9ts4', '--error-file', '/tmp/tmpf6bb4_gc']
[2022-08-19 03:27:15,915] {standard_task_runner.py:80} INFO - Job 182: Subtask cr5
[2022-08-19 03:27:16,069] {task_command.py:371} INFO - Running <TaskInstance: craw.cr5 scheduled__2022-08-16T14:55:00+00:00 [running]> on host 61280f7b642f
[2022-08-19 03:27:16,195] {taskinstance.py:1591} INFO - Exporting the following env vars:
AIRFLOW_CTX_DAG_OWNER=***
AIRFLOW_CTX_DAG_ID=craw
AIRFLOW_CTX_TASK_ID=cr5
AIRFLOW_CTX_EXECUTION_DATE=2022-08-16T14:55:00+00:00
AIRFLOW_CTX_TRY_NUMBER=2
AIRFLOW_CTX_DAG_RUN_ID=scheduled__2022-08-16T14:55:00+00:00
[2022-08-19 03:27:16,214] {base.py:68} INFO - Using connection ID 'mysql' for task execution.
[2022-08-19 03:27:20,119] {taskinstance.py:1909} ERROR - Task failed with exception
Traceback (most recent call last):
  File "/home/airflow/.local/lib/python3.7/site-packages/pymysql/connections.py", line 614, in connect
    (self.host, self.port), self.connect_timeout, **kwargs
  File "/usr/local/lib/python3.7/socket.py", line 707, in create_connection
    for res in getaddrinfo(host, port, 0, SOCK_STREAM):
  File "/usr/local/lib/python3.7/socket.py", line 752, in getaddrinfo
    for res in _socket.getaddrinfo(host, port, family, type, proto, flags):
socket.gaierror: [Errno -2] Name or service not known

During handling of the above exception, another exception occurred:

Traceback (most recent call last):
  File "/home/airflow/.local/lib/python3.7/site-packages/airflow/operators/python.py", line 171, in execute
    return_value = self.execute_callable()
  File "/home/airflow/.local/lib/python3.7/site-packages/airflow/operators/python.py", line 189, in execute_callable
    return self.python_callable(*self.op_args, **self.op_kwargs)
  File "/opt/airflow/dags/newtest.py", line 39, in crawling
    conn= mysql_hook.get_conn()
  File "/home/airflow/.local/lib/python3.7/site-packages/airflow/providers/mysql/hooks/mysql.py", line 166, in get_conn
    return MySQLdb.connect(**conn_config)
  File "/home/airflow/.local/lib/python3.7/site-packages/pymysql/connections.py", line 353, in __init__
    self.connect()
  File "/home/airflow/.local/lib/python3.7/site-packages/pymysql/connections.py", line 664, in connect
    raise exc
pymysql.err.OperationalError: (2003, "Can't connect to MySQL server on 'mysql' ([Errno -2] Name or service not known)")
[2022-08-19 03:27:20,136] {taskinstance.py:1420} INFO - Marking task as FAILED. dag_id=craw, task_id=cr5, execution_date=20220816T145500, start_date=20220819T032715, end_date=20220819T032720
[2022-08-19 03:27:20,375] {standard_task_runner.py:97} ERROR - Failed to execute job 182 for task cr5 ((2003, "Can't connect to MySQL server on 'mysql' ([Errno -2] Name or service not known)"); 498)
[2022-08-19 03:27:20,422] {local_task_job.py:156} INFO - Task exited with return code 1
[2022-08-19 03:27:20,517] {local_task_job.py:273} INFO - 0 downstream tasks scheduled from follow-on schedule check
