[2022-07-22 06:06:06,927] {taskinstance.py:1179} INFO - Dependencies all met for <TaskInstance: workflow.create_table manual__2022-07-22T06:06:06.311693+00:00 [queued]>
[2022-07-22 06:06:06,935] {taskinstance.py:1179} INFO - Dependencies all met for <TaskInstance: workflow.create_table manual__2022-07-22T06:06:06.311693+00:00 [queued]>
[2022-07-22 06:06:06,936] {taskinstance.py:1376} INFO - 
--------------------------------------------------------------------------------
[2022-07-22 06:06:06,937] {taskinstance.py:1377} INFO - Starting attempt 1 of 1
[2022-07-22 06:06:06,938] {taskinstance.py:1378} INFO - 
--------------------------------------------------------------------------------
[2022-07-22 06:06:06,947] {taskinstance.py:1397} INFO - Executing <Task(MySqlOperator): create_table> on 2022-07-22 06:06:06.311693+00:00
[2022-07-22 06:06:06,952] {standard_task_runner.py:52} INFO - Started process 250 to run task
[2022-07-22 06:06:06,956] {standard_task_runner.py:79} INFO - Running: ['***', 'tasks', 'run', 'workflow', 'create_table', 'manual__2022-07-22T06:06:06.311693+00:00', '--job-id', '514', '--raw', '--subdir', 'DAGS_FOLDER/test.py', '--cfg-path', '/tmp/tmp1c3n3tq7', '--error-file', '/tmp/tmp3nceekth']
[2022-07-22 06:06:06,957] {standard_task_runner.py:80} INFO - Job 514: Subtask create_table
[2022-07-22 06:06:07,008] {task_command.py:371} INFO - Running <TaskInstance: workflow.create_table manual__2022-07-22T06:06:06.311693+00:00 [running]> on host 2092df15527a
[2022-07-22 06:06:07,058] {taskinstance.py:1591} INFO - Exporting the following env vars:
AIRFLOW_CTX_DAG_OWNER=***
AIRFLOW_CTX_DAG_ID=workflow
AIRFLOW_CTX_TASK_ID=create_table
AIRFLOW_CTX_EXECUTION_DATE=2022-07-22T06:06:06.311693+00:00
AIRFLOW_CTX_TRY_NUMBER=1
AIRFLOW_CTX_DAG_RUN_ID=manual__2022-07-22T06:06:06.311693+00:00
[2022-07-22 06:06:07,060] {mysql.py:82} INFO - Executing: CREATE DATABASE gogo
[2022-07-22 06:06:07,067] {base.py:68} INFO - Using connection ID 'mysql_db' for task execution.
[2022-07-22 06:06:07,072] {dbapi.py:231} INFO - Running statement: CREATE DATABASE gogo, parameters: None
[2022-07-22 06:06:07,079] {dbapi.py:239} INFO - Rows affected: 1
[2022-07-22 06:06:07,089] {taskinstance.py:1420} INFO - Marking task as SUCCESS. dag_id=workflow, task_id=create_table, execution_date=20220722T060606, start_date=20220722T060606, end_date=20220722T060607
[2022-07-22 06:06:07,128] {local_task_job.py:156} INFO - Task exited with return code 0
[2022-07-22 06:06:07,152] {local_task_job.py:273} INFO - 0 downstream tasks scheduled from follow-on schedule check
