[2022-08-11 05:32:40,165] {taskinstance.py:1179} INFO - Dependencies all met for <TaskInstance: craw.result manual__2022-08-11T05:32:30.559219+00:00 [queued]>
[2022-08-11 05:32:40,206] {taskinstance.py:1179} INFO - Dependencies all met for <TaskInstance: craw.result manual__2022-08-11T05:32:30.559219+00:00 [queued]>
[2022-08-11 05:32:40,207] {taskinstance.py:1376} INFO - 
--------------------------------------------------------------------------------
[2022-08-11 05:32:40,208] {taskinstance.py:1377} INFO - Starting attempt 1 of 2
[2022-08-11 05:32:40,209] {taskinstance.py:1378} INFO - 
--------------------------------------------------------------------------------
[2022-08-11 05:32:40,301] {taskinstance.py:1397} INFO - Executing <Task(PythonOperator): result> on 2022-08-11 05:32:30.559219+00:00
[2022-08-11 05:32:40,321] {standard_task_runner.py:52} INFO - Started process 14669 to run task
[2022-08-11 05:32:40,342] {standard_task_runner.py:79} INFO - Running: ['***', 'tasks', 'run', 'craw', 'result', 'manual__2022-08-11T05:32:30.559219+00:00', '--job-id', '78', '--raw', '--subdir', 'DAGS_FOLDER/newtest.py', '--cfg-path', '/tmp/tmptjv3cifv', '--error-file', '/tmp/tmpyxbtgtmc']
[2022-08-11 05:32:40,353] {standard_task_runner.py:80} INFO - Job 78: Subtask result
[2022-08-11 05:32:40,730] {task_command.py:371} INFO - Running <TaskInstance: craw.result manual__2022-08-11T05:32:30.559219+00:00 [running]> on host d59619969b18
[2022-08-11 05:32:41,216] {taskinstance.py:1591} INFO - Exporting the following env vars:
AIRFLOW_CTX_DAG_OWNER=***
AIRFLOW_CTX_DAG_ID=craw
AIRFLOW_CTX_TASK_ID=result
AIRFLOW_CTX_EXECUTION_DATE=2022-08-11T05:32:30.559219+00:00
AIRFLOW_CTX_TRY_NUMBER=1
AIRFLOW_CTX_DAG_RUN_ID=manual__2022-08-11T05:32:30.559219+00:00
[2022-08-11 05:32:45,547] {local_task_job.py:221} WARNING - State of this instance has been externally set to queued. Terminating instance.
[2022-08-11 05:32:45,745] {process_utils.py:129} INFO - Sending Signals.SIGTERM to group 14669. PIDs of all processes in the group: [14669]
[2022-08-11 05:32:45,748] {process_utils.py:80} INFO - Sending the signal Signals.SIGTERM to group 14669
[2022-08-11 05:32:54,703] {taskinstance.py:1561} ERROR - Received SIGTERM. Terminating subprocesses.
[2022-08-11 05:32:54,705] {logging_mixin.py:115} WARNING - Exception ignored in: <function WeakKeyDictionary.__init__.<locals>.remove at 0x7f106fa7bdd0>
[2022-08-11 05:32:54,707] {logging_mixin.py:115} WARNING - Traceback (most recent call last):
[2022-08-11 05:32:54,707] {logging_mixin.py:115} WARNING -   File "/usr/local/lib/python3.7/weakref.py", line 358, in remove
[2022-08-11 05:32:54,717] {logging_mixin.py:115} WARNING -     def remove(k, selfref=ref(self)):
[2022-08-11 05:32:54,718] {logging_mixin.py:115} WARNING -   File "/home/***/.local/lib/python3.7/site-packages/***/models/taskinstance.py", line 1563, in signal_handler
[2022-08-11 05:32:54,777] {logging_mixin.py:115} WARNING -     raise AirflowException("Task received SIGTERM signal")
[2022-08-11 05:32:54,777] {logging_mixin.py:115} WARNING - ***.exceptions.AirflowException: Task received SIGTERM signal
[2022-08-11 05:32:54,904] {logging_mixin.py:115} INFO - [[], []]
[2022-08-11 05:32:54,909] {python.py:173} INFO - Done. Returned value was: None
[2022-08-11 05:32:54,978] {taskinstance.py:1420} INFO - Marking task as SUCCESS. dag_id=craw, task_id=result, execution_date=20220811T053230, start_date=, end_date=20220811T053254
[2022-08-11 05:32:55,671] {process_utils.py:75} INFO - Process psutil.Process(pid=14669, status='terminated', exitcode=0, started='05:32:40') (14669) terminated with exit code 0
[2022-08-11 05:33:03,255] {taskinstance.py:1173} INFO - Dependencies not met for <TaskInstance: craw.result manual__2022-08-11T05:32:30.559219+00:00 [success]>, dependency 'Task Instance State' FAILED: Task is in the 'success' state.
[2022-08-11 05:33:03,259] {local_task_job.py:101} INFO - Task is not able to be run
[2022-08-11 05:33:22,115] {taskinstance.py:1179} INFO - Dependencies all met for <TaskInstance: craw.result manual__2022-08-11T05:32:30.559219+00:00 [queued]>
[2022-08-11 05:33:22,158] {taskinstance.py:1179} INFO - Dependencies all met for <TaskInstance: craw.result manual__2022-08-11T05:32:30.559219+00:00 [queued]>
[2022-08-11 05:33:22,159] {taskinstance.py:1376} INFO - 
--------------------------------------------------------------------------------
[2022-08-11 05:33:22,160] {taskinstance.py:1377} INFO - Starting attempt 1 of 2
[2022-08-11 05:33:22,161] {taskinstance.py:1378} INFO - 
--------------------------------------------------------------------------------
[2022-08-11 05:33:22,216] {taskinstance.py:1397} INFO - Executing <Task(PythonOperator): result> on 2022-08-11 05:32:30.559219+00:00
[2022-08-11 05:33:22,230] {standard_task_runner.py:52} INFO - Started process 14949 to run task
[2022-08-11 05:33:22,248] {standard_task_runner.py:79} INFO - Running: ['***', 'tasks', 'run', 'craw', 'result', 'manual__2022-08-11T05:32:30.559219+00:00', '--job-id', '82', '--raw', '--subdir', 'DAGS_FOLDER/newtest.py', '--cfg-path', '/tmp/tmpeby3hdzn', '--error-file', '/tmp/tmpdjdxapxb']
[2022-08-11 05:33:22,253] {standard_task_runner.py:80} INFO - Job 82: Subtask result
[2022-08-11 05:33:22,709] {task_command.py:371} INFO - Running <TaskInstance: craw.result manual__2022-08-11T05:32:30.559219+00:00 [running]> on host d59619969b18
[2022-08-11 05:33:23,426] {taskinstance.py:1591} INFO - Exporting the following env vars:
AIRFLOW_CTX_DAG_OWNER=***
AIRFLOW_CTX_DAG_ID=craw
AIRFLOW_CTX_TASK_ID=result
AIRFLOW_CTX_EXECUTION_DATE=2022-08-11T05:32:30.559219+00:00
AIRFLOW_CTX_TRY_NUMBER=1
AIRFLOW_CTX_DAG_RUN_ID=manual__2022-08-11T05:32:30.559219+00:00
[2022-08-11 05:33:24,994] {logging_mixin.py:115} INFO - [[], []]
[2022-08-11 05:33:24,995] {python.py:173} INFO - Done. Returned value was: None
[2022-08-11 05:33:25,062] {taskinstance.py:1420} INFO - Marking task as SUCCESS. dag_id=craw, task_id=result, execution_date=20220811T053230, start_date=20220811T053322, end_date=20220811T053325
[2022-08-11 05:33:25,214] {local_task_job.py:156} INFO - Task exited with return code 0
[2022-08-11 05:33:25,325] {local_task_job.py:273} INFO - 0 downstream tasks scheduled from follow-on schedule check
