[2022-08-13 08:55:59,713] {taskinstance.py:1179} INFO - Dependencies all met for <TaskInstance: craw.cr1 manual__2022-08-13T08:55:58.034929+00:00 [queued]>
[2022-08-13 08:55:59,726] {taskinstance.py:1179} INFO - Dependencies all met for <TaskInstance: craw.cr1 manual__2022-08-13T08:55:58.034929+00:00 [queued]>
[2022-08-13 08:55:59,727] {taskinstance.py:1376} INFO - 
--------------------------------------------------------------------------------
[2022-08-13 08:55:59,727] {taskinstance.py:1377} INFO - Starting attempt 1 of 2
[2022-08-13 08:55:59,728] {taskinstance.py:1378} INFO - 
--------------------------------------------------------------------------------
[2022-08-13 08:55:59,745] {taskinstance.py:1397} INFO - Executing <Task(PythonOperator): cr1> on 2022-08-13 08:55:58.034929+00:00
[2022-08-13 08:55:59,750] {standard_task_runner.py:52} INFO - Started process 3146 to run task
[2022-08-13 08:55:59,754] {standard_task_runner.py:79} INFO - Running: ['***', 'tasks', 'run', 'craw', 'cr1', 'manual__2022-08-13T08:55:58.034929+00:00', '--job-id', '48', '--raw', '--subdir', 'DAGS_FOLDER/newtest.py', '--cfg-path', '/tmp/tmp5gwfsc25', '--error-file', '/tmp/tmp5ksmukgb']
[2022-08-13 08:55:59,756] {standard_task_runner.py:80} INFO - Job 48: Subtask cr1
[2022-08-13 08:55:59,839] {task_command.py:371} INFO - Running <TaskInstance: craw.cr1 manual__2022-08-13T08:55:58.034929+00:00 [running]> on host cdb6935da655
[2022-08-13 08:55:59,927] {taskinstance.py:1591} INFO - Exporting the following env vars:
AIRFLOW_CTX_DAG_OWNER=***
AIRFLOW_CTX_DAG_ID=craw
AIRFLOW_CTX_TASK_ID=cr1
AIRFLOW_CTX_EXECUTION_DATE=2022-08-13T08:55:58.034929+00:00
AIRFLOW_CTX_TRY_NUMBER=1
AIRFLOW_CTX_DAG_RUN_ID=manual__2022-08-13T08:55:58.034929+00:00
[2022-08-13 08:55:59,929] {logger.py:11} INFO - ====== WebDriver manager ======
[2022-08-13 08:56:00,032] {logger.py:11} INFO - Get LATEST chromedriver version for google-chrome 104.0.5112
[2022-08-13 08:56:00,460] {logger.py:11} INFO - Driver [/home/***/.wdm/drivers/chromedriver/linux64/104.0.5112/chromedriver] found in cache
[2022-08-13 08:58:26,801] {local_task_job.py:221} WARNING - State of this instance has been externally set to failed. Terminating instance.
[2022-08-13 08:58:26,809] {process_utils.py:129} INFO - Sending Signals.SIGTERM to group 3146. PIDs of all processes in the group: [3200, 3213, 3222, 3223, 3231, 3232, 3285, 3359, 3430, 3284, 3146]
[2022-08-13 08:58:26,809] {process_utils.py:80} INFO - Sending the signal Signals.SIGTERM to group 3146
[2022-08-13 08:58:26,811] {taskinstance.py:1561} ERROR - Received SIGTERM. Terminating subprocesses.
[2022-08-13 08:58:26,921] {process_utils.py:75} INFO - Process psutil.Process(pid=3146, status='terminated', exitcode=0, started='08:55:59') (3146) terminated with exit code 0
[2022-08-13 08:58:26,922] {process_utils.py:75} INFO - Process psutil.Process(pid=3232, status='terminated', started='08:56:00') (3232) terminated with exit code None
[2022-08-13 08:58:26,923] {process_utils.py:75} INFO - Process psutil.Process(pid=3285, status='terminated', started='08:56:00') (3285) terminated with exit code None
[2022-08-13 08:58:26,924] {process_utils.py:75} INFO - Process psutil.Process(pid=3430, status='terminated', started='08:56:28') (3430) terminated with exit code None
[2022-08-13 08:58:26,924] {process_utils.py:75} INFO - Process psutil.Process(pid=3284, status='terminated', started='08:56:00') (3284) terminated with exit code None
[2022-08-13 08:58:26,925] {process_utils.py:75} INFO - Process psutil.Process(pid=3223, status='terminated', started='08:56:00') (3223) terminated with exit code None
[2022-08-13 08:58:26,925] {process_utils.py:75} INFO - Process psutil.Process(pid=3200, status='terminated', started='08:55:59') (3200) terminated with exit code None
[2022-08-13 08:58:26,926] {process_utils.py:75} INFO - Process psutil.Process(pid=3359, status='terminated', started='08:56:00') (3359) terminated with exit code None
[2022-08-13 08:58:26,926] {process_utils.py:75} INFO - Process psutil.Process(pid=3231, status='terminated', started='08:56:00') (3231) terminated with exit code None
[2022-08-13 08:58:26,927] {process_utils.py:75} INFO - Process psutil.Process(pid=3222, status='terminated', started='08:56:00') (3222) terminated with exit code None
[2022-08-13 08:58:26,927] {process_utils.py:75} INFO - Process psutil.Process(pid=3213, status='terminated', started='08:56:00') (3213) terminated with exit code None
