[2022-08-13 13:12:15,473] {taskinstance.py:1179} INFO - Dependencies all met for <TaskInstance: craw.cr1 manual__2022-08-13T11:13:54.809458+00:00 [queued]>
[2022-08-13 13:12:15,485] {taskinstance.py:1179} INFO - Dependencies all met for <TaskInstance: craw.cr1 manual__2022-08-13T11:13:54.809458+00:00 [queued]>
[2022-08-13 13:12:15,485] {taskinstance.py:1376} INFO - 
--------------------------------------------------------------------------------
[2022-08-13 13:12:15,485] {taskinstance.py:1377} INFO - Starting attempt 4 of 5
[2022-08-13 13:12:15,486] {taskinstance.py:1378} INFO - 
--------------------------------------------------------------------------------
[2022-08-13 13:12:15,508] {taskinstance.py:1397} INFO - Executing <Task(PythonOperator): cr1> on 2022-08-13 11:13:54.809458+00:00
[2022-08-13 13:12:15,515] {standard_task_runner.py:52} INFO - Started process 17038 to run task
[2022-08-13 13:12:15,519] {standard_task_runner.py:79} INFO - Running: ['***', 'tasks', 'run', 'craw', 'cr1', 'manual__2022-08-13T11:13:54.809458+00:00', '--job-id', '93', '--raw', '--subdir', 'DAGS_FOLDER/newtest.py', '--cfg-path', '/tmp/tmp8rn3860a', '--error-file', '/tmp/tmp3v54lf5h']
[2022-08-13 13:12:15,521] {standard_task_runner.py:80} INFO - Job 93: Subtask cr1
[2022-08-13 13:12:15,611] {task_command.py:371} INFO - Running <TaskInstance: craw.cr1 manual__2022-08-13T11:13:54.809458+00:00 [running]> on host cdb6935da655
[2022-08-13 13:12:15,710] {taskinstance.py:1591} INFO - Exporting the following env vars:
AIRFLOW_CTX_DAG_OWNER=***
AIRFLOW_CTX_DAG_ID=craw
AIRFLOW_CTX_TASK_ID=cr1
AIRFLOW_CTX_EXECUTION_DATE=2022-08-13T11:13:54.809458+00:00
AIRFLOW_CTX_TRY_NUMBER=4
AIRFLOW_CTX_DAG_RUN_ID=manual__2022-08-13T11:13:54.809458+00:00
[2022-08-13 13:12:15,723] {base.py:68} INFO - Using connection ID 'mysql' for task execution.
[2022-08-13 13:12:15,727] {logger.py:11} INFO - ====== WebDriver manager ======
[2022-08-13 13:12:15,843] {logger.py:11} INFO - Get LATEST chromedriver version for google-chrome 104.0.5112
[2022-08-13 13:12:16,581] {logger.py:11} INFO - Driver [/home/***/.wdm/drivers/chromedriver/linux64/104.0.5112/chromedriver] found in cache
[2022-08-13 13:14:45,755] {logging_mixin.py:115} INFO - https://shopping-phinf.pstatic.net/main_2091432/20914327278.20210303111810.jpg?type=f140 웨이코스 씽크웨이 토체티 텐키리스 D&T 콜라보 체리 키보드 134,000원 배송은 다행이 빠르게 왔으며 제품에 이상없이 잘 사용하고있습니다.
은축이여서 타이핑하기 빠르지만 그만큼 타건하면서 오타가 조금더 발생하긴하네요 ㅎ커세어 K70 저적 쓰다가 갈축하나 알아보고 있는 차에 K320 출시 소식듣고 키캡도 사은품으로 준다고 해서 구매했습니다. 키캡도 이쁘고 제가 생각한 그대로의 타건감 이네요.실물을 보니 이쁘내요~ 그리고 백스페이스랑 스테빌 몇몇 부위가 좀 많이 찰칵 거리기는 하지만 맘에 들어요.
그리고 추가로 차량용거치대를 주셨는데 이거는 사은품인지 뭔지 모르겠내요.텐키리스를 첨 써봐서 아직도 숫자키는 한번씩 허공을 두드릴때가 있지만 느낌이 젛ㅇㅏ용 텅텅, 하는 소리는 신경쓰일정도는 아니네옹텐키리스도 처음 써봤고, 저가형 키보드만 쓰다 기계식 키보드도 첨써봤습니다. 신세계네요. 깔끔한 디자인과 고급진 손맛이 타건만해도 너무 재밌습니다. 숫자키를 많이 쓴다는 사실을 깨닫는 계기도 됐네여.통울림이 아예없지는 않고 다른거에 비해 적은편이네요. 키감도 좋고 나쁘지 않아요. 다크그레이 사진보다는 조금 옅은 감인데 예쁘네요. 잘쓰겠습니다.저소음흑축 처음써보는데 키압 예상했던대로 묵직하고 조용해서 좋네요
사람들이 저흑이 스프링소음이 좀 있다했는데 크게 거슬리는 정도는 아니라서 만족합니다
잘 쓰겠습니다 !서걱서걱 거리는 느낌이 좋아요~~ 청축쓰다가 써서 그런가 구분감이 없는 느낌도 조금 있어요(살짝만 눌러도 입력이 되는 듯한 느낌) 디자인도 예쁘고 만족스럽네요 :D 저소음이라 기숙사에서도 쓰기 좋아요~~일단 소리절대없습니다. 흑축을 처음쓰시는분들은 높은 키압감에 게임할때 손가락과 팔꿈치가 아플수도 있지만 적응되고 몇일 사용해보신다면 키감에 못빠져나옵니다. 소리도 키감도 최고예뻐요 올 베이지가 예쁜거 같아 주문했는데 막상 핑크핵 포인트 들어간게 더 이쁘네요 ㅎㅎ 저소음이긴 하지만 막 누르면서 타자치면 소리는 나네요 ^^;기계식 처음써보는데 생김새도 너무 예쁘고, 소리도 너무 시끄럽지도 않으면서 타자소리가 듣기좋아요~! 약간의 적응기간은 필요할것같습니다. 텐키리스가 생각보다 불편하긴 한것같아요.완전 좋아요 짱짱. 키감이 부드럽네요. 가끔 다른 키가 같이 눌릴때가 있는데요 뭐.. 첫 입문용 키보드치고 좋은 것 같습니다 ㅎ제품이 에어캡없이 왔지만 작동 잘합니다. 로지텍만 쓰다가 처음 써보는데 좋네요~! 더 사용해보고 괜찮으면 업무용으로 하나 더 장만할 예정입니다~사진보다 실물이 좀 칙칙한 색감이네요. 그래도 나름 괜찮아요. 사은품도 빵빵하고 몇시간 사용해봤는데 딱히 문제점은 없었습니다. 잘 사용할게요.너무 만족합니다 저소음 적축으로 그레이 샀는데 키보드가 쫀득쫀득하고 키압이 조금 무겁긴 하지만 지금은 적응되어서 딱 알맞은 키압인 것 같습니다. 무엇보다 디자인이 너무 이쁘네요 볼떄마다 흐뭇합니다 ^^최근 기계식 키보드에 빠져서 이것 저것들을 구매해 보았는데 그 중 단연 최고의 키보드인 것 같습니다. 완성도는 33만원짜리 리얼포스보다 오히려 더 나을 정도네요.. 강추합니다!게임을 하니..키보드가 남아나질 않네요. 틋수 버튼만 지꾸 망가지는게 속상해요. 이번에는 오래 사용할 수 있길 기대해봅니다포장이 별로라는 평이 많아서 걱정했는데 뽁뽁이 둘린 채로 안전하게 잘 왔습니다.
키보드가 예뻐서 너무 만족스럽습니다.
야간에 사용할 일이 많아서 저소음적축으로 골랐는데 안 시끄러워서 좋아요.키캡 크기가 생각보다 작아서 오타가 나긴 하지만 매우 조용한점이 마음에 들어요.
오래 고장없이 사용할 수 있으면 좋겠네요.만족합니다. 기존에 무접접 썼는데 오타가 너무 많이나서 이걸로 바꿨더니 오타 안나고 좋네요. 키압도 적당한것 같습니다. 다만 사진보다 실제 색감이 더 어두워요.블루 적축 샀는데 타건감 적절하고
소리도 크지 않아서 업무에 사용하기에 좋아요소음 굉장히 적고, 색도 예뻐요
엔터랑 esc키 파란색 키캡 따로 챙겨준 것도 좋네요키보드 자체 키감리나 구성품은 가격대비 좋습니다 c to c 케이블에서 감동했네요저소음적축 사용자인데 키압이 생각보다

조금 세지만 그나머지는 다 맘에 들어요좋긴하지만 통울림이랑 스페이스바 스테빌소리가 꽤 거슬린것 빼고는 좋습니다집에 키보드가 많아서 살까 말까 엄청 고민하다 구매했는데 사길 잘한것 같네요요즘 코로나때문에 집에만 있는데 게임을 많이해도 엄마한테 소리가 시끄럽다는 잔소리 안 들어서 굿입니다적축에 이어 갈축으로 두번째인데 키감 마감 전부 만족입니다. 키배열 돌기가 약간만 더 인지가 잘됐으면 하는거 빼면 만족합니다소리 작고 좋네요. 색깔이 조금만 더 밝았으면 좋았겠지만, 지금도 만족합니다.키보드 너무 이쁘네요.
텐키리스는 익숙해져야겠지만.. 키감도 매우 만족합니다키감도좋고 색감이.기대했던 것보다 더 마음에 듭니다. 무소음도 너무 좋네요~~일단 디자인이 너무 예쁘고 소음이 확실히 적어서 사무실에서 쓰기 적합합니다생각한것보다 키감이 부드럽고 괜히 비싼 값을 하는게 아니다란걸 알았네요 ^^회사에서 사용하려고 구입했는데 저소음적축 정말 소리도 안크고 만족합니다!완전 조용하고 예뻐요 ㅠㅠ 키보드 소리때문에 스트레스 받으시는 분들 강추..하자없이 잘 쓰고 있습니다. 첨엔 적응하기 살짝 힘들 었는데 지금은 괜찮아요진짜 소리 너무 좋아요...ㅠㅠ지려저리뮤ㅠ사고싶엇는데 드디어 가져버렷네요역시 토체티네요 저소음이라 진짜 소리도 잘 안나고 사용하기 좋은거 같아요!!반속이 제가 생각한 이상으로 빠르고 디자인이나 무게도 너무 마음에 듭니다!!저소음적축으로구매했는데 키감이 너무 부드러우면서 좋아서 완전 만족합니다. 색감도 너무 맘에들구요~엠그톤 그루브랑 고민하다가 색감이 좋아서 선택했습니다.
저적 키감도 서걱서걱해서 좋네요다크그레이가 제일이쁜것같아요. 다른색상보다 강렬해서좋아요. 타자감도 너무 좋습니다.색감 디자인 모두가 마음에 드네요 무엇보다 타자소리가 조용해좋네요. 일하다보면 타자소리가 거슬렸는데 가볍게 눌리는게 소리가 많이 나지 않아서 좋더라구요
저소음적축이 좋긴좋네요ㅎㅎ조용하고 타이핑하는 느낌도 좋고 예쁩니다~ 배송도 빨라요일단 배송너무빨라서좋구 하자없는 상품이라 마음에듭니다은축은 처음이라 적응이 필요하겠지만 굉장히 만족합니다!!배송은 다서 오래 걸렸어요.. 근데 아들이 너무 좋아하네요소리가 아주 조용하고 좋습니다 색은 생각보다 더 어두워요동봉되어 있떤 키보드캡으로 색 변경했더니 깔끔해졋어요~!기성품 갈축 토체티로 처음 사 봤습니다 듀가드의 명성 답게 잘 만든 키보드네요 파스텔톤을 선택 했는데 키보드 하나로 분위기가 화사해졌습니다빠른배송과 튼튼한 포장으로 파손염려가 없어 만족합니다.키보드 예쁘고 소리도 거의 없습니다
색감이 완전 이뿌네요선물했는데 잘쓰고있다고하네요. 이쁘고 타건감이 좋대여!잘 쓰고 있어요
소음도 적고 타자감도 좋아요
가격값합니다~진짜 저세상 키감 가격도 할인해서좋고 너무만족스럽네요기계식 키보드는 처음 써봤는데 소리도 좋고 만족스러워요예상했던대로 색너무이쁘고 타격감만족합니다 많이파세요유튭에서 타건영상 찾아봤는데 그것보다 조용하고 좋네요~사무실에서 쓰기에는 살짝 시끄럽습니다. 키감 대박이에요풀배열 쓰다가 탠키리스로 바꿨는데 너무 만족스럽습니다.
[2022-08-13 13:14:51,067] {logging_mixin.py:115} INFO - 1
[2022-08-13 13:16:19,381] {logging_mixin.py:115} INFO - https://shopping-phinf.pstatic.net/main_2604016/26040163522.20210218152623.jpg?type=f140 로이체 KT5 PRO 17,900원 고장도 안나고 잘 사용하고 있습니다.
좋아요!!가볍고 좋네요!
오래 잘 쓸 수 있음 좋겠어요~^^갤럭시 스마트폰하고도 바로 연결되서 좋네요매우 가볍고 블루투스 전환도 잘 되고 좋아요!재질이 단단함
화욜 주문했다가 금욜 배송받음깔끔하니 예뻐요 블루투스 접속도 잘 되네요가볍고 아이패드11인치랑 사이즈가 딱이에요역시나 허접하긴하네요 그래도 이가격이면!!키보드가 되게 가볍고 쓰기에 나쁘지 않아요적당히 무난하게 쓰기좋아요!!!엄청 가벼워요ㅋㅋㅋ소리는 스카나 독서실에서 쓰기에는 좀 무리인듯!!!배달도 빠르고 가격도 저렴해서 만족합니다크기가 작아 공간 많이 차지 안해서 좋아요.작고 잘쳐지네요 고장이 안났으면 젛겟어여키감 부드럽고 충방전에서 자유로워 좋아요이가격에 잘 연결되고 안 끊기면 만족이죠.생각보다 소리도 안나요 근데 좀 없어보임정말 가볍고 자석에 붙는 재질이라 좋아요아주 만족하면서 잘쓰고 있습니다 좋아요~가격대비 만족합니다. 키감은 좀 가벼운 듯 하지만 가볍고 들고 다니기에 좋습니다.원하던 싸이즈에 슬림해서 마음에 듭니다가성비 좋네요 33777키스킨 만들어주세요 ㅠㅠ .. 가성비 최고~!! 키스킨만 따로 팔아주셨으면 ㅎㅎ..대박 입니다 만족합니다빠른 배송 너무 감사합니다~
잘 받았습니다 ^^옴청옴청 가벼우요!!!가격만큼 진짜 괜찮은거같아요. 뒷판이 자석이라서 훨씬 더 괜찮은거같아요.너무 너무 좋아요^^만족합니다 2개사서 2배 만족합니다아주좋아요아주좋아요저렴하니 좋아요.ㅋㅋ부자 되세요ㅎㅎㅎㅎㅎㅎ감사강사사가사사가사사가사사사요좋. 아. 요. ~
[2022-08-13 13:16:24,657] {logging_mixin.py:115} INFO - 2
[2022-08-13 13:18:35,556] {logging_mixin.py:115} INFO - https://shopping-phinf.pstatic.net/main_2091432/20914327278.20210303111810.jpg?type=f140 웨이코스 씽크웨이 토체티 텐키리스 D&T 콜라보 체리 키보드 134,000원 배송은 다행이 빠르게 왔으며 제품에 이상없이 잘 사용하고있습니다.
은축이여서 타이핑하기 빠르지만 그만큼 타건하면서 오타가 조금더 발생하긴하네요 ㅎ커세어 K70 저적 쓰다가 갈축하나 알아보고 있는 차에 K320 출시 소식듣고 키캡도 사은품으로 준다고 해서 구매했습니다. 키캡도 이쁘고 제가 생각한 그대로의 타건감 이네요.실물을 보니 이쁘내요~ 그리고 백스페이스랑 스테빌 몇몇 부위가 좀 많이 찰칵 거리기는 하지만 맘에 들어요.
그리고 추가로 차량용거치대를 주셨는데 이거는 사은품인지 뭔지 모르겠내요.텐키리스를 첨 써봐서 아직도 숫자키는 한번씩 허공을 두드릴때가 있지만 느낌이 젛ㅇㅏ용 텅텅, 하는 소리는 신경쓰일정도는 아니네옹텐키리스도 처음 써봤고, 저가형 키보드만 쓰다 기계식 키보드도 첨써봤습니다. 신세계네요. 깔끔한 디자인과 고급진 손맛이 타건만해도 너무 재밌습니다. 숫자키를 많이 쓴다는 사실을 깨닫는 계기도 됐네여.통울림이 아예없지는 않고 다른거에 비해 적은편이네요. 키감도 좋고 나쁘지 않아요. 다크그레이 사진보다는 조금 옅은 감인데 예쁘네요. 잘쓰겠습니다.저소음흑축 처음써보는데 키압 예상했던대로 묵직하고 조용해서 좋네요
사람들이 저흑이 스프링소음이 좀 있다했는데 크게 거슬리는 정도는 아니라서 만족합니다
잘 쓰겠습니다 !서걱서걱 거리는 느낌이 좋아요~~ 청축쓰다가 써서 그런가 구분감이 없는 느낌도 조금 있어요(살짝만 눌러도 입력이 되는 듯한 느낌) 디자인도 예쁘고 만족스럽네요 :D 저소음이라 기숙사에서도 쓰기 좋아요~~일단 소리절대없습니다. 흑축을 처음쓰시는분들은 높은 키압감에 게임할때 손가락과 팔꿈치가 아플수도 있지만 적응되고 몇일 사용해보신다면 키감에 못빠져나옵니다. 소리도 키감도 최고예뻐요 올 베이지가 예쁜거 같아 주문했는데 막상 핑크핵 포인트 들어간게 더 이쁘네요 ㅎㅎ 저소음이긴 하지만 막 누르면서 타자치면 소리는 나네요 ^^;기계식 처음써보는데 생김새도 너무 예쁘고, 소리도 너무 시끄럽지도 않으면서 타자소리가 듣기좋아요~! 약간의 적응기간은 필요할것같습니다. 텐키리스가 생각보다 불편하긴 한것같아요.완전 좋아요 짱짱. 키감이 부드럽네요. 가끔 다른 키가 같이 눌릴때가 있는데요 뭐.. 첫 입문용 키보드치고 좋은 것 같습니다 ㅎ제품이 에어캡없이 왔지만 작동 잘합니다. 로지텍만 쓰다가 처음 써보는데 좋네요~! 더 사용해보고 괜찮으면 업무용으로 하나 더 장만할 예정입니다~사진보다 실물이 좀 칙칙한 색감이네요. 그래도 나름 괜찮아요. 사은품도 빵빵하고 몇시간 사용해봤는데 딱히 문제점은 없었습니다. 잘 사용할게요.너무 만족합니다 저소음 적축으로 그레이 샀는데 키보드가 쫀득쫀득하고 키압이 조금 무겁긴 하지만 지금은 적응되어서 딱 알맞은 키압인 것 같습니다. 무엇보다 디자인이 너무 이쁘네요 볼떄마다 흐뭇합니다 ^^최근 기계식 키보드에 빠져서 이것 저것들을 구매해 보았는데 그 중 단연 최고의 키보드인 것 같습니다. 완성도는 33만원짜리 리얼포스보다 오히려 더 나을 정도네요.. 강추합니다!게임을 하니..키보드가 남아나질 않네요. 틋수 버튼만 지꾸 망가지는게 속상해요. 이번에는 오래 사용할 수 있길 기대해봅니다포장이 별로라는 평이 많아서 걱정했는데 뽁뽁이 둘린 채로 안전하게 잘 왔습니다.
키보드가 예뻐서 너무 만족스럽습니다.
야간에 사용할 일이 많아서 저소음적축으로 골랐는데 안 시끄러워서 좋아요.키캡 크기가 생각보다 작아서 오타가 나긴 하지만 매우 조용한점이 마음에 들어요.
오래 고장없이 사용할 수 있으면 좋겠네요.만족합니다. 기존에 무접접 썼는데 오타가 너무 많이나서 이걸로 바꿨더니 오타 안나고 좋네요. 키압도 적당한것 같습니다. 다만 사진보다 실제 색감이 더 어두워요.블루 적축 샀는데 타건감 적절하고
소리도 크지 않아서 업무에 사용하기에 좋아요소음 굉장히 적고, 색도 예뻐요
엔터랑 esc키 파란색 키캡 따로 챙겨준 것도 좋네요키보드 자체 키감리나 구성품은 가격대비 좋습니다 c to c 케이블에서 감동했네요저소음적축 사용자인데 키압이 생각보다

조금 세지만 그나머지는 다 맘에 들어요좋긴하지만 통울림이랑 스페이스바 스테빌소리가 꽤 거슬린것 빼고는 좋습니다집에 키보드가 많아서 살까 말까 엄청 고민하다 구매했는데 사길 잘한것 같네요요즘 코로나때문에 집에만 있는데 게임을 많이해도 엄마한테 소리가 시끄럽다는 잔소리 안 들어서 굿입니다적축에 이어 갈축으로 두번째인데 키감 마감 전부 만족입니다. 키배열 돌기가 약간만 더 인지가 잘됐으면 하는거 빼면 만족합니다소리 작고 좋네요. 색깔이 조금만 더 밝았으면 좋았겠지만, 지금도 만족합니다.키보드 너무 이쁘네요.
텐키리스는 익숙해져야겠지만.. 키감도 매우 만족합니다키감도좋고 색감이.기대했던 것보다 더 마음에 듭니다. 무소음도 너무 좋네요~~일단 디자인이 너무 예쁘고 소음이 확실히 적어서 사무실에서 쓰기 적합합니다생각한것보다 키감이 부드럽고 괜히 비싼 값을 하는게 아니다란걸 알았네요 ^^회사에서 사용하려고 구입했는데 저소음적축 정말 소리도 안크고 만족합니다!완전 조용하고 예뻐요 ㅠㅠ 키보드 소리때문에 스트레스 받으시는 분들 강추..하자없이 잘 쓰고 있습니다. 첨엔 적응하기 살짝 힘들 었는데 지금은 괜찮아요진짜 소리 너무 좋아요...ㅠㅠ지려저리뮤ㅠ사고싶엇는데 드디어 가져버렷네요역시 토체티네요 저소음이라 진짜 소리도 잘 안나고 사용하기 좋은거 같아요!!반속이 제가 생각한 이상으로 빠르고 디자인이나 무게도 너무 마음에 듭니다!!저소음적축으로구매했는데 키감이 너무 부드러우면서 좋아서 완전 만족합니다. 색감도 너무 맘에들구요~엠그톤 그루브랑 고민하다가 색감이 좋아서 선택했습니다.
저적 키감도 서걱서걱해서 좋네요다크그레이가 제일이쁜것같아요. 다른색상보다 강렬해서좋아요. 타자감도 너무 좋습니다.색감 디자인 모두가 마음에 드네요 무엇보다 타자소리가 조용해좋네요. 일하다보면 타자소리가 거슬렸는데 가볍게 눌리는게 소리가 많이 나지 않아서 좋더라구요
저소음적축이 좋긴좋네요ㅎㅎ조용하고 타이핑하는 느낌도 좋고 예쁩니다~ 배송도 빨라요일단 배송너무빨라서좋구 하자없는 상품이라 마음에듭니다은축은 처음이라 적응이 필요하겠지만 굉장히 만족합니다!!배송은 다서 오래 걸렸어요.. 근데 아들이 너무 좋아하네요소리가 아주 조용하고 좋습니다 색은 생각보다 더 어두워요동봉되어 있떤 키보드캡으로 색 변경했더니 깔끔해졋어요~!기성품 갈축 토체티로 처음 사 봤습니다 듀가드의 명성 답게 잘 만든 키보드네요 파스텔톤을 선택 했는데 키보드 하나로 분위기가 화사해졌습니다빠른배송과 튼튼한 포장으로 파손염려가 없어 만족합니다.키보드 예쁘고 소리도 거의 없습니다
색감이 완전 이뿌네요선물했는데 잘쓰고있다고하네요. 이쁘고 타건감이 좋대여!잘 쓰고 있어요
소음도 적고 타자감도 좋아요
가격값합니다~진짜 저세상 키감 가격도 할인해서좋고 너무만족스럽네요기계식 키보드는 처음 써봤는데 소리도 좋고 만족스러워요예상했던대로 색너무이쁘고 타격감만족합니다 많이파세요유튭에서 타건영상 찾아봤는데 그것보다 조용하고 좋네요~사무실에서 쓰기에는 살짝 시끄럽습니다. 키감 대박이에요풀배열 쓰다가 탠키리스로 바꿨는데 너무 만족스럽습니다.
[2022-08-13 13:18:40,878] {logging_mixin.py:115} INFO - 3
[2022-08-13 13:18:40,989] {python.py:173} INFO - Done. Returned value was: None
[2022-08-13 13:18:41,016] {taskinstance.py:1420} INFO - Marking task as SUCCESS. dag_id=craw, task_id=cr1, execution_date=20220813T111354, start_date=20220813T131215, end_date=20220813T131841
[2022-08-13 13:18:41,042] {local_task_job.py:156} INFO - Task exited with return code 0
[2022-08-13 13:18:41,070] {local_task_job.py:273} INFO - 0 downstream tasks scheduled from follow-on schedule check
