[2022-08-10 05:19:23,568] {taskinstance.py:1179} INFO - Dependencies all met for <TaskInstance: fuck.fucking scheduled__2022-08-09T00:00:00+00:00 [queued]>
[2022-08-10 05:19:23,628] {taskinstance.py:1179} INFO - Dependencies all met for <TaskInstance: fuck.fucking scheduled__2022-08-09T00:00:00+00:00 [queued]>
[2022-08-10 05:19:23,630] {taskinstance.py:1376} INFO - 
--------------------------------------------------------------------------------
[2022-08-10 05:19:23,631] {taskinstance.py:1377} INFO - Starting attempt 1 of 1
[2022-08-10 05:19:23,632] {taskinstance.py:1378} INFO - 
--------------------------------------------------------------------------------
[2022-08-10 05:19:23,722] {taskinstance.py:1397} INFO - Executing <Task(PythonOperator): fucking> on 2022-08-09 00:00:00+00:00
[2022-08-10 05:19:23,736] {standard_task_runner.py:52} INFO - Started process 142 to run task
[2022-08-10 05:19:23,778] {standard_task_runner.py:79} INFO - Running: ['***', 'tasks', 'run', 'fuck', 'fucking', 'scheduled__2022-08-09T00:00:00+00:00', '--job-id', '5', '--raw', '--subdir', 'DAGS_FOLDER/tmp.py', '--cfg-path', '/tmp/tmpe9apqxps', '--error-file', '/tmp/tmpwqw18fpz']
[2022-08-10 05:19:23,780] {standard_task_runner.py:80} INFO - Job 5: Subtask fucking
[2022-08-10 05:19:24,656] {task_command.py:371} INFO - Running <TaskInstance: fuck.fucking scheduled__2022-08-09T00:00:00+00:00 [running]> on host 35993e26e04e
[2022-08-10 05:19:25,408] {taskinstance.py:1591} INFO - Exporting the following env vars:
AIRFLOW_CTX_DAG_OWNER=***
AIRFLOW_CTX_DAG_ID=fuck
AIRFLOW_CTX_TASK_ID=fucking
AIRFLOW_CTX_EXECUTION_DATE=2022-08-09T00:00:00+00:00
AIRFLOW_CTX_TRY_NUMBER=1
AIRFLOW_CTX_DAG_RUN_ID=scheduled__2022-08-09T00:00:00+00:00
[2022-08-10 05:19:25,435] {logger.py:11} INFO - ====== WebDriver manager ======
[2022-08-10 05:19:26,175] {logger.py:11} INFO - Get LATEST chromedriver version for google-chrome 104.0.5112
[2022-08-10 05:19:29,026] {logger.py:11} INFO - There is no [linux64] chromedriver for browser 104.0.5112 in cache
[2022-08-10 05:19:29,029] {logger.py:11} INFO - About to download new driver from https://chromedriver.storage.googleapis.com/104.0.5112.79/chromedriver_linux64.zip
[2022-08-10 05:19:32,530] {logger.py:11} INFO - Driver has been saved in cache [/home/***/.wdm/drivers/chromedriver/linux64/104.0.5112]
[2022-08-10 05:19:39,956] {python.py:173} INFO - Done. Returned value was: None
[2022-08-10 05:19:39,991] {taskinstance.py:1420} INFO - Marking task as SUCCESS. dag_id=fuck, task_id=fucking, execution_date=20220809T000000, start_date=20220810T051923, end_date=20220810T051939
[2022-08-10 05:19:40,104] {local_task_job.py:156} INFO - Task exited with return code 0
[2022-08-10 05:19:40,186] {local_task_job.py:273} INFO - 0 downstream tasks scheduled from follow-on schedule check
[2022-08-10 05:19:40,233] {dagrun.py:564} INFO - Marking run <DagRun fuck @ 2022-08-09 00:00:00+00:00: scheduled__2022-08-09T00:00:00+00:00, externally triggered: False> successful
[2022-08-10 05:19:40,235] {dagrun.py:624} INFO - DagRun Finished: dag_id=fuck, execution_date=2022-08-09 00:00:00+00:00, run_id=scheduled__2022-08-09T00:00:00+00:00, run_start_date=2022-08-10 05:19:19.866430+00:00, run_end_date=2022-08-10 05:19:40.234787+00:00, run_duration=20.368357, state=success, external_trigger=False, run_type=scheduled, data_interval_start=2022-08-09 00:00:00+00:00, data_interval_end=2022-08-10 00:00:00+00:00, dag_hash=9059b4adf9ac79c8a8346bf64e0f2f15
