[2022-08-13 08:55:59,668] {taskinstance.py:1179} INFO - Dependencies all met for <TaskInstance: craw.cr2 manual__2022-08-13T08:55:58.034929+00:00 [queued]>
[2022-08-13 08:55:59,678] {taskinstance.py:1179} INFO - Dependencies all met for <TaskInstance: craw.cr2 manual__2022-08-13T08:55:58.034929+00:00 [queued]>
[2022-08-13 08:55:59,678] {taskinstance.py:1376} INFO - 
--------------------------------------------------------------------------------
[2022-08-13 08:55:59,679] {taskinstance.py:1377} INFO - Starting attempt 1 of 2
[2022-08-13 08:55:59,680] {taskinstance.py:1378} INFO - 
--------------------------------------------------------------------------------
[2022-08-13 08:55:59,698] {taskinstance.py:1397} INFO - Executing <Task(PythonOperator): cr2> on 2022-08-13 08:55:58.034929+00:00
[2022-08-13 08:55:59,704] {standard_task_runner.py:52} INFO - Started process 3145 to run task
[2022-08-13 08:55:59,708] {standard_task_runner.py:79} INFO - Running: ['***', 'tasks', 'run', 'craw', 'cr2', 'manual__2022-08-13T08:55:58.034929+00:00', '--job-id', '49', '--raw', '--subdir', 'DAGS_FOLDER/newtest.py', '--cfg-path', '/tmp/tmplh1dd3bl', '--error-file', '/tmp/tmpxvbhc3se']
[2022-08-13 08:55:59,709] {standard_task_runner.py:80} INFO - Job 49: Subtask cr2
[2022-08-13 08:55:59,791] {task_command.py:371} INFO - Running <TaskInstance: craw.cr2 manual__2022-08-13T08:55:58.034929+00:00 [running]> on host cdb6935da655
[2022-08-13 08:55:59,881] {taskinstance.py:1591} INFO - Exporting the following env vars:
AIRFLOW_CTX_DAG_OWNER=***
AIRFLOW_CTX_DAG_ID=craw
AIRFLOW_CTX_TASK_ID=cr2
AIRFLOW_CTX_EXECUTION_DATE=2022-08-13T08:55:58.034929+00:00
AIRFLOW_CTX_TRY_NUMBER=1
AIRFLOW_CTX_DAG_RUN_ID=manual__2022-08-13T08:55:58.034929+00:00
[2022-08-13 08:55:59,884] {logger.py:11} INFO - ====== WebDriver manager ======
[2022-08-13 08:55:59,978] {logger.py:11} INFO - Get LATEST chromedriver version for google-chrome 104.0.5112
[2022-08-13 08:56:00,390] {logger.py:11} INFO - Driver [/home/***/.wdm/drivers/chromedriver/linux64/104.0.5112/chromedriver] found in cache
[2022-08-13 08:56:51,484] {taskinstance.py:1909} ERROR - Task failed with exception
Traceback (most recent call last):
  File "/home/airflow/.local/lib/python3.7/site-packages/airflow/operators/python.py", line 171, in execute
    return_value = self.execute_callable()
  File "/home/airflow/.local/lib/python3.7/site-packages/airflow/operators/python.py", line 189, in execute_callable
    return self.python_callable(*self.op_args, **self.op_kwargs)
  File "/opt/airflow/dags/newtest.py", line 94, in crawling
    mysql_hook.execute(insert_mysql,(image,name,price,review))
AttributeError: 'MySqlHook' object has no attribute 'execute'
[2022-08-13 08:56:51,499] {taskinstance.py:1420} INFO - Marking task as UP_FOR_RETRY. dag_id=craw, task_id=cr2, execution_date=20220813T085558, start_date=20220813T085559, end_date=20220813T085651
[2022-08-13 08:56:51,517] {standard_task_runner.py:97} ERROR - Failed to execute job 49 for task cr2 ('MySqlHook' object has no attribute 'execute'; 3145)
[2022-08-13 08:56:51,542] {local_task_job.py:156} INFO - Task exited with return code 1
[2022-08-13 08:56:51,572] {local_task_job.py:273} INFO - 0 downstream tasks scheduled from follow-on schedule check
