[2022-07-22 05:49:58,414] {taskinstance.py:1179} INFO - Dependencies all met for <TaskInstance: workflow.create_table manual__2022-07-22T05:49:57.913813+00:00 [queued]>
[2022-07-22 05:49:58,421] {taskinstance.py:1179} INFO - Dependencies all met for <TaskInstance: workflow.create_table manual__2022-07-22T05:49:57.913813+00:00 [queued]>
[2022-07-22 05:49:58,422] {taskinstance.py:1376} INFO - 
--------------------------------------------------------------------------------
[2022-07-22 05:49:58,423] {taskinstance.py:1377} INFO - Starting attempt 1 of 1
[2022-07-22 05:49:58,424] {taskinstance.py:1378} INFO - 
--------------------------------------------------------------------------------
[2022-07-22 05:49:58,434] {taskinstance.py:1397} INFO - Executing <Task(MySqlOperator): create_table> on 2022-07-22 05:49:57.913813+00:00
[2022-07-22 05:49:58,439] {standard_task_runner.py:52} INFO - Started process 4314 to run task
[2022-07-22 05:49:58,442] {standard_task_runner.py:79} INFO - Running: ['***', 'tasks', 'run', 'workflow', 'create_table', 'manual__2022-07-22T05:49:57.913813+00:00', '--job-id', '508', '--raw', '--subdir', 'DAGS_FOLDER/test.py', '--cfg-path', '/tmp/tmp_l4xclzx', '--error-file', '/tmp/tmp__kd8z8o']
[2022-07-22 05:49:58,443] {standard_task_runner.py:80} INFO - Job 508: Subtask create_table
[2022-07-22 05:49:58,492] {task_command.py:371} INFO - Running <TaskInstance: workflow.create_table manual__2022-07-22T05:49:57.913813+00:00 [running]> on host cdbfdeb58988
[2022-07-22 05:49:58,543] {taskinstance.py:1591} INFO - Exporting the following env vars:
AIRFLOW_CTX_DAG_OWNER=***
AIRFLOW_CTX_DAG_ID=workflow
AIRFLOW_CTX_TASK_ID=create_table
AIRFLOW_CTX_EXECUTION_DATE=2022-07-22T05:49:57.913813+00:00
AIRFLOW_CTX_TRY_NUMBER=1
AIRFLOW_CTX_DAG_RUN_ID=manual__2022-07-22T05:49:57.913813+00:00
[2022-07-22 05:49:58,544] {mysql.py:82} INFO - Executing: CREATE DATABASE FUCK
[2022-07-22 05:49:58,552] {base.py:68} INFO - Using connection ID 'mysql_db' for task execution.
[2022-07-22 05:49:58,555] {taskinstance.py:1909} ERROR - Task failed with exception
Traceback (most recent call last):
  File "/home/airflow/.local/lib/python3.7/site-packages/airflow/providers/mysql/operators/mysql.py", line 84, in execute
    hook.run(self.sql, autocommit=self.autocommit, parameters=self.parameters)
  File "/home/airflow/.local/lib/python3.7/site-packages/airflow/hooks/dbapi.py", line 204, in run
    with closing(self.get_conn()) as conn:
  File "/home/airflow/.local/lib/python3.7/site-packages/airflow/providers/mysql/hooks/mysql.py", line 163, in get_conn
    import MySQLdb
ModuleNotFoundError: No module named 'MySQLdb'
[2022-07-22 05:49:58,563] {taskinstance.py:1420} INFO - Marking task as FAILED. dag_id=workflow, task_id=create_table, execution_date=20220722T054957, start_date=20220722T054958, end_date=20220722T054958
[2022-07-22 05:49:58,571] {standard_task_runner.py:97} ERROR - Failed to execute job 508 for task create_table (No module named 'MySQLdb'; 4314)
[2022-07-22 05:49:58,617] {local_task_job.py:156} INFO - Task exited with return code 1
[2022-07-22 05:49:58,639] {local_task_job.py:273} INFO - 0 downstream tasks scheduled from follow-on schedule check
