[2022-08-13 10:31:37,226] {taskinstance.py:1179} INFO - Dependencies all met for <TaskInstance: craw.cr1 manual__2022-08-13T10:31:35.225062+00:00 [queued]>
[2022-08-13 10:31:37,239] {taskinstance.py:1179} INFO - Dependencies all met for <TaskInstance: craw.cr1 manual__2022-08-13T10:31:35.225062+00:00 [queued]>
[2022-08-13 10:31:37,239] {taskinstance.py:1376} INFO - 
--------------------------------------------------------------------------------
[2022-08-13 10:31:37,240] {taskinstance.py:1377} INFO - Starting attempt 1 of 2
[2022-08-13 10:31:37,240] {taskinstance.py:1378} INFO - 
--------------------------------------------------------------------------------
[2022-08-13 10:31:37,258] {taskinstance.py:1397} INFO - Executing <Task(PythonOperator): cr1> on 2022-08-13 10:31:35.225062+00:00
[2022-08-13 10:31:37,264] {standard_task_runner.py:52} INFO - Started process 4211 to run task
[2022-08-13 10:31:37,267] {standard_task_runner.py:79} INFO - Running: ['***', 'tasks', 'run', 'craw', 'cr1', 'manual__2022-08-13T10:31:35.225062+00:00', '--job-id', '80', '--raw', '--subdir', 'DAGS_FOLDER/newtest.py', '--cfg-path', '/tmp/tmpbluako__', '--error-file', '/tmp/tmpmb1vumls']
[2022-08-13 10:31:37,269] {standard_task_runner.py:80} INFO - Job 80: Subtask cr1
[2022-08-13 10:31:37,344] {task_command.py:371} INFO - Running <TaskInstance: craw.cr1 manual__2022-08-13T10:31:35.225062+00:00 [running]> on host cdb6935da655
[2022-08-13 10:31:37,445] {taskinstance.py:1591} INFO - Exporting the following env vars:
AIRFLOW_CTX_DAG_OWNER=***
AIRFLOW_CTX_DAG_ID=craw
AIRFLOW_CTX_TASK_ID=cr1
AIRFLOW_CTX_EXECUTION_DATE=2022-08-13T10:31:35.225062+00:00
AIRFLOW_CTX_TRY_NUMBER=1
AIRFLOW_CTX_DAG_RUN_ID=manual__2022-08-13T10:31:35.225062+00:00
[2022-08-13 10:31:37,458] {base.py:68} INFO - Using connection ID 'mysql' for task execution.
[2022-08-13 10:31:37,462] {logger.py:11} INFO - ====== WebDriver manager ======
[2022-08-13 10:31:37,564] {logger.py:11} INFO - Get LATEST chromedriver version for google-chrome 104.0.5112
[2022-08-13 10:31:37,963] {logger.py:11} INFO - Driver [/home/***/.wdm/drivers/chromedriver/linux64/104.0.5112/chromedriver] found in cache
[2022-08-13 10:33:23,788] {local_task_job.py:221} WARNING - State of this instance has been externally set to failed. Terminating instance.
[2022-08-13 10:33:23,795] {process_utils.py:129} INFO - Sending Signals.SIGTERM to group 4211. PIDs of all processes in the group: [4265, 4276, 4282, 4283, 4296, 4297, 4363, 4424, 4493, 4333, 4211]
[2022-08-13 10:33:23,795] {process_utils.py:80} INFO - Sending the signal Signals.SIGTERM to group 4211
[2022-08-13 10:33:23,796] {taskinstance.py:1561} ERROR - Received SIGTERM. Terminating subprocesses.
[2022-08-13 10:33:23,892] {process_utils.py:75} INFO - Process psutil.Process(pid=4211, status='terminated', exitcode=0, started='10:31:36') (4211) terminated with exit code 0
[2022-08-13 10:33:23,894] {process_utils.py:75} INFO - Process psutil.Process(pid=4363, status='terminated', started='10:31:38') (4363) terminated with exit code None
[2022-08-13 10:33:23,895] {process_utils.py:75} INFO - Process psutil.Process(pid=4493, status='terminated', started='10:32:03') (4493) terminated with exit code None
[2022-08-13 10:33:23,896] {process_utils.py:75} INFO - Process psutil.Process(pid=4265, status='terminated', started='10:31:37') (4265) terminated with exit code None
[2022-08-13 10:33:23,898] {process_utils.py:75} INFO - Process psutil.Process(pid=4296, status='terminated', started='10:31:38') (4296) terminated with exit code None
[2022-08-13 10:33:23,899] {process_utils.py:75} INFO - Process psutil.Process(pid=4424, status='terminated', started='10:31:38') (4424) terminated with exit code None
[2022-08-13 10:33:23,900] {process_utils.py:75} INFO - Process psutil.Process(pid=4297, status='terminated', started='10:31:38') (4297) terminated with exit code None
[2022-08-13 10:33:23,901] {process_utils.py:75} INFO - Process psutil.Process(pid=4276, status='terminated', started='10:31:38') (4276) terminated with exit code None
[2022-08-13 10:33:23,903] {process_utils.py:75} INFO - Process psutil.Process(pid=4283, status='terminated', started='10:31:38') (4283) terminated with exit code None
[2022-08-13 10:33:23,904] {process_utils.py:75} INFO - Process psutil.Process(pid=4282, status='terminated', started='10:31:38') (4282) terminated with exit code None
[2022-08-13 10:33:23,905] {process_utils.py:75} INFO - Process psutil.Process(pid=4333, status='terminated', started='10:31:38') (4333) terminated with exit code None
