[2022-08-13 10:04:26,959] {taskinstance.py:1179} INFO - Dependencies all met for <TaskInstance: craw.cr1 manual__2022-08-13T10:04:25.297392+00:00 [queued]>
[2022-08-13 10:04:26,975] {taskinstance.py:1179} INFO - Dependencies all met for <TaskInstance: craw.cr1 manual__2022-08-13T10:04:25.297392+00:00 [queued]>
[2022-08-13 10:04:26,976] {taskinstance.py:1376} INFO - 
--------------------------------------------------------------------------------
[2022-08-13 10:04:26,976] {taskinstance.py:1377} INFO - Starting attempt 1 of 2
[2022-08-13 10:04:26,977] {taskinstance.py:1378} INFO - 
--------------------------------------------------------------------------------
[2022-08-13 10:04:27,001] {taskinstance.py:1397} INFO - Executing <Task(PythonOperator): cr1> on 2022-08-13 10:04:25.297392+00:00
[2022-08-13 10:04:27,007] {standard_task_runner.py:52} INFO - Started process 750 to run task
[2022-08-13 10:04:27,011] {standard_task_runner.py:79} INFO - Running: ['***', 'tasks', 'run', 'craw', 'cr1', 'manual__2022-08-13T10:04:25.297392+00:00', '--job-id', '67', '--raw', '--subdir', 'DAGS_FOLDER/newtest.py', '--cfg-path', '/tmp/tmp2tdlwml7', '--error-file', '/tmp/tmp4effvoi0']
[2022-08-13 10:04:27,014] {standard_task_runner.py:80} INFO - Job 67: Subtask cr1
[2022-08-13 10:04:27,102] {task_command.py:371} INFO - Running <TaskInstance: craw.cr1 manual__2022-08-13T10:04:25.297392+00:00 [running]> on host cdb6935da655
[2022-08-13 10:04:27,258] {taskinstance.py:1591} INFO - Exporting the following env vars:
AIRFLOW_CTX_DAG_OWNER=***
AIRFLOW_CTX_DAG_ID=craw
AIRFLOW_CTX_TASK_ID=cr1
AIRFLOW_CTX_EXECUTION_DATE=2022-08-13T10:04:25.297392+00:00
AIRFLOW_CTX_TRY_NUMBER=1
AIRFLOW_CTX_DAG_RUN_ID=manual__2022-08-13T10:04:25.297392+00:00
[2022-08-13 10:04:27,274] {base.py:68} INFO - Using connection ID 'mysql' for task execution.
[2022-08-13 10:04:27,282] {logger.py:11} INFO - ====== WebDriver manager ======
[2022-08-13 10:04:27,394] {logger.py:11} INFO - Get LATEST chromedriver version for google-chrome 104.0.5112
[2022-08-13 10:04:28,093] {logger.py:11} INFO - Driver [/home/***/.wdm/drivers/chromedriver/linux64/104.0.5112/chromedriver] found in cache
[2022-08-13 10:07:04,049] {logging_mixin.py:115} INFO - 1
[2022-08-13 10:07:39,424] {logging_mixin.py:115} INFO - 2
[2022-08-13 10:09:56,125] {logging_mixin.py:115} INFO - 3
[2022-08-13 10:09:56,205] {python.py:173} INFO - Done. Returned value was: None
[2022-08-13 10:09:56,229] {taskinstance.py:1420} INFO - Marking task as SUCCESS. dag_id=craw, task_id=cr1, execution_date=20220813T100425, start_date=20220813T100426, end_date=20220813T100956
[2022-08-13 10:09:56,285] {local_task_job.py:156} INFO - Task exited with return code 0
[2022-08-13 10:09:56,329] {local_task_job.py:273} INFO - 0 downstream tasks scheduled from follow-on schedule check
