[2022-08-18 13:12:38,629] {taskinstance.py:1179} INFO - Dependencies all met for <TaskInstance: craw.db scheduled__2022-08-15T14:55:00+00:00 [queued]>
[2022-08-18 13:12:38,726] {taskinstance.py:1179} INFO - Dependencies all met for <TaskInstance: craw.db scheduled__2022-08-15T14:55:00+00:00 [queued]>
[2022-08-18 13:12:38,757] {taskinstance.py:1376} INFO - 
--------------------------------------------------------------------------------
[2022-08-18 13:12:38,763] {taskinstance.py:1377} INFO - Starting attempt 1 of 2
[2022-08-18 13:12:38,775] {taskinstance.py:1378} INFO - 
--------------------------------------------------------------------------------
[2022-08-18 13:12:38,907] {taskinstance.py:1397} INFO - Executing <Task(PythonOperator): db> on 2022-08-15 14:55:00+00:00
[2022-08-18 13:12:38,975] {standard_task_runner.py:52} INFO - Started process 234 to run task
[2022-08-18 13:12:39,005] {standard_task_runner.py:79} INFO - Running: ['***', 'tasks', 'run', 'craw', 'db', 'scheduled__2022-08-15T14:55:00+00:00', '--job-id', '121', '--raw', '--subdir', 'DAGS_FOLDER/newtest.py', '--cfg-path', '/tmp/tmpd7k6b4fz', '--error-file', '/tmp/tmp7gfox5h1']
[2022-08-18 13:12:39,020] {standard_task_runner.py:80} INFO - Job 121: Subtask db
[2022-08-18 13:12:39,718] {task_command.py:371} INFO - Running <TaskInstance: craw.db scheduled__2022-08-15T14:55:00+00:00 [running]> on host cdb6935da655
[2022-08-18 13:12:40,519] {taskinstance.py:1591} INFO - Exporting the following env vars:
AIRFLOW_CTX_DAG_OWNER=***
AIRFLOW_CTX_DAG_ID=craw
AIRFLOW_CTX_TASK_ID=db
AIRFLOW_CTX_EXECUTION_DATE=2022-08-15T14:55:00+00:00
AIRFLOW_CTX_TRY_NUMBER=1
AIRFLOW_CTX_DAG_RUN_ID=scheduled__2022-08-15T14:55:00+00:00
[2022-08-18 13:12:40,608] {base.py:68} INFO - Using connection ID 'mysql' for task execution.
[2022-08-18 13:12:42,021] {taskinstance.py:1909} ERROR - Task failed with exception
Traceback (most recent call last):
  File "/home/airflow/.local/lib/python3.7/site-packages/airflow/operators/python.py", line 171, in execute
    return_value = self.execute_callable()
  File "/home/airflow/.local/lib/python3.7/site-packages/airflow/operators/python.py", line 189, in execute_callable
    return self.python_callable(*self.op_args, **self.op_kwargs)
  File "/opt/airflow/dags/newtest.py", line 122, in totaldb
    spark=SparkSession.builder.appName('sparkdf').getOrCreate()
  File "/home/airflow/.local/lib/python3.7/site-packages/pyspark/sql/session.py", line 269, in getOrCreate
    sc = SparkContext.getOrCreate(sparkConf)
  File "/home/airflow/.local/lib/python3.7/site-packages/pyspark/context.py", line 483, in getOrCreate
    SparkContext(conf=conf or SparkConf())
  File "/home/airflow/.local/lib/python3.7/site-packages/pyspark/context.py", line 195, in __init__
    SparkContext._ensure_initialized(self, gateway=gateway, conf=conf)
  File "/home/airflow/.local/lib/python3.7/site-packages/pyspark/context.py", line 417, in _ensure_initialized
    SparkContext._gateway = gateway or launch_gateway(conf)
  File "/home/airflow/.local/lib/python3.7/site-packages/pyspark/java_gateway.py", line 106, in launch_gateway
    raise RuntimeError("Java gateway process exited before sending its port number")
RuntimeError: Java gateway process exited before sending its port number
[2022-08-18 13:12:42,285] {taskinstance.py:1420} INFO - Marking task as UP_FOR_RETRY. dag_id=craw, task_id=db, execution_date=20220815T145500, start_date=20220818T131238, end_date=20220818T131242
[2022-08-18 13:12:42,507] {standard_task_runner.py:97} ERROR - Failed to execute job 121 for task db (Java gateway process exited before sending its port number; 234)
[2022-08-18 13:12:42,682] {local_task_job.py:156} INFO - Task exited with return code 1
[2022-08-18 13:12:43,097] {local_task_job.py:273} INFO - 0 downstream tasks scheduled from follow-on schedule check
