[2022-08-19 03:40:50,414] {taskinstance.py:1179} INFO - Dependencies all met for <TaskInstance: craw.cr2 manual__2022-08-19T03:40:47.993606+00:00 [queued]>
[2022-08-19 03:40:50,425] {taskinstance.py:1179} INFO - Dependencies all met for <TaskInstance: craw.cr2 manual__2022-08-19T03:40:47.993606+00:00 [queued]>
[2022-08-19 03:40:50,425] {taskinstance.py:1376} INFO - 
--------------------------------------------------------------------------------
[2022-08-19 03:40:50,425] {taskinstance.py:1377} INFO - Starting attempt 1 of 2
[2022-08-19 03:40:50,426] {taskinstance.py:1378} INFO - 
--------------------------------------------------------------------------------
[2022-08-19 03:40:50,442] {taskinstance.py:1397} INFO - Executing <Task(PythonOperator): cr2> on 2022-08-19 03:40:47.993606+00:00
[2022-08-19 03:40:50,452] {standard_task_runner.py:52} INFO - Started process 97 to run task
[2022-08-19 03:40:50,456] {standard_task_runner.py:79} INFO - Running: ['***', 'tasks', 'run', 'craw', 'cr2', 'manual__2022-08-19T03:40:47.993606+00:00', '--job-id', '190', '--raw', '--subdir', 'DAGS_FOLDER/newtest.py', '--cfg-path', '/tmp/tmprrf3bjzp', '--error-file', '/tmp/tmphod261jt']
[2022-08-19 03:40:50,458] {standard_task_runner.py:80} INFO - Job 190: Subtask cr2
[2022-08-19 03:40:50,560] {task_command.py:371} INFO - Running <TaskInstance: craw.cr2 manual__2022-08-19T03:40:47.993606+00:00 [running]> on host 60f4a82f80df
[2022-08-19 03:40:50,653] {taskinstance.py:1589} INFO - Exporting the following env vars:
AIRFLOW_CTX_DAG_OWNER=***
AIRFLOW_CTX_DAG_ID=craw
AIRFLOW_CTX_TASK_ID=cr2
AIRFLOW_CTX_EXECUTION_DATE=2022-08-19T03:40:47.993606+00:00
AIRFLOW_CTX_TRY_NUMBER=1
AIRFLOW_CTX_DAG_RUN_ID=manual__2022-08-19T03:40:47.993606+00:00
[2022-08-19 03:40:50,675] {base.py:68} INFO - Using connection ID 'mysql' for task execution.
[2022-08-19 03:40:50,694] {logger.py:11} INFO - ====== WebDriver manager ======
[2022-08-19 03:40:50,925] {logger.py:11} INFO - Get LATEST chromedriver version for google-chrome 104.0.5112
[2022-08-19 03:40:51,239] {logger.py:11} INFO - There is no [linux64] chromedriver for browser 104.0.5112 in cache
[2022-08-19 03:40:51,240] {logger.py:11} INFO - About to download new driver from https://chromedriver.storage.googleapis.com/104.0.5112.79/chromedriver_linux64.zip
[2022-08-19 03:41:11,244] {logger.py:11} INFO - Driver has been saved in cache [/home/***/.wdm/drivers/chromedriver/linux64/104.0.5112]
[2022-08-19 03:41:56,876] {logging_mixin.py:115} INFO - https://shopping-phinf.pstatic.net/main_8974763/8974763652.20210528111410.jpg?type=f140 로지텍 멀티 디바이스 블루투스 키보드 K380 26,800원 
[2022-08-19 03:42:20,568] {logging_mixin.py:115} INFO - https://shopping-phinf.pstatic.net/main_2127856/21278561324.20200306144241.jpg?type=f140 마이크로닉스 MANIC X50 4세대 광축 완전방수 PBT 게이밍 키보드 59,630원 
[2022-08-19 03:43:11,246] {logging_mixin.py:115} INFO - https://shopping-phinf.pstatic.net/main_2753224/27532247522.20210611095711.jpg?type=f140 COX CK01 TKL 기계식 텐키리스 게이밍 키보드 30,380원 
[2022-08-19 03:43:35,021] {logging_mixin.py:115} INFO - https://shopping-phinf.pstatic.net/main_1941158/19411580916.20190522163521.jpg?type=f140 COX CK87 게이트론 LED 게이밍 기계식 39,900원 
[2022-08-19 03:43:58,803] {logging_mixin.py:115} INFO - https://shopping-phinf.pstatic.net/main_2332149/23321490490.20200701181358.jpg?type=f140 COX CK01 PBT 43,900원 
[2022-08-19 03:44:04,290] {logging_mixin.py:115} INFO - 1
[2022-08-19 03:44:28,165] {logging_mixin.py:115} INFO - https://shopping-phinf.pstatic.net/main_1885837/18858375172.20191231161436.jpg?type=f140 아이락스 KR-6170 X-Slim 30,500원 
[2022-08-19 03:44:51,925] {logging_mixin.py:115} INFO - https://shopping-phinf.pstatic.net/main_9303887/9303887003.20210618163542.jpg?type=f140 제닉스 STORMX TITAN SE 게이밍 키보드 27,850원 
[2022-08-19 03:45:15,692] {logging_mixin.py:115} INFO - https://shopping-phinf.pstatic.net/main_2556649/25566498522.20210112102336.jpg?type=f140 archon K77 유/무선 기계식키보드 98,010원 
[2022-08-19 03:45:39,548] {logging_mixin.py:115} INFO - https://shopping-phinf.pstatic.net/main_1960150/19601508032.20190603154336.jpg?type=f140 COX CK108 레드/다크그레이 게이트론 LED 게이밍 기계식 키보드 49,900원 
[2022-08-19 03:46:03,266] {logging_mixin.py:115} INFO - https://shopping-phinf.pstatic.net/main_2556452/25564526522.20210112094934.jpg?type=f140 archon K75 유/무선 기계식 키보드 77,640원 
[2022-08-19 03:46:08,598] {logging_mixin.py:115} INFO - 2
[2022-08-19 03:46:32,208] {logging_mixin.py:115} INFO - https://shopping-phinf.pstatic.net/main_8974763/8974763652.20210528111410.jpg?type=f140 로지텍 멀티 디바이스 블루투스 키보드 K380 26,800원 
[2022-08-19 03:46:55,958] {logging_mixin.py:115} INFO - https://shopping-phinf.pstatic.net/main_2127856/21278561324.20200306144241.jpg?type=f140 마이크로닉스 MANIC X50 4세대 광축 완전방수 PBT 게이밍 키보드 59,630원 
[2022-08-19 03:47:19,768] {logging_mixin.py:115} INFO - https://shopping-phinf.pstatic.net/main_2753224/27532247522.20210611095711.jpg?type=f140 COX CK01 TKL 기계식 텐키리스 게이밍 키보드 30,380원 
[2022-08-19 03:47:43,515] {logging_mixin.py:115} INFO - https://shopping-phinf.pstatic.net/main_1941158/19411580916.20190522163521.jpg?type=f140 COX CK87 게이트론 LED 게이밍 기계식 39,900원 
[2022-08-19 03:48:07,233] {logging_mixin.py:115} INFO - https://shopping-phinf.pstatic.net/main_2332149/23321490490.20200701181358.jpg?type=f140 COX CK01 PBT 43,900원 
[2022-08-19 03:48:12,515] {logging_mixin.py:115} INFO - 3
[2022-08-19 03:48:12,584] {python.py:173} INFO - Done. Returned value was: None
[2022-08-19 03:48:12,603] {taskinstance.py:1415} INFO - Marking task as SUCCESS. dag_id=craw, task_id=cr2, execution_date=20220819T034047, start_date=20220819T034050, end_date=20220819T034812
[2022-08-19 03:48:12,654] {local_task_job.py:156} INFO - Task exited with return code 0
[2022-08-19 03:48:12,685] {local_task_job.py:273} INFO - 0 downstream tasks scheduled from follow-on schedule check
