[2022-08-11 04:51:19,513] {taskinstance.py:1179} INFO - Dependencies all met for <TaskInstance: craw.cr1 manual__2022-08-11T04:51:14.331197+00:00 [queued]>
[2022-08-11 04:51:19,544] {taskinstance.py:1179} INFO - Dependencies all met for <TaskInstance: craw.cr1 manual__2022-08-11T04:51:14.331197+00:00 [queued]>
[2022-08-11 04:51:19,545] {taskinstance.py:1376} INFO - 
--------------------------------------------------------------------------------
[2022-08-11 04:51:19,545] {taskinstance.py:1377} INFO - Starting attempt 1 of 2
[2022-08-11 04:51:19,546] {taskinstance.py:1378} INFO - 
--------------------------------------------------------------------------------
[2022-08-11 04:51:19,597] {taskinstance.py:1397} INFO - Executing <Task(PythonOperator): cr1> on 2022-08-11 04:51:14.331197+00:00
[2022-08-11 04:51:19,608] {standard_task_runner.py:52} INFO - Started process 11267 to run task
[2022-08-11 04:51:19,622] {standard_task_runner.py:79} INFO - Running: ['***', 'tasks', 'run', 'craw', 'cr1', 'manual__2022-08-11T04:51:14.331197+00:00', '--job-id', '71', '--raw', '--subdir', 'DAGS_FOLDER/newtest.py', '--cfg-path', '/tmp/tmp10es6vvo', '--error-file', '/tmp/tmpsogafm16']
[2022-08-11 04:51:19,625] {standard_task_runner.py:80} INFO - Job 71: Subtask cr1
[2022-08-11 04:51:19,803] {task_command.py:371} INFO - Running <TaskInstance: craw.cr1 manual__2022-08-11T04:51:14.331197+00:00 [running]> on host d59619969b18
[2022-08-11 04:51:20,063] {taskinstance.py:1591} INFO - Exporting the following env vars:
AIRFLOW_CTX_DAG_OWNER=***
AIRFLOW_CTX_DAG_ID=craw
AIRFLOW_CTX_TASK_ID=cr1
AIRFLOW_CTX_EXECUTION_DATE=2022-08-11T04:51:14.331197+00:00
AIRFLOW_CTX_TRY_NUMBER=1
AIRFLOW_CTX_DAG_RUN_ID=manual__2022-08-11T04:51:14.331197+00:00
[2022-08-11 04:51:20,077] {taskinstance.py:1909} ERROR - Task failed with exception
Traceback (most recent call last):
  File "/home/airflow/.local/lib/python3.7/site-packages/airflow/operators/python.py", line 171, in execute
    return_value = self.execute_callable()
  File "/home/airflow/.local/lib/python3.7/site-packages/airflow/operators/python.py", line 189, in execute_callable
    return self.python_callable(*self.op_args, **self.op_kwargs)
  File "/opt/airflow/dags/newtest.py", line 37, in crawling
    s,e,lists=op_args
ValueError: not enough values to unpack (expected 3, got 2)
[2022-08-11 04:51:20,874] {taskinstance.py:1420} INFO - Marking task as UP_FOR_RETRY. dag_id=craw, task_id=cr1, execution_date=20220811T045114, start_date=20220811T045119, end_date=20220811T045120
[2022-08-11 04:51:20,924] {standard_task_runner.py:97} ERROR - Failed to execute job 71 for task cr1 (not enough values to unpack (expected 3, got 2); 11267)
[2022-08-11 04:51:20,963] {local_task_job.py:156} INFO - Task exited with return code 1
[2022-08-11 04:51:21,092] {local_task_job.py:273} INFO - 0 downstream tasks scheduled from follow-on schedule check
