[2022-08-15 11:17:43,970] {taskinstance.py:1179} INFO - Dependencies all met for <TaskInstance: craw.cr5 manual__2022-08-15T11:17:41.613828+00:00 [queued]>
[2022-08-15 11:17:43,978] {taskinstance.py:1179} INFO - Dependencies all met for <TaskInstance: craw.cr5 manual__2022-08-15T11:17:41.613828+00:00 [queued]>
[2022-08-15 11:17:43,979] {taskinstance.py:1376} INFO - 
--------------------------------------------------------------------------------
[2022-08-15 11:17:43,979] {taskinstance.py:1377} INFO - Starting attempt 1 of 2
[2022-08-15 11:17:43,980] {taskinstance.py:1378} INFO - 
--------------------------------------------------------------------------------
[2022-08-15 11:17:43,995] {taskinstance.py:1397} INFO - Executing <Task(PythonOperator): cr5> on 2022-08-15 11:17:41.613828+00:00
[2022-08-15 11:17:44,001] {standard_task_runner.py:52} INFO - Started process 295 to run task
[2022-08-15 11:17:44,004] {standard_task_runner.py:79} INFO - Running: ['***', 'tasks', 'run', 'craw', 'cr5', 'manual__2022-08-15T11:17:41.613828+00:00', '--job-id', '5', '--raw', '--subdir', 'DAGS_FOLDER/newtest.py', '--cfg-path', '/tmp/tmpy2swo4_a', '--error-file', '/tmp/tmpgwe5xxhz']
[2022-08-15 11:17:44,005] {standard_task_runner.py:80} INFO - Job 5: Subtask cr5
[2022-08-15 11:17:44,071] {task_command.py:371} INFO - Running <TaskInstance: craw.cr5 manual__2022-08-15T11:17:41.613828+00:00 [running]> on host 340b8712908c
[2022-08-15 11:17:44,415] {taskinstance.py:1591} INFO - Exporting the following env vars:
AIRFLOW_CTX_DAG_OWNER=***
AIRFLOW_CTX_DAG_ID=craw
AIRFLOW_CTX_TASK_ID=cr5
AIRFLOW_CTX_EXECUTION_DATE=2022-08-15T11:17:41.613828+00:00
AIRFLOW_CTX_TRY_NUMBER=1
AIRFLOW_CTX_DAG_RUN_ID=manual__2022-08-15T11:17:41.613828+00:00
[2022-08-15 11:17:44,425] {base.py:68} INFO - Using connection ID 'mysql' for task execution.
[2022-08-15 11:17:44,428] {logger.py:11} INFO - ====== WebDriver manager ======
[2022-08-15 11:17:44,548] {logger.py:11} INFO - Get LATEST chromedriver version for google-chrome 104.0.5112
[2022-08-15 11:17:44,840] {logger.py:11} INFO - There is no [linux64] chromedriver for browser 104.0.5112 in cache
[2022-08-15 11:17:44,841] {logger.py:11} INFO - About to download new driver from https://chromedriver.storage.googleapis.com/104.0.5112.79/chromedriver_linux64.zip
[2022-08-15 11:17:48,571] {logger.py:11} INFO - Driver has been saved in cache [/home/***/.wdm/drivers/chromedriver/linux64/104.0.5112]
[2022-08-15 11:20:15,969] {logging_mixin.py:115} INFO - https://shopping-phinf.pstatic.net/main_1097696/10976963331.20170605151939.jpg?type=f140 아이리버 IR-K2000 14,890원 소음은 진짜 거의없이 엄청 조용해요 !다만, 타자치는데 확실히 구분감이 조금 덜하긴 합니다.스킨커버 씌우면은 소음도 더 줄어들긴 하는데, 뭔가 어색하네요 ㅎㅎ그래도 일단 디자인도 좋고 아주 만족하고 쓰고 있습니다 ㅎㅎ배송은 빠르게 잘 도착했는데..
택배박스가 아니라 택배비닐에 포장되어서 왔더라구요..
뭐 키보드 기본 박스포장에 뽁뽁이 포장이 되어있다지만..
그래도 좀.. 의류도 아니고.. 참..
그리고 키보드는 실물이 더 이쁜거 같아요
컬러도 이쁘고 소리도 안나서
!제가 손톱으로 키보드 누르는 습관이 있는데
커버가 항상 찢어졌거든요 ㅠㅠ 커버도 튼튼하고
무소음은 아니고 저소음 정도에요!! 그래도 회사에서 기본으로 주는 키보드 보다는 훨~~씬 소리가 덜난답니다..
사무실에서 하기 딱 좋아요 ㅋㅋ배송이 거의 2일안에 와서 오..했구요 영상또는 투디 스리디 다 하다보니 키보드 필요해서 적당한걸로 맞춰 샀는데 크기가 크긴해도 꽤 괜찮네요. 다만 키스킨써야 완벽한? 저소음입니다.ㅋㅋ.. 키스킨벗기면 편한데 소리납니다..ㅠㅠ그게 좀ㅇㅏ쉽네요. 다음에 고장나면 또 사러올 의향 있습니다!~마우스는 깔끔하고 좋아요^^ 딸깍거리는 거 사용하다 살짝 낯설음은 있네요 ㅎㅎ

키보드는 i-rocks가 예쁘고 키감도 좋아서 비슷할 줄 알고 아이리버 브랜드 믿고 샀는데 전혀 다르네요. 버튼이 높고 키보드도 높고 펄감도 심하고 버튼 디자인도 i-rocks가 더 예뻐 보여요 ㅎㅎ

지극히 개인적인 느낌^^배송 완전 빠르네요~
박스에 잘 포장되서 도착했습니다.
키 스킨이 있지만 키스킨 빼고 쓰는게 더 이뻐서 키스킨을 걷었어요.
메탈릭한 골드라서 정말 맘에 들어요.
키감도 좋고, 키 소리도 사락사락 작은 소리가 나서 사무실에서 쓰기 딱 좋으네요.처음에 기대를 많이 안했는데 디자인도 마음에 들고 사용해보니까 소리도 많이 안나서 굉장히 만족했습니다 근데 사용할수록 소리가 나고 휠 내릴때 소리가 나고 휠을 누르면 딸깍 소리가 나서 실망했습니다 그래도 기대이상으로 만족스러운 만원이였습니다저소음 키보드 찾던 중에 구입하게 되었습니다. 일단 소음이 적은 편이고요, 키스킨 제거하고 사용시에는 소음이 좀 있지만 대신 누르는 키감?이 좋습니다. 대신 키스킨 사용하면 더 소음이 줄어들어요 ㅎㅎ 일단 타자쓸 때 팔이 덜 아파서 좋습니다.타이핑도 여전히 좋고, 실리콘 커버가 있어서 과자부스러기 흘려도 청소하기 편하네요 ㅋㅋㅋ 손톱이 길때는 소리가 좀 심하게 나긴하는데 그거 말고는 괜찮아요! 아, 스페이스 바 누를때는 손톱이 길던 짧던 소리가 좀 큽니다.ㅋㅋ사무실에서 사용하려고 구매하신 분들 리뷰보고 구매하였는데요
리뷰하신 분들 처럼 진짜 소리가 적어 사무실에서 사용하기 딱 입니다.
키보드와 함께 구매한 마우스 또한 소리가 적습니다. 마우스는 아예 소리가 안 난다고 봐야 할 것 같네요
배송도 빠르고 잘 쓰겠습니다작동 잘 됩니다 배송도 빠르네요 실리콘 덥개도 있습니다
저는 독수리 타법이라 투명 실리콘 덥개면 자판글씨가 잘보일텐데 반투명이라 잘안 보여서 네임팬으로 덧써서 사용합니다그래서 별 한개 제 탓이지만 그래도 투명이였으면 하는 아쉬움은 남아 있습니다키보드 사용감 색상 다 좋긴 한데, 상단 CapsLock / ScrollLock은 불이 안들어와서 켜진건지 꺼진건지 모르겠구요,
NumLock이건 꺼도 불이 켜져있고ㅋㅋㅋ
이 부분이 불량이라 엉망이네요
그래도 지금 키보드 사용하던게 망가져서 그냥 씁니다.일단 예쁩니다 근데 키스킨 씌웠을때 키감이 영 안좋네요 키스킨 사용하는데 이건 키스킨 벗기고 써야겠어요 그리고 넘버랑 캡스 부분 불 들어오는게 너무 약해서 키스킨 안씌워놓으면 들어오ㅓㅆ는지 안왔는지 모르겠어요.. ㅠㅠ색깔 완전 이쁘네요 ㅠㅠ 이상여부 체크했는데 아무 문제 없고요~ 인식 완전 잘 됐고~ 키스킨은 생각도 안했는데 씌워진 상태로 와서 너무 기분좋네요 ㅋㅋㅋ 워낙에 키보드 씨게 치는편이라 소리가 안나진않지만 거의 무소음이네요 ㅋㅋㅋ
좋은 제품 감사합니다~대박대박 배송 대박 빠르네요ㅋㅋ 어제 오후에 주문 했는데 오늘 오전에 받았어요ㅋㅋ 배송 빠른곳 제일 좋아요 ㅠㅠ 그리고 키보드도 너무 마음에 들어요!! 색상이나 디자인도 예쁘고 무소음이라고해서 아예 소리가 안나는건 아니지만 최소한으로 나는거같아요 ㅎㅎ 부드럽게 타이핑 잘되네요 굿굿 번창하세요!!한달사용후기 // 같이 산 마우스는 소음이 적으나, 키보드는 그냥 그렇습니다..ㅎㅎ 사무실에서 타다다닥쓰면 소리 나요...ㅎㅎ 아주 조심스럽게 타자 치면 소음이 적긴 합니다ㅎㅎ 그리고 특히 스페이스바 소리가 너무 많이나요... 저는 스페이스바 키 뽑아서 그 안에있는 철사? 제거했더니 소리 덜나요ㅎㅎ 팁입니다!색이랑 모양은 정말 예쁘고 좋은데 키보드 씹힘이 꽤 심해요..리뷰에 씹힌다길래 그게 대체 뭐지 했는데 써보니까 알겠네요 근데 뭐 애초에 저렴한거 알고 산거라 감안하고 사용하는 중입니다 대신 소음은 진짜 적어요디자인은 개인취향이니 머라 말씀드리기 조심스러우나 전 깔끔하다고 생각하며 나머지는 특이할만한 내용없습니다. 다만 오른쪽 숫자 버튼 위에 num, cap, scroll 키의 표시등이 넘 작어 노안 있으신분들은 자세히 보세야 합니다기존에 로지텍 무선 태양광 쓰다가 고장나서 구입했어요 요즘은 병행만 나와서 ㅠㅠ 아이리버 색상도 핑크+화이트 ~ 무선이 아니지만 선길이가 지금 본체랑 적당한거리라서 사용가능하고 무엇보다 착한가격 아주좋아요사용1일차인데

다른건 다 괜찮은거 같은데

1. 사람 손가락 길이에 따라서 그런진 몰라도

컨트롤+W 이런거 누를때

인식을 잘 못함

2. 키보드 누르는것들이 낮아서
좀 불편함 다 똑같이 느껴진다고 해야하나진짜예쁘고 터치감도 좋아요
소음도 없고 만족! 전에 쓰던 키보드와 구성이 좀 달라서 적응중이지만 손이 많이 편해질거같아여배송이 정말 하루만에 왔어요., 엄청 빨라요. 소음도 적고 키스킨 주셔서 편하게 잘 사용합니다. 재구매 할게요 다른색상으로^^배송 완전 빨랐어요. 근데 키보드 패드가 약간 지저분하긴했는데, 빨았더니 깨끗하네요!! 소리가 아예 안나는건 아닌데 전에 쓰던거보다는 좋네요~~어머니가 필요하시다고 해서 구입해 드렸어요 무선 보다는 유선이 좋을거 같아서요 핑크색 이쁘다고 하시네요 아이리버 키보드 있는지 처음 알았는데 가성비 정말 좋은거 같아요기존 키보드는 힘이 마니 들어가 손가락이 아팠는데 부드럽게 잘 쳐져서 좋아요... 마우스는 클릭 소리도 안나고 정말 조용하네요.. 직원들 바꿔줫더니 만족해 하네요스터디카페에서 쓰려구샀어요
노트북 자체 키보드 쓰다가 이거쓰니 소리가 안나진않아요~
그래도 손목이 덜아파서 만족합니다넘나 깔끔하구 이뻐용 누르는 느낌 조음 ㅎㅎ
왠지 모르게 엔터랑 쉬프트키 위치가 조금 헷갈리는데
적응되면 괜찮을거같아용치는방법에따라 소리는 작게도 크게도 들려요. 원래 노트북자판만 쓰다보니 자연스럽게 조용하네요. 사무실에서 쓰려고구입했는데 만족합니다!게이밍 키보드 너무 시끄러워서 조용하고 깨끗하게 사용 할 수있도록 덮게있는 키보드 구매했어요 게이밍 쓰다가 써서 그런지 적응이 힘들긴한데 부드럽고 너무 좋아요 소리도 안나서 막 작업해도 좋네요!!노트북 키보드만 몇년째 쓰다가 숫자패드가 필요해서 샀는데 적응하는데 시간이 좀 걸렸지만 오타도 잘 안나고 좋아요. 사무실에서 쓰기 딱이네요오피스용으로 구매해서 사용중입니다. 무소음에 저렴한 가격이 좋다고 느껴지는데요. 사용하다보니 키 간격이 좁아 오타가 종종 생기긴하네요. 그래도 저렴하게 샀으니 그러려니합니다아이리버 키보드라고 해서 큰 기대 없었는데 정말 잘 쓰고 있습니다. 예쁘고 제게 필요한 키와 배열이 무엇보다 맘에 들어요.가벼운 터치감의 키보드예요
저소음은 아니지만 흰색으로 깔끔하니 예쁘고요
잘 입력되고 키높이가 낮지만 키스킨도 안움직입니다전에 쓰던 키보드보다 키높이가 낮아서인지 숫자판은 아직 좀 불편하네요이 가격대에 네이
임벨류 키보드를 구입할수 있다는거겠죠?

싼것을 찾는분이 아니라면, 구입을 말리고 싶네요..

Num caps 점등이 잘 확인도 안됩니다.코로나가 심해져서 재택근무를 하게 되어
급하게 키보드가 필요했는데 배송 빨리 해주셔서
아주 잘 쓰고 있습니다.^^
자판 그립감도 좋고 소음이 안나서 만족합니다!키를 누를 때 힘도 많이 안들어가고,
진짜 조용한것 같아요.
회사에서 기계식 사용하고있는데 이걸로 바꿀까 생각중이에요..^^후기보고 주분했는데... 가격대비 가성비 좋습니다. 커버도있고 확실히 소음이 덜나네요.. 엔터키는 조금 적응을 해야할듯요이 제품이랑 아이리버 키보드 다른 제품이랑 고민 되게 많이 했는데컴퓨터로 작업을 많이 해야해서 이 제품을 택했어요 근데 디자인도 무난하게 이쁘고 터치감이 엄청 부드러워요 가격도 싸고 잘 산 것 같아요화이트톤으로 맞췄는데 깔끔해 보이고 좋네요! 마우스는 완전 무소음급에다가 그립감도 좋아 매우 만족인데, 키보드는 수평이 안맞아서 제가 따로 맞췄네요ㅜㅜ키 눌리는 느낌이나 디자인 모두 만족합니다. 다만 키보드 우측 상단의 num, caps, scroll 활성화 여부를 보여주는 불빛이 너무 약해서 잘 안보이네요. 이점 빼고는 전반적으로 만족합니다.배송도 빠르고 디자인도 깔끔하고 만족스러워요. 바로 개봉해서 써봤는데 누르는 느낌도 가볍고 좋아요상품평이 좋은 이유를 모르겠어요.

너무 뻑뻑하고, 특히 스페이스키는 정말 안눌러집니다.

넓은 스페이스바의 중간을 눌러야 겨우 인식을 하네요.

그리고 .색깔이 오묘해요 키스킨도 주고^^가성비 굿입니다 근데 키보드자체색은 이뿐데키스킨씌우면 ~~ 색이 뿌얘져서 그게참아쉽네여부드럽고 좋아요품질은 좋아졌는데

기존 사용해왔던 시중 키보드보다

전체크기가 많이 작아져

키보드 자판에서 글을 작성할때

영문, 한글, 기호들이 작아져

눈이 아프고 적당히 불편합니다.전에 기계식 키보드 쓰다가 다시 저소음으로 사보았는데 뭔가 노트북 키보드 치는것 같은 느낌이에요 ㅎㅎ 커버까지 주셔서 더 부드럽게 쳐지네요~사장님이 키보드 소리 너무 크다고 하셔서 바꿨는데 지금은 아무 말씀도 없으시네요~
바꾸길 잘했어요~무소음은 아니지만 그래도 소리는 적게 나고 타자감도 괜찮네요. 빠르게 배송되어서 잘 쓰고 있습니다.사무실에서 쓸 조용한 유선 키보드를 찾고 있었는데
가격도 저렴하고 마감상태도 좋고
만족스럽습니다.싸게 구매잘했습니다
기존키보드 뻑뻑하고 잘안누려서 구매했는데
마우스도 무소음이고 비싸도 아무 소용없네요
많이 파세요완전 무소음은 아니지만 그래도 타작느낌도 좋고 좋아요 소리도 적당하고요 ㅎㅋㅋ 키스킨끼우면 소리 덜 나고요 가격도 저렴하니 마음에 들어요깔끔 심플하고 좋아요. 키 낮은 걸 좋아해서 샀는데 키감도 좋구 소음도 거의 없고 좋습니다.
무선 버전도 있으면 좋을 것같아요... 있는데 제가 못찾았을수도 있지만...핑크색 키보드 사고싶어서 샀어요! 색이 예쁜 로즈골드입니다~ 키스킨있으면 베이비핑크로 보여요ㅋㅋㅋ 타자칠때 소리도 별로 안크고 좋아요!사무실에서 잘 사용하고 있어요. 처음엔 기존에 쓰던 자판이랑 달라서 어색했는데 이제는 적응 잘 해서 만족하며 사용중입니다.키보드 키 자체가 깊이 들어가지 않아 깊은걸 좋아하는 저는 초반에 약간 불편했는데 쓰다보니 적응했고 소음도 적어서 좋아요!!키보드 덮개 빼는게 더 예쁘네요~!!
펄감이 은은해서 넘 예쁘고 좋아요!!♡
소음도 크지않고 키도 부드럽게 눌려서 넘 만족합니다^.^키보드 덮개가 있어서 좋았어요 치는 느낌이 불편해서 처음엔 그냥 노트북 키보드를 계속 썼는데 점점 적응하고 있습니다 예쁘고 가성비는 좋아요너무 깔끔하고 예뻐요 낮은 키보드를 처음 써봐서 오타가 많이 나긴 하는데 확실히 저소음이네요 키보드 더러워질까봐 키스킨 못땔 것 같아요ㅎㅎ사무실에서 컴퓨터 사용할때 키보드소리랑 마우스소리가 너무많이나서 바꾸게되었는데요~~ 진짜 소리 거의안나요~~ 신세계입니다 ! 소리가 아예 안나진않아요~ 하지만 전에 비하면 완전 덜 나요!마우스랑 같이 주문했는데 소음이 진짜 확실히 줄어들어서 회사에서 사용할때 신경안쓰여서 좋네요 :)화이트라 깔끔하니 예쁘고 키보드 키감도 괜찮고 마우스도 세트로 샀는데 소음이 아예 없어서 좋아요!
[2022-08-15 11:20:46,178] {logging_mixin.py:115} INFO - https://shopping-phinf.pstatic.net/main_2816016/28160165522.20210726142215.jpg?type=f140 마이크로닉스 MORPH MK-1 마닉축 RGB 게이밍 기계식 키보드 89,000원 배송이 빠르고 좋아요아이가 너무조아해요조아여 고장없어요..생각보다 예뻤어요.화려해서 좋습니다.좋내용

타라흐ㅇㅌ타자감 좋아요 !!!!아이가 좋아해요좋아요번쩍번쩍하고 타건감이 생각보다
엄청 부드럽네요아이 생일선물로 급히주문핸는데
배송딱맞게잘왓어요
배송바로챙겨주시는곳이구요
아이가 엄청이나 맘에들어합니다.
소리가좋다며..ㅎㅎ아주 만족하고 사용하고 있습니다.빠른 배송 감사합니다.이거 ㄹㅇ 인생 키보드잘쓰고 있습니다. 감사합니다.타격감 만족, 소리 만족 입니다~아이가 엄청 좋아 합니다~감사합니다~정말 예쁩니다. 빠른 배송 감사합니다.
[2022-08-15 11:22:56,472] {logging_mixin.py:115} INFO - https://shopping-phinf.pstatic.net/main_2336494/23364942490.20200706104104.jpg?type=f140 한성컴퓨터 GK787S OfficeMaster 체리 기계식키보드 79,900원 진짜 이 가격에 적축 키보드를 살수있는거 대박입니다
키감이 너무 좋네요 스프링소리가 거슬린다고 하지만 저는 전혀 못느끼겠습니다 그리고 소음이 너무 적이서 진짜 너무 좋네요
제정말 딱좋네요 쓰는데 너무 훌륭합니다 너무 추천하고 싶은 키보드입니다빠른배송. 배송중 제품파손 방지를위한 에어팩으로 감싸서옴(뽁뽁이x) / 제품 사용시 적은 소음으로 기존 사용제품 (청축)과 비교하였을때 소리가 거의 없다고 봄.

타이핑. 게임등으로 테스트결과 제품에 이상이없는것으로 판단되고 사용중 기존 키보드와 키 배열이 달라 적응이안되었는데 이부분은 사용하면서 적응이될거라 생각됨.제돈주고 키보드 처음 사보는데 키 부드럽게 눌려서 아주 만족합니다 !
그런데 불편함은 없으나 약간 불량? 인지 R키만 다른 키보다 더 튀어나와있네여ㅋㅋㅋ 불편함 없어서 그냥 씁니다 ㅎㅎ 선도 고무가 아니라 튼튼하니 오래쓸듯요우선 토요일에 시켰는데 이시국에도 배송 빨리와서
좋았구요 토요일은 화이트 제고 없었는데...그래서 블랙
사서 키캡만 좀 바꿔서 써보니까 가격대비 조용해서 넘 좋았어요 다만 조금 아쉬운 점은 백라이트 있는줄 알았는데....ㅠㅠ 그래도 뭐 가격대비 키감이 정말 좋습니다기존 회사에서 GK787 사용하고 있는데 집에서도 사용할려고
구매했습니다.키보드가 가격대비 품질이 괜찮습니다.
아쉬운거는 이전 GK787에는 스테빌라이저에 윤활 구리스가
발라져 정숙했는데 업그레이드된 GK787S에는 구리스가 안발라져 있네요.
아쉽네요.한성이라 안적혀있어서 일단 만족합니다 ㅎㅎ
저소음이라 사무실에서 쓰기 좋구요, 키감도 좋습니다. 다만 저소음이라 기존의 기계식의 경쾌한 키감과는 좀 달라서 호불호가 갈릴듯합니다. 사무실에서 적당한 기계식 키보드를 찾는다면 추천합니다어제 오후에 주문햇는데 오늘 점심께 왔어요.. 진짜 배송속도 무엇... 타건감은 묵직하면서 좋네요.. 소리가 거의 안납니다 ㅋㅋ 근데 스페이스바가 좀 긴건지 한/영키가 먼건지... 한영키 치려면 엄지를 다른 키보드보다 좀 멀리 뻗어야 한다는 느낌이 잇습니다 ㅎㅎ기계식 키보드 처음 써보는데 가격도 입문용으로 적당하고 조용히 서걱이는 타건감도 좋아요ㅎㅎ 멤브레인 키보드 보다 확실히 무겁긴하지만, 정확하고 재밌어서 만족해요 😊

다만 아쉬운건,, 배송 중간에 택배사가 바뀌었는데 알려주지 않네요. 택배도 그만큼 좀 늦었구요,, 물론 이건 택배사 문제이니,,, 5점 주어요.배송은 주말이 중간에 있었으니 그건 감안해야 하고..빠른 편이었어요..
사무실에서 쓸때는 유선도 괜찮으니 요게 딱가격도 적당하고 소음도 사무실용으로 적합해요.
이전엔 한무무 구입했었는데...키캡놀이 한다고 사무실용 하나 더 구입했어요.ㅋㅋ회사 키보드 스페이스바가 너무 안눌려서 기왕 사는 거 좋은 키보드로 쓰자 해서 샀습니다. 기대했던 대로 역시 좋습니다. 특히 키감이 너무 좋아요bb 디자인도 심플해서 너무 좋습니다. 키보드에 불 들어오는 거 별로 안 좋아해서 특히 더 만족스럽습니다.찾던 키보드입니다. 소리없는 키보드.. 하지만 통울림이 다른 키보드 보다는 내장 흡음제로인해 적은편이기는 하지만. 그래도 통울림이 있네요.(아주작게) ㅠㅠ 나름 만족합니다.
통울림 때문에 한달세 키보드 4번 째 바꿔봅니다. ㅠ배송도 빠르구 여기가 최저가였던거같아요
키보드 너무 마음에 들어요
사각사각 느낌만 있고 진짜 거의 소리 안납니다.
진짜 부술기세로 쾅쾅 치는 무개념 아니면
이거 쓴다고 뭐라하는사람 없을겁니다
진짜 유튜브에서 많이 검색해보고 들었는데
ㄹㅇ상품은 여기나 저기나 거기서거기 겠지만,요즘 11번가 서비스 자세와 배송 최악이네요고객센터에 전화했더니 파는 사람도 자기네 고객이라 자기들이 할수 있는일이 없다고하고 택배는 길을 잃고 돌고돌다 오네요..이런회사가 상장하겠다고하니 참 한심 합니다!!!기계식 키보드는 처음입니다. 친구의 추천으로 구입했는데 배송도 빠르고 포장도 꼼꼼하게 잘 되어 있었습니다. 타건감도 좋고 마음에 들어서 블루투스 기능 있는 제품으로 화이트로 추가 주문했습니다. 잘 쓰겠습니다. 감사합니다 ㅎㅎ아 진짜 너무 만족스럽습니다 유튭에서 소리 듣고 고민하다 산건데 아 진짜 유튭이 소리 더큽니다 진짜 사각사각 적당한 소리입니다 너무좋아요 사무실에서 아무도 뭐라하지않습니다 집 키보드도 이걸로 바꿀까 고민중이에요 최저가로 잘샀고 잘 사용중입니다 감사합니다배송완료라고 뜨는데 상품 배송이 안 와서 회사로 배송 기사님께 연락 드렸더니 연락이 안되시더라구요.. 혹시나해서 아파트 다른 집들 살펴 봤더니 잘 못 배송하고 가셨습니다. 상품은 너무 만족하는데 배송을 좀 더 신경써주시면 좋을 것 같아요!!제품 구성, 포장, 배송 다 좋았구요.
출시 초기에 마감이 안좋다거나 이물질이 껴서 왔다는 후기도 있던데 그런것도 전혀 없었네요.
저소음 확실하고요, 100% 만족합니다.
사무용은 물론 게이밍용으로도 손색 없을거 같네요.손구락 힘이 너무 세서 사무실에서 눈치 보는 사람들 두루와~ ⭐️장점: 가성비, 누리끼리 아니고 퓨어화이트, 조용함, 부담없고 가벼운 키감🚨단점: 키보드 연결선이 너무 짧음, 키캡 폰트가 사이버틱해서 안예쁨거의 무소음, 조용한 사무실에서도 사용충분히 가능. 사진상으로는 좀 투박해보였는데 실제로 보니까 생각보다 이쁜듯, 한가지 아쉬운점은...멀티미디어키 고정으로 쓰고싶은데 fn lock기능이 없다는것?ㅠQC를 거쳤나 싶을정도로 프레임에 흠도 있고 키캡에 점같은 작은 프린트자국도 있고 특가에 생산이 몰려서 이해한다고 해도 너무하네요 어차피 소모품이라 반품안하고 쓰지만 기업이미지에 나쁜 기억만 남았네요가격대비 가성비는 나쁘지 않음.
소음은 확실히 저소음 적축으로 멤브레인 보다 작은 소음...

정보표시 LED조명은 신경쓰일정도로 밝음.
일단 포스트잇으로 가려서 사용...쫀득한 키감에 소음도 거의 없어 사무실 사람들이 정말 기계식 키보드가 맞냐고 놀라요
여전히 잘 쓰고 있습니다저소음 적축은 처음 써보는데 타건음이 넘 맘에 드네요 ㅠ ㅠ 토체프 미련을 못버려서 키캡 바꾸는중이지만 ㅎ 전체적으로 맘에 듭니다~!청축쓰다가 너무 씨끄러운감이 있어서
적축으로 바꿨는데
조용하고 좋은것 같습니다. 타건감도 나쁘지 않네요.
다만 용수철 소리는 조금 들립니다만
거슬릴 정도는 아니네요.
.키보드가 조금 눌릴때 무거운 느낌인데 포장도 너무 잘되있고 배송도 빠르고 적응하면서 쓰면 될거같습니다.ㅎ이미 잘사용하고 있어서 선물용으로 구입해서 드렸는데 아주 만족해하십니다. 사무용 가성비로는 몇개 없는 대안이라고 생각합니다.다 좋은데 스프링 소리가 좀 거슬려요. 나중에 그부분만 개선된다면 재구매 하고 싶네요. 사무실에서 쓰기에도 소리가 적당해서 일을 재밌게 할 수 있어요.우선 저소음 적축이라 소음이 적어 매우 만족합니다. 회사나 음악 관련 작업하시는 분들에게 강추. 다만 너무 살살 눌러도 눌려지는 키감만 제외하고는 거의 완벽합니다!게임하는 아들 자판소리가 너무 신경쓰여 주문했는데 조용해서 만족합니다 가격이 조금더 착하면 좋겠네요^^;;완전 좋아용 ~~!!
엄청 부드럽고 소음없어서 진짜 만족해여
몇일을 찾아보고 구매했는데
탁월한 선택이였습니당좋아요 뷰드럽게 살짝살짝 눌리는 키감입니다
근데 텍스트가 제가 생각한것보다 넘 크고 진해서ㅜ 키캡 따로 사서 바꿔 낄 예정이에요한달 간격으로 똑같은 제품 회사용으로 하나 더 구매 했습니다. 그런데 2번째 꺼랑 첫번째 꺼랑 키감이 좀 다르네요.. 뽑기 운이 강한건지.. 이번껀 키감에 건조함?이 많이 느껴진다랄까 ..로지텍 기계식 키보드도 사각사각 소리때문에 조금 아쉬웠는데 거의 멤브레인급으로 조용하고 컴퓨터 쓰는 맛이 나네요 강추합니다소리도 적고 고장없이 잘 사용하고 있습니다 이전에도 잘쓰고 있었는데 이사할때 버리는바람에ㅠ 다시 샀는데 여전히 만족스럽네요생각보다는.. 통울림이 너무 심해요 ㅠㅠ 먹먹한 느낌은, 저소음이라서 감안하는데, 통울림과 스프링 소리가 크네요.. 키보드 사용 습관에 따라서 이 키보드가 맞지 않는 분들도 많을 것 같습니다.가성비 저소음 적축 키보드로 딱입니다. 디자인 심플해서 좋고 스테빌라이저에서의 철심소리도 거의 안나요!회사에서 사용하려고 조용한걸로 했는데 키감이 생각보다 저하고 안맞네요. 조금 뻑뻑한 느낌... 수고하세요.898b 구매 후 만족스러워서 추가로 787s 구매했는데 저적이라 사무실에서 사용하기 적합하고 타건감도 너무 먹먹하지 않고 좋습니다마감이 생각보다 많이 별로네요 키캡 플라스틱이 군대군대 보여요.. 저소음이라 전체적으로 조용하긴한데 스프링 튕기는 소리 심한키가 제법있네요.예상했던 대로 너무 예쁘고 키감도 만족스럽네요 배송은 3일정도 걸렸구요 사무용으로 쓰기에 너무 적합한 키보드인것 같습니다! :)키보드설치하고 찍은사진은 없네요... 체리스위치 저적중에 가성비 갑인거같습니다!기대만큼 조용하고 제품도 깔끔해서 좋네요. 사용 안할때 덮는 덮개도 맘에 들어요.배송도 빠르고 포장도 굉장히 잘되어서 왔어요
타자칠때 소리도 별로안나고 좋아요타자 느낌도 좋고 확실히 일반 키보드보단 소음 덜하네요 (아예 조용한건 아닙니다)디자인도 깔끔하고 무엇보다 정말 조용하네요
다만 키보드 중간중간에 약간의 얼룩? 이 있는게 아쉬웠습니다 그것만 빼면은 정말 가성비 좋은 키보드인거 같아요상당히 소리가 조용하고 오타도 적네요
RGB같은거 이쁘다는 생각도 안들도 상당히 유치해서
싫어했는데 아주 심플하니 좋습니다.가설비가 좋다는 말에 구입했는디 만족합니다. 타자치는 일이 많은데 편하네요. 긋사무실에서 쓸껀데, 실제로 쳐보니 지금 쓰는 멤브레인보다 조용하네요. 좋습니다!사무실에서 쓰기 딱 좋아요. 기계식인데 조용해요. 옆사람에 민쳬없이 쓸수 있어요키보드 소리 잘안나고 타격감 나쁘지않네요
색상도 좋고 크기고 적당해서 좋습니다이전 벌크키보드 쓰다가 기계식을 처음써봐서 버튼 깊이감이나 어색함에 오타가 많이나긴하는데 잘써볼게요장점 : 저렴한 가격의 저적키보드 단점 : 키압이 무거움 키보드 덮개가 안맞아서 붕뜸사무용으로 샀는데 쉽게 피로해질까봐 고민됨부들부들 타건감 좋습니다. 무접점에 약~간 더 힘이 들어가는 느낌인데요, 키캡이 좀 저렴이같이 생겨서 아쉽습니다. 키캡은 따로 사서 입맛에 맞게 꾸미는게 좋을듯사무실에서 쓰려고 샀는데 옆 동료 멤브레인 키보드보다 조용합니다.
아주 좋아요.무소음 적축은 첨써보는데 가격은 좀 나가지만 매우 맘에 듭니다 재구매의사 있음진짜 소음이 거의 없어요 마우스 클릭하는 소리가 더 클 정도면 말 다한거 같아요.가성비 키보드라는 말이 많았는데 확실히 가격대비 퀄 좋고 눌리는 키감도 좋아요진짜 포장이 완벽 그 자체네요... 기존의 뽁뽁이가 아니라 거의 에어백 수준입니다상품 좋고, 배송 빠르게 받았습니다.
다만 키보드 구성 박스가 살짝 찢겨져 있네요.한달정도 썼는데 짝궁이 쓸때마다 칭찬하네요
타건감이 탄력있다고 엄청 좋아해요
[2022-08-15 11:22:56,474] {taskinstance.py:1909} ERROR - Task failed with exception
Traceback (most recent call last):
  File "/home/airflow/.local/lib/python3.7/site-packages/airflow/operators/python.py", line 171, in execute
    return_value = self.execute_callable()
  File "/home/airflow/.local/lib/python3.7/site-packages/airflow/operators/python.py", line 189, in execute_callable
    return self.python_callable(*self.op_args, **self.op_kwargs)
  File "/opt/airflow/dags/newtest.py", line 97, in crawling
    cursor.execute("INSERT INTO info VALUES (%s, %s, %s, %s);",(image,name,price,review))
  File "/home/airflow/.local/lib/python3.7/site-packages/pymysql/cursors.py", line 148, in execute
    result = self._query(query)
  File "/home/airflow/.local/lib/python3.7/site-packages/pymysql/cursors.py", line 310, in _query
    conn.query(q)
  File "/home/airflow/.local/lib/python3.7/site-packages/pymysql/connections.py", line 548, in query
    self._affected_rows = self._read_query_result(unbuffered=unbuffered)
  File "/home/airflow/.local/lib/python3.7/site-packages/pymysql/connections.py", line 775, in _read_query_result
    result.read()
  File "/home/airflow/.local/lib/python3.7/site-packages/pymysql/connections.py", line 1156, in read
    first_packet = self.connection._read_packet()
  File "/home/airflow/.local/lib/python3.7/site-packages/pymysql/connections.py", line 725, in _read_packet
    packet.raise_for_error()
  File "/home/airflow/.local/lib/python3.7/site-packages/pymysql/protocol.py", line 221, in raise_for_error
    err.raise_mysql_exception(self._data)
  File "/home/airflow/.local/lib/python3.7/site-packages/pymysql/err.py", line 143, in raise_mysql_exception
    raise errorclass(errno, errval)
pymysql.err.DataError: (1366, "Incorrect string value: '\\xF0\\x9F\\x98\\x8A\\x0A\\x0A...' for column 'review' at row 1")
[2022-08-15 11:22:56,490] {taskinstance.py:1420} INFO - Marking task as UP_FOR_RETRY. dag_id=craw, task_id=cr5, execution_date=20220815T111741, start_date=20220815T111743, end_date=20220815T112256
[2022-08-15 11:22:56,505] {standard_task_runner.py:97} ERROR - Failed to execute job 5 for task cr5 ((1366, "Incorrect string value: '\\xF0\\x9F\\x98\\x8A\\x0A\\x0A...' for column 'review' at row 1"); 295)
[2022-08-15 11:22:56,523] {local_task_job.py:156} INFO - Task exited with return code 1
[2022-08-15 11:22:56,552] {local_task_job.py:273} INFO - 0 downstream tasks scheduled from follow-on schedule check
