[2022-07-22 05:42:45,143] {taskinstance.py:1179} INFO - Dependencies all met for <TaskInstance: workflow.create_table scheduled__2021-11-07T00:00:00+00:00 [queued]>
[2022-07-22 05:42:45,170] {taskinstance.py:1179} INFO - Dependencies all met for <TaskInstance: workflow.create_table scheduled__2021-11-07T00:00:00+00:00 [queued]>
[2022-07-22 05:42:45,172] {taskinstance.py:1376} INFO - 
--------------------------------------------------------------------------------
[2022-07-22 05:42:45,173] {taskinstance.py:1377} INFO - Starting attempt 1 of 1
[2022-07-22 05:42:45,174] {taskinstance.py:1378} INFO - 
--------------------------------------------------------------------------------
[2022-07-22 05:42:45,212] {taskinstance.py:1397} INFO - Executing <Task(MySqlOperator): create_table> on 2021-11-07 00:00:00+00:00
[2022-07-22 05:42:45,224] {standard_task_runner.py:52} INFO - Started process 2211 to run task
[2022-07-22 05:42:45,236] {standard_task_runner.py:79} INFO - Running: ['***', 'tasks', 'run', 'workflow', 'create_table', 'scheduled__2021-11-07T00:00:00+00:00', '--job-id', '250', '--raw', '--subdir', 'DAGS_FOLDER/test.py', '--cfg-path', '/tmp/tmpo6ibx84m', '--error-file', '/tmp/tmp9vaetd47']
[2022-07-22 05:42:45,238] {standard_task_runner.py:80} INFO - Job 250: Subtask create_table
[2022-07-22 05:42:45,331] {task_command.py:371} INFO - Running <TaskInstance: workflow.create_table scheduled__2021-11-07T00:00:00+00:00 [running]> on host cdbfdeb58988
[2022-07-22 05:42:45,515] {taskinstance.py:1591} INFO - Exporting the following env vars:
AIRFLOW_CTX_DAG_OWNER=***
AIRFLOW_CTX_DAG_ID=workflow
AIRFLOW_CTX_TASK_ID=create_table
AIRFLOW_CTX_EXECUTION_DATE=2021-11-07T00:00:00+00:00
AIRFLOW_CTX_TRY_NUMBER=1
AIRFLOW_CTX_DAG_RUN_ID=scheduled__2021-11-07T00:00:00+00:00
[2022-07-22 05:42:45,517] {mysql.py:82} INFO - Executing: CREATE DATABASE FUCK
[2022-07-22 05:42:45,530] {base.py:68} INFO - Using connection ID 'mysql_db' for task execution.
[2022-07-22 05:42:45,535] {taskinstance.py:1909} ERROR - Task failed with exception
Traceback (most recent call last):
  File "/home/airflow/.local/lib/python3.7/site-packages/airflow/providers/mysql/operators/mysql.py", line 84, in execute
    hook.run(self.sql, autocommit=self.autocommit, parameters=self.parameters)
  File "/home/airflow/.local/lib/python3.7/site-packages/airflow/hooks/dbapi.py", line 204, in run
    with closing(self.get_conn()) as conn:
  File "/home/airflow/.local/lib/python3.7/site-packages/airflow/providers/mysql/hooks/mysql.py", line 163, in get_conn
    import MySQLdb
ModuleNotFoundError: No module named 'MySQLdb'
[2022-07-22 05:42:45,555] {taskinstance.py:1420} INFO - Marking task as FAILED. dag_id=workflow, task_id=create_table, execution_date=20211107T000000, start_date=20220722T054245, end_date=20220722T054245
[2022-07-22 05:42:45,572] {standard_task_runner.py:97} ERROR - Failed to execute job 250 for task create_table (No module named 'MySQLdb'; 2211)
[2022-07-22 05:42:45,609] {local_task_job.py:156} INFO - Task exited with return code 1
[2022-07-22 05:42:45,658] {local_task_job.py:273} INFO - 0 downstream tasks scheduled from follow-on schedule check
