[2022-08-11 03:09:59,175] {taskinstance.py:1179} INFO - Dependencies all met for <TaskInstance: craw.cr1 manual__2022-08-11T02:28:35.663834+00:00 [queued]>
[2022-08-11 03:09:59,197] {taskinstance.py:1179} INFO - Dependencies all met for <TaskInstance: craw.cr1 manual__2022-08-11T02:28:35.663834+00:00 [queued]>
[2022-08-11 03:09:59,197] {taskinstance.py:1376} INFO - 
--------------------------------------------------------------------------------
[2022-08-11 03:09:59,198] {taskinstance.py:1377} INFO - Starting attempt 4 of 5
[2022-08-11 03:09:59,199] {taskinstance.py:1378} INFO - 
--------------------------------------------------------------------------------
[2022-08-11 03:09:59,227] {taskinstance.py:1397} INFO - Executing <Task(PythonOperator): cr1> on 2022-08-11 02:28:35.663834+00:00
[2022-08-11 03:09:59,236] {standard_task_runner.py:52} INFO - Started process 3274 to run task
[2022-08-11 03:09:59,243] {standard_task_runner.py:79} INFO - Running: ['***', 'tasks', 'run', 'craw', 'cr1', 'manual__2022-08-11T02:28:35.663834+00:00', '--job-id', '55', '--raw', '--subdir', 'DAGS_FOLDER/newtest.py', '--cfg-path', '/tmp/tmpye4ivc1k', '--error-file', '/tmp/tmph0m5mdy2']
[2022-08-11 03:09:59,245] {standard_task_runner.py:80} INFO - Job 55: Subtask cr1
[2022-08-11 03:09:59,369] {task_command.py:371} INFO - Running <TaskInstance: craw.cr1 manual__2022-08-11T02:28:35.663834+00:00 [running]> on host d59619969b18
[2022-08-11 03:09:59,510] {taskinstance.py:1591} INFO - Exporting the following env vars:
AIRFLOW_CTX_DAG_OWNER=***
AIRFLOW_CTX_DAG_ID=craw
AIRFLOW_CTX_TASK_ID=cr1
AIRFLOW_CTX_EXECUTION_DATE=2022-08-11T02:28:35.663834+00:00
AIRFLOW_CTX_TRY_NUMBER=4
AIRFLOW_CTX_DAG_RUN_ID=manual__2022-08-11T02:28:35.663834+00:00
[2022-08-11 03:09:59,514] {logger.py:11} INFO - ====== WebDriver manager ======
[2022-08-11 03:09:59,726] {logger.py:11} INFO - Get LATEST chromedriver version for google-chrome 104.0.5112
[2022-08-11 03:10:00,680] {logger.py:11} INFO - Driver [/home/***/.wdm/drivers/chromedriver/linux64/104.0.5112/chromedriver] found in cache
[2022-08-11 03:12:38,846] {taskinstance.py:1909} ERROR - Task failed with exception
Traceback (most recent call last):
  File "/home/airflow/.local/lib/python3.7/site-packages/airflow/operators/python.py", line 171, in execute
    return_value = self.execute_callable()
  File "/home/airflow/.local/lib/python3.7/site-packages/airflow/operators/python.py", line 189, in execute_callable
    return self.python_callable(*self.op_args, **self.op_kwargs)
  File "/opt/airflow/dags/newtest.py", line 107, in craw1
    crawling(1,3)
  File "/opt/airflow/dags/newtest.py", line 93, in crawling
    lists.append((image, name, price, review))
NameError: name 'lists' is not defined
[2022-08-11 03:12:38,868] {taskinstance.py:1420} INFO - Marking task as UP_FOR_RETRY. dag_id=craw, task_id=cr1, execution_date=20220811T022835, start_date=20220811T030959, end_date=20220811T031238
[2022-08-11 03:12:38,892] {standard_task_runner.py:97} ERROR - Failed to execute job 55 for task cr1 (name 'lists' is not defined; 3274)
[2022-08-11 03:12:38,936] {local_task_job.py:156} INFO - Task exited with return code 1
[2022-08-11 03:12:38,994] {local_task_job.py:273} INFO - 0 downstream tasks scheduled from follow-on schedule check
