[2022-08-11 02:28:37,586] {taskinstance.py:1179} INFO - Dependencies all met for <TaskInstance: craw.cr1 manual__2022-08-11T02:28:35.663834+00:00 [queued]>
[2022-08-11 02:28:37,600] {taskinstance.py:1179} INFO - Dependencies all met for <TaskInstance: craw.cr1 manual__2022-08-11T02:28:35.663834+00:00 [queued]>
[2022-08-11 02:28:37,601] {taskinstance.py:1376} INFO - 
--------------------------------------------------------------------------------
[2022-08-11 02:28:37,601] {taskinstance.py:1377} INFO - Starting attempt 1 of 2
[2022-08-11 02:28:37,601] {taskinstance.py:1378} INFO - 
--------------------------------------------------------------------------------
[2022-08-11 02:28:37,621] {taskinstance.py:1397} INFO - Executing <Task(PythonOperator): cr1> on 2022-08-11 02:28:35.663834+00:00
[2022-08-11 02:28:37,628] {standard_task_runner.py:52} INFO - Started process 1184 to run task
[2022-08-11 02:28:37,633] {standard_task_runner.py:79} INFO - Running: ['***', 'tasks', 'run', 'craw', 'cr1', 'manual__2022-08-11T02:28:35.663834+00:00', '--job-id', '52', '--raw', '--subdir', 'DAGS_FOLDER/newtest.py', '--cfg-path', '/tmp/tmpbwo9hmvr', '--error-file', '/tmp/tmp8blkc88h']
[2022-08-11 02:28:37,635] {standard_task_runner.py:80} INFO - Job 52: Subtask cr1
[2022-08-11 02:28:37,730] {task_command.py:371} INFO - Running <TaskInstance: craw.cr1 manual__2022-08-11T02:28:35.663834+00:00 [running]> on host d59619969b18
[2022-08-11 02:28:37,838] {taskinstance.py:1591} INFO - Exporting the following env vars:
AIRFLOW_CTX_DAG_OWNER=***
AIRFLOW_CTX_DAG_ID=craw
AIRFLOW_CTX_TASK_ID=cr1
AIRFLOW_CTX_EXECUTION_DATE=2022-08-11T02:28:35.663834+00:00
AIRFLOW_CTX_TRY_NUMBER=1
AIRFLOW_CTX_DAG_RUN_ID=manual__2022-08-11T02:28:35.663834+00:00
[2022-08-11 02:28:37,840] {taskinstance.py:1909} ERROR - Task failed with exception
Traceback (most recent call last):
  File "/home/airflow/.local/lib/python3.7/site-packages/airflow/operators/python.py", line 171, in execute
    return_value = self.execute_callable()
  File "/home/airflow/.local/lib/python3.7/site-packages/airflow/operators/python.py", line 189, in execute_callable
    return self.python_callable(*self.op_args, **self.op_kwargs)
  File "/opt/airflow/dags/newtest.py", line 107, in craw1
    crawling(1,3)
TypeError: crawling() missing 1 required positional argument: 'lists'
[2022-08-11 02:28:38,068] {taskinstance.py:1420} INFO - Marking task as UP_FOR_RETRY. dag_id=craw, task_id=cr1, execution_date=20220811T022835, start_date=20220811T022837, end_date=20220811T022838
[2022-08-11 02:28:38,086] {standard_task_runner.py:97} ERROR - Failed to execute job 52 for task cr1 (crawling() missing 1 required positional argument: 'lists'; 1184)
[2022-08-11 02:28:38,126] {local_task_job.py:156} INFO - Task exited with return code 1
[2022-08-11 02:28:38,180] {local_task_job.py:273} INFO - 0 downstream tasks scheduled from follow-on schedule check
