[2022-08-11 03:34:20,166] {taskinstance.py:1179} INFO - Dependencies all met for <TaskInstance: craw.cr2 manual__2022-08-11T03:34:12.774368+00:00 [queued]>
[2022-08-11 03:34:20,218] {taskinstance.py:1179} INFO - Dependencies all met for <TaskInstance: craw.cr2 manual__2022-08-11T03:34:12.774368+00:00 [queued]>
[2022-08-11 03:34:20,220] {taskinstance.py:1376} INFO - 
--------------------------------------------------------------------------------
[2022-08-11 03:34:20,221] {taskinstance.py:1377} INFO - Starting attempt 1 of 2
[2022-08-11 03:34:20,224] {taskinstance.py:1378} INFO - 
--------------------------------------------------------------------------------
[2022-08-11 03:34:20,330] {taskinstance.py:1397} INFO - Executing <Task(PythonOperator): cr2> on 2022-08-11 03:34:12.774368+00:00
[2022-08-11 03:34:20,354] {standard_task_runner.py:52} INFO - Started process 5052 to run task
[2022-08-11 03:34:20,370] {standard_task_runner.py:79} INFO - Running: ['***', 'tasks', 'run', 'craw', 'cr2', 'manual__2022-08-11T03:34:12.774368+00:00', '--job-id', '59', '--raw', '--subdir', 'DAGS_FOLDER/newtest.py', '--cfg-path', '/tmp/tmp3_jm_mae', '--error-file', '/tmp/tmp0b9egk7f']
[2022-08-11 03:34:20,381] {standard_task_runner.py:80} INFO - Job 59: Subtask cr2
[2022-08-11 03:34:20,718] {task_command.py:371} INFO - Running <TaskInstance: craw.cr2 manual__2022-08-11T03:34:12.774368+00:00 [running]> on host d59619969b18
[2022-08-11 03:34:21,069] {taskinstance.py:1591} INFO - Exporting the following env vars:
AIRFLOW_CTX_DAG_OWNER=***
AIRFLOW_CTX_DAG_ID=craw
AIRFLOW_CTX_TASK_ID=cr2
AIRFLOW_CTX_EXECUTION_DATE=2022-08-11T03:34:12.774368+00:00
AIRFLOW_CTX_TRY_NUMBER=1
AIRFLOW_CTX_DAG_RUN_ID=manual__2022-08-11T03:34:12.774368+00:00
[2022-08-11 03:34:21,074] {logger.py:11} INFO - ====== WebDriver manager ======
[2022-08-11 03:34:21,417] {logger.py:11} INFO - Get LATEST chromedriver version for google-chrome 104.0.5112
[2022-08-11 03:34:24,670] {logger.py:11} INFO - Driver [/home/***/.wdm/drivers/chromedriver/linux64/104.0.5112/chromedriver] found in cache
[2022-08-11 03:41:44,047] {logging_mixin.py:115} INFO - 1
[2022-08-11 03:44:07,833] {logging_mixin.py:115} INFO - 2
[2022-08-11 03:50:57,073] {logging_mixin.py:115} INFO - 3
[2022-08-11 03:50:57,792] {python.py:173} INFO - Done. Returned value was: None
[2022-08-11 03:50:59,301] {taskinstance.py:1420} INFO - Marking task as SUCCESS. dag_id=craw, task_id=cr2, execution_date=20220811T033412, start_date=20220811T033420, end_date=20220811T035059
[2022-08-11 03:51:01,227] {local_task_job.py:221} WARNING - State of this instance has been externally set to success. Terminating instance.
