[2022-08-16 08:24:26,477] {taskinstance.py:1179} INFO - Dependencies all met for <TaskInstance: craw.cr4 manual__2022-08-15T12:51:18.680057+00:00 [queued]>
[2022-08-16 08:24:26,492] {taskinstance.py:1179} INFO - Dependencies all met for <TaskInstance: craw.cr4 manual__2022-08-15T12:51:18.680057+00:00 [queued]>
[2022-08-16 08:24:26,492] {taskinstance.py:1376} INFO - 
--------------------------------------------------------------------------------
[2022-08-16 08:24:26,492] {taskinstance.py:1377} INFO - Starting attempt 2 of 3
[2022-08-16 08:24:26,493] {taskinstance.py:1378} INFO - 
--------------------------------------------------------------------------------
[2022-08-16 08:24:26,512] {taskinstance.py:1397} INFO - Executing <Task(PythonOperator): cr4> on 2022-08-15 12:51:18.680057+00:00
[2022-08-16 08:24:26,518] {standard_task_runner.py:52} INFO - Started process 2107 to run task
[2022-08-16 08:24:26,522] {standard_task_runner.py:79} INFO - Running: ['***', 'tasks', 'run', 'craw', 'cr4', 'manual__2022-08-15T12:51:18.680057+00:00', '--job-id', '78', '--raw', '--subdir', 'DAGS_FOLDER/newtest.py', '--cfg-path', '/tmp/tmpwu4yuivg', '--error-file', '/tmp/tmphj66dgy5']
[2022-08-16 08:24:26,524] {standard_task_runner.py:80} INFO - Job 78: Subtask cr4
[2022-08-16 08:24:26,602] {task_command.py:371} INFO - Running <TaskInstance: craw.cr4 manual__2022-08-15T12:51:18.680057+00:00 [running]> on host 74c2759f33bd
[2022-08-16 08:24:26,689] {taskinstance.py:1591} INFO - Exporting the following env vars:
AIRFLOW_CTX_DAG_OWNER=***
AIRFLOW_CTX_DAG_ID=craw
AIRFLOW_CTX_TASK_ID=cr4
AIRFLOW_CTX_EXECUTION_DATE=2022-08-15T12:51:18.680057+00:00
AIRFLOW_CTX_TRY_NUMBER=2
AIRFLOW_CTX_DAG_RUN_ID=manual__2022-08-15T12:51:18.680057+00:00
[2022-08-16 08:24:26,705] {base.py:68} INFO - Using connection ID 'mysql' for task execution.
[2022-08-16 08:24:26,709] {logger.py:11} INFO - ====== WebDriver manager ======
[2022-08-16 08:24:26,821] {logger.py:11} INFO - Get LATEST chromedriver version for google-chrome 104.0.5112
[2022-08-16 08:24:27,205] {logger.py:11} INFO - Driver [/home/***/.wdm/drivers/chromedriver/linux64/104.0.5112/chromedriver] found in cache
[2022-08-16 08:25:10,058] {logging_mixin.py:115} INFO - https://shopping-phinf.pstatic.net/main_2552390/25523900522.20210914113040.jpg?type=f140 한성컴퓨터 BK500 듀얼 무선 멀티페어링 키보드 29,601원 
[2022-08-16 08:25:33,662] {logging_mixin.py:115} INFO - https://shopping-phinf.pstatic.net/main_2045576/20455763954.20210430175002.jpg?type=f140 CHERRY MX BOARD 3.0S 게이밍 기계식 키보드 99,000원 
[2022-08-16 08:25:57,331] {logging_mixin.py:115} INFO - https://shopping-phinf.pstatic.net/main_2061262/20612627710.20191022173313.jpg?type=f140 마이크로닉스 MANIC X30 마닉축 기계식 키보드 33,900원 
[2022-08-16 08:26:20,888] {logging_mixin.py:115} INFO - https://shopping-phinf.pstatic.net/main_2882835/28828351586.20210913173723.jpg?type=f140 앱코 KN10C PBT 무접점 키보드 199,000원 
[2022-08-16 08:26:44,463] {logging_mixin.py:115} INFO - https://shopping-phinf.pstatic.net/main_1097696/10976963331.20170605151939.jpg?type=f140 아이리버 IR-K2000 14,890원 
[2022-08-16 08:26:49,872] {logging_mixin.py:115} INFO - 1
[2022-08-16 08:27:13,307] {local_task_job.py:221} WARNING - State of this instance has been externally set to failed. Terminating instance.
[2022-08-16 08:27:13,314] {process_utils.py:129} INFO - Sending Signals.SIGTERM to group 2107. PIDs of all processes in the group: [2219, 2337, 2384, 2385, 2437, 2439, 2512, 2568, 4936, 2511, 2107]
[2022-08-16 08:27:13,314] {process_utils.py:80} INFO - Sending the signal Signals.SIGTERM to group 2107
[2022-08-16 08:27:13,316] {taskinstance.py:1561} ERROR - Received SIGTERM. Terminating subprocesses.
[2022-08-16 08:27:13,323] {process_utils.py:75} INFO - Process psutil.Process(pid=2511, status='terminated', started='08:24:27') (2511) terminated with exit code None
[2022-08-16 08:27:13,378] {process_utils.py:75} INFO - Process psutil.Process(pid=2107, status='terminated', exitcode=0, started='08:24:26') (2107) terminated with exit code 0
[2022-08-16 08:27:13,379] {process_utils.py:75} INFO - Process psutil.Process(pid=2439, status='terminated', started='08:24:27') (2439) terminated with exit code None
[2022-08-16 08:27:13,380] {process_utils.py:75} INFO - Process psutil.Process(pid=2337, status='terminated', started='08:24:27') (2337) terminated with exit code None
[2022-08-16 08:27:13,380] {process_utils.py:75} INFO - Process psutil.Process(pid=2384, status='terminated', started='08:24:27') (2384) terminated with exit code None
[2022-08-16 08:27:13,381] {process_utils.py:75} INFO - Process psutil.Process(pid=2512, status='terminated', started='08:24:27') (2512) terminated with exit code None
[2022-08-16 08:27:13,381] {process_utils.py:75} INFO - Process psutil.Process(pid=2219, status='terminated', started='08:24:27') (2219) terminated with exit code None
[2022-08-16 08:27:13,382] {process_utils.py:75} INFO - Process psutil.Process(pid=2437, status='terminated', started='08:24:27') (2437) terminated with exit code None
[2022-08-16 08:27:13,382] {process_utils.py:75} INFO - Process psutil.Process(pid=4936, status='terminated', started='08:26:57') (4936) terminated with exit code None
[2022-08-16 08:27:13,383] {process_utils.py:75} INFO - Process psutil.Process(pid=2568, status='terminated', started='08:24:27') (2568) terminated with exit code None
[2022-08-16 08:27:13,384] {process_utils.py:75} INFO - Process psutil.Process(pid=2385, status='terminated', started='08:24:27') (2385) terminated with exit code None
