[2022-08-15 11:17:44,005] {taskinstance.py:1179} INFO - Dependencies all met for <TaskInstance: craw.cr6 manual__2022-08-15T11:17:41.613828+00:00 [queued]>
[2022-08-15 11:17:44,014] {taskinstance.py:1179} INFO - Dependencies all met for <TaskInstance: craw.cr6 manual__2022-08-15T11:17:41.613828+00:00 [queued]>
[2022-08-15 11:17:44,015] {taskinstance.py:1376} INFO - 
--------------------------------------------------------------------------------
[2022-08-15 11:17:44,015] {taskinstance.py:1377} INFO - Starting attempt 1 of 2
[2022-08-15 11:17:44,015] {taskinstance.py:1378} INFO - 
--------------------------------------------------------------------------------
[2022-08-15 11:17:44,030] {taskinstance.py:1397} INFO - Executing <Task(PythonOperator): cr6> on 2022-08-15 11:17:41.613828+00:00
[2022-08-15 11:17:44,035] {standard_task_runner.py:52} INFO - Started process 296 to run task
[2022-08-15 11:17:44,040] {standard_task_runner.py:79} INFO - Running: ['***', 'tasks', 'run', 'craw', 'cr6', 'manual__2022-08-15T11:17:41.613828+00:00', '--job-id', '4', '--raw', '--subdir', 'DAGS_FOLDER/newtest.py', '--cfg-path', '/tmp/tmpqc_g4rjd', '--error-file', '/tmp/tmpvh8cr46i']
[2022-08-15 11:17:44,041] {standard_task_runner.py:80} INFO - Job 4: Subtask cr6
[2022-08-15 11:17:44,111] {task_command.py:371} INFO - Running <TaskInstance: craw.cr6 manual__2022-08-15T11:17:41.613828+00:00 [running]> on host 340b8712908c
[2022-08-15 11:17:44,467] {taskinstance.py:1591} INFO - Exporting the following env vars:
AIRFLOW_CTX_DAG_OWNER=***
AIRFLOW_CTX_DAG_ID=craw
AIRFLOW_CTX_TASK_ID=cr6
AIRFLOW_CTX_EXECUTION_DATE=2022-08-15T11:17:41.613828+00:00
AIRFLOW_CTX_TRY_NUMBER=1
AIRFLOW_CTX_DAG_RUN_ID=manual__2022-08-15T11:17:41.613828+00:00
[2022-08-15 11:17:44,480] {base.py:68} INFO - Using connection ID 'mysql' for task execution.
[2022-08-15 11:17:44,482] {logger.py:11} INFO - ====== WebDriver manager ======
[2022-08-15 11:17:44,595] {logger.py:11} INFO - Get LATEST chromedriver version for google-chrome 104.0.5112
[2022-08-15 11:17:44,895] {logger.py:11} INFO - There is no [linux64] chromedriver for browser 104.0.5112 in cache
[2022-08-15 11:17:44,896] {logger.py:11} INFO - About to download new driver from https://chromedriver.storage.googleapis.com/104.0.5112.79/chromedriver_linux64.zip
[2022-08-15 11:17:49,011] {logger.py:11} INFO - Driver has been saved in cache [/home/***/.wdm/drivers/chromedriver/linux64/104.0.5112]
[2022-08-15 11:18:36,801] {logging_mixin.py:115} INFO - https://shopping-phinf.pstatic.net/main_2960575/29605751618.20220324110136.jpg?type=f140 로이체 RK-3700 32,900원 빠른 배송 감사 합니다. 키감도 좋고 크기도 적당해서 딸이 좋아해요.페어링이 빨리빨리잘되요핑크핑크 색상 예뻐요예뻐요. 그냥 예뻐요. 누르는 느낌도 좋아요 끄고 키기도 좋아요 블투 연결도 빨라요 좋아요배송 빠르고 좋아요 ㅎㅎ 잘 쓰겠습니다 ㅎㅎ
[2022-08-15 11:20:04,576] {logging_mixin.py:115} INFO - https://shopping-phinf.pstatic.net/main_2604016/26040163522.20210218152623.jpg?type=f140 로이체 KT5 PRO 17,900원 고장도 안나고 잘 사용하고 있습니다.
좋아요!!가볍고 좋네요!
오래 잘 쓸 수 있음 좋겠어요~^^갤럭시 스마트폰하고도 바로 연결되서 좋네요매우 가볍고 블루투스 전환도 잘 되고 좋아요!재질이 단단함
화욜 주문했다가 금욜 배송받음깔끔하니 예뻐요 블루투스 접속도 잘 되네요가볍고 아이패드11인치랑 사이즈가 딱이에요역시나 허접하긴하네요 그래도 이가격이면!!키보드가 되게 가볍고 쓰기에 나쁘지 않아요적당히 무난하게 쓰기좋아요!!!엄청 가벼워요ㅋㅋㅋ소리는 스카나 독서실에서 쓰기에는 좀 무리인듯!!!배달도 빠르고 가격도 저렴해서 만족합니다크기가 작아 공간 많이 차지 안해서 좋아요.작고 잘쳐지네요 고장이 안났으면 젛겟어여키감 부드럽고 충방전에서 자유로워 좋아요이가격에 잘 연결되고 안 끊기면 만족이죠.생각보다 소리도 안나요 근데 좀 없어보임정말 가볍고 자석에 붙는 재질이라 좋아요아주 만족하면서 잘쓰고 있습니다 좋아요~가격대비 만족합니다. 키감은 좀 가벼운 듯 하지만 가볍고 들고 다니기에 좋습니다.원하던 싸이즈에 슬림해서 마음에 듭니다가성비 좋네요 33777키스킨 만들어주세요 ㅠㅠ .. 가성비 최고~!! 키스킨만 따로 팔아주셨으면 ㅎㅎ..대박 입니다 만족합니다빠른 배송 너무 감사합니다~
잘 받았습니다 ^^옴청옴청 가벼우요!!!가격만큼 진짜 괜찮은거같아요. 뒷판이 자석이라서 훨씬 더 괜찮은거같아요.너무 너무 좋아요^^만족합니다 2개사서 2배 만족합니다아주좋아요아주좋아요저렴하니 좋아요.ㅋㅋ부자 되세요ㅎㅎㅎㅎㅎㅎ감사강사사가사사가사사가사사사요좋. 아. 요. ~
[2022-08-15 11:22:14,634] {logging_mixin.py:115} INFO - https://shopping-phinf.pstatic.net/main_2061262/20612627710.20191022173313.jpg?type=f140 마이크로닉스 MANIC X30 마닉축 기계식 키보드 32,990원 기계식 키보드는 첨 써보는데 이거 완젼 좋은데요. 타자감도 부드럽고 터치감이 빨라서 장시간 키보드 사용에도 손가락 부담이 확실히 덜 되는거 같아요. 키보드 바꾸고 손가락 피로감이 좀 덜한거 같아 아주 맘에 들어요 ^^누를때 소리가 크게 안나는게 딱 제스타일입니다 그전 쓰던건 타자소리가 크게 들려 타자감은 좋다느껴질거 같지만 다른사람에게 피해가 가서ㅜㅜ요번꺼는 맘에드네요!다른 곳에서 리뷰보고 첫 기계식 키보드를 샀는데요. 별로입니다.
엔터. 스페이스 등 큰 자판의 경우 통울림 소리가 거슬립니다.타건감도 좋고 소리가 크지않아 만족스럽습니다 기계식 키보드 사용하던것중 가성비가 가장좋네요키보드가 쓰던게 망가져서 구매했는데
이게 훨씬 좋네요!
대만족입니다! 예쁘고 멋있고 혼자 다해요!일단 어제 주문했는데 오늘 저녁에 옴!
총알배송이였고 중요한건 제품인데 키보드 소리 좋고 느낌도 좋습니다! 만족 합니다 !^^다른 기계식 키보드에 비해서 가격대가 저렴해서 별로이면 어떡하나 조금 걱정했는데, 괜한 걱정이었네요. 키감도 좋고 완전 만족하고 있어요.잘 받았습니다. 고가기계식처럼 딸각거리는 느낌은 덜하지만 가격대비 작업서믄 좋은거 같앙ᆢㄷ키보드는 역시 이래야죠 눌리는 타자감이 너무 마음에 드네요 게임많이 하시는분들 추천드립니다우선 가성비와 배송이 빨라서 매우 좋았구요.. 사용해 보니 타격감이 좋아서 더욱 만족했습니다.키보드가 때마침 고장났는데 아주 딱맞는 키보드를 구입하게 되었네요.
심플한 디자인부터 색감까지 모두 마음에 너무 들어요. 제스타일이네요 잘쓸게요 ^^불빛도 강하지 않고 소리도 부드러워서 좋으네요ㅎ 신랑한테 선물로 사줬더니 너무 좋아해요 그리고 가성비가 너무 마음에 드는 제품이네요키보드 안예민한데 이런건 처음보네요 스프링소리가 들리는데 너무 시끄럽고 듣기싫은소리ㅜㅜ 집에서 사용햇습니다..아들이 고른 건데 가격은 좀 비싸지만 불빛도 들어오고 터치감도 좋고 고급져보여요
만족합니다타자감을 중요시하는데 진짜 좋아요!! 불빛 날따마다 이뻐서 처음엔 괜히 컴퓨터 키고 했네요!소리가 크고 잘미끄러지네요 누를때 뭔가 걸리는 느낌이 있어 돈만 아깝다고 느껴집니다 비추게임에 최적화된 키보드네요
넘 마음에 들어요. 디자인도 내스타일이고~!
대박템이에요. 만족 !!배송도 빠르고 키감도 좋았는데 스페이스쪽 찌걸거림은 좀있네요 신경쓰이는정도는아닙니다롤할때 쓸려고 샀는데
키감 지리구요 ~~~~~
이쁘기도 너무 이뻐요
피시방 안가도 될 것 같아요 ㅎ게이밍시 손에 감기는 느낌이 너무 좋네요.. 역시 게이에는 기계식 키보드가 답입니다.. 그리고 멋지고 화려한 led 이펙트 효과도 굿이에요..키보드 바꾸고 싶어서 바꿨는데 너무 좋아요. 타격감도 좋고 부들부들하고 금액대비는 좋은 상품 같아요~ 게임하는데는 최고네요개인적으로 게임을 좋아해서 키보드나
헤드셋을 중요시 하는 편인데요.
제가 사용하는 키보드중에서 가장 좋은 거
같아요~ ㅎㅎ 우선 타자감(?)이라고 해야 하나?
그게 너무 좋고 디자인도 깔끔하니 좋습니다~ ㅎㅎ배송빠르고 키보드도 키감이 좋아서 잘 산것 같습니다~~배송도 빠르고...울 아들이 터치감도 좋다고 좋아하네요쓰고있던 키보드가 고장나서 구매했습니다 색감이나 디자인 모두 만족스럽습니다 타자칠때 치는맛도 있네용타자감도 좋고 크키도 적당하고 타율도 잘 나와네요!! 완전 사용하기 편리합니다!! 강추강추한달동안 사용하고 있는데 너무 타격감이 좋고 편해요!적축이라 조용하고 좋습니다.
타건감?도 가볍고 좋네요배송도 빠르고 저렴하게 구매한거 같아 마음에 듭니다.확실히 키보드를 좋은거 써야한다는걸 실감하고있네요통울림이 적고 키보드 색상이 다양한것이 장점입니다. 가계대비 좋은 제품인거 같습니다.배송도 빠르고 제품 질도 좋아서 너무 만족스럽습니다타자감과 led들에 조합이 아주 쥑입니다 .
대만족합니두게임할때 눌리는 느낌이 좋아요 탁탁 소리도 좋습니다배송은 빨랐지만 방향키 아래쪽이 계속 빠지네요..ㅠ누르는 소리가 조금 큰 것 빼곤 싼 가격에 쓸만합니다.키보드 누를때마다 기분이 너무젛습니다
소리도좋네요누르는 감도도 좋고 부드러워서 게임할때 참 편하네요이쁘고 키 버튼감이 너무 좋아요~~
잘 사용할게요. 많이 파세요!!
지인들에게 추천하러 ㄱㄱㄱ아직 사용전이지만..
배송은 빠른편? 마우스는 아직 안와서., ㅎ
키보드는 일단 맘에 듭니다..누르는 감도 좋고, 완전 맘에 들어요^^기계식 키보드답게 타자감??이 좋네요이거 가성비 좋고 디자인 정말 예뻐요빠른배송
물건도 잘 받았습니다
좋아요빠른배송감사합니다
잘받았습니다 키보드도 너무맘에들어요 기계식 전부터 갖고싶었는데 디자인이라 색상이 너무맘에들어 바로겟햇어요 회사에서 쓰는데 타격감도 좋고 다들 예쁘다고 어디서삿냐 물어보네요 잘쓸게요~~급하게 주문햇엇는데 지금 잘 사용중입문용이지만 키감도 좋고 이쁘네요.청축이라 아주 시끄럽고 좋아요 ㅎㅎ배송 빠르고 키보드 품질도 좋습니다가격대비 만족도 너무 좋아요 강추요제가 딱 좋아하는 키보드 느낌이에요잘눌리네요..잘산것같아요 가성비 짱신랑이 사달라해서 삼 좋다고 하네요기계식 키보드 반응도 빠르고 좋네요쓰던거 재주문합니다 가성비 좋아요견고하고 입력시 피드백이 좋습니다.항상 주문하는 곳~ 빠르고 정확해요^^괜찮은거 같아요 ㅎㅎ 잘쓰겠습니다~가격대비 가성비가 좋은 제품입니다.고민하다가 구입했는데 마음에 듭니다.
몇일을 왜 고민했는지 모르겠네요^^
주위에 추천도 할께요~ 잘 사용하겠습니다
[2022-08-15 11:24:24,720] {logging_mixin.py:115} INFO - https://shopping-phinf.pstatic.net/main_6215720/6215720682.20210618152141.jpg?type=f140 로지텍 K120 NEW Keyboard (정품) 9,030원 유선키보드가 필요해서 주문했는데 타자느낌이 가볍지 않아 좋습니다. 그래서 소음도 심하지 않고 좋아요^^노트북이랑 연결해서 쓰려고 샀는데 드디어 거북목 탈출할 수 있을 것 같습니다 많이 안 시끄러워서 좋아요배송 빠르고 저렴하게 구입했습니다.연휴기간이라 5월 7일에나 받겠지 했는데 엄청 빨리 받았네요.제품은 만원미만 제품중 단연 최고라 생각합니다.이 가격에 이정도 퀄리티면 만족합니다. 키스킨도같이 와서 좋았어요. 저렴하게 잘 산 것 같아요. 타자감도 뻑뻑하지 않아서 좋아요.기계식 키보드 오랫동안 쓰다가 사무용으로 K120 new로 바꾸었습니다. 가격도 성능도 키스킨도 매우 좋아요~전에 쓰던 키보드가 안 먹혀서 급하게 주문했는데 배송도 빨리 오고 키감도 나쁘지 않아요! 잘 쓰겠습니다~회사에서 다른제품 쓰던게 고장나서 다른자리꺼랑 통일해서 똑같은걸로 샀어요.
기본적으로 쓰기 아주 좋아요!!
깔끔하니 좋네요 :)잠깐 사용해봤는데 괜찮아서 찾아보다가 가격도 저렴하길래 바로 구매했어요ㅋㅋㅋ 무선 키보드 작은거 사용하다가 넘어와서 그런지 좀 크긴한데 오히려 좋아용스피커 조절이랑 전원 버튼이 없어서 아쉬워요
그리고 상품설명에 슬림하다는듯이 써있는데 실제로 받아보면 전혀 안슬림해요....일단 기존에 삼성 기본제품쓰다가 쓰는 건데 저렴하고 좋습니다. 근데 엔터키가 작은 걸 확인 못하고 구매했네요. 익숙해 지겠지요.가성비 좋고요, 키스킨도 얇아서 개인적으로는 촉감이 아주 좋네요.단, 얇다 보니 찢어지기가 쉬어요. 사용한지 1달만에 찢어졌네요.손톱을 잘 관리해야 될 듯 싶어요.처음엔 제품 일부가 누락되어 와서 문의글 남겼었는데,
판매자님께서 바로 연락 주시고 배송해주셨습니다.일요일에 주문했고 어제 현충일이었는데 빨리 도착했네요.
사은품으로 함께 보내주신 노트도 너무 예뻐요.안전한 포장으로 빠르게 배송해주셨구요
키스킨 포함되어 있어서 깔끔하게 오래 쓸것 같네요 만족합니다 ~자판이 가벼운 감이 있지만, 키스킨끼면 딱 좋아요 사무실에 조용하게 쓰기 좋습니당! 가격도 저렴! 추천!10년 가까이 쓰던 키보드가 갑자기 고장나는 바람에ㅠㅠ 기본적인 기능에 충실한 아이템이라 맘에 듭니다.6년을 써도 아직까지 멀쩡한 사랑받는 갓성비...
키보드 샷건 하다가 받침대가 나가서 다시 샀네요. 키스킨 넘나 사랑스러운 덤인것한자키가 없다는걸 사고나서,,,깨달았,,,ㅎㅎ 특별하게 쓸일이 많지않다보니 그닥 문제없이 사용중이에요키스킨은 너무 뻣뻣해서 빼고 쓰니까 약간 미끄럽긴한데 적응되면 괜찮을것같아요
귀여운 공책 잘쓸게요이 가격이라고 안믿겨질만큼 타자감도 좋고
사무실에서 사용하기 적합할 정도의 소음이어서 만족합니다.포장을 아무리 그래도 비닐이나 박스포장을 하던가 해야지 제품박스에 그대로 송장붙여서오는건 정말 신선하네. 가격이 싸고 비싸고를 떠나서 이건 아니쫌 아니지 않나요?배송은 무지 빨랐구요. 막상 받아보니 그 가격에 맞는 상품이네요. 잘 사용할게요.키보드 만족합니다! 가격대비 진짜 좋은 것 같아요
사은품으로 온 공책도 귀여워요소음 적고 타이핑 할 때 불편함 없는 가성비 최고 키보드 입니다. 잘 사용할게요 ^^뭐 성능은 가격보다 낫다고 하겠지만 박스에 송장 붙혀 보내는건 아니라고 봅니다게이머 아닌이상 이정도면 대만족입니다. 착한가격은 물론이구요 ㅎㅎ 잘쓸께요^^잘 쓰고 있습니다 ㅎㅎ 신입한테 줬는데 편하고 좋다고 하더라구요^^
번창하세요~~!늘쓰는 막쓰기 좋은 제품 그렇다고 품질이 떨어지는 것도 아니고 항상 주문합니다좋아요. 노트북 키보드의 쫀득함 까지는 아니지만 맘에들어요.
사무용으로 딱인듯.한달동안 사용하시면서 달라진 만족도에 대한 후기를 남겨주세요.(최소 10자 이상)무선 써보려 했었는데 자꾸 연결이 끊겨서 다시 유선써요! 키스킨 있어서 좋네요~사용한지 2주만에 마우스가 동작을 하지 않아요. 배터리 교체해봐도 마찬가지고.딱 원하던 멤브레인 풀키보드입니다
키감 좋고 키스킨이 포함되어 있어 더 좋네요아무리 싸구려지만 포장은 뽁뽁이 하나 없다는게 그렇네요.
제품은 정상작동합니다. fn키는 참고로 없습니다.배송도 빠르고 키스킨도 잘 붙어있어서 좋아요 입력느낌도 부드럽구요 다만 키스킨이일부분이 조금 주름이 져있는게.아쉽네요~기존에 쓰던 기계식 키보드는 손목에 무리도 많이가고 무엇보다 시끄러웠는데, 이건 편하고 소리도 덜 나네요.키스킨이 종잇장처럼 진짜 얇네요!키감도 만원가격에 이정도면 괜찮은것같아요.배송이빨라서 너무좋구요 키스킨도 같이와서 더 만족스러워요잘사용하겠습니다쓰던 키보드 키가 여러개 잘 않되서 로지텍으로 구매했어요. 배송 빠르고 좋아요좋은 상품 안전하게 보내주시고 특히 영상까지 찍어 보여주신 점은 감동입니다^^무선키보드 쓰다가 오류가 심해서 구입했는데 가성비 ？오의 제품임저렴하고 사용하기편해요
굳이 비싼 키보드가 필요한가싶기도하네요배송 빠르고 저렴해서 좋아요. 명성대로 키보드 조작이 편안 합니다.배송도빠르고 안전하게왔습니다~ 키보드 작동도잘되고 성능좋네요~배송 빠르고 물건도 만족입니다. 역시 컴퓨존은 항상 믿음이 가네요.빠르게 잘 받았습니다..그런데 우측 상단 로지텍 로고는 진짜인가요?배송도 빠르고 잘 쓰고있어요! 무난하ㅔ 좋습니다. 가성비가 좋아요.로지텍 부드러운 느낌이 참 좋아요 다른키보드쓰다가 다시 바꿨네요4개째 구입이에요. 회사에서 직원분들 쓰시는데 아주 만족하시네요^^사무실에서 조용하게 쓸 용도로 구매했는데 실리콘커버도 같이 들어있어서 더 조용하게 사용이 가능하네요
배송도 상품도 만족합니다기존의 무선키보드는 고장이 잦아서 그냥 유선으로 구매합니다. 키스톤도 있고 무난하니 좋습니다.사무실용으로 너무 좋아요~ 가격도 저렴하고 고장도 덜 나고 좋네요훌륭해요 키보드가 이정도면 되지요 키스킨도 있고 조용해서촣네요하루만에 잘 받았어요. 포장도 꼼꼼하게 잘되어있고, 문제없습니다.아주 만족합니다. 덮개도 보드랍고 얇아서 괜츈.소음도 작아 좋아요배송 정말빠르고 저렴하게 좋은 상품 구매했어요잘 사용 중입니다이가격에 이정도 퀄리티라면... 사무용으로는 매우 좋은 것 같아요^^배송도 하루만에 오고 키보드도 부드럽고 좋아요!! 가성비 최고네요배송도 빠르고 타자감도 이 가격에 이 정도면 아주 괜찮다고 봅니다솔직히 싼 맛에 산거였는데 키감이나 내구성 등 여러면에서 좀 놀램
[2022-08-15 11:26:35,025] {logging_mixin.py:115} INFO - https://shopping-phinf.pstatic.net/main_8646407/8646407490.20210602104239.jpg?type=f140 QSENN SEM-DT35 NEW 11,820원 옛날 그느낌 그대롭니다
게임도 안하고 키보드도 많이쓰지않는 제게는 딱이네요
가격대로 쓸만해요 키하나에 프린팅이 까진게 있어서 별점하나는 뺐습니다 가격이 저렴하니 감안해야죠역시 키보드는 큐센이군요.
이정도 가격에 이런 퀄리티는 너무 좋은거 같아요.
주위에 제가 쓰는거 보고 따라서 구매하시는 분도 몇 명있네요일하면서 아직 10년도 훨씬 넘은 삼성키보드 쓰고 있고, 집에서 쓸려고 혹시나 하는 마음에 샀는데 키감도 그렇고 좋네요ㅎ 만족스럽습니다.이거 정말 쵝오에오.. ;ㅅ; 이거 다들 사세오.. 이쁘고 타자 잘 눌리고 요상하게 빈티지한 느낌이라 계~~~속 이거 쓰고 있네용 다시 재구매할 의사 100프로에유.. 제발 단종 안되기를 !!우선 제품가까이 가면 저가플라스틱 냄새가 납니다. 소음도 심하진않지만 있으며 윤활하면 조금 나아집니다. 키압이 전체적으로 균일하지 않으며, 엔터키는 구조상 덜렁덜렁 거립니다. 그래서 저는 보통입니다.10년넘게 쓰면서 리뉴얼도 되었지만 한결같이 만족스러운 제품입니다, 이것마냥 g1마우스도 명맥을 이어갔으면 정말 좋았을텐데 아쉽네요, g101이였나, 새로나온건 영 별로라서 ㅠㅠ 키보드라도 명맥을 이어가서 다행입니다노트북에 연결해서 사용하는데 작동 잘 되구요. 한달 지나니 먼지가 내려앉네요. 커버 같이 구입할걸 그랬나봐요.
가격 품질 다 만족합니다어릴적 알바했던곳 타자감을 잊을수 없어 사봤습니다 추억보정이었는지 기억만큼은 아니었지만 여전히 이런느낌은 귀하네요 오래 파세요2년 넘게 쓰던 같은제품을 집에 놔두고와서 다른키보드를 샀는데 바로 망가지더라고요 역시 가성비나 성능면에서 이것보다 나은게 없네요쫀쫏하고 탄력있는 느낌보다는 스무스하게 부드러운 편입니다.만족합니다
다만 크기가 커서 기존 모니터받침대 안에는 안들어가는데 이 점이 크기가 커서 타이핑할때는 오타 덜 나고 좋은거 같아요무거워서 좋네여 막 밀리지도 않아여 키감이 넘 부드러워서 첨엔 오타 많이 났는데 적응되니까 뷰드러운 것도 좋네여 근데 저 실리콘 패드? 저건 옵션 사진으로 올려줬으면 합니다 저런 거일 줄은 몰랐어요지금까진 써 본 멤브레인키보드 중에 가장 좋은 키감이었어요. 부모님 쓰시려고 선물드린 건데 너무 좋아하셔서 저도 기분이 좋았습니다.30만원 넘는 무접점키보드 쓰다가 재미로 이거 사봤는데 키감이 찰지고 친숙해서 지금 이것만 사용중입니다ㅋㅋㅋ
키스킨까지 끼우면 추억의 컴퓨터실 키감 완성이겠네요배송빠르고 키보드역시좋습니다
근데 아쉬운건.. 키보드 오른쪽에 넘버락쪽에 불들어오는쪽? 그쪽 스티커부착이 제대로안되있어요...거슬리긴하지만 그래도 급하게구매한거라 쓸게요ㅠ 저번에샀던 8천원짜리 키보드가 넘 좋아서
평 좋은걸로 또 구매했는데 별로네요ㅠㅠ
스프링소리 너무나여
포장 잘해주셔서 감사합니당비싼 키보드 안쓰고 이영호가 쓰는 이유가 있음. 가성비 최고! 누를때 힘 하나도 안들어가고 감도 진짜 좋음. 특히 winlock 키는 신의 한수!!사무실에서 쓰던건데 너무 좋아서 그냥 집에도 샀어요! 키스킨 씌우니까 손끝에 마찰이 생기는것이 오랜만에 느끼는거라 묘하게 좋네요.M버튼이 하자에요.
사용 전까진 몰랐는데 잘 안눌리거나 3번 연속 입력되고 그러네요.
그외 키감은 가볍고 잘 눌려요. M 버튼 안눌려서 일할때 짜증은 많이 나지만 가격 생각해서 참고 씁니다.게임용키론 키높이 좋고 부드럽고 좋은듯.
일반 타자용으로도 쓰기 좋대서 샀는데..... 오타가 많이 발생.
받침이 잘 안눌리는 경우가 많음딸아이 단축키 사용을 해야해서 급하게 주문 했는데 저렴한 가격에 괜찮은거 같아요 키보드가 크고 예쁘진 않지만 가성비로는 짱이에요PS2를 주문했는데 USB가 왔네.... 나 말고도 다른 사람도 그런 사람이 있는 걸 보니 아무거나 그냥 막 보내는 듯... 바꾸기 귀찮아서 그냥 쓴다만...가격도 착하고 배송도 빨라서 만족스러워요~~ 블랙, 화이트 각각 하나씩 주문했어요^^ 좋아요!인터넷에서 장점으로 말하는 키감 가격 모두 만족할수 밖에 없는 좋은 성능의 키보드 입니다.아는 동생에게 보내줬는데 굉장히 만족한다고 하네요! 가성비 키보드 끝판왕인 것 같습니다~!정말 가성비 최고란 말아 괜히 붙는게 아니었군요
조작감이 너무좋고 빠른배송도 좋았습니다.케이스 사진찍어서 그매후기 등록하고 열어보니
USB 가 아니고 ps2 이네요
교환 부탁 드립니다가격대비 잘 쓰고있습니다. ㅅ버튼이 힘빼고 누르면 좀 안눌리는 편입니다.
검정색이라 먼지낀게 더 잘보여서 슬프네요 덮개가 있으면 더 좋을 것같습니다목요일날 받고 불량으로 반품해서 오늘 제대로 된(?) 제품 받았습니다. 6일걸렸고.. 키캡에 이염이 있네요,, 그냥 쓸랍니다만능키스킨을 주문했는데 일반적인 키스킨이 아니라 그냥 평평한 실리콘 판이네요. 사진이라도 첨부하던가.. 키보드에 맞지도 않음ㅡㅡ아주 만족합니다. 고가의 비싼 키보드들도 많이 있지만, 정말 부담없이 좋은 키감으로 사용할 키보드를 추천해달라고 하면 무조건 이걸로 추천할거 같아요. 너무 좋아요.찰찰보단 보글거리는 쪽인데 쓸만해요 다만 키씹힘이랑 텐키리스 아니어서 투박한게 아쉬움고질적인 문제인 키씹힘이 있긴한데..
사무용으로는 멤브레인이 좋은 것 같습니다.
잘 쓸게요.키보드 누르는 감촉이 좋아요. 딱 만졌을 때 견고한 느낌이라 오래도록 사용할 것 같습니다.키 씹히는게 있고 번들번들하고 부피도 너무 커요
텐키리스 나왔으면 그래도 하나쯤 예비키보드로 갖고 있을만 합니다역시 역시 역시~~
스타크레프트용으로 구매했는데
확실히 적합한것 같아 기분좋게 사용할수 있겠네요~
비싼 기계식 보다 가성비 굿 입니다~견고하네요.웬만해서는 망가지지 않을 것 같습니다.당연한 소리겠지만, 키스킨을 덮고 타이핑을 하니까 타탁거리는 소리가 작게 나네요.5000버전 지금까지 고장없이 잘 쓰고있는데 컴이 한대 더 생겨서 키보드 구매했네요. 가성비 끝판왕 큐센키보드... 예전에 피방에서 자주보던 키보드라 바로 구입했습니다. 최고!!!멤브레인의 최강자 , 싼가격에 엄청난 성능. 애매한 기계식보다 DT-35를 여러개 사는게 이득!역시 저가형입니다.
웬만하면 돈 좀 주고 고가형으로 가세요.
체리+적축 정도로 가시면 무난하실 것 같네요.
이런 키보드는 사무실용으로 쓰시는게 좋죠.
게임용으로는 고려바랍니다.무게감이 있어서 좋습니다.
다만 키를 그냥 누를때 좋은데 먼가 딱딱하다고 할까
좀 그래요~작동도 잘되고 다좋은데 키보드 윗부분이 깨져서 왔어요 ㅠ 사용하는데는 지장없어서 그냥 사용합니다.키보드는 살짝 올드해 보이는 부분이 있지만 진짜 성능은 괜찮아요!! 청축 쓰다가 이 키보드 쓰니깐 세상 조용하고 부드럽네요!!1. 조용하고 부드러운 타건감
2. 레트로한 디자인
3. 저렴한 가격

완벽합니다! 잘 쓰겠습니다. 번창하세요!키보드 좋네요. 가성비갑.. 아직까진 문제되는 것 없이 잘 쓰고 있습니다.게이밍을 위한 최고의 가성비 키보드네요
조용한 타자감이 너무 좋습니다키보드는 만족스러운데
키스킨 배송을 이따구로 막 꾸겨서 보내버렸네요.가격대비 엄청 좋은 제품이라 구매했습니다. 예전에도 자주 썼어요. ㅎㅎ스타에 이 키보드만한게 또있을까요? 너무 키감도좋고 클릭정확도도 높습니다. 이전에쓰던 기계식키보드를 대체했네요검수도잘해주셔서 감사하고 상품도 매우좋습니다ㅎㅎ담에또구매할께요아들이 아직도 열심히 쓰는걸 보면..

역시나 검증된 제품임이 확실하죠..타감도 좋고 무난하니 예쁘고 쓸만해여~ ㅎㅎ 가성비 좋는걸로 잘산듯요배송 빨라요 키 하나가 누르면 안올라오네요
잘 안쓰는 키라 대충 씁니다조아요! 싸고 심플하고 줄곧 이키보드만 사용합니다 스타할땐 역쉬 dt-35여러종류의 기계식키보드를 사용했는데, 그에 못지않게 매력적인 키보드에요. 지금 2개째 구매해서 사무실이랑 집에서 사용하고 있어요노트북에 쓸건데 꽂는부분이 달라 컨버터를 사야했지만 나쁘진않습니다배송 물건 다 잘받았습니다.
하나 아쉬운건 겉 박스가 조금 찢어져있네요5년 전 서비스로 딸려온 멤브레인 보다 키압도 세고
소음도 크다, 버린다.Sp2 멤브레인 감성도 좋지만 일단 키감이 진짜 쫀득해서 재구매했습니다.여전히 잘쓰고 있습니다. 엔간한 중저가 기계식 키보드보단 훨 나음ㅋㅋ프로그래머인데
다중입력이 안되서 비쥬얼 스튜디오 쓰기 굉장히 불편함
[2022-08-15 11:26:40,371] {logging_mixin.py:115} INFO - 1
[2022-08-15 11:27:53,025] {logging_mixin.py:115} INFO - https://shopping-phinf.pstatic.net/main_3143904/31439043618.20220707160107.jpg?type=f140 키크론 Q1 노브 RGB 알루미늄 커스텀 기계식 키보드 209,000원 하자없이 이쁘게 잘왓숩니다~5점 짜리는 아니지만, 좋아요.너무 좋습니다 만족스러워요잘쓰겠습니당 이쁘고 좋아요문제 없이 잘 쓰고 있습니다.배송빠르고 좋아요 잘쓸께요잘쓰고있습니다 무난하네요엄청 무겁지만 이쁘고 잘 됨빠른배송에 완전 이쁘네요노브 버전보다 좋은거같아 노브 방출하고 큐원쓰고 있어요 추천드려요노브버전도 구매하려구용만족하면서 쓰고있습니다빠른 배송 감사드립니다!배송 빠르고 물건 좋아요변함없이 잘 쓰고 있어요키감 좋아요! 잘 쓸게요좋네요. 잘 쓰겠습니다.이벤트때 저렴히 구매했습니다
기판 뒷편에 문제가 있었습니다만 보이지 않는곳이라 그냥 씁니다
qc는 제대로 하셔야될거같습니다남친이 맘에 들어해요!
선이 있는지 모르고 사서 선이 있어서 당황했대요좋나요 잘 쓰고 있어요배송이 엄청 빠르네요 조립하면 어떨지 엄청 기대됩니다.빠른 배송 만족. 키보드도 만족.너무 좋아요… rgb 라이팅 너무 좋고 무게감이 너무 좋네요. 배송도 매우 빨랐고, 직원분들께서 친절히 전화도 받아주셨어요.아주아주 마음에 듭니다!아주아주 마음에 듭니다갈축 사고 싶었지만 적축도 좋네요 ㅎㅎ 귀르가즘 ㄷㄷ 좋아요 아무튼 좋아요크리스마스전 미리보내주려고 노력한 점 아주 굿!!
가격과 구성등 풀알루 입문급으로 훌륭!
https://m.blog.naver.com/jsongwh/222604275818만족합니다 좋아요 잘작동합니다.아주 좋네요 키크론 배송 빠르네요아주 좋아용 굿굿굿추천합니다 좋아요 좋아요배송 완전 칼 배송으로 도착했습니다.
감사합니다.돈값 무조건 함 진짜로 진짜로잘 사용하고있읍니다……잘 받았읍니다 ……좋아요좋아요좋아요좋아요좋아요좋아요만 족 합 니 다.
[2022-08-15 11:28:32,348] {logging_mixin.py:115} INFO - https://shopping-phinf.pstatic.net/main_1519768/15197687925.20180831102024.jpg?type=f140 아이락스 K27WF 29,900원 감사합니다 만족합니다감사합니다 만족합니다 감사합니다 빠른배송 좋아요잘받았습니다 잘받았습니다좋아요좋아요 좋아요좋아요감사합니다 빠른배송 좋아요 감사합니다 빠른배송 감사합니다
[2022-08-15 11:29:23,771] {logging_mixin.py:115} INFO - https://shopping-phinf.pstatic.net/main_2826955/28269553554.20210803102458.jpg?type=f140 한성컴퓨터 GK687 TKL 게이트론 RGB 게이밍 기계식 49,900원 좋아요좋아요좋아요좋아뇨좋아요좋아요좋아요좋아요
[2022-08-15 11:31:34,233] {logging_mixin.py:115} INFO - https://shopping-phinf.pstatic.net/main_2101542/21015427291.20220209161539.jpg?type=f140 한성컴퓨터 GK868B TICO 139,000원 우선 깔끔한 디자인이 맘에 들어서 구입을 했는데 받아보니 더 만족스럽네요!
노트북 키보드를 쓰다가 이걸로 갈아타니까 좁 높긴한데 적응이 금방됐어요
보글보글거리는 소리가 너무 좋은데 생각보다 조용하지는 않은 것 같아요
블루투스 전환도 잘되고 씹히는키도 하나도 없어서 좋습니다.
근데 생각했던 것 보다는 무거워서 휴대용으로 적합하지는 않는 것 같아요간이윤활하고 키캡 바꾼상태입니다. 키감 정말 가볍고 너무 잘눌려서 좋아요! 손목 약하신분들이나 오래 타이핑하시는 분들은 35g 추천드립니다. 백스페이스 소리가 조금 찰찰거려서 거슬리긴한데 다른 키들은 괜찮아서 전반적으로 만족스러워요. 가끔 블루투스가 끊겼다가 다시 연결될때가 있어서..그거말고는 불편한건 없는것같아요!ㅎㅎㅎ존예조녜~
35g도 서걱서걱한게 전 좋네요
초등학교 컴퓨터 키보드같다고 누군가는 그러지만
클래식한 디자인은, 클래스는 영원하지요.
잘 쓰겠습니다. 빠름 배송 감사해엽
다만 키 수를 줄이다보니 평소에 높은 키를 사용 하던 분들은 단축키에 조금 익숙해지셔야할듯...
진짜 키감이 최고예여
막상 떠오르지않는 것들은 한 달 후기로 적을게야

ps 박스가 조금 찍혀서 왓어요... 처음에는 누가 뜯었었나.. 했지만 아니겟지여스테빌이 구리다고 들어서 윤활제 미리 구매해뒀는데 기대를 안하고 있었던 탓인지 받아보니까 진짜 너무 좋아요! 가격 올리면서 업그레이드 한건가요?..아니면 뽑기가 잘 걸린건지 모르겠지만 스프링 철컥대는 소리 하나도 안나고 이전엔 기계식 청축 사용했는데 기존 키보드에 비해 손에 무리도 덜하고 정말 편합니다. 좋아요!!화이트 품절이라 3개월 기다렸는데 심지어 블투5.0업글판에 키캡사출자국도 없고 숫자키5678 색도 통일했고.. 여러모로 대만족합니다ㅠ 35g도 충분히 키감쫀득하네요 굳이 스트로크조정도 필요없구요

이 키보드의 그나마 단점이라면 물결 치기힘들다는거랑 스페이스바가 길어서 한영키바꾸는게 조금 적응이 필요하다는것 정도..출시 한참 전에 제품 예상사진을 보고 반해서텐무무의 유혹을 뿌리치고 기다려서 구매한 제품이예요ㅜㅜ전 데스크탑에 유선으로 사용할 생각은 없어서휴대성이 좋은 미니배열을 택했어요사실 디자인은 gk888b 가 조금 더 예뻐보이긴 했었지만얘는 그냥 너무 귀엽습니다 ㅠㅠ기본키캡이 한영각인 한가지로만 나온게 좀 아쉽긴 해요.아직 초보라서 그냥 쓰다가 나중에 예쁜 키캡으로 갈아입혀 주려구요.태블릿 사고 온지 5분도안돼서 택배와서 더 좋았어요 ㅠㅠ tfg art로 한성키보드 입문했는데 68무무로 완전 팬됐어여키감좋고 다 예상한 그래도예요
모든 미니키보드가 그렇겠지만 제가 생각 못한걸 적어드려요
1. 물결표시할때 Fn 시프트키와함께 esc버튼을 눌러야해요. 자꾸 카톡하다가 창을 닫아버리만 불상사..
2. 자연스럽게 키높이가 높아서 손목이 아파요.. 깔끔하게 쓰고싶었는데 자질구레하게 손목쿠션을 사야하나 고민...딱히 키보드 욕심이 있는 사람은 아니었는데, 우연히 유튜브에서 키보드 소개 영상을 보고 눈에 계속 아른거려 망설이다 구매하고 말았어요. 결론은 망설임은 결국 사용 일을 뒤로 미루는 것밖에 안 된다는 것. 왜 망설였나 싶네요.
아직은 키배열이 익숙치 않아 오타도 조금 발생하고 특수키 사용에 살짝 헤매기는 하지만 특유의 사각사각 보글보글 소리와 타건감에 일 하는 즐거움이 생길 정도예요. 배송도 하루만에 총알배송 너무 만족합니다.정말 부드럽게 칠 수 있어요.
스테빌라이저 소리가 심하다는 리뷰도 종종 있었는데! 뽑기운인건지.. 아니면 계속 리뉴얼해주셔서 그런건지. 전 그런거 못 느꼈구요, 윤활은 나중에야 해보지 않을까! 싶어요. 소리도 보글보글 좋아요. 손가락 피로감도 확실히 적고, 손가락에 무리가 없으니 손목 피로감도 훨씬 줄었습니다. 다만 ! 높이가 좀 있어 팜레스트는 필수겠어요. 저도 주문한 것 좀 왔으면..!키감이 매우 가벼워서 손가락에 피로가 적습니다. 미니배열은 원래 쓰고 있어서 적응에 시간이 필요없구요.
아쉬운점은 키보드 접점 인식 수정을 직접 해주는걸 해줘야 할 때가 생깁니다. 내가 눌렀다고 생각했는데 씹힌다면 접점 인식에 문제가 있는 겁니다. 소프트웨어로 처리할 수 있는 내용인데 A/S 한번 보내고 나서야 알았네요.너무 잘 쓰고있어요 이거 없인 못살아~~ 들고다니는 가벼운 키보드들이 있었는데 이거 쓴 후로 다른 건 손가락이 힘들어서 얘만 써요 흑흑 키캡놀이 쫌 하다보니 스페이스바 스테빌에서 찰랑거리는 소리가 나기 시작해서 구리스를 바를까 생각중입니다 다른 키들은 여전히 보글보글 포각포각 예쁜 소리 나요~ 암튼 최고의 키보드 추천합니다 좋은 소비였다만족합니다. 유튜브 같은데서만 봤는데 생각했던것보다 마감도 괜찮고 예쁘네요. 우려했던 스페이스바 등 전체적으로 괜찮습니다. 50g으로 샀는데 저는 크게 무겁다고 느껴지진 않습니다. 35와 고민 많이 했는데 50으로 사길 잘한것 같습니다. 그보다 기존에 맥 매직키보드를 쓰고 있었는데 높이가 확 높아진 감이 있어서 팜레스트를 필수로 꼭 사야 할거 같아요. 무게는 묵직한 편이고 맥과 호환도 잘 되어서 만족합니다.타사 35g을 써 본 뒤 너무 가볍게 날리는 감이 있어서 무접점+순정 옵션이라고 할 수 있는 50g을 선택했는데 만족합니다. 마치 초콜릿 한 조각마다 스프링을 달아 놔서 쫀득하게 튕기는 키감이에요. 이 키감이라면 35g 저압도 궁금해집니다. 제품 퀄리티는 괜찮아도 수평 안 맞는 현상이 있을 수 있는데 양옆 잡고 살짝 비틀어 주듯 만지면 맞춰지니 참고하심 좋을 것 같아요.맥용으로 사용하고 있습니다.
처음 무접점키보드를 고르는거라 고민이 많았는데
보글보글 거리는 소리를 원해 구입했고 너무나 만족합니다.
글을 쓸때마다 기분이 좋아집니다.
키보드는 글쓰는 사람에게 있어서 뾱뾱이 같은거 아닐까 싶습니다.
아무말이라도 주루륵 쓰고 있으면 키보드에서 나는 소리가 손가락에 속도를 경쾌함을 더해줍니다.
걱정말고 구매하세요..^^제가 생각보다 키보드를 힘있게 치더라구요 ㅠㅡㅠ
그래서 다다다 치고 나면 손목을 조금씩 돌려야 했습니다.
주변 분들 추천으로 35 키압으로 구매했습니다.
저소음적축만 써봤는데 무접점 또한 괜찮네요.
그리고 너무 이뻐요 ㅠㅠ...
이뻐야 오래 써지는데 .
블루투스라서 아이패드랑 사용하면 되서 세상 신나게 채팅합니다❤️❤️

50 !
!키압도 가볍고 일단 청축을 쓰다가 넘어오니 소음면에서도 매우 만족 스럽습니다. 전체적으로 윤활을 떡칠해놓은건지 소음이 적긴한데 유독 백스페이스만 스테빌라이저 소음이 심해서 거슬리네요;; 또한 키캡마감 신경쓰신다면 많이 실망하실거에요 키캡 사출 자국이 거의 모든키캡에 선명하게 있어서 정말꼴뵈기 싫거든요목요일에 주문했는데 토요일에 배송되지 않아서 실망했었어요. ㅠㅠ 하지만 기다림 끝에 오늘(월) 받았고, 잘 연결하여 쓰고 있습니다!
블루투스 데스크탑/아이패드/스마트폰 세 개 연결했는데 셋 다 돌려쓰는 테스트 해 보니 빠르게 연결되어서 전혀 불편함이 없었어요.
키보드는 조금 덜 양품인지, 스페이스랑 글자 지우는 키가 찰찰 소리가 좀 나지만 ㅠㅠ 그래도 윤활할 자신은 없기에 그냥 쓰려고 합니다. 그래도 기존에 데탑 사면서 받은 키보드가 손가락이 아팠는데 이건 가벼워서 확실히 좋습니다. 살살 치면 보글보글 거리는 것도 같네요. ㅎㅎㅎ 아쉬운 점도 있지만 그래도 넘 만족스럽습니다.
이 정도면 주변에 무접점 쓰고파 하는 분들에게 추천해주고 싶어요.무접점 처음 써보는데 넘 좋아요!! 피로도도 확실히 적어서 손목이 훨씬 편합니다👍
크기도 작아서 자리 차지도 안 하고 너무 예뻐용
근데 다른 키들은 안 그런데 유독 스페이스바만 무겁게 내려앉는 느낌이 강해요!! 바닥을 친다고 해야 할까요?? 그거 하나만 아쉽고 나머지는 다 만족합니다☺️기존에 필코 미니키보드 체리 적축을 사용했는데 그것 보다 무접점이 무척 부드러워요 만족입니다. 재입고까지의 기다린 시간이 아깝지 않군요. 특히 블루투스를 사용할 수 없는 환경에서도 유선으로 사용할수 있다는 점이 무척 마음에 들었습니다. 회사컴의 유선과 휴대용 기기를 자유롭게 움직일 수 있다는게 큰 메리트인듯 합니다. 화이트가 약간 부담스럽긴 하지만 ㅋㅋㅋ 전에 쓴던 키보드가 검정이라 기분전환의 느낌으로 구매하였습니다. 잘 아끼며 잘 쓸께요^^음.. 물결표시를 누를 때, 시프트와 펑션을 동시에 누르고 ESC를 눌러야 하는 것이 좀 불편했습니다. 그런데 이것도 어느 정도 적응이 되었는데 이제 블투로 사용할 때 재연결시 딜레이 시간이 너무 걸려서 그게 좀 힘듭니다. 이건 제 노트북 문제일지도 모르겠지만요.. 결국은 유선으로 사용중입니다..ㅠㅠ키감은 물론 너무 좋습니다!특유의 도각도각 거리는 소리가 좋아서 자꾸 귀에 가져다대고 어쩌구 하게되네요 정말좋습니다...
아직 쓰고있는 키보드가 질리지않아서 그냥 들고다니는데 이거 ...어? 메인으로 쓰는 키보드가 고장나면 교체할예정입니다.... ....맘같아선 원래쓰던키보드 뿌수고 쓰고싶네요..한참 고민하다 샀는데 강추드림니당 유툽 후기들 보다 스테빌도 잘 잡혀있고 팔이 안좋아서 최대한 가벼운거 찾고있었는데 35g 딱 원하던 무게감이었음 소리도 보글보글 넘좋아유 동영상 음질에 잡힌 소리보다 실제 소리는 훨씬 부드럽습니다정말 만족하면서 쓰고 있는 키보드입니다
키압도 가벼우면서도 구분감있고 손가락에 무리가 가지않아요 집에 있는 리얼포스 45g 키압 제품보다도 편리성과 키감 면에서는 더 좋은 점도 있는 키보드 같습니다!! 장시간 타이핑 시에는 꼭 이제품을 씁니다ㅎㅎ 추천해요!처음 구매한 비싼 키보드얐는데 너무 만족스럽게 잘쓰고 있습니다. 당시 화이트재고가 35그램만 있어서 살짝 괜찮을까 걱정하며 구매했었는데 키압이 가벼워서 손에 피로도도 엄청 줄어드네요 너무 만족스럽습니다. 나중에 풀 윤활해서도 써봐야겠어요예쁘긴 정말 예쁘네요! 배송이 빠른 편은 아닙니다ㅜㅜ
그리고 블루투스 연결이 fn+u로는 계속 안 돼서 fn+i로 하니까 되네요.
근데 이럼 3개가 아니라 2개밖에 연결을 못 할 것 같아서 별 하나 뺐습니다!
오른쪽 shift가 너무 작아서 자꾸 잘못 누르고 불편하지만 적응되겠죠...!
손에 힘이 없는 편이라 50g 말고 35g 사길 잘 한 것 같습니다.블투된다는 게 정말 최고 장점이에요 키압이 30이었으면 더 좋았겠지만..! 블투 기계식 중엔 가장 키압이 낮아서 잘 구매했습니다 ^^ 패드나 바깥에서 문서작업할 때 적절할 거 같아요 추천합니다 키압 50은 꽤 무거운 편이니 35로 구매하시길 추천드려요~일단 너무 만족합니다. 맥북에 연결해서 사용하는데 약간의 설정만 바꾸니 맥북과 같은 환경으로 사용가능하네요. 다만 블루투스 환경에서는 맥북 키보드 상단에 있는 밝기 조절 등을 사용하지 못하는게 아쉽지만 디자인과 키감 하나로 모든게 용서가 되네요최고에요! 스페이스바 스테빌도 별로 없고! (다만 백스페이스는 스테빌이 조금 있네요) 타이핑을 많이 해야 하는데 원랜 청축 기계식 키보드를 쓰고 있어서 손가락과 손목에 무리가 많이 갔는데 확실히 35g이라 그런지 가볍네요! 소리도 보글보글 사각사가 너무 좋아용ㅎㅎㅎ 나중엔 키캡도 한 번 예쁜 거로 바꿔봐야 겠어요! 워낙 호환성 좋은 거로 유멍한 키보드니까...ㅎㅎ물건도 빠르게 배송오고 무접점은 처음 쳐보는데 너무 부드럽고 좋네요 치는 맛이 있습니다. 이 가격에 블루투스랑 무접점은 한성뿐인듯 합니다. 50g 쳐본 느낌은 45g적축이랑 비슷할거같은데 힘이 좀더 들어가긴 하네요. 그렇다고 힘겹지는 않습니다. 35g도 궁금하네요.배송 하루만에 왔어요! 너무너무 좋아요 ㅠㅠ 글 쓰는데 기계식 키보드는 과하게 시끄러워서 한무무로 질렀습니다. 키압 엄청 고민했는데 손가락 아픈 건 싫지만, 너무 가벼운 건 오타도 잘 나서 50g 샀습니당. 생각보다 오래 쓰면 마디 아플 느낌이지만..ㅋㅋㅋ 보글보글 타건감이 너무너무 좋아서 후회는 안 해요 ㅎㅎ 블투 연결도 잘되고 크기도 많이 크지 않아서 가지고 다니면서 쓰기 좋을듯요. 짱짱. 나중에 여유 되면 35도 블랙으로 사서 둘 다 쓰고 싶은..ㅠㅠ가장 큰 장점은 무선이라는 점과
키감이 꽤 탄탄하다는 것입니다
50그람을 써보니 그보다 낮은 무게감이 있는
키보드는 너무 찰랑찰랑하고 가벼운 느낌이라
계속 한성키보드만 찾게 되네요
키보드 커버도 잘 쓰고 있고
좋아하는 키캡을 쓰니 만족스럽습니다타사 적축 키보드 쓰고 있었는데 확실히 조용하고 보글보글 키감이 재미있어요. 전용 소프트웨어로 키매핑도 할 수 있고 블루투스인데도 반응속도가 좋은 것 같아요. 기존에 쓰던 키보드는 딜레이가 좀 있어서 게임할 때는 유선으로 썼는데 이 키보드는 무선으로 해도 딜레이가 거의 안느껴져요👍스프링 소리가 없진 않지만 도각도각 잘 사용하고 있습니다. 50g 무겁지 않고 푹푹 눌리는 맛이 좋습니다. 무엇보다 블루투스 기능이 아주 유용합니다. 다만 배터리 잔량을 모르겠어, 외출 시 유념하셔야겠습니다. 디자인 질리지 않습니다. 키캡 감촉도 서글?거려서 진득하지 않습니다.잘 사용하고 있습니다!
백스페이스랑 스페이스바는 스테빌 소리가 조금 나지만 그렇게 거슬리는 정도는 아니에요.
원래는 윤활하면서 키캡 바꿔끼려했는데 키캡도 좋고 타건감도 만족스러워서 그냥 순정 상태로 사용중입니다!
전반적으로 다 만족합니다~!배송이 빨랐습니다
포장도 튼튼하게 되어있어서 파손없이 잘 받았습니다
갑자기 미니 배열 키보드에 꽂혀서 충동적으로 주문한 거였는데 키감도 좋고 빈틈 없이 꽉 들어찬 배열이 너무 마음에 듭니다
키캡놀이하려고 주문한 키캡도 있는데 한달리뷰때 후기 쓸 생각입니다타건감은 만족스러우며..제안을 드리자면..사무용 사용자를 위해서 한자키와 한영변환키 그리고 상단에 F키를 넣은 제품을 만들어 주시면 많이 팔리지 않을까 생각합니다..그리고 106키(한자.한영키가 있는) 무접점 풀배열 제품이 나왔으면 합니다노트북이랑 사용할 무접점 블투 키보드가 필요해서 구매했는데 괜찮네요~ 사이즈가 작아서 오른쪽 시프트와 방향키를 잘못 누르긴 하는데 이건 적응하면 될 거 같구요... 기존에 쓰던 무접점 키보드들이랑 비교해도 키감 나쁘지 않아요다른 회사 무접점 45g 사용중입니다. 노뿌 무접점이 너무 만족스러웠지만, 키압이 다소 높은 느낌이라 35g으로 구매했습니다. 저한테는 이게 딱이네요. 블루투스 연결도 잘되고, 키캡도 확실히 개선되었네요. 전체적으로 만족합니다. 키보드는 이것으로 졸업하렵니다!크게 기대하진 않았었는데 생각보다 키감도 너무 좋구요 퀄리티도 좋아서 아주 만족 합니다. 맥을 사용중인데 블루투스 연결에서 조금 애를 먹었네요 아이패드와 연결은 아주 잘 되었는데요 맥북과 연결이 잘 안되더라구요 아주 수차례 시도 하다가 연결되었어요.앱코 무접점 키보드를 시작으로 한성 893b를 거쳐 드디어 정착하게 된!!!키보드에요ㅠㅠ50g키압보다 정말 가벼워요 날리는 느낌이 아니라 기분좋은 가벼움이에요 이제야 찾았어요 보글보글 내 손가락을 지켜줄 블루투스 잘되는데 피씨에서 사용하다가 스마트폰으로 하는건 잘안되요ㅠㅠ 아무튼 좋아요 스마트폰 연결은 좀 찾아봐야겠어요무접점 입문에 매우 좋다는 추천을 받고 구매했습니다. 전체적인 마감과 타건감 다 너무 만족합니다. 다만 우측 엔터와 시프트 키는 적응이 오래걸릴꺼 같습니다. 한달 후 한달리뷰로 다시 한번 봐야겠네요!키감이 부드럽고 배송도 빠릅니다
35g으로 샀는데 예상외로 오타도없고 편하게 힘안들이고 눌러지네요
타이핑이 많으신분들은 35g추천드려요
하지만 키캡은 퀄리티가 그닥좋지는 않네요다른 기계식 키보드들은 축별로 다양하게 보유하고 있는데... 무접점은 처음 구입해 보네요. 포커 사이즈보다 약간 크지만 책상 공간 활용에 아주 좋은 사이즈이고 무엇보다 방향키가 있다는 점이 아주 마음에 드네요.인터넷에서 평이 좋고 바로 검색 상위에 노출이 되어서 생각없이 주문했는데 키감도 맘에 들고 해피해킹 키보드 마냥 콤팩트해서 너무 좋네요~계속 작업하고싶은 느낌이요
너무 부드럽고 조아요
그런데 손가락 올리고 있으면 좀 눌려지네요.. 담엔 50g 살거같아요 ㅋㅋ
이뻐서 만족.. 이제 키캡놀이 하려고용장점
키감, 깔끔한 디자인
키보드 보호 플라스틱뚜껑을 같이 주셔서 잘 사용하고 있습니다.

단점
전원 키고 켜는게(꾹 누르고 있어야함)가장 불편괜찮습니다♡ 정말 가볍네요 다만 이런류를 처음 써봐서 그런지 생각보다 깊이가 있어서 k380에 비해 누르는 힘이 더 들어가네요 그래도 블투나 디자인인 좋아요35g 가벼워요. 소리도 키감도 굿굿 일단 방향키가 있다는 게 무척 마음에 들어요. ~치는 건 불편하지만 그래도 다 좋습니다. 무엇보다 블루투스 되는게 무척 좋아요배송 오자마자 키캡을 바꿔달았습니다. 맥 배열 키캡을 전에는 준다고 알고 있었는데, 요새는 주지 않더라구요. 키감이나 배열, 디자인 같은 경우는 정말 만족하지만 LED의 위치나 키캡의 재질은 아쉬운 부분입니다.크기나 키감 디자인 모두 마음에 듭니다.
다만 타자를 빠르게 칠때 인식이 안될 때가 간혹 있습니다. 제품이 원래 이런건지 as를 받아야하는 부분인지 모르겠네요.삼성덱스에 연결해서 사용하는데
레이턴시 없게 유선키보드 연결하는거 처럼 너무 잘 쓸수있어서 좋네요~~
1년넘게 잘 사용할것같습니다~~~
진짜 35g 구하려고 1달정도 존버했는데
존버한 보람이있는거같아요~ 잘쓸께요!키감과 타건음도 날카롭게 들리는부분이 없어서 너무 좋아요. 큰돌굴러가는소리.. 아직 키캡 바꿔끼우거나 할만큼 질리지 않아서 잘쓰고 있습니다. 무엇보다 무선이라서 책상에 거슬리는 게 없어 너무좋아요!유투브에서만 간접체험한던 보글보글 소리를 직접 타건하며 느끼고, 들을 수 있어서 너무 좋습니다.

예전 상품에서는 스페이스바의 스태빌 얘기가 많던데, 저는 오히려 엔터가...ㅎㅎ 엔터 소리는 제가 함 잡아봐야 겠습니다타건감이 확실히 좋고 부드러운게 손에 힘이 안들어가서 좋은것 같아요 다만 넘버패드가 없어서 조금 적응하는데 시간이 걸릴것 같습니다.타건감이 너무 마음에 들어요 맥북 사용중인데 호환도 잘되고 배송도 많이 느리지 않아서 괜찮았던 것 같습니다 다음엔 35g도 써보고 싶네요가볍고 작고 편하고 좋아요 키캡이 아쉬워서 별 빼려다 그래도 제품은 좋아서 다섯개 눌렀어요
다음번 출시할땐 키캡에도 신경써주세요 사출자국 뿐만 아니라 플라스틱 잔여물들이 키캡에 엄청 붙어있어요ㅠㅠ리뉴얼 되었는지 스테빌이 정말 많이 잡혔네요 키캡 각인도 정렬이 좀더 좋아보여요 만족합니다. 하이마트에서 저렴하게 구매한 것 같아요겉에 아주 튼튼한 뾱뾱이 포장덕에 택배중 파손은 없겠네요^^ 키캡에 사출자국인지 그대로 보여서 별 하나 뺍니다 슷바 왼쪽부분 소음이 살짝 거슬리긴하지만 잡아봐야겠네요맥 호환키가 갖고싶어서 그냥 구버전 샀는데 블루투스도 잘되고 키감도 너무 좋아요! 들고다니기엔 약간 무겁긴한데 집에서 사용할거라 괜찮은거 같아요ㅎㅎ해피해킹 키배열같이 캡스락키와 컨트롤키를 바꿀수있는 기능이 너무 좋네요
키감은 50g도 생각보다 가볍긴하지만 손에 부담없이 오래 쓸수있을것같습니다.
[2022-08-15 11:31:34,236] {taskinstance.py:1909} ERROR - Task failed with exception
Traceback (most recent call last):
  File "/home/airflow/.local/lib/python3.7/site-packages/airflow/operators/python.py", line 171, in execute
    return_value = self.execute_callable()
  File "/home/airflow/.local/lib/python3.7/site-packages/airflow/operators/python.py", line 189, in execute_callable
    return self.python_callable(*self.op_args, **self.op_kwargs)
  File "/opt/airflow/dags/newtest.py", line 97, in crawling
    cursor.execute("INSERT INTO info VALUES (%s, %s, %s, %s);",(image,name,price,review))
  File "/home/airflow/.local/lib/python3.7/site-packages/pymysql/cursors.py", line 148, in execute
    result = self._query(query)
  File "/home/airflow/.local/lib/python3.7/site-packages/pymysql/cursors.py", line 310, in _query
    conn.query(q)
  File "/home/airflow/.local/lib/python3.7/site-packages/pymysql/connections.py", line 548, in query
    self._affected_rows = self._read_query_result(unbuffered=unbuffered)
  File "/home/airflow/.local/lib/python3.7/site-packages/pymysql/connections.py", line 775, in _read_query_result
    result.read()
  File "/home/airflow/.local/lib/python3.7/site-packages/pymysql/connections.py", line 1156, in read
    first_packet = self.connection._read_packet()
  File "/home/airflow/.local/lib/python3.7/site-packages/pymysql/connections.py", line 725, in _read_packet
    packet.raise_for_error()
  File "/home/airflow/.local/lib/python3.7/site-packages/pymysql/protocol.py", line 221, in raise_for_error
    err.raise_mysql_exception(self._data)
  File "/home/airflow/.local/lib/python3.7/site-packages/pymysql/err.py", line 143, in raise_mysql_exception
    raise errorclass(errno, errval)
pymysql.err.DataError: (1366, "Incorrect string value: '\\xF0\\x9F\\x91\\x8D\\x0A\\xED...' for column 'review' at row 1")
[2022-08-15 11:31:34,247] {taskinstance.py:1420} INFO - Marking task as UP_FOR_RETRY. dag_id=craw, task_id=cr6, execution_date=20220815T111741, start_date=20220815T111744, end_date=20220815T113134
[2022-08-15 11:31:34,261] {standard_task_runner.py:97} ERROR - Failed to execute job 4 for task cr6 ((1366, "Incorrect string value: '\\xF0\\x9F\\x91\\x8D\\x0A\\xED...' for column 'review' at row 1"); 296)
[2022-08-15 11:31:34,309] {local_task_job.py:156} INFO - Task exited with return code 1
[2022-08-15 11:31:34,335] {local_task_job.py:273} INFO - 0 downstream tasks scheduled from follow-on schedule check
