[2022-08-18 05:40:03,982] {taskinstance.py:1179} INFO - Dependencies all met for <TaskInstance: craw.cr2 manual__2022-08-18T04:38:28.162136+00:00 [queued]>
[2022-08-18 05:40:04,594] {taskinstance.py:1179} INFO - Dependencies all met for <TaskInstance: craw.cr2 manual__2022-08-18T04:38:28.162136+00:00 [queued]>
[2022-08-18 05:40:04,596] {taskinstance.py:1376} INFO - 
--------------------------------------------------------------------------------
[2022-08-18 05:40:04,597] {taskinstance.py:1377} INFO - Starting attempt 2 of 2
[2022-08-18 05:40:04,598] {taskinstance.py:1378} INFO - 
--------------------------------------------------------------------------------
[2022-08-18 05:40:07,509] {taskinstance.py:1397} INFO - Executing <Task(PythonOperator): cr2> on 2022-08-18 04:38:28.162136+00:00
[2022-08-18 05:40:07,619] {standard_task_runner.py:52} INFO - Started process 119 to run task
[2022-08-18 05:40:07,643] {standard_task_runner.py:79} INFO - Running: ['***', 'tasks', 'run', 'craw', 'cr2', 'manual__2022-08-18T04:38:28.162136+00:00', '--job-id', '214', '--raw', '--subdir', 'DAGS_FOLDER/newtest.py', '--cfg-path', '/tmp/tmp3laiinnr', '--error-file', '/tmp/tmp3oskehqq']
[2022-08-18 05:40:07,650] {standard_task_runner.py:80} INFO - Job 214: Subtask cr2
[2022-08-18 05:40:09,481] {task_command.py:371} INFO - Running <TaskInstance: craw.cr2 manual__2022-08-18T04:38:28.162136+00:00 [running]> on host 94a850521595
[2022-08-18 05:40:12,313] {taskinstance.py:1591} INFO - Exporting the following env vars:
AIRFLOW_CTX_DAG_OWNER=***
AIRFLOW_CTX_DAG_ID=craw
AIRFLOW_CTX_TASK_ID=cr2
AIRFLOW_CTX_EXECUTION_DATE=2022-08-18T04:38:28.162136+00:00
AIRFLOW_CTX_TRY_NUMBER=2
AIRFLOW_CTX_DAG_RUN_ID=manual__2022-08-18T04:38:28.162136+00:00
[2022-08-18 05:40:22,402] {base.py:68} INFO - Using connection ID 'mysql' for task execution.
[2022-08-18 05:40:22,459] {logger.py:11} INFO - ====== WebDriver manager ======
[2022-08-18 05:40:25,051] {logger.py:11} INFO - Get LATEST chromedriver version for google-chrome 104.0.5112
[2022-08-18 05:40:27,210] {logger.py:11} INFO - There is no [linux64] chromedriver for browser 104.0.5112 in cache
[2022-08-18 05:40:27,228] {logger.py:11} INFO - About to download new driver from https://chromedriver.storage.googleapis.com/104.0.5112.79/chromedriver_linux64.zip
[2022-08-18 05:40:40,876] {logger.py:11} INFO - Driver has been saved in cache [/home/***/.wdm/drivers/chromedriver/linux64/104.0.5112]
[2022-08-18 05:42:11,467] {logging_mixin.py:115} INFO - https://shopping-phinf.pstatic.net/main_1476185/14761858336.20220714135728.jpg?type=f140 COX CK420 교체축 레인보우 LED 게이밍 기계식 키보드 35,400원 
[2022-08-18 05:42:35,521] {logging_mixin.py:115} INFO - https://shopping-phinf.pstatic.net/main_2753224/27532247522.20210611095711.jpg?type=f140 COX CK01 TKL 기계식 텐키리스 게이밍 키보드 30,380원 
[2022-08-18 05:42:59,674] {logging_mixin.py:115} INFO - https://shopping-phinf.pstatic.net/main_2127856/21278561324.20200306144241.jpg?type=f140 마이크로닉스 MANIC X50 4세대 광축 완전방수 PBT 게이밍 키보드 59,630원 
[2022-08-18 05:43:26,166] {logging_mixin.py:115} INFO - https://shopping-phinf.pstatic.net/main_2922743/29227436619.20211014105845.jpg?type=f140 마이크로닉스 MANIC EX580 광축 크리스탈 게이밍 키보드 66,900원 
[2022-08-18 05:43:52,754] {logging_mixin.py:115} INFO - https://shopping-phinf.pstatic.net/main_1941158/19411580916.20190522163521.jpg?type=f140 COX CK87 게이트론 LED 게이밍 기계식 39,900원 
[2022-08-18 05:43:58,468] {logging_mixin.py:115} INFO - 1
[2022-08-18 05:44:26,193] {logging_mixin.py:115} INFO - https://shopping-phinf.pstatic.net/main_1960150/19601508032.20190603154336.jpg?type=f140 COX CK108 레드/다크그레이 게이트론 LED 게이밍 기계식 키보드 49,900원 
[2022-08-18 05:44:53,134] {logging_mixin.py:115} INFO - https://shopping-phinf.pstatic.net/main_1071478/10714780944.20161201110333.jpg?type=f140 로지텍 멀티 디바이스 블루투스 키보드 K375S 27,070원 
[2022-08-18 05:45:20,542] {logging_mixin.py:115} INFO - https://shopping-phinf.pstatic.net/main_2286685/22866854426.20201208143538.jpg?type=f140 CHERRY MX BOARD 3.0S RGB 138,830원 
[2022-08-18 05:45:45,353] {logging_mixin.py:115} INFO - https://shopping-phinf.pstatic.net/main_9303887/9303887003.20210618163542.jpg?type=f140 제닉스 STORMX TITAN SE 게이밍 키보드 27,850원 
[2022-08-18 05:46:18,017] {logging_mixin.py:115} INFO - https://shopping-phinf.pstatic.net/main_1490512/14905121847.20180727112553.jpg?type=f140 맥스틸 TRON G610K V2 39,610원 
[2022-08-18 05:46:25,395] {logging_mixin.py:115} INFO - 2
[2022-08-18 05:47:03,570] {logging_mixin.py:115} INFO - https://shopping-phinf.pstatic.net/main_1476185/14761858336.20220714135728.jpg?type=f140 COX CK420 교체축 레인보우 LED 게이밍 기계식 키보드 35,400원 
[2022-08-18 05:47:35,082] {logging_mixin.py:115} INFO - https://shopping-phinf.pstatic.net/main_2753224/27532247522.20210611095711.jpg?type=f140 COX CK01 TKL 기계식 텐키리스 게이밍 키보드 30,380원 
[2022-08-18 05:47:59,864] {logging_mixin.py:115} INFO - https://shopping-phinf.pstatic.net/main_2127856/21278561324.20200306144241.jpg?type=f140 마이크로닉스 MANIC X50 4세대 광축 완전방수 PBT 게이밍 키보드 59,630원 
[2022-08-18 05:48:24,155] {logging_mixin.py:115} INFO - https://shopping-phinf.pstatic.net/main_2922743/29227436619.20211014105845.jpg?type=f140 마이크로닉스 MANIC EX580 광축 크리스탈 게이밍 키보드 66,900원 
[2022-08-18 05:48:51,329] {logging_mixin.py:115} INFO - https://shopping-phinf.pstatic.net/main_1941158/19411580916.20190522163521.jpg?type=f140 COX CK87 게이트론 LED 게이밍 기계식 39,900원 
[2022-08-18 05:48:57,895] {logging_mixin.py:115} INFO - 3
[2022-08-18 05:48:58,181] {python.py:173} INFO - Done. Returned value was: None
[2022-08-18 05:49:00,140] {taskinstance.py:1420} INFO - Marking task as SUCCESS. dag_id=craw, task_id=cr2, execution_date=20220818T043828, start_date=20220818T054004, end_date=20220818T054900
[2022-08-18 05:49:00,966] {local_task_job.py:156} INFO - Task exited with return code 0
[2022-08-18 05:49:02,426] {local_task_job.py:273} INFO - 0 downstream tasks scheduled from follow-on schedule check
