[2022-08-13 11:00:33,396] {taskinstance.py:1179} INFO - Dependencies all met for <TaskInstance: craw.cr1 manual__2022-08-13T10:52:58.515523+00:00 [queued]>
[2022-08-13 11:00:33,446] {taskinstance.py:1179} INFO - Dependencies all met for <TaskInstance: craw.cr1 manual__2022-08-13T10:52:58.515523+00:00 [queued]>
[2022-08-13 11:00:33,446] {taskinstance.py:1376} INFO - 
--------------------------------------------------------------------------------
[2022-08-13 11:00:33,447] {taskinstance.py:1377} INFO - Starting attempt 2 of 2
[2022-08-13 11:00:33,448] {taskinstance.py:1378} INFO - 
--------------------------------------------------------------------------------
[2022-08-13 11:00:33,485] {taskinstance.py:1397} INFO - Executing <Task(PythonOperator): cr1> on 2022-08-13 10:52:58.515523+00:00
[2022-08-13 11:00:33,495] {standard_task_runner.py:52} INFO - Started process 7422 to run task
[2022-08-13 11:00:33,502] {standard_task_runner.py:79} INFO - Running: ['***', 'tasks', 'run', 'craw', 'cr1', 'manual__2022-08-13T10:52:58.515523+00:00', '--job-id', '88', '--raw', '--subdir', 'DAGS_FOLDER/newtest.py', '--cfg-path', '/tmp/tmp8hqmafvq', '--error-file', '/tmp/tmpece9zv7h']
[2022-08-13 11:00:33,504] {standard_task_runner.py:80} INFO - Job 88: Subtask cr1
[2022-08-13 11:00:33,748] {task_command.py:371} INFO - Running <TaskInstance: craw.cr1 manual__2022-08-13T10:52:58.515523+00:00 [running]> on host cdb6935da655
[2022-08-13 11:00:33,957] {taskinstance.py:1591} INFO - Exporting the following env vars:
AIRFLOW_CTX_DAG_OWNER=***
AIRFLOW_CTX_DAG_ID=craw
AIRFLOW_CTX_TASK_ID=cr1
AIRFLOW_CTX_EXECUTION_DATE=2022-08-13T10:52:58.515523+00:00
AIRFLOW_CTX_TRY_NUMBER=2
AIRFLOW_CTX_DAG_RUN_ID=manual__2022-08-13T10:52:58.515523+00:00
[2022-08-13 11:00:33,979] {base.py:68} INFO - Using connection ID 'mysql' for task execution.
[2022-08-13 11:00:33,984] {logger.py:11} INFO - ====== WebDriver manager ======
[2022-08-13 11:00:34,140] {logger.py:11} INFO - Get LATEST chromedriver version for google-chrome 104.0.5112
[2022-08-13 11:00:34,997] {logger.py:11} INFO - Driver [/home/***/.wdm/drivers/chromedriver/linux64/104.0.5112/chromedriver] found in cache
[2022-08-13 11:03:08,544] {logging_mixin.py:115} INFO - https://searchad-phinf.pstatic.net/MjAyMTEyMjFfMjgx/MDAxNjQwMDU2Njc2NjUy.Ob1_cxGTyqNiAIztA-Go5XzACCOEMTzg8KsXQBHAy9Ug.WLbtKsrkcXNkN2TdF96V2tP5GJs-W36zVQAB5pYADkEg.PNG/1871830-d9c5ef97-322f-4073-874e-584610ec51b1.png?type=f200 티앤에스인터내셔널 VALKAN 게이밍 키보드 64,400원 처음으로 산 키보드인데요 소리도 시끄럽지않고 좋습니다!키감 좋고 Led도 은은하니 이쁘고 빠른배송까지 최고입니다적축보단 시끄럽구 갈축보다도 조금 더 소리가 나요. 키감이 문서작업할때 쓰기에도 좋네요.배송도 빠르고 안전하게 잘 왔습니다. 반응속도 좋구요. 키감도 이.가격에 훌륭합니다. 백라이트도 화려해사 원하던 디자인이라 아주 만족스럽네요 ㅎㅎ 많이파세요~~전에 쓰던 키보드가 고장나서 사봤는데 이건 대박 좋네요배송도 빨리오고 전에쓰던 키보드보다 좋은것 같습니다..아들이.주문해달라해서.시켰어요~
마음에든다고.좋다네요조카가 지정해서 사달라고해서 샀어요
저는 부드러운 펜타그래프방식을 좋아해서
좋은지 모르겠는데
게임하는 조카는 엄청 좋아하네요 ㅋ다 좋아요 근데 소리 안큰 적축 찾다가 이번에
여기서 새로 만든 축이라해서 샀는데
청축처럼 소리가 크네요 ㅜㅜ 그거 말고는 다 좋아요키보드 타격감이나 외관상 하나도 맘에 안드는게 없네요아이가 좋다고 골라둿던거라 사줫는데
맘에 들어하네요배송도 빨리 왔고 좋네요. 아직 사용전이지만 잘 쓸게요.개조음
근데 10만원짜리 광축 키보드 보다는 안좋음 ㅋㅋ디자인이 정말 예쁘고 키감도 좋습니다! 배송도 빨라요묵직하고 넘 예쁘다고 아들이 좋아하네요
터치감도 굿!기계식이라 키 누르는 감도 좋고 반응도 빠르고 좋아요키감도 좋고 묵직하니 맘에 듭니다.
키보드 뚜껑이 있어 먼지들어가는 걸 방지 해줘 좋습니다깔끔하고 무난해요.. 다만 고장없이 오래갔으면 하는..아들이 넘 좋아하네요~~사은품두 좋데요~~
번창하세요~~소리크다는 건 잘 모르겠고 이쁘고 편합니당!! 좋아요!동생 선물로 줬는데 만족스러워한다만듬새 괜찮네요 오래쓸듯 싶어요ㅎ키보드 넘 맘에듬요 감사합니다아아엄청 이쁘고 터치감,사운드 완전 좋아요ㅋㅋㅋ키보드 패드도 잘쓰겠습니다!울 아들이 무척 맘에 들어 합니다~^^배송이 일단 빠르고요 너무좋아요!!타격감 도만족스럽구요 아주좋아요좋아해요 아들이 .배송도 빠르고 굿진짜 빠르게 배송되었어요~ 좋아요!아들이 갖고싶어하던 키보드에요. 언제 도착할지 기다렸는데 많이 좋아하네요. 그전 키보드보다 좋아보이긴 해요^^자판소리 소음이 너무 심해요 ㅠㅠ이쁘고타격감좋고 소리도적당해요키보드 눌림도 좋고 소리도 좋아요아들선물로 사줬어요
너무좋아해요타건감 부드럽고 아주 만족합니다!디자인, 키감 완전 대만족합니다!!!아들 완전 만족하며 잘 쓰고있어요게임용 키보드로 적극 추천합니다.진짜 부드럽고 반응속도가 좋아요.소리가 좀 요란하네요 대체로 만족아들이 넝너무 좋아해요키감도 좋고 색도 이뻐요상품과배송 만족합니다~!선구매확정! 기다가된다너무좋습니다.잘쓸께요~사용하기 편하고 이뻐요잘쓰고 있어요.
만족해요선물하려고 구매했어요~아이가 엄청 만족하네요깔끔하고 키감 좋습니다아주 좋습니다 잘쓸게요사용감도 좋고 편합니다잘쓸게요 너무 좋네요^_^엄청 빨리옵니다 좋아요이쁘고 타자감도 좋네요키감이 부드럽고 좋아요키감 좋고 편합니다ㅎㅎ타격감좋고 고장없음 굿가성비 하나는 끝내줘요사용하기 너무 편해용^^
[2022-08-13 11:03:08,547] {taskinstance.py:1909} ERROR - Task failed with exception
Traceback (most recent call last):
  File "/home/airflow/.local/lib/python3.7/site-packages/airflow/operators/python.py", line 171, in execute
    return_value = self.execute_callable()
  File "/home/airflow/.local/lib/python3.7/site-packages/airflow/operators/python.py", line 189, in execute_callable
    return self.python_callable(*self.op_args, **self.op_kwargs)
  File "/opt/airflow/dags/newtest.py", line 97, in crawling
    cursor.execute("INSERT INTO info VALUES {%s,%s,%s,%s}".format(image,name,price,review))
KeyError: '%s,%s,%s,%s'
[2022-08-13 11:03:08,575] {taskinstance.py:1420} INFO - Marking task as FAILED. dag_id=craw, task_id=cr1, execution_date=20220813T105258, start_date=20220813T110033, end_date=20220813T110308
[2022-08-13 11:03:08,609] {standard_task_runner.py:97} ERROR - Failed to execute job 88 for task cr1 ('%s,%s,%s,%s'; 7422)
[2022-08-13 11:03:08,686] {local_task_job.py:156} INFO - Task exited with return code 1
[2022-08-13 11:03:08,722] {local_task_job.py:273} INFO - 0 downstream tasks scheduled from follow-on schedule check
