[2022-08-16 08:24:11,597] {taskinstance.py:1179} INFO - Dependencies all met for <TaskInstance: craw.cr3 manual__2022-08-16T08:24:09.230200+00:00 [queued]>
[2022-08-16 08:24:11,621] {taskinstance.py:1179} INFO - Dependencies all met for <TaskInstance: craw.cr3 manual__2022-08-16T08:24:09.230200+00:00 [queued]>
[2022-08-16 08:24:11,627] {taskinstance.py:1376} INFO - 
--------------------------------------------------------------------------------
[2022-08-16 08:24:11,628] {taskinstance.py:1377} INFO - Starting attempt 1 of 2
[2022-08-16 08:24:11,628] {taskinstance.py:1378} INFO - 
--------------------------------------------------------------------------------
[2022-08-16 08:24:11,653] {taskinstance.py:1397} INFO - Executing <Task(PythonOperator): cr3> on 2022-08-16 08:24:09.230200+00:00
[2022-08-16 08:24:11,661] {standard_task_runner.py:52} INFO - Started process 1206 to run task
[2022-08-16 08:24:11,665] {standard_task_runner.py:79} INFO - Running: ['***', 'tasks', 'run', 'craw', 'cr3', 'manual__2022-08-16T08:24:09.230200+00:00', '--job-id', '69', '--raw', '--subdir', 'DAGS_FOLDER/newtest.py', '--cfg-path', '/tmp/tmppwrmsjlf', '--error-file', '/tmp/tmp5q2n9vlb']
[2022-08-16 08:24:11,667] {standard_task_runner.py:80} INFO - Job 69: Subtask cr3
[2022-08-16 08:24:11,790] {task_command.py:371} INFO - Running <TaskInstance: craw.cr3 manual__2022-08-16T08:24:09.230200+00:00 [running]> on host 74c2759f33bd
[2022-08-16 08:24:11,998] {taskinstance.py:1591} INFO - Exporting the following env vars:
AIRFLOW_CTX_DAG_OWNER=***
AIRFLOW_CTX_DAG_ID=craw
AIRFLOW_CTX_TASK_ID=cr3
AIRFLOW_CTX_EXECUTION_DATE=2022-08-16T08:24:09.230200+00:00
AIRFLOW_CTX_TRY_NUMBER=1
AIRFLOW_CTX_DAG_RUN_ID=manual__2022-08-16T08:24:09.230200+00:00
[2022-08-16 08:24:12,036] {base.py:68} INFO - Using connection ID 'mysql' for task execution.
[2022-08-16 08:24:12,041] {logger.py:11} INFO - ====== WebDriver manager ======
[2022-08-16 08:24:12,251] {logger.py:11} INFO - Get LATEST chromedriver version for google-chrome 104.0.5112
[2022-08-16 08:24:13,226] {logger.py:11} INFO - Driver [/home/***/.wdm/drivers/chromedriver/linux64/104.0.5112/chromedriver] found in cache
[2022-08-16 08:24:56,261] {logging_mixin.py:115} INFO - https://shopping-phinf.pstatic.net/main_1824373/18243733436.20190322134021.jpg?type=f140 COX CK450 교체축 사이드 RGB 기계식 게이밍 32,600원 
[2022-08-16 08:25:19,802] {logging_mixin.py:115} INFO - https://shopping-phinf.pstatic.net/main_1214685/12146852973.20220714135921.jpg?type=f140 앱코 K660 축교환 완전방수 게이밍 카일광축 레인보우LED 53,500원 
[2022-08-16 08:25:43,342] {logging_mixin.py:115} INFO - https://shopping-phinf.pstatic.net/main_2332149/23321490490.20200701181358.jpg?type=f140 COX CK01 PBT 43,900원 
[2022-08-16 08:26:06,962] {logging_mixin.py:115} INFO - https://shopping-phinf.pstatic.net/main_2992245/29922458618.20220303175959.jpg?type=f140 앱코 K840 스퀘어 레트로 축교환 기계식 키보드 47,900원 
[2022-08-16 08:26:30,783] {logging_mixin.py:115} INFO - https://shopping-phinf.pstatic.net/main_2158566/21585664463.20191225114207.jpg?type=f140 HP GK400F LED 게이밍 기계식 키보드 25,900원 
[2022-08-16 08:26:36,116] {logging_mixin.py:115} INFO - 1
[2022-08-16 08:26:59,680] {logging_mixin.py:115} INFO - https://shopping-phinf.pstatic.net/main_1573114/15731149924.20181018143102.jpg?type=f140 QSENN ARES Q34 LED 게이밍 기계식 한손 키보드 22,900원 
[2022-08-16 08:27:23,303] {logging_mixin.py:115} INFO - https://shopping-phinf.pstatic.net/main_2091432/20914327278.20210303111810.jpg?type=f140 웨이코스 씽크웨이 토체티 텐키리스 D&T 콜라보 체리 키보드 134,000원 
[2022-08-16 08:27:46,914] {logging_mixin.py:115} INFO - https://shopping-phinf.pstatic.net/main_2623425/26234257523.20210304112105.jpg?type=f140 COX CK87 레드/그레이 게이트론 LED 게이밍 기계식 39,900원 
[2022-08-16 08:28:10,546] {logging_mixin.py:115} INFO - https://shopping-phinf.pstatic.net/main_7996481/7996481579.20141006112401.jpg?type=f140 로지텍 K480 18,360원 
[2022-08-16 08:28:34,099] {logging_mixin.py:115} INFO - https://shopping-phinf.pstatic.net/main_1154397/11543977111.20211210124538.jpg?type=f140 로지텍G G413 기계식 게이밍 키보드 59,780원 
[2022-08-16 08:28:39,317] {logging_mixin.py:115} INFO - 2
[2022-08-16 08:29:02,869] {logging_mixin.py:115} INFO - https://shopping-phinf.pstatic.net/main_1824373/18243733436.20190322134021.jpg?type=f140 COX CK450 교체축 사이드 RGB 기계식 게이밍 32,600원 
[2022-08-16 08:29:26,500] {logging_mixin.py:115} INFO - https://shopping-phinf.pstatic.net/main_1214685/12146852973.20220714135921.jpg?type=f140 앱코 K660 축교환 완전방수 게이밍 카일광축 레인보우LED 53,500원 
[2022-08-16 08:29:50,163] {logging_mixin.py:115} INFO - https://shopping-phinf.pstatic.net/main_2332149/23321490490.20200701181358.jpg?type=f140 COX CK01 PBT 43,900원 
[2022-08-16 08:30:13,699] {logging_mixin.py:115} INFO - https://shopping-phinf.pstatic.net/main_2992245/29922458618.20220303175959.jpg?type=f140 앱코 K840 스퀘어 레트로 축교환 기계식 키보드 47,900원 
[2022-08-16 08:30:37,318] {logging_mixin.py:115} INFO - https://shopping-phinf.pstatic.net/main_2158566/21585664463.20191225114207.jpg?type=f140 HP GK400F LED 게이밍 기계식 키보드 25,900원 
[2022-08-16 08:30:42,584] {logging_mixin.py:115} INFO - 3
[2022-08-16 08:30:42,656] {python.py:173} INFO - Done. Returned value was: None
[2022-08-16 08:30:42,673] {taskinstance.py:1420} INFO - Marking task as SUCCESS. dag_id=craw, task_id=cr3, execution_date=20220816T082409, start_date=20220816T082411, end_date=20220816T083042
[2022-08-16 08:30:42,740] {local_task_job.py:156} INFO - Task exited with return code 0
[2022-08-16 08:30:42,762] {local_task_job.py:273} INFO - 0 downstream tasks scheduled from follow-on schedule check
