[2022-08-18 15:24:57,450] {taskinstance.py:1179} INFO - Dependencies all met for <TaskInstance: craw.cr1 scheduled__2022-08-17T14:55:00+00:00 [queued]>
[2022-08-18 15:24:57,715] {taskinstance.py:1179} INFO - Dependencies all met for <TaskInstance: craw.cr1 scheduled__2022-08-17T14:55:00+00:00 [queued]>
[2022-08-18 15:24:57,731] {taskinstance.py:1376} INFO - 
--------------------------------------------------------------------------------
[2022-08-18 15:24:57,760] {taskinstance.py:1377} INFO - Starting attempt 1 of 2
[2022-08-18 15:24:57,789] {taskinstance.py:1378} INFO - 
--------------------------------------------------------------------------------
[2022-08-18 15:24:58,053] {taskinstance.py:1397} INFO - Executing <Task(PythonOperator): cr1> on 2022-08-17 14:55:00+00:00
[2022-08-18 15:24:58,169] {standard_task_runner.py:52} INFO - Started process 125 to run task
[2022-08-18 15:24:58,205] {standard_task_runner.py:79} INFO - Running: ['***', 'tasks', 'run', 'craw', 'cr1', 'scheduled__2022-08-17T14:55:00+00:00', '--job-id', '181', '--raw', '--subdir', 'DAGS_FOLDER/newtest.py', '--cfg-path', '/tmp/tmp_24p4y0b', '--error-file', '/tmp/tmp1zfzlyfi']
[2022-08-18 15:24:58,236] {standard_task_runner.py:80} INFO - Job 181: Subtask cr1
[2022-08-18 15:24:59,149] {task_command.py:371} INFO - Running <TaskInstance: craw.cr1 scheduled__2022-08-17T14:55:00+00:00 [running]> on host a73b00663d46
[2022-08-18 15:25:00,041] {taskinstance.py:1589} INFO - Exporting the following env vars:
AIRFLOW_CTX_DAG_OWNER=***
AIRFLOW_CTX_DAG_ID=craw
AIRFLOW_CTX_TASK_ID=cr1
AIRFLOW_CTX_EXECUTION_DATE=2022-08-17T14:55:00+00:00
AIRFLOW_CTX_TRY_NUMBER=1
AIRFLOW_CTX_DAG_RUN_ID=scheduled__2022-08-17T14:55:00+00:00
[2022-08-18 15:25:00,329] {base.py:68} INFO - Using connection ID 'mysql' for task execution.
[2022-08-18 15:25:00,371] {logger.py:11} INFO - ====== WebDriver manager ======
[2022-08-18 15:25:01,895] {logger.py:11} INFO - Get LATEST chromedriver version for google-chrome 104.0.5112
[2022-08-18 15:25:03,263] {logger.py:11} INFO - There is no [linux64] chromedriver for browser 104.0.5112 in cache
[2022-08-18 15:25:03,330] {logger.py:11} INFO - About to download new driver from https://chromedriver.storage.googleapis.com/104.0.5112.79/chromedriver_linux64.zip
[2022-08-18 15:26:03,275] {logger.py:11} INFO - Driver has been saved in cache [/home/***/.wdm/drivers/chromedriver/linux64/104.0.5112]
[2022-08-18 15:27:41,496] {logging_mixin.py:115} INFO - https://searchad-phinf.pstatic.net/MjAyMTEyMjFfMjgx/MDAxNjQwMDU2Njc2NjUy.Ob1_cxGTyqNiAIztA-Go5XzACCOEMTzg8KsXQBHAy9Ug.WLbtKsrkcXNkN2TdF96V2tP5GJs-W36zVQAB5pYADkEg.PNG/1871830-d9c5ef97-322f-4073-874e-584610ec51b1.png?type=f200 티앤에스인터내셔널 VALKAN 게이밍 키보드 64,400원 
[2022-08-18 15:28:16,715] {logging_mixin.py:115} INFO - https://shopping-phinf.pstatic.net/main_1531030/15310309538.20200403164240.jpg?type=f140 비프렌드 G키보드2 프리미엄 레인보우 21,900원 
[2022-08-18 15:28:45,794] {logging_mixin.py:115} INFO - https://searchad-phinf.pstatic.net/MjAyMTA3MDhfMTI5/MDAxNjI1NzAzNzE0MjUw.-Ifz0R9WPPYV60WN93ZMCvsonrDeRIxz2Kbhv8Lqqukg.EXOFH9NT2Vp6FiWJ8QkfCfpPA3gMGyQzsuMwrQhWLEEg.PNG/1871830-ebb23725-6adb-44ea-9ce7-8903a302c74f.png?type=f200 티앤에스인터내셔널 VALKAN CK 69,800원 
[2022-08-18 15:29:49,217] {logging_mixin.py:115} INFO - https://shopping-phinf.pstatic.net/main_1476185/14761858336.20220714135728.jpg?type=f140 COX CK420 교체축 레인보우 LED 게이밍 기계식 키보드 35,400원 
[2022-08-18 15:29:55,778] {logging_mixin.py:115} INFO - 1
