[2022-08-16 08:24:26,374] {taskinstance.py:1179} INFO - Dependencies all met for <TaskInstance: craw.cr1 manual__2022-08-15T12:51:18.680057+00:00 [queued]>
[2022-08-16 08:24:26,386] {taskinstance.py:1179} INFO - Dependencies all met for <TaskInstance: craw.cr1 manual__2022-08-15T12:51:18.680057+00:00 [queued]>
[2022-08-16 08:24:26,387] {taskinstance.py:1376} INFO - 
--------------------------------------------------------------------------------
[2022-08-16 08:24:26,387] {taskinstance.py:1377} INFO - Starting attempt 2 of 3
[2022-08-16 08:24:26,388] {taskinstance.py:1378} INFO - 
--------------------------------------------------------------------------------
[2022-08-16 08:24:26,409] {taskinstance.py:1397} INFO - Executing <Task(PythonOperator): cr1> on 2022-08-15 12:51:18.680057+00:00
[2022-08-16 08:24:26,415] {standard_task_runner.py:52} INFO - Started process 2105 to run task
[2022-08-16 08:24:26,419] {standard_task_runner.py:79} INFO - Running: ['***', 'tasks', 'run', 'craw', 'cr1', 'manual__2022-08-15T12:51:18.680057+00:00', '--job-id', '75', '--raw', '--subdir', 'DAGS_FOLDER/newtest.py', '--cfg-path', '/tmp/tmpoahrxdmx', '--error-file', '/tmp/tmpjax1bh5w']
[2022-08-16 08:24:26,421] {standard_task_runner.py:80} INFO - Job 75: Subtask cr1
[2022-08-16 08:24:26,506] {task_command.py:371} INFO - Running <TaskInstance: craw.cr1 manual__2022-08-15T12:51:18.680057+00:00 [running]> on host 74c2759f33bd
[2022-08-16 08:24:26,593] {taskinstance.py:1591} INFO - Exporting the following env vars:
AIRFLOW_CTX_DAG_OWNER=***
AIRFLOW_CTX_DAG_ID=craw
AIRFLOW_CTX_TASK_ID=cr1
AIRFLOW_CTX_EXECUTION_DATE=2022-08-15T12:51:18.680057+00:00
AIRFLOW_CTX_TRY_NUMBER=2
AIRFLOW_CTX_DAG_RUN_ID=manual__2022-08-15T12:51:18.680057+00:00
[2022-08-16 08:24:26,607] {base.py:68} INFO - Using connection ID 'mysql' for task execution.
[2022-08-16 08:24:26,610] {logger.py:11} INFO - ====== WebDriver manager ======
[2022-08-16 08:24:26,718] {logger.py:11} INFO - Get LATEST chromedriver version for google-chrome 104.0.5112
[2022-08-16 08:24:27,122] {logger.py:11} INFO - Driver [/home/***/.wdm/drivers/chromedriver/linux64/104.0.5112/chromedriver] found in cache
[2022-08-16 08:25:10,284] {logging_mixin.py:115} INFO - https://searchad-phinf.pstatic.net/MjAyMTEyMjFfMjgx/MDAxNjQwMDU2Njc2NjUy.Ob1_cxGTyqNiAIztA-Go5XzACCOEMTzg8KsXQBHAy9Ug.WLbtKsrkcXNkN2TdF96V2tP5GJs-W36zVQAB5pYADkEg.PNG/1871830-d9c5ef97-322f-4073-874e-584610ec51b1.png?type=f200 티앤에스인터내셔널 VALKAN 게이밍 키보드 64,400원 
[2022-08-16 08:25:33,894] {logging_mixin.py:115} INFO - https://shopping-phinf.pstatic.net/main_1531030/15310309538.20200403164240.jpg?type=f140 비프렌드 G키보드2 프리미엄 레인보우 21,900원 
[2022-08-16 08:25:57,463] {logging_mixin.py:115} INFO - https://searchad-phinf.pstatic.net/MjAyMTA3MDhfMTI5/MDAxNjI1NzAzNzE0MjUw.-Ifz0R9WPPYV60WN93ZMCvsonrDeRIxz2Kbhv8Lqqukg.EXOFH9NT2Vp6FiWJ8QkfCfpPA3gMGyQzsuMwrQhWLEEg.PNG/1871830-ebb23725-6adb-44ea-9ce7-8903a302c74f.png?type=f200 티앤에스인터내셔널 VALKAN CK 69,800원 
[2022-08-16 08:26:21,062] {logging_mixin.py:115} INFO - https://shopping-phinf.pstatic.net/main_1476185/14761858336.20220714135728.jpg?type=f140 COX CK420 교체축 레인보우 LED 게이밍 기계식 키보드 35,400원 
[2022-08-16 08:26:26,324] {logging_mixin.py:115} INFO - 1
[2022-08-16 08:26:49,819] {logging_mixin.py:115} INFO - https://shopping-phinf.pstatic.net/main_2604016/26040163522.20210218152623.jpg?type=f140 로이체 KT5 PRO 17,900원 
[2022-08-16 08:27:13,242] {local_task_job.py:221} WARNING - State of this instance has been externally set to failed. Terminating instance.
[2022-08-16 08:27:13,249] {process_utils.py:129} INFO - Sending Signals.SIGTERM to group 2105. PIDs of all processes in the group: [2193, 2233, 2243, 2244, 2261, 2266, 2338, 2404, 4921, 2333, 2105]
[2022-08-16 08:27:13,249] {process_utils.py:80} INFO - Sending the signal Signals.SIGTERM to group 2105
[2022-08-16 08:27:13,250] {taskinstance.py:1561} ERROR - Received SIGTERM. Terminating subprocesses.
[2022-08-16 08:27:13,257] {process_utils.py:75} INFO - Process psutil.Process(pid=2266, status='terminated', started='08:24:27') (2266) terminated with exit code None
[2022-08-16 08:27:13,272] {process_utils.py:75} INFO - Process psutil.Process(pid=4921, status='terminated', started='08:26:57') (4921) terminated with exit code None
[2022-08-16 08:27:13,272] {process_utils.py:75} INFO - Process psutil.Process(pid=2261, status='terminated', started='08:24:27') (2261) terminated with exit code None
[2022-08-16 08:27:13,273] {process_utils.py:75} INFO - Process psutil.Process(pid=2244, status='terminated', started='08:24:27') (2244) terminated with exit code None
[2022-08-16 08:27:13,275] {process_utils.py:75} INFO - Process psutil.Process(pid=2404, status='terminated', started='08:24:27') (2404) terminated with exit code None
[2022-08-16 08:27:13,311] {process_utils.py:75} INFO - Process psutil.Process(pid=2105, status='terminated', exitcode=0, started='08:24:26') (2105) terminated with exit code 0
[2022-08-16 08:27:13,311] {process_utils.py:75} INFO - Process psutil.Process(pid=2233, status='terminated', started='08:24:27') (2233) terminated with exit code None
[2022-08-16 08:27:13,312] {process_utils.py:75} INFO - Process psutil.Process(pid=2193, status='terminated', started='08:24:27') (2193) terminated with exit code None
[2022-08-16 08:27:13,312] {process_utils.py:75} INFO - Process psutil.Process(pid=2338, status='terminated', started='08:24:27') (2338) terminated with exit code None
[2022-08-16 08:27:13,313] {process_utils.py:75} INFO - Process psutil.Process(pid=2243, status='terminated', started='08:24:27') (2243) terminated with exit code None
[2022-08-16 08:27:13,313] {process_utils.py:75} INFO - Process psutil.Process(pid=2333, status='terminated', started='08:24:27') (2333) terminated with exit code None
