[2022-07-22 06:23:50,525] {taskinstance.py:1179} INFO - Dependencies all met for <TaskInstance: workflow.create_table manual__2022-07-22T06:23:49.886484+00:00 [queued]>
[2022-07-22 06:23:50,532] {taskinstance.py:1179} INFO - Dependencies all met for <TaskInstance: workflow.create_table manual__2022-07-22T06:23:49.886484+00:00 [queued]>
[2022-07-22 06:23:50,533] {taskinstance.py:1376} INFO - 
--------------------------------------------------------------------------------
[2022-07-22 06:23:50,534] {taskinstance.py:1377} INFO - Starting attempt 1 of 1
[2022-07-22 06:23:50,535] {taskinstance.py:1378} INFO - 
--------------------------------------------------------------------------------
[2022-07-22 06:23:50,546] {taskinstance.py:1397} INFO - Executing <Task(MySqlOperator): create_table> on 2022-07-22 06:23:49.886484+00:00
[2022-07-22 06:23:50,555] {standard_task_runner.py:52} INFO - Started process 1129 to run task
[2022-07-22 06:23:50,558] {standard_task_runner.py:79} INFO - Running: ['***', 'tasks', 'run', 'workflow', 'create_table', 'manual__2022-07-22T06:23:49.886484+00:00', '--job-id', '518', '--raw', '--subdir', 'DAGS_FOLDER/test.py', '--cfg-path', '/tmp/tmp54sz1v3s', '--error-file', '/tmp/tmpqc40ugn6']
[2022-07-22 06:23:50,559] {standard_task_runner.py:80} INFO - Job 518: Subtask create_table
[2022-07-22 06:23:50,604] {task_command.py:371} INFO - Running <TaskInstance: workflow.create_table manual__2022-07-22T06:23:49.886484+00:00 [running]> on host 2092df15527a
[2022-07-22 06:23:50,656] {taskinstance.py:1591} INFO - Exporting the following env vars:
AIRFLOW_CTX_DAG_OWNER=***
AIRFLOW_CTX_DAG_ID=workflow
AIRFLOW_CTX_TASK_ID=create_table
AIRFLOW_CTX_EXECUTION_DATE=2022-07-22T06:23:49.886484+00:00
AIRFLOW_CTX_TRY_NUMBER=1
AIRFLOW_CTX_DAG_RUN_ID=manual__2022-07-22T06:23:49.886484+00:00
[2022-07-22 06:23:50,657] {mysql.py:82} INFO - Executing: CREATE DATABASE qweql
[2022-07-22 06:23:50,665] {base.py:68} INFO - Using connection ID 'mysql_db' for task execution.
[2022-07-22 06:23:50,669] {dbapi.py:231} INFO - Running statement: CREATE DATABASE qweql, parameters: None
[2022-07-22 06:23:50,676] {dbapi.py:239} INFO - Rows affected: 1
[2022-07-22 06:23:50,687] {taskinstance.py:1420} INFO - Marking task as SUCCESS. dag_id=workflow, task_id=create_table, execution_date=20220722T062349, start_date=20220722T062350, end_date=20220722T062350
[2022-07-22 06:23:50,730] {local_task_job.py:156} INFO - Task exited with return code 0
[2022-07-22 06:23:50,756] {local_task_job.py:273} INFO - 0 downstream tasks scheduled from follow-on schedule check
