[2022-08-16 08:23:15,497] {taskinstance.py:1179} INFO - Dependencies all met for <TaskInstance: craw.cr3 scheduled__2022-08-14T14:55:00+00:00 [queued]>
[2022-08-16 08:23:15,510] {taskinstance.py:1179} INFO - Dependencies all met for <TaskInstance: craw.cr3 scheduled__2022-08-14T14:55:00+00:00 [queued]>
[2022-08-16 08:23:15,511] {taskinstance.py:1376} INFO - 
--------------------------------------------------------------------------------
[2022-08-16 08:23:15,511] {taskinstance.py:1377} INFO - Starting attempt 1 of 2
[2022-08-16 08:23:15,512] {taskinstance.py:1378} INFO - 
--------------------------------------------------------------------------------
[2022-08-16 08:23:15,529] {taskinstance.py:1397} INFO - Executing <Task(PythonOperator): cr3> on 2022-08-14 14:55:00+00:00
[2022-08-16 08:23:15,533] {standard_task_runner.py:52} INFO - Started process 81 to run task
[2022-08-16 08:23:15,538] {standard_task_runner.py:79} INFO - Running: ['***', 'tasks', 'run', 'craw', 'cr3', 'scheduled__2022-08-14T14:55:00+00:00', '--job-id', '63', '--raw', '--subdir', 'DAGS_FOLDER/newtest.py', '--cfg-path', '/tmp/tmpmmy7876d', '--error-file', '/tmp/tmpg6mvjr5r']
[2022-08-16 08:23:15,539] {standard_task_runner.py:80} INFO - Job 63: Subtask cr3
[2022-08-16 08:23:15,617] {task_command.py:371} INFO - Running <TaskInstance: craw.cr3 scheduled__2022-08-14T14:55:00+00:00 [running]> on host 74c2759f33bd
[2022-08-16 08:23:16,086] {taskinstance.py:1591} INFO - Exporting the following env vars:
AIRFLOW_CTX_DAG_OWNER=***
AIRFLOW_CTX_DAG_ID=craw
AIRFLOW_CTX_TASK_ID=cr3
AIRFLOW_CTX_EXECUTION_DATE=2022-08-14T14:55:00+00:00
AIRFLOW_CTX_TRY_NUMBER=1
AIRFLOW_CTX_DAG_RUN_ID=scheduled__2022-08-14T14:55:00+00:00
[2022-08-16 08:23:16,100] {base.py:68} INFO - Using connection ID 'mysql' for task execution.
[2022-08-16 08:23:16,105] {logger.py:11} INFO - ====== WebDriver manager ======
[2022-08-16 08:23:16,437] {logger.py:11} INFO - Get LATEST chromedriver version for google-chrome 104.0.5112
[2022-08-16 08:23:16,693] {logger.py:11} INFO - There is no [linux64] chromedriver for browser 104.0.5112 in cache
[2022-08-16 08:23:16,694] {logger.py:11} INFO - About to download new driver from https://chromedriver.storage.googleapis.com/104.0.5112.79/chromedriver_linux64.zip
[2022-08-16 08:23:20,947] {logger.py:11} INFO - Driver has been saved in cache [/home/***/.wdm/drivers/chromedriver/linux64/104.0.5112]
[2022-08-16 08:24:04,153] {logging_mixin.py:115} INFO - https://shopping-phinf.pstatic.net/main_1824373/18243733436.20190322134021.jpg?type=f140 COX CK450 교체축 사이드 RGB 기계식 게이밍 32,600원 
[2022-08-16 08:24:28,307] {logging_mixin.py:115} INFO - https://shopping-phinf.pstatic.net/main_1214685/12146852973.20220714135921.jpg?type=f140 앱코 K660 축교환 완전방수 게이밍 카일광축 레인보우LED 53,500원 
[2022-08-16 08:24:52,052] {logging_mixin.py:115} INFO - https://shopping-phinf.pstatic.net/main_2332149/23321490490.20200701181358.jpg?type=f140 COX CK01 PBT 43,900원 
[2022-08-16 08:25:15,764] {logging_mixin.py:115} INFO - https://shopping-phinf.pstatic.net/main_2992245/29922458618.20220303175959.jpg?type=f140 앱코 K840 스퀘어 레트로 축교환 기계식 키보드 47,900원 
[2022-08-16 08:25:39,382] {logging_mixin.py:115} INFO - https://shopping-phinf.pstatic.net/main_2158566/21585664463.20191225114207.jpg?type=f140 HP GK400F LED 게이밍 기계식 키보드 25,900원 
[2022-08-16 08:25:44,703] {logging_mixin.py:115} INFO - 1
[2022-08-16 08:26:08,542] {logging_mixin.py:115} INFO - https://shopping-phinf.pstatic.net/main_1573114/15731149924.20181018143102.jpg?type=f140 QSENN ARES Q34 LED 게이밍 기계식 한손 키보드 22,900원 
[2022-08-16 08:26:32,633] {logging_mixin.py:115} INFO - https://shopping-phinf.pstatic.net/main_2091432/20914327278.20210303111810.jpg?type=f140 웨이코스 씽크웨이 토체티 텐키리스 D&T 콜라보 체리 키보드 134,000원 
[2022-08-16 08:26:56,550] {logging_mixin.py:115} INFO - https://shopping-phinf.pstatic.net/main_2623425/26234257523.20210304112105.jpg?type=f140 COX CK87 레드/그레이 게이트론 LED 게이밍 기계식 39,900원 
[2022-08-16 08:27:20,139] {logging_mixin.py:115} INFO - https://shopping-phinf.pstatic.net/main_7996481/7996481579.20141006112401.jpg?type=f140 로지텍 K480 18,360원 
[2022-08-16 08:27:43,674] {local_task_job.py:221} WARNING - State of this instance has been externally set to failed. Terminating instance.
[2022-08-16 08:27:43,678] {process_utils.py:129} INFO - Sending Signals.SIGTERM to group 81. PIDs of all processes in the group: [512, 722, 759, 763, 788, 789, 806, 853, 6023, 804, 81]
[2022-08-16 08:27:43,678] {process_utils.py:80} INFO - Sending the signal Signals.SIGTERM to group 81
[2022-08-16 08:27:43,679] {taskinstance.py:1561} ERROR - Received SIGTERM. Terminating subprocesses.
[2022-08-16 08:27:43,687] {process_utils.py:75} INFO - Process psutil.Process(pid=789, status='terminated', started='08:23:21') (789) terminated with exit code None
[2022-08-16 08:27:43,714] {process_utils.py:75} INFO - Process psutil.Process(pid=853, status='terminated', started='08:23:21') (853) terminated with exit code None
[2022-08-16 08:27:43,722] {process_utils.py:75} INFO - Process psutil.Process(pid=81, status='terminated', exitcode=0, started='08:23:15') (81) terminated with exit code 0
[2022-08-16 08:27:43,723] {process_utils.py:75} INFO - Process psutil.Process(pid=788, status='terminated', started='08:23:21') (788) terminated with exit code None
[2022-08-16 08:27:43,723] {process_utils.py:75} INFO - Process psutil.Process(pid=6023, status='terminated', started='08:27:27') (6023) terminated with exit code None
[2022-08-16 08:27:43,723] {process_utils.py:75} INFO - Process psutil.Process(pid=722, status='terminated', started='08:23:21') (722) terminated with exit code None
[2022-08-16 08:27:43,724] {process_utils.py:75} INFO - Process psutil.Process(pid=512, status='terminated', started='08:23:20') (512) terminated with exit code None
[2022-08-16 08:27:43,724] {process_utils.py:75} INFO - Process psutil.Process(pid=763, status='terminated', started='08:23:21') (763) terminated with exit code None
[2022-08-16 08:27:43,725] {process_utils.py:75} INFO - Process psutil.Process(pid=806, status='terminated', started='08:23:21') (806) terminated with exit code None
[2022-08-16 08:27:43,725] {process_utils.py:75} INFO - Process psutil.Process(pid=804, status='terminated', started='08:23:21') (804) terminated with exit code None
[2022-08-16 08:27:43,726] {process_utils.py:75} INFO - Process psutil.Process(pid=759, status='terminated', started='08:23:21') (759) terminated with exit code None
[2022-08-16 08:29:15,962] {taskinstance.py:1179} INFO - Dependencies all met for <TaskInstance: craw.cr3 scheduled__2022-08-14T14:55:00+00:00 [queued]>
[2022-08-16 08:29:15,972] {taskinstance.py:1179} INFO - Dependencies all met for <TaskInstance: craw.cr3 scheduled__2022-08-14T14:55:00+00:00 [queued]>
[2022-08-16 08:29:15,973] {taskinstance.py:1376} INFO - 
--------------------------------------------------------------------------------
[2022-08-16 08:29:15,973] {taskinstance.py:1377} INFO - Starting attempt 1 of 2
[2022-08-16 08:29:15,973] {taskinstance.py:1378} INFO - 
--------------------------------------------------------------------------------
[2022-08-16 08:29:15,987] {taskinstance.py:1397} INFO - Executing <Task(PythonOperator): cr3> on 2022-08-14 14:55:00+00:00
[2022-08-16 08:29:15,992] {standard_task_runner.py:52} INFO - Started process 6771 to run task
[2022-08-16 08:29:15,995] {standard_task_runner.py:79} INFO - Running: ['***', 'tasks', 'run', 'craw', 'cr3', 'scheduled__2022-08-14T14:55:00+00:00', '--job-id', '85', '--raw', '--subdir', 'DAGS_FOLDER/newtest.py', '--cfg-path', '/tmp/tmpv219cn6b', '--error-file', '/tmp/tmpjng976qz']
[2022-08-16 08:29:15,997] {standard_task_runner.py:80} INFO - Job 85: Subtask cr3
[2022-08-16 08:29:16,064] {task_command.py:371} INFO - Running <TaskInstance: craw.cr3 scheduled__2022-08-14T14:55:00+00:00 [running]> on host 74c2759f33bd
[2022-08-16 08:29:16,151] {taskinstance.py:1591} INFO - Exporting the following env vars:
AIRFLOW_CTX_DAG_OWNER=***
AIRFLOW_CTX_DAG_ID=craw
AIRFLOW_CTX_TASK_ID=cr3
AIRFLOW_CTX_EXECUTION_DATE=2022-08-14T14:55:00+00:00
AIRFLOW_CTX_TRY_NUMBER=1
AIRFLOW_CTX_DAG_RUN_ID=scheduled__2022-08-14T14:55:00+00:00
[2022-08-16 08:29:16,168] {base.py:68} INFO - Using connection ID 'mysql' for task execution.
[2022-08-16 08:29:16,171] {logger.py:11} INFO - ====== WebDriver manager ======
[2022-08-16 08:29:16,335] {logger.py:11} INFO - Get LATEST chromedriver version for google-chrome 104.0.5112
[2022-08-16 08:29:16,746] {logger.py:11} INFO - Driver [/home/***/.wdm/drivers/chromedriver/linux64/104.0.5112/chromedriver] found in cache
[2022-08-16 08:29:59,822] {logging_mixin.py:115} INFO - https://shopping-phinf.pstatic.net/main_1824373/18243733436.20190322134021.jpg?type=f140 COX CK450 교체축 사이드 RGB 기계식 게이밍 32,600원 
[2022-08-16 08:30:23,452] {logging_mixin.py:115} INFO - https://shopping-phinf.pstatic.net/main_1214685/12146852973.20220714135921.jpg?type=f140 앱코 K660 축교환 완전방수 게이밍 카일광축 레인보우LED 53,500원 
[2022-08-16 08:30:47,060] {logging_mixin.py:115} INFO - https://shopping-phinf.pstatic.net/main_2332149/23321490490.20200701181358.jpg?type=f140 COX CK01 PBT 43,900원 
[2022-08-16 08:31:10,633] {logging_mixin.py:115} INFO - https://shopping-phinf.pstatic.net/main_2992245/29922458618.20220303175959.jpg?type=f140 앱코 K840 스퀘어 레트로 축교환 기계식 키보드 47,900원 
[2022-08-16 08:31:34,197] {logging_mixin.py:115} INFO - https://shopping-phinf.pstatic.net/main_2158566/21585664463.20191225114207.jpg?type=f140 HP GK400F LED 게이밍 기계식 키보드 25,900원 
[2022-08-16 08:31:39,542] {logging_mixin.py:115} INFO - 1
[2022-08-16 08:32:03,300] {logging_mixin.py:115} INFO - https://shopping-phinf.pstatic.net/main_1573114/15731149924.20181018143102.jpg?type=f140 QSENN ARES Q34 LED 게이밍 기계식 한손 키보드 22,900원 
[2022-08-16 08:32:26,944] {logging_mixin.py:115} INFO - https://shopping-phinf.pstatic.net/main_2091432/20914327278.20210303111810.jpg?type=f140 웨이코스 씽크웨이 토체티 텐키리스 D&T 콜라보 체리 키보드 134,000원 
[2022-08-16 08:32:50,505] {logging_mixin.py:115} INFO - https://shopping-phinf.pstatic.net/main_2623425/26234257523.20210304112105.jpg?type=f140 COX CK87 레드/그레이 게이트론 LED 게이밍 기계식 39,900원 
[2022-08-16 08:33:14,243] {logging_mixin.py:115} INFO - https://shopping-phinf.pstatic.net/main_7996481/7996481579.20141006112401.jpg?type=f140 로지텍 K480 18,360원 
[2022-08-16 08:33:37,845] {logging_mixin.py:115} INFO - https://shopping-phinf.pstatic.net/main_1154397/11543977111.20211210124538.jpg?type=f140 로지텍G G413 기계식 게이밍 키보드 59,780원 
[2022-08-16 08:33:43,070] {logging_mixin.py:115} INFO - 2
[2022-08-16 08:34:06,647] {logging_mixin.py:115} INFO - https://shopping-phinf.pstatic.net/main_1824373/18243733436.20190322134021.jpg?type=f140 COX CK450 교체축 사이드 RGB 기계식 게이밍 32,600원 
[2022-08-16 08:34:30,219] {logging_mixin.py:115} INFO - https://shopping-phinf.pstatic.net/main_1214685/12146852973.20220714135921.jpg?type=f140 앱코 K660 축교환 완전방수 게이밍 카일광축 레인보우LED 53,500원 
[2022-08-16 08:34:53,819] {logging_mixin.py:115} INFO - https://shopping-phinf.pstatic.net/main_2332149/23321490490.20200701181358.jpg?type=f140 COX CK01 PBT 43,900원 
[2022-08-16 08:35:17,450] {logging_mixin.py:115} INFO - https://shopping-phinf.pstatic.net/main_2992245/29922458618.20220303175959.jpg?type=f140 앱코 K840 스퀘어 레트로 축교환 기계식 키보드 47,900원 
[2022-08-16 08:35:41,017] {logging_mixin.py:115} INFO - https://shopping-phinf.pstatic.net/main_2158566/21585664463.20191225114207.jpg?type=f140 HP GK400F LED 게이밍 기계식 키보드 25,900원 
[2022-08-16 08:35:46,248] {logging_mixin.py:115} INFO - 3
[2022-08-16 08:35:46,373] {python.py:173} INFO - Done. Returned value was: None
[2022-08-16 08:35:46,391] {taskinstance.py:1420} INFO - Marking task as SUCCESS. dag_id=craw, task_id=cr3, execution_date=20220814T145500, start_date=20220816T082915, end_date=20220816T083546
[2022-08-16 08:35:46,440] {local_task_job.py:156} INFO - Task exited with return code 0
[2022-08-16 08:35:46,466] {local_task_job.py:273} INFO - 0 downstream tasks scheduled from follow-on schedule check
