[2022-08-17 07:14:46,837] {processor.py:153} INFO - Started process (PID=42) to work on /opt/airflow/dags/tmp.py
[2022-08-17 07:14:46,838] {processor.py:641} INFO - Processing file /opt/airflow/dags/tmp.py for tasks to queue
[2022-08-17 07:14:46,839] {logging_mixin.py:115} INFO - [2022-08-17 07:14:46,839] {dagbag.py:508} INFO - Filling up the DagBag from /opt/airflow/dags/tmp.py
[2022-08-17 07:14:47,234] {processor.py:651} INFO - DAG(s) dict_keys(['fuck']) retrieved from /opt/airflow/dags/tmp.py
[2022-08-17 07:14:47,253] {logging_mixin.py:115} INFO - [2022-08-17 07:14:47,253] {dag.py:2420} INFO - Sync 1 DAGs
[2022-08-17 07:14:47,275] {logging_mixin.py:115} INFO - [2022-08-17 07:14:47,275] {dag.py:2972} INFO - Setting next_dagrun for fuck to 2022-08-08T00:00:00+00:00, run_after=2022-08-09T00:00:00+00:00
[2022-08-17 07:14:47,286] {processor.py:161} INFO - Processing /opt/airflow/dags/tmp.py took 0.452 seconds
[2022-08-17 07:15:17,332] {processor.py:153} INFO - Started process (PID=115) to work on /opt/airflow/dags/tmp.py
[2022-08-17 07:15:17,333] {processor.py:641} INFO - Processing file /opt/airflow/dags/tmp.py for tasks to queue
[2022-08-17 07:15:17,333] {logging_mixin.py:115} INFO - [2022-08-17 07:15:17,333] {dagbag.py:508} INFO - Filling up the DagBag from /opt/airflow/dags/tmp.py
[2022-08-17 07:15:17,561] {processor.py:651} INFO - DAG(s) dict_keys(['fuck']) retrieved from /opt/airflow/dags/tmp.py
[2022-08-17 07:15:17,581] {logging_mixin.py:115} INFO - [2022-08-17 07:15:17,581] {dag.py:2420} INFO - Sync 1 DAGs
[2022-08-17 07:15:17,608] {logging_mixin.py:115} INFO - [2022-08-17 07:15:17,607] {dag.py:2972} INFO - Setting next_dagrun for fuck to 2022-08-08T00:00:00+00:00, run_after=2022-08-09T00:00:00+00:00
[2022-08-17 07:15:17,620] {processor.py:161} INFO - Processing /opt/airflow/dags/tmp.py took 0.292 seconds
[2022-08-17 07:15:48,573] {processor.py:153} INFO - Started process (PID=182) to work on /opt/airflow/dags/tmp.py
[2022-08-17 07:15:48,574] {processor.py:641} INFO - Processing file /opt/airflow/dags/tmp.py for tasks to queue
[2022-08-17 07:15:48,575] {logging_mixin.py:115} INFO - [2022-08-17 07:15:48,574] {dagbag.py:508} INFO - Filling up the DagBag from /opt/airflow/dags/tmp.py
[2022-08-17 07:15:48,812] {processor.py:651} INFO - DAG(s) dict_keys(['fuck']) retrieved from /opt/airflow/dags/tmp.py
[2022-08-17 07:15:48,835] {logging_mixin.py:115} INFO - [2022-08-17 07:15:48,835] {dag.py:2420} INFO - Sync 1 DAGs
[2022-08-17 07:15:48,871] {logging_mixin.py:115} INFO - [2022-08-17 07:15:48,871] {dag.py:2972} INFO - Setting next_dagrun for fuck to 2022-08-08T00:00:00+00:00, run_after=2022-08-09T00:00:00+00:00
[2022-08-17 07:15:48,890] {processor.py:161} INFO - Processing /opt/airflow/dags/tmp.py took 0.321 seconds
[2022-08-17 07:16:18,921] {processor.py:153} INFO - Started process (PID=238) to work on /opt/airflow/dags/tmp.py
[2022-08-17 07:16:18,922] {processor.py:641} INFO - Processing file /opt/airflow/dags/tmp.py for tasks to queue
[2022-08-17 07:16:18,923] {logging_mixin.py:115} INFO - [2022-08-17 07:16:18,923] {dagbag.py:508} INFO - Filling up the DagBag from /opt/airflow/dags/tmp.py
[2022-08-17 07:16:19,092] {processor.py:651} INFO - DAG(s) dict_keys(['fuck']) retrieved from /opt/airflow/dags/tmp.py
[2022-08-17 07:16:19,112] {logging_mixin.py:115} INFO - [2022-08-17 07:16:19,112] {dag.py:2420} INFO - Sync 1 DAGs
[2022-08-17 07:16:19,133] {logging_mixin.py:115} INFO - [2022-08-17 07:16:19,133] {dag.py:2972} INFO - Setting next_dagrun for fuck to 2022-08-08T00:00:00+00:00, run_after=2022-08-09T00:00:00+00:00
[2022-08-17 07:16:19,146] {processor.py:161} INFO - Processing /opt/airflow/dags/tmp.py took 0.229 seconds
[2022-08-17 07:16:49,386] {processor.py:153} INFO - Started process (PID=305) to work on /opt/airflow/dags/tmp.py
[2022-08-17 07:16:49,387] {processor.py:641} INFO - Processing file /opt/airflow/dags/tmp.py for tasks to queue
[2022-08-17 07:16:49,387] {logging_mixin.py:115} INFO - [2022-08-17 07:16:49,387] {dagbag.py:508} INFO - Filling up the DagBag from /opt/airflow/dags/tmp.py
[2022-08-17 07:16:49,590] {processor.py:651} INFO - DAG(s) dict_keys(['fuck']) retrieved from /opt/airflow/dags/tmp.py
[2022-08-17 07:16:49,610] {logging_mixin.py:115} INFO - [2022-08-17 07:16:49,610] {dag.py:2420} INFO - Sync 1 DAGs
[2022-08-17 07:16:49,630] {logging_mixin.py:115} INFO - [2022-08-17 07:16:49,630] {dag.py:2972} INFO - Setting next_dagrun for fuck to 2022-08-08T00:00:00+00:00, run_after=2022-08-09T00:00:00+00:00
[2022-08-17 07:16:49,642] {processor.py:161} INFO - Processing /opt/airflow/dags/tmp.py took 0.259 seconds
[2022-08-17 07:17:20,102] {processor.py:153} INFO - Started process (PID=362) to work on /opt/airflow/dags/tmp.py
[2022-08-17 07:17:20,103] {processor.py:641} INFO - Processing file /opt/airflow/dags/tmp.py for tasks to queue
[2022-08-17 07:17:20,103] {logging_mixin.py:115} INFO - [2022-08-17 07:17:20,103] {dagbag.py:508} INFO - Filling up the DagBag from /opt/airflow/dags/tmp.py
[2022-08-17 07:17:20,285] {processor.py:651} INFO - DAG(s) dict_keys(['fuck']) retrieved from /opt/airflow/dags/tmp.py
[2022-08-17 07:17:20,306] {logging_mixin.py:115} INFO - [2022-08-17 07:17:20,306] {dag.py:2420} INFO - Sync 1 DAGs
[2022-08-17 07:17:20,328] {logging_mixin.py:115} INFO - [2022-08-17 07:17:20,328] {dag.py:2972} INFO - Setting next_dagrun for fuck to 2022-08-08T00:00:00+00:00, run_after=2022-08-09T00:00:00+00:00
[2022-08-17 07:17:20,346] {processor.py:161} INFO - Processing /opt/airflow/dags/tmp.py took 0.247 seconds
