[2022-08-18 04:39:05,687] {taskinstance.py:1179} INFO - Dependencies all met for <TaskInstance: craw.db manual__2022-08-18T04:38:28.162136+00:00 [queued]>
[2022-08-18 04:39:05,806] {taskinstance.py:1179} INFO - Dependencies all met for <TaskInstance: craw.db manual__2022-08-18T04:38:28.162136+00:00 [queued]>
[2022-08-18 04:39:05,807] {taskinstance.py:1376} INFO - 
--------------------------------------------------------------------------------
[2022-08-18 04:39:05,808] {taskinstance.py:1377} INFO - Starting attempt 1 of 2
[2022-08-18 04:39:05,836] {taskinstance.py:1378} INFO - 
--------------------------------------------------------------------------------
[2022-08-18 04:39:06,064] {taskinstance.py:1397} INFO - Executing <Task(PythonOperator): db> on 2022-08-18 04:38:28.162136+00:00
[2022-08-18 04:39:06,101] {standard_task_runner.py:52} INFO - Started process 2133 to run task
[2022-08-18 04:39:06,202] {standard_task_runner.py:79} INFO - Running: ['***', 'tasks', 'run', 'craw', 'db', 'manual__2022-08-18T04:38:28.162136+00:00', '--job-id', '185', '--raw', '--subdir', 'DAGS_FOLDER/newtest.py', '--cfg-path', '/tmp/tmpnq8eytxw', '--error-file', '/tmp/tmprfnl8gx9']
[2022-08-18 04:39:06,221] {standard_task_runner.py:80} INFO - Job 185: Subtask db
[2022-08-18 04:39:06,690] {task_command.py:371} INFO - Running <TaskInstance: craw.db manual__2022-08-18T04:38:28.162136+00:00 [running]> on host d59619969b18
[2022-08-18 04:39:07,255] {taskinstance.py:1591} INFO - Exporting the following env vars:
AIRFLOW_CTX_DAG_OWNER=***
AIRFLOW_CTX_DAG_ID=craw
AIRFLOW_CTX_TASK_ID=db
AIRFLOW_CTX_EXECUTION_DATE=2022-08-18T04:38:28.162136+00:00
AIRFLOW_CTX_TRY_NUMBER=1
AIRFLOW_CTX_DAG_RUN_ID=manual__2022-08-18T04:38:28.162136+00:00
[2022-08-18 04:39:38,363] {base.py:68} INFO - Using connection ID 'mysql' for task execution.
[2022-08-18 04:39:38,685] {taskinstance.py:1909} ERROR - Task failed with exception
Traceback (most recent call last):
  File "/home/airflow/.local/lib/python3.7/site-packages/airflow/operators/python.py", line 171, in execute
    return_value = self.execute_callable()
  File "/home/airflow/.local/lib/python3.7/site-packages/airflow/operators/python.py", line 189, in execute_callable
    return self.python_callable(*self.op_args, **self.op_kwargs)
  File "/opt/airflow/dags/newtest.py", line 122, in totaldb
    spark=SparkSession.builder.appName('totalDB').getOrCreate()
  File "/home/airflow/.local/lib/python3.7/site-packages/pyspark/sql/session.py", line 269, in getOrCreate
    sc = SparkContext.getOrCreate(sparkConf)
  File "/home/airflow/.local/lib/python3.7/site-packages/pyspark/context.py", line 483, in getOrCreate
    SparkContext(conf=conf or SparkConf())
  File "/home/airflow/.local/lib/python3.7/site-packages/pyspark/context.py", line 195, in __init__
    SparkContext._ensure_initialized(self, gateway=gateway, conf=conf)
  File "/home/airflow/.local/lib/python3.7/site-packages/pyspark/context.py", line 417, in _ensure_initialized
    SparkContext._gateway = gateway or launch_gateway(conf)
  File "/home/airflow/.local/lib/python3.7/site-packages/pyspark/java_gateway.py", line 106, in launch_gateway
    raise RuntimeError("Java gateway process exited before sending its port number")
RuntimeError: Java gateway process exited before sending its port number
[2022-08-18 04:39:38,793] {taskinstance.py:1420} INFO - Marking task as UP_FOR_RETRY. dag_id=craw, task_id=db, execution_date=20220818T043828, start_date=20220818T043905, end_date=20220818T043938
[2022-08-18 04:39:38,855] {standard_task_runner.py:97} ERROR - Failed to execute job 185 for task db (Java gateway process exited before sending its port number; 2133)
[2022-08-18 04:39:38,905] {local_task_job.py:156} INFO - Task exited with return code 1
[2022-08-18 04:39:39,083] {local_task_job.py:273} INFO - 0 downstream tasks scheduled from follow-on schedule check
