[2022-08-18 06:11:35,400] {taskinstance.py:1179} INFO - Dependencies all met for <TaskInstance: craw.db manual__2022-08-18T04:38:28.162136+00:00 [queued]>
[2022-08-18 06:11:35,418] {taskinstance.py:1179} INFO - Dependencies all met for <TaskInstance: craw.db manual__2022-08-18T04:38:28.162136+00:00 [queued]>
[2022-08-18 06:11:35,418] {taskinstance.py:1376} INFO - 
--------------------------------------------------------------------------------
[2022-08-18 06:11:35,419] {taskinstance.py:1377} INFO - Starting attempt 11 of 12
[2022-08-18 06:11:35,420] {taskinstance.py:1378} INFO - 
--------------------------------------------------------------------------------
[2022-08-18 06:11:35,445] {taskinstance.py:1397} INFO - Executing <Task(PythonOperator): db> on 2022-08-18 04:38:28.162136+00:00
[2022-08-18 06:11:35,451] {standard_task_runner.py:52} INFO - Started process 4521 to run task
[2022-08-18 06:11:35,457] {standard_task_runner.py:79} INFO - Running: ['***', 'tasks', 'run', 'craw', 'db', 'manual__2022-08-18T04:38:28.162136+00:00', '--job-id', '229', '--raw', '--subdir', 'DAGS_FOLDER/newtest.py', '--cfg-path', '/tmp/tmp4xeyc91k', '--error-file', '/tmp/tmp5ux0wr26']
[2022-08-18 06:11:35,460] {standard_task_runner.py:80} INFO - Job 229: Subtask db
[2022-08-18 06:11:35,577] {task_command.py:371} INFO - Running <TaskInstance: craw.db manual__2022-08-18T04:38:28.162136+00:00 [running]> on host 94a850521595
[2022-08-18 06:11:35,705] {taskinstance.py:1591} INFO - Exporting the following env vars:
AIRFLOW_CTX_DAG_OWNER=***
AIRFLOW_CTX_DAG_ID=craw
AIRFLOW_CTX_TASK_ID=db
AIRFLOW_CTX_EXECUTION_DATE=2022-08-18T04:38:28.162136+00:00
AIRFLOW_CTX_TRY_NUMBER=11
AIRFLOW_CTX_DAG_RUN_ID=manual__2022-08-18T04:38:28.162136+00:00
[2022-08-18 06:11:35,723] {base.py:68} INFO - Using connection ID 'mysql' for task execution.
[2022-08-18 06:11:35,735] {logging_mixin.py:115} INFO - <class 'tuple'>
[2022-08-18 06:11:35,736] {python.py:173} INFO - Done. Returned value was: None
[2022-08-18 06:11:36,645] {taskinstance.py:1420} INFO - Marking task as SUCCESS. dag_id=craw, task_id=db, execution_date=20220818T043828, start_date=20220818T061135, end_date=20220818T061136
[2022-08-18 06:11:36,714] {local_task_job.py:156} INFO - Task exited with return code 0
[2022-08-18 06:11:36,829] {local_task_job.py:273} INFO - 0 downstream tasks scheduled from follow-on schedule check
