[2022-08-18 06:07:15,149] {taskinstance.py:1179} INFO - Dependencies all met for <TaskInstance: craw.db manual__2022-08-18T04:38:28.162136+00:00 [queued]>
[2022-08-18 06:07:15,175] {taskinstance.py:1179} INFO - Dependencies all met for <TaskInstance: craw.db manual__2022-08-18T04:38:28.162136+00:00 [queued]>
[2022-08-18 06:07:15,175] {taskinstance.py:1376} INFO - 
--------------------------------------------------------------------------------
[2022-08-18 06:07:15,176] {taskinstance.py:1377} INFO - Starting attempt 9 of 10
[2022-08-18 06:07:15,177] {taskinstance.py:1378} INFO - 
--------------------------------------------------------------------------------
[2022-08-18 06:07:15,211] {taskinstance.py:1397} INFO - Executing <Task(PythonOperator): db> on 2022-08-18 04:38:28.162136+00:00
[2022-08-18 06:07:15,222] {standard_task_runner.py:52} INFO - Started process 4343 to run task
[2022-08-18 06:07:15,229] {standard_task_runner.py:79} INFO - Running: ['***', 'tasks', 'run', 'craw', 'db', 'manual__2022-08-18T04:38:28.162136+00:00', '--job-id', '227', '--raw', '--subdir', 'DAGS_FOLDER/newtest.py', '--cfg-path', '/tmp/tmp7b1mih_v', '--error-file', '/tmp/tmp8unxqn0f']
[2022-08-18 06:07:15,232] {standard_task_runner.py:80} INFO - Job 227: Subtask db
[2022-08-18 06:07:15,390] {task_command.py:371} INFO - Running <TaskInstance: craw.db manual__2022-08-18T04:38:28.162136+00:00 [running]> on host 94a850521595
[2022-08-18 06:07:15,542] {taskinstance.py:1591} INFO - Exporting the following env vars:
AIRFLOW_CTX_DAG_OWNER=***
AIRFLOW_CTX_DAG_ID=craw
AIRFLOW_CTX_TASK_ID=db
AIRFLOW_CTX_EXECUTION_DATE=2022-08-18T04:38:28.162136+00:00
AIRFLOW_CTX_TRY_NUMBER=9
AIRFLOW_CTX_DAG_RUN_ID=manual__2022-08-18T04:38:28.162136+00:00
[2022-08-18 06:07:15,566] {base.py:68} INFO - Using connection ID 'mysql' for task execution.
[2022-08-18 06:07:15,866] {logging_mixin.py:115} INFO -                                                 image  ... review
0   b'https://searchad-phinf.pstatic.net/MjAyMTEyM...  ...       
1   b'https://shopping-phinf.pstatic.net/main_2089...  ...       
2   b'https://shopping-phinf.pstatic.net/main_2992...  ...       
3   b'https://searchad-phinf.pstatic.net/MjAyMTA3M...  ...       
4   b'https://shopping-phinf.pstatic.net/main_3306...  ...       
..                                                ...  ...    ...
85  b'https://shopping-phinf.pstatic.net/main_2061...  ...       
86  b'https://shopping-phinf.pstatic.net/main_1885...  ...       
87  b'https://searchad-phinf.pstatic.net/MjAyMTA3M...  ...       
88  b'https://shopping-phinf.pstatic.net/main_1941...  ...       
89  b'https://shopping-phinf.pstatic.net/main_2158...  ...       

[90 rows x 4 columns]
[2022-08-18 06:07:15,867] {python.py:173} INFO - Done. Returned value was: None
[2022-08-18 06:07:15,902] {taskinstance.py:1420} INFO - Marking task as SUCCESS. dag_id=craw, task_id=db, execution_date=20220818T043828, start_date=20220818T060715, end_date=20220818T060715
[2022-08-18 06:07:15,962] {local_task_job.py:156} INFO - Task exited with return code 0
[2022-08-18 06:07:16,031] {local_task_job.py:273} INFO - 0 downstream tasks scheduled from follow-on schedule check
