[2022-08-11 04:18:37,961] {taskinstance.py:1179} INFO - Dependencies all met for <TaskInstance: craw.result manual__2022-08-11T03:53:18.519341+00:00 [queued]>
[2022-08-11 04:18:37,985] {taskinstance.py:1179} INFO - Dependencies all met for <TaskInstance: craw.result manual__2022-08-11T03:53:18.519341+00:00 [queued]>
[2022-08-11 04:18:37,986] {taskinstance.py:1376} INFO - 
--------------------------------------------------------------------------------
[2022-08-11 04:18:37,986] {taskinstance.py:1377} INFO - Starting attempt 1 of 2
[2022-08-11 04:18:37,987] {taskinstance.py:1378} INFO - 
--------------------------------------------------------------------------------
[2022-08-11 04:18:38,020] {taskinstance.py:1397} INFO - Executing <Task(PythonOperator): result> on 2022-08-11 03:53:18.519341+00:00
[2022-08-11 04:18:38,029] {standard_task_runner.py:52} INFO - Started process 8779 to run task
[2022-08-11 04:18:38,036] {standard_task_runner.py:79} INFO - Running: ['***', 'tasks', 'run', 'craw', 'result', 'manual__2022-08-11T03:53:18.519341+00:00', '--job-id', '63', '--raw', '--subdir', 'DAGS_FOLDER/newtest.py', '--cfg-path', '/tmp/tmplj6p4ozx', '--error-file', '/tmp/tmpo0o1xvee']
[2022-08-11 04:18:38,038] {standard_task_runner.py:80} INFO - Job 63: Subtask result
[2022-08-11 04:18:38,172] {task_command.py:371} INFO - Running <TaskInstance: craw.result manual__2022-08-11T03:53:18.519341+00:00 [running]> on host d59619969b18
[2022-08-11 04:18:38,419] {taskinstance.py:1591} INFO - Exporting the following env vars:
AIRFLOW_CTX_DAG_OWNER=***
AIRFLOW_CTX_DAG_ID=craw
AIRFLOW_CTX_TASK_ID=result
AIRFLOW_CTX_EXECUTION_DATE=2022-08-11T03:53:18.519341+00:00
AIRFLOW_CTX_TRY_NUMBER=1
AIRFLOW_CTX_DAG_RUN_ID=manual__2022-08-11T03:53:18.519341+00:00
[2022-08-11 04:18:38,427] {logging_mixin.py:115} INFO - []
[2022-08-11 04:18:38,428] {python.py:173} INFO - Done. Returned value was: None
[2022-08-11 04:18:42,050] {taskinstance.py:1420} INFO - Marking task as SUCCESS. dag_id=craw, task_id=result, execution_date=20220811T035318, start_date=20220811T041837, end_date=20220811T041842
[2022-08-11 04:18:42,112] {local_task_job.py:156} INFO - Task exited with return code 0
[2022-08-11 04:18:42,173] {local_task_job.py:273} INFO - 0 downstream tasks scheduled from follow-on schedule check
