[2022-08-16 08:32:58,881] {taskinstance.py:1179} INFO - Dependencies all met for <TaskInstance: craw.cr5 manual__2022-08-16T08:24:09.230200+00:00 [queued]>
[2022-08-16 08:32:58,895] {taskinstance.py:1179} INFO - Dependencies all met for <TaskInstance: craw.cr5 manual__2022-08-16T08:24:09.230200+00:00 [queued]>
[2022-08-16 08:32:58,895] {taskinstance.py:1376} INFO - 
--------------------------------------------------------------------------------
[2022-08-16 08:32:58,896] {taskinstance.py:1377} INFO - Starting attempt 2 of 2
[2022-08-16 08:32:58,896] {taskinstance.py:1378} INFO - 
--------------------------------------------------------------------------------
[2022-08-16 08:32:58,911] {taskinstance.py:1397} INFO - Executing <Task(PythonOperator): cr5> on 2022-08-16 08:24:09.230200+00:00
[2022-08-16 08:32:58,917] {standard_task_runner.py:52} INFO - Started process 9211 to run task
[2022-08-16 08:32:58,922] {standard_task_runner.py:79} INFO - Running: ['***', 'tasks', 'run', 'craw', 'cr5', 'manual__2022-08-16T08:24:09.230200+00:00', '--job-id', '90', '--raw', '--subdir', 'DAGS_FOLDER/newtest.py', '--cfg-path', '/tmp/tmpgyw6u810', '--error-file', '/tmp/tmpijq987yg']
[2022-08-16 08:32:58,923] {standard_task_runner.py:80} INFO - Job 90: Subtask cr5
[2022-08-16 08:32:59,012] {task_command.py:371} INFO - Running <TaskInstance: craw.cr5 manual__2022-08-16T08:24:09.230200+00:00 [running]> on host 74c2759f33bd
[2022-08-16 08:32:59,114] {taskinstance.py:1591} INFO - Exporting the following env vars:
AIRFLOW_CTX_DAG_OWNER=***
AIRFLOW_CTX_DAG_ID=craw
AIRFLOW_CTX_TASK_ID=cr5
AIRFLOW_CTX_EXECUTION_DATE=2022-08-16T08:24:09.230200+00:00
AIRFLOW_CTX_TRY_NUMBER=2
AIRFLOW_CTX_DAG_RUN_ID=manual__2022-08-16T08:24:09.230200+00:00
[2022-08-16 08:32:59,134] {base.py:68} INFO - Using connection ID 'mysql' for task execution.
[2022-08-16 08:32:59,138] {logger.py:11} INFO - ====== WebDriver manager ======
[2022-08-16 08:32:59,300] {logger.py:11} INFO - Get LATEST chromedriver version for google-chrome 104.0.5112
[2022-08-16 08:32:59,772] {logger.py:11} INFO - Driver [/home/***/.wdm/drivers/chromedriver/linux64/104.0.5112/chromedriver] found in cache
[2022-08-16 08:33:40,890] {logging_mixin.py:115} INFO - https://shopping-phinf.pstatic.net/main_3086062/30860624618.20220209092012.jpg?type=f140 한성컴퓨터 GK200 RAINBOW 게이밍 기계식 키보드 36,900원 
[2022-08-16 08:34:04,428] {logging_mixin.py:115} INFO - https://shopping-phinf.pstatic.net/main_2897450/28974501586.20220803145130.jpg?type=f140 아이리버 MEDIC-BK1 항균 블루투스 키보드 39,402원 
[2022-08-16 08:34:28,024] {logging_mixin.py:115} INFO - https://shopping-phinf.pstatic.net/main_2336494/23364942490.20200706104104.jpg?type=f140 한성컴퓨터 GK787S OfficeMaster 체리 기계식키보드 79,101원 
[2022-08-16 08:34:51,618] {logging_mixin.py:115} INFO - https://shopping-phinf.pstatic.net/main_2013869/20138695528.20220610100245.jpg?type=f140 한성컴퓨터 GK898B OfficeMaster 한글 157,410원 
[2022-08-16 08:35:15,232] {logging_mixin.py:115} INFO - https://searchad-phinf.pstatic.net/MjAyMTEyMjFfMjgx/MDAxNjQwMDU2Njc2NjUy.Ob1_cxGTyqNiAIztA-Go5XzACCOEMTzg8KsXQBHAy9Ug.WLbtKsrkcXNkN2TdF96V2tP5GJs-W36zVQAB5pYADkEg.PNG/1871830-d9c5ef97-322f-4073-874e-584610ec51b1.png?type=f200 티앤에스인터내셔널 VALKAN 게이밍 키보드 64,400원 
[2022-08-16 08:35:20,495] {logging_mixin.py:115} INFO - 1
[2022-08-16 08:35:44,097] {logging_mixin.py:115} INFO - https://shopping-phinf.pstatic.net/main_2183882/21838827773.20200129100927.jpg?type=f140 앱코 K611 텐키리스 카일광축 완전방수 축교환 게이밍 키보드 39,900원 
[2022-08-16 08:36:07,643] {logging_mixin.py:115} INFO - https://shopping-phinf.pstatic.net/main_3049942/30499423619.20220207181226.jpg?type=f140 몬스타기어 닌자87PRO RGB DIY 퀵스왑 조립 커스텀 기계식 키보드 65,000원 
[2022-08-16 08:36:31,136] {logging_mixin.py:115} INFO - https://shopping-phinf.pstatic.net/main_1727840/17278403481.20190130110759.jpg?type=f140 COX 엠프리스 RGB PBT 완전방수 무접점 키보드 180,000원 
[2022-08-16 08:36:54,693] {logging_mixin.py:115} INFO - https://shopping-phinf.pstatic.net/main_1724700/17247003034.20210224135330.jpg?type=f140 퓨전에프앤씨 아이노트 X-KEY 38BT 19,900원 
[2022-08-16 08:37:18,283] {logging_mixin.py:115} INFO - https://shopping-phinf.pstatic.net/main_2604016/26040163522.20210218152623.jpg?type=f140 로이체 KT5 PRO 17,900원 
[2022-08-16 08:37:23,483] {logging_mixin.py:115} INFO - 2
[2022-08-16 08:37:47,013] {logging_mixin.py:115} INFO - https://shopping-phinf.pstatic.net/main_3086062/30860624618.20220209092012.jpg?type=f140 한성컴퓨터 GK200 RAINBOW 게이밍 기계식 키보드 36,900원 
[2022-08-16 08:38:10,549] {logging_mixin.py:115} INFO - https://shopping-phinf.pstatic.net/main_2897450/28974501586.20220803145130.jpg?type=f140 아이리버 MEDIC-BK1 항균 블루투스 키보드 39,402원 
[2022-08-16 08:38:34,112] {logging_mixin.py:115} INFO - https://shopping-phinf.pstatic.net/main_2336494/23364942490.20200706104104.jpg?type=f140 한성컴퓨터 GK787S OfficeMaster 체리 기계식키보드 79,101원 
[2022-08-16 08:38:57,673] {logging_mixin.py:115} INFO - https://shopping-phinf.pstatic.net/main_2013869/20138695528.20220610100245.jpg?type=f140 한성컴퓨터 GK898B OfficeMaster 한글 157,410원 
[2022-08-16 08:39:21,243] {logging_mixin.py:115} INFO - https://searchad-phinf.pstatic.net/MjAyMTEyMjFfMjgx/MDAxNjQwMDU2Njc2NjUy.Ob1_cxGTyqNiAIztA-Go5XzACCOEMTzg8KsXQBHAy9Ug.WLbtKsrkcXNkN2TdF96V2tP5GJs-W36zVQAB5pYADkEg.PNG/1871830-d9c5ef97-322f-4073-874e-584610ec51b1.png?type=f200 티앤에스인터내셔널 VALKAN 게이밍 키보드 64,400원 
[2022-08-16 08:39:26,459] {logging_mixin.py:115} INFO - 3
[2022-08-16 08:39:26,524] {python.py:173} INFO - Done. Returned value was: None
[2022-08-16 08:39:26,538] {taskinstance.py:1420} INFO - Marking task as SUCCESS. dag_id=craw, task_id=cr5, execution_date=20220816T082409, start_date=20220816T083258, end_date=20220816T083926
[2022-08-16 08:39:26,597] {local_task_job.py:156} INFO - Task exited with return code 0
[2022-08-16 08:39:26,620] {local_task_job.py:273} INFO - 0 downstream tasks scheduled from follow-on schedule check
