[2022-08-11 03:51:09,235] {taskinstance.py:1179} INFO - Dependencies all met for <TaskInstance: craw.result manual__2022-08-11T03:34:12.774368+00:00 [queued]>
[2022-08-11 03:51:09,267] {taskinstance.py:1179} INFO - Dependencies all met for <TaskInstance: craw.result manual__2022-08-11T03:34:12.774368+00:00 [queued]>
[2022-08-11 03:51:09,267] {taskinstance.py:1376} INFO - 
--------------------------------------------------------------------------------
[2022-08-11 03:51:09,268] {taskinstance.py:1377} INFO - Starting attempt 1 of 2
[2022-08-11 03:51:09,269] {taskinstance.py:1378} INFO - 
--------------------------------------------------------------------------------
[2022-08-11 03:51:09,313] {taskinstance.py:1397} INFO - Executing <Task(PythonOperator): result> on 2022-08-11 03:34:12.774368+00:00
[2022-08-11 03:51:09,325] {standard_task_runner.py:52} INFO - Started process 6430 to run task
[2022-08-11 03:51:09,333] {standard_task_runner.py:79} INFO - Running: ['***', 'tasks', 'run', 'craw', 'result', 'manual__2022-08-11T03:34:12.774368+00:00', '--job-id', '60', '--raw', '--subdir', 'DAGS_FOLDER/newtest.py', '--cfg-path', '/tmp/tmpmh41rcs_', '--error-file', '/tmp/tmpb_7l9n3p']
[2022-08-11 03:51:09,336] {standard_task_runner.py:80} INFO - Job 60: Subtask result
[2022-08-11 03:51:09,493] {task_command.py:371} INFO - Running <TaskInstance: craw.result manual__2022-08-11T03:34:12.774368+00:00 [running]> on host d59619969b18
[2022-08-11 03:51:09,804] {taskinstance.py:1591} INFO - Exporting the following env vars:
AIRFLOW_CTX_DAG_OWNER=***
AIRFLOW_CTX_DAG_ID=craw
AIRFLOW_CTX_TASK_ID=result
AIRFLOW_CTX_EXECUTION_DATE=2022-08-11T03:34:12.774368+00:00
AIRFLOW_CTX_TRY_NUMBER=1
AIRFLOW_CTX_DAG_RUN_ID=manual__2022-08-11T03:34:12.774368+00:00
[2022-08-11 03:51:09,808] {logging_mixin.py:115} INFO - []
[2022-08-11 03:51:09,808] {python.py:173} INFO - Done. Returned value was: None
[2022-08-11 03:51:14,653] {taskinstance.py:1420} INFO - Marking task as SUCCESS. dag_id=craw, task_id=result, execution_date=20220811T033412, start_date=20220811T035109, end_date=20220811T035114
[2022-08-11 03:51:14,732] {local_task_job.py:156} INFO - Task exited with return code 0
[2022-08-11 03:51:14,810] {local_task_job.py:273} INFO - 0 downstream tasks scheduled from follow-on schedule check
