[2022-08-13 10:37:44,507] {taskinstance.py:1179} INFO - Dependencies all met for <TaskInstance: craw.cr2 manual__2022-08-13T10:37:42.092763+00:00 [queued]>
[2022-08-13 10:37:44,527] {taskinstance.py:1179} INFO - Dependencies all met for <TaskInstance: craw.cr2 manual__2022-08-13T10:37:42.092763+00:00 [queued]>
[2022-08-13 10:37:44,528] {taskinstance.py:1376} INFO - 
--------------------------------------------------------------------------------
[2022-08-13 10:37:44,528] {taskinstance.py:1377} INFO - Starting attempt 1 of 2
[2022-08-13 10:37:44,529] {taskinstance.py:1378} INFO - 
--------------------------------------------------------------------------------
[2022-08-13 10:37:44,560] {taskinstance.py:1397} INFO - Executing <Task(PythonOperator): cr2> on 2022-08-13 10:37:42.092763+00:00
[2022-08-13 10:37:44,567] {standard_task_runner.py:52} INFO - Started process 5274 to run task
[2022-08-13 10:37:44,572] {standard_task_runner.py:79} INFO - Running: ['***', 'tasks', 'run', 'craw', 'cr2', 'manual__2022-08-13T10:37:42.092763+00:00', '--job-id', '85', '--raw', '--subdir', 'DAGS_FOLDER/newtest.py', '--cfg-path', '/tmp/tmpzzgu_sv9', '--error-file', '/tmp/tmpkhsv19sa']
[2022-08-13 10:37:44,575] {standard_task_runner.py:80} INFO - Job 85: Subtask cr2
[2022-08-13 10:37:44,689] {task_command.py:371} INFO - Running <TaskInstance: craw.cr2 manual__2022-08-13T10:37:42.092763+00:00 [running]> on host cdb6935da655
[2022-08-13 10:37:44,842] {taskinstance.py:1591} INFO - Exporting the following env vars:
AIRFLOW_CTX_DAG_OWNER=***
AIRFLOW_CTX_DAG_ID=craw
AIRFLOW_CTX_TASK_ID=cr2
AIRFLOW_CTX_EXECUTION_DATE=2022-08-13T10:37:42.092763+00:00
AIRFLOW_CTX_TRY_NUMBER=1
AIRFLOW_CTX_DAG_RUN_ID=manual__2022-08-13T10:37:42.092763+00:00
[2022-08-13 10:37:45,143] {base.py:68} INFO - Using connection ID 'mysql' for task execution.
[2022-08-13 10:37:45,147] {logger.py:11} INFO - ====== WebDriver manager ======
[2022-08-13 10:37:45,300] {logger.py:11} INFO - Get LATEST chromedriver version for google-chrome 104.0.5112
[2022-08-13 10:37:45,769] {logger.py:11} INFO - Driver [/home/***/.wdm/drivers/chromedriver/linux64/104.0.5112/chromedriver] found in cache
[2022-08-13 10:38:26,652] {logging_mixin.py:115} INFO - https://shopping-phinf.pstatic.net/main_3261327/32613276618.20220701094114.jpg?type=f140 몬스타기어 Melgeek Mojo68 Plastic 280,000원 다양한 고가의 키보드질을 해왔지만 단연코 플라스틱 하우징 키보드 중 키감은 끝판왕급입니다.

풀알루랑 비교해서도 흔들림, 텅텅거리 상당히 없는 좋은 키보드에요.
다만 요즘 환율땜에 가격이 풀알루키보드급인건 단점..
한영키랑 한자키 등등은 멜긱 사이트에서 소프트웨어 다운받아서 지정 가능하고요. 블루투스 인식 및 전환도 타 제품대비 빠릿한 면이 있어요.

다만 보통 키보드엔 F랑 J에 걸림부분이라고 해야하나? 그게 있어서 손 위치를 안보고 딱 정할 수 있는데 이 키보드는 그게 없어요. 그래서 가끔 안보고 막치면 오타나는 경우가 좀 있음.

키 높이도 좀 있어서 그런지 다른 평범한 제품대비 오타가 나는 편인데 익숙해지면 .

플라스틱 하우징이라곤 믿기지 않을만한 끝판왕급 키감. 순정 그대로 쓰는 제품 중 이만한 키감 찾기 힘듭니다.농협은행이에요… 게백프로를 갖고싶었던건 아니지만 내심 타건감이 궁금하긴 했는데 아무래도 윤활이 되어서인지 엠스*사의 밀키축이랑 비슷한 느낌도 있구요ㅎㅎ 미니배열 첫도전이라 초반에 고민을 좀 많이했는데 원래도 텐키리스 사용자였던데다가 f열도 새로고침 제외하면 거의 안쓰고, 제가 독수리 타법이라 우쉽도 아예 안쓴다는걸 알게되면서 구매했습니다. 루프가 없다는게 많이 아쉽긴한데 대체할만한게 있나 찾아봐야죠
키보드 잘 모르는 친구들도 보면서 예쁘다고 한마디씩 합니다ㅎㅎ가격이 부담스러워 고민하다 샀는데 디자인은 말 할 것도 없이 너무 좋구요.
백축 처음 써보는데 키감이 가볍고 부드러워서 마음에 듭니다.
공장윤활은 별로 기대를 안 해서 따로 축을 사놨었지만 당분간 그대로 쓸 예정
키맵핑은 몬스타기어 홈페이지 들어가셔서 다운받으시고 하면 됩니다.너무 예쁩니다 유무선 핫스왑 미니배열의 괜찮은 가격대 제품을 구매한 것 같습니다
요리조리 갖고 노느라 정신 없어서 이제야 리뷰를 쓰네요
황축을 선택하고 싶었는데 백축만 선택할 수 있어서 아쉬웠지만 핫스왑이니 스위치는 바꾸면 그만이라 괜찮았습니다
기존에 끼워져있던 백축도 윤활이 잘 되어 있어 만족스러운 타건입니다.말씀 주신대로 동일 위치에 같은 크기로 또 실기스가 있어서 약간 놀라긴 했습니다. 하지만 초기 대응이 너무 만족 스러웠고, 몬스타기어에서 제품 처음 구매해보는데 앞으로도 믿고 구매할 수 있을 것 같아요 :)리니어 스위치를 선호하는데 게이트론 백축 가볍고 좋네요!
그리고 무엇보다 너무 예쁩니다ㅎㅎ
공장 윤활도 잘 되어있는지 스위치나 스테빌에서 전혀 잡음도 없고 너무 마음에 들어요60% 세팅 한 번 해보려고 구매했습니다
근데 스위치 등 다 교체할건데 받은 그대로 좀 쳐보니 기성품 세팅으로도 좋은 제품이군요
디자인도 좋고 만족합니다디자인 이쁜데 한자 써있는거 너무 별로구요.. 한영키 바꾸는 정도만이라도 제품 설명에 추가되면 좋겠네요귀여운 디자인에 핫스왑까지 가능함
처음 써보는 축인데 쫀득하니 좋음
사진은 제가 키캡을 바꾼것입다키감 괜찮네요! 투명이라 아주 에쁩니다~! 나중에 키캡 스텀 하면 더 예쁠 것 같아요!비싼 장난감같아요 스위치 이것저것 바꿔써보려고 샀는데 너무 맘에 듭니다원하던 키보드 드디어 받았습니다...손이 덜덜 떨리네요...너무 이뻐요! 키감도 부드러워서 만족스럽네요도각도각 하는 키감고 좋고 키보드도 예쁘네요 키캡 바꿔서 쓰고 있어요 반짝반짝 거려서 쓰기 좋아요이쁘네요 만족스러워요~백축 정말 만족합니다 키감 최고고 디자인도 최고에요배송이 빠르고 키보드 자체 윤활 처리가 되 있어서 아주 만족했습니다 감사합니다 ^^
[2022-08-13 10:38:31,992] {logging_mixin.py:115} INFO - 1
[2022-08-13 10:40:00,301] {logging_mixin.py:115} INFO - https://shopping-phinf.pstatic.net/main_2604016/26040163522.20210218152623.jpg?type=f140 로이체 KT5 PRO 17,900원 고장도 안나고 잘 사용하고 있습니다.
좋아요!!가볍고 좋네요!
오래 잘 쓸 수 있음 좋겠어요~^^갤럭시 스마트폰하고도 바로 연결되서 좋네요매우 가볍고 블루투스 전환도 잘 되고 좋아요!재질이 단단함
화욜 주문했다가 금욜 배송받음깔끔하니 예뻐요 블루투스 접속도 잘 되네요가볍고 아이패드11인치랑 사이즈가 딱이에요역시나 허접하긴하네요 그래도 이가격이면!!키보드가 되게 가볍고 쓰기에 나쁘지 않아요적당히 무난하게 쓰기좋아요!!!엄청 가벼워요ㅋㅋㅋ소리는 스카나 독서실에서 쓰기에는 좀 무리인듯!!!배달도 빠르고 가격도 저렴해서 만족합니다크기가 작아 공간 많이 차지 안해서 좋아요.작고 잘쳐지네요 고장이 안났으면 젛겟어여키감 부드럽고 충방전에서 자유로워 좋아요이가격에 잘 연결되고 안 끊기면 만족이죠.생각보다 소리도 안나요 근데 좀 없어보임정말 가볍고 자석에 붙는 재질이라 좋아요아주 만족하면서 잘쓰고 있습니다 좋아요~가격대비 만족합니다. 키감은 좀 가벼운 듯 하지만 가볍고 들고 다니기에 좋습니다.원하던 싸이즈에 슬림해서 마음에 듭니다가성비 좋네요 33777키스킨 만들어주세요 ㅠㅠ .. 가성비 최고~!! 키스킨만 따로 팔아주셨으면 ㅎㅎ..대박 입니다 만족합니다빠른 배송 너무 감사합니다~
잘 받았습니다 ^^옴청옴청 가벼우요!!!가격만큼 진짜 괜찮은거같아요. 뒷판이 자석이라서 훨씬 더 괜찮은거같아요.너무 너무 좋아요^^만족합니다 2개사서 2배 만족합니다아주좋아요아주좋아요저렴하니 좋아요.ㅋㅋ부자 되세요ㅎㅎㅎㅎㅎㅎ감사강사사가사사가사사가사사사요좋. 아. 요. ~
[2022-08-13 10:40:05,575] {logging_mixin.py:115} INFO - 2
[2022-08-13 10:40:26,410] {logging_mixin.py:115} INFO - https://shopping-phinf.pstatic.net/main_3261327/32613276618.20220701094114.jpg?type=f140 몬스타기어 Melgeek Mojo68 Plastic 280,000원 다양한 고가의 키보드질을 해왔지만 단연코 플라스틱 하우징 키보드 중 키감은 끝판왕급입니다.

풀알루랑 비교해서도 흔들림, 텅텅거리 상당히 없는 좋은 키보드에요.
다만 요즘 환율땜에 가격이 풀알루키보드급인건 단점..
한영키랑 한자키 등등은 멜긱 사이트에서 소프트웨어 다운받아서 지정 가능하고요. 블루투스 인식 및 전환도 타 제품대비 빠릿한 면이 있어요.

다만 보통 키보드엔 F랑 J에 걸림부분이라고 해야하나? 그게 있어서 손 위치를 안보고 딱 정할 수 있는데 이 키보드는 그게 없어요. 그래서 가끔 안보고 막치면 오타나는 경우가 좀 있음.

키 높이도 좀 있어서 그런지 다른 평범한 제품대비 오타가 나는 편인데 익숙해지면 .

플라스틱 하우징이라곤 믿기지 않을만한 끝판왕급 키감. 순정 그대로 쓰는 제품 중 이만한 키감 찾기 힘듭니다.농협은행이에요… 게백프로를 갖고싶었던건 아니지만 내심 타건감이 궁금하긴 했는데 아무래도 윤활이 되어서인지 엠스*사의 밀키축이랑 비슷한 느낌도 있구요ㅎㅎ 미니배열 첫도전이라 초반에 고민을 좀 많이했는데 원래도 텐키리스 사용자였던데다가 f열도 새로고침 제외하면 거의 안쓰고, 제가 독수리 타법이라 우쉽도 아예 안쓴다는걸 알게되면서 구매했습니다. 루프가 없다는게 많이 아쉽긴한데 대체할만한게 있나 찾아봐야죠
키보드 잘 모르는 친구들도 보면서 예쁘다고 한마디씩 합니다ㅎㅎ가격이 부담스러워 고민하다 샀는데 디자인은 말 할 것도 없이 너무 좋구요.
백축 처음 써보는데 키감이 가볍고 부드러워서 마음에 듭니다.
공장윤활은 별로 기대를 안 해서 따로 축을 사놨었지만 당분간 그대로 쓸 예정
키맵핑은 몬스타기어 홈페이지 들어가셔서 다운받으시고 하면 됩니다.너무 예쁩니다 유무선 핫스왑 미니배열의 괜찮은 가격대 제품을 구매한 것 같습니다
요리조리 갖고 노느라 정신 없어서 이제야 리뷰를 쓰네요
황축을 선택하고 싶었는데 백축만 선택할 수 있어서 아쉬웠지만 핫스왑이니 스위치는 바꾸면 그만이라 괜찮았습니다
기존에 끼워져있던 백축도 윤활이 잘 되어 있어 만족스러운 타건입니다.말씀 주신대로 동일 위치에 같은 크기로 또 실기스가 있어서 약간 놀라긴 했습니다. 하지만 초기 대응이 너무 만족 스러웠고, 몬스타기어에서 제품 처음 구매해보는데 앞으로도 믿고 구매할 수 있을 것 같아요 :)리니어 스위치를 선호하는데 게이트론 백축 가볍고 좋네요!
그리고 무엇보다 너무 예쁩니다ㅎㅎ
공장 윤활도 잘 되어있는지 스위치나 스테빌에서 전혀 잡음도 없고 너무 마음에 들어요60% 세팅 한 번 해보려고 구매했습니다
근데 스위치 등 다 교체할건데 받은 그대로 좀 쳐보니 기성품 세팅으로도 좋은 제품이군요
디자인도 좋고 만족합니다디자인 이쁜데 한자 써있는거 너무 별로구요.. 한영키 바꾸는 정도만이라도 제품 설명에 추가되면 좋겠네요귀여운 디자인에 핫스왑까지 가능함
처음 써보는 축인데 쫀득하니 좋음
사진은 제가 키캡을 바꾼것입다키감 괜찮네요! 투명이라 아주 에쁩니다~! 나중에 키캡 스텀 하면 더 예쁠 것 같아요!비싼 장난감같아요 스위치 이것저것 바꿔써보려고 샀는데 너무 맘에 듭니다원하던 키보드 드디어 받았습니다...손이 덜덜 떨리네요...너무 이뻐요! 키감도 부드러워서 만족스럽네요도각도각 하는 키감고 좋고 키보드도 예쁘네요 키캡 바꿔서 쓰고 있어요 반짝반짝 거려서 쓰기 좋아요이쁘네요 만족스러워요~백축 정말 만족합니다 키감 최고고 디자인도 최고에요배송이 빠르고 키보드 자체 윤활 처리가 되 있어서 아주 만족했습니다 감사합니다 ^^
[2022-08-13 10:40:31,718] {logging_mixin.py:115} INFO - 3
[2022-08-13 10:40:31,792] {python.py:173} INFO - Done. Returned value was: None
[2022-08-13 10:40:31,812] {taskinstance.py:1420} INFO - Marking task as SUCCESS. dag_id=craw, task_id=cr2, execution_date=20220813T103742, start_date=20220813T103744, end_date=20220813T104031
[2022-08-13 10:40:31,840] {local_task_job.py:156} INFO - Task exited with return code 0
[2022-08-13 10:40:31,879] {local_task_job.py:273} INFO - 0 downstream tasks scheduled from follow-on schedule check
