[2022-08-18 15:24:54,776] {taskinstance.py:1179} INFO - Dependencies all met for <TaskInstance: craw.cr5 scheduled__2022-08-17T14:55:00+00:00 [queued]>
[2022-08-18 15:24:54,905] {taskinstance.py:1179} INFO - Dependencies all met for <TaskInstance: craw.cr5 scheduled__2022-08-17T14:55:00+00:00 [queued]>
[2022-08-18 15:24:54,991] {taskinstance.py:1376} INFO - 
--------------------------------------------------------------------------------
[2022-08-18 15:24:55,041] {taskinstance.py:1377} INFO - Starting attempt 1 of 2
[2022-08-18 15:24:55,106] {taskinstance.py:1378} INFO - 
--------------------------------------------------------------------------------
[2022-08-18 15:24:55,382] {taskinstance.py:1397} INFO - Executing <Task(PythonOperator): cr5> on 2022-08-17 14:55:00+00:00
[2022-08-18 15:24:55,420] {standard_task_runner.py:52} INFO - Started process 91 to run task
[2022-08-18 15:24:55,454] {standard_task_runner.py:79} INFO - Running: ['***', 'tasks', 'run', 'craw', 'cr5', 'scheduled__2022-08-17T14:55:00+00:00', '--job-id', '177', '--raw', '--subdir', 'DAGS_FOLDER/newtest.py', '--cfg-path', '/tmp/tmpt77wawyn', '--error-file', '/tmp/tmp170k_qsx']
[2022-08-18 15:24:55,518] {standard_task_runner.py:80} INFO - Job 177: Subtask cr5
[2022-08-18 15:24:56,238] {task_command.py:371} INFO - Running <TaskInstance: craw.cr5 scheduled__2022-08-17T14:55:00+00:00 [running]> on host a73b00663d46
[2022-08-18 15:24:57,109] {taskinstance.py:1589} INFO - Exporting the following env vars:
AIRFLOW_CTX_DAG_OWNER=***
AIRFLOW_CTX_DAG_ID=craw
AIRFLOW_CTX_TASK_ID=cr5
AIRFLOW_CTX_EXECUTION_DATE=2022-08-17T14:55:00+00:00
AIRFLOW_CTX_TRY_NUMBER=1
AIRFLOW_CTX_DAG_RUN_ID=scheduled__2022-08-17T14:55:00+00:00
[2022-08-18 15:24:57,361] {base.py:68} INFO - Using connection ID 'mysql' for task execution.
[2022-08-18 15:24:57,519] {logger.py:11} INFO - ====== WebDriver manager ======
[2022-08-18 15:24:58,650] {logger.py:11} INFO - Get LATEST chromedriver version for google-chrome 104.0.5112
[2022-08-18 15:25:00,759] {logger.py:11} INFO - There is no [linux64] chromedriver for browser 104.0.5112 in cache
[2022-08-18 15:25:00,835] {logger.py:11} INFO - About to download new driver from https://chromedriver.storage.googleapis.com/104.0.5112.79/chromedriver_linux64.zip
[2022-08-18 15:25:32,627] {logger.py:11} INFO - Driver has been saved in cache [/home/***/.wdm/drivers/chromedriver/linux64/104.0.5112]
[2022-08-18 15:27:41,677] {logging_mixin.py:115} INFO - https://shopping-phinf.pstatic.net/main_2992245/29922458618.20220303175959.jpg?type=f140 앱코 K840 스퀘어 레트로 축교환 기계식 키보드 47,900원 
[2022-08-18 15:28:12,835] {logging_mixin.py:115} INFO - https://shopping-phinf.pstatic.net/main_2785853/27858532522.20211021110322.jpg?type=f140 앱코 AN02 RGB BAR 축교환 기계식 키보드 34,500원 
[2022-08-18 15:28:45,695] {logging_mixin.py:115} INFO - https://shopping-phinf.pstatic.net/main_2336494/23364942490.20200706104104.jpg?type=f140 한성컴퓨터 GK787S OfficeMaster 체리 기계식키보드 79,900원 
[2022-08-18 15:29:51,103] {logging_mixin.py:115} INFO - https://shopping-phinf.pstatic.net/main_2013869/20138695528.20220610100245.jpg?type=f140 한성컴퓨터 GK898B OfficeMaster 한글 159,000원 
[2022-08-18 15:30:52,385] {logging_mixin.py:115} INFO - https://shopping-phinf.pstatic.net/main_1013013/10130132704.20201113142036.jpg?type=f140 비프렌드 G-MASTER 레인보우 이중사출 청축 39,500원 
[2022-08-18 15:30:57,500] {taskinstance.py:1909} ERROR - Task failed with exception
Traceback (most recent call last):
  File "/home/airflow/.local/lib/python3.8/site-packages/airflow/operators/python.py", line 171, in execute
    return_value = self.execute_callable()
  File "/home/airflow/.local/lib/python3.8/site-packages/airflow/operators/python.py", line 189, in execute_callable
    return self.python_callable(*self.op_args, **self.op_kwargs)
  File "/opt/airflow/dags/newtest.py", line 103, in crawling
    conn.commit()
  File "/home/airflow/.local/lib/python3.8/site-packages/pymysql/connections.py", line 470, in commit
    self._read_ok_packet()
  File "/home/airflow/.local/lib/python3.8/site-packages/pymysql/connections.py", line 443, in _read_ok_packet
    pkt = self._read_packet()
  File "/home/airflow/.local/lib/python3.8/site-packages/pymysql/connections.py", line 692, in _read_packet
    packet_header = self._read_bytes(4)
  File "/home/airflow/.local/lib/python3.8/site-packages/pymysql/connections.py", line 748, in _read_bytes
    raise err.OperationalError(
pymysql.err.OperationalError: (2013, 'Lost connection to MySQL server during query')
[2022-08-18 15:30:57,651] {taskinstance.py:1415} INFO - Marking task as UP_FOR_RETRY. dag_id=craw, task_id=cr5, execution_date=20220817T145500, start_date=20220818T152454, end_date=20220818T153057
[2022-08-18 15:30:58,687] {standard_task_runner.py:92} ERROR - Failed to execute job 177 for task cr5 ((2013, 'Lost connection to MySQL server during query'); 91)
[2022-08-18 15:30:58,718] {local_task_job.py:156} INFO - Task exited with return code 1
[2022-08-18 15:30:58,841] {local_task_job.py:273} INFO - 0 downstream tasks scheduled from follow-on schedule check
