[2022-08-16 08:24:11,930] {taskinstance.py:1179} INFO - Dependencies all met for <TaskInstance: craw.cr2 manual__2022-08-16T08:24:09.230200+00:00 [queued]>
[2022-08-16 08:24:11,947] {taskinstance.py:1179} INFO - Dependencies all met for <TaskInstance: craw.cr2 manual__2022-08-16T08:24:09.230200+00:00 [queued]>
[2022-08-16 08:24:11,947] {taskinstance.py:1376} INFO - 
--------------------------------------------------------------------------------
[2022-08-16 08:24:11,948] {taskinstance.py:1377} INFO - Starting attempt 1 of 2
[2022-08-16 08:24:11,949] {taskinstance.py:1378} INFO - 
--------------------------------------------------------------------------------
[2022-08-16 08:24:11,969] {taskinstance.py:1397} INFO - Executing <Task(PythonOperator): cr2> on 2022-08-16 08:24:09.230200+00:00
[2022-08-16 08:24:11,983] {standard_task_runner.py:52} INFO - Started process 1241 to run task
[2022-08-16 08:24:11,988] {standard_task_runner.py:79} INFO - Running: ['***', 'tasks', 'run', 'craw', 'cr2', 'manual__2022-08-16T08:24:09.230200+00:00', '--job-id', '74', '--raw', '--subdir', 'DAGS_FOLDER/newtest.py', '--cfg-path', '/tmp/tmpdtlgayup', '--error-file', '/tmp/tmpicwguabq']
[2022-08-16 08:24:11,991] {standard_task_runner.py:80} INFO - Job 74: Subtask cr2
[2022-08-16 08:24:12,148] {task_command.py:371} INFO - Running <TaskInstance: craw.cr2 manual__2022-08-16T08:24:09.230200+00:00 [running]> on host 74c2759f33bd
[2022-08-16 08:24:12,312] {taskinstance.py:1591} INFO - Exporting the following env vars:
AIRFLOW_CTX_DAG_OWNER=***
AIRFLOW_CTX_DAG_ID=craw
AIRFLOW_CTX_TASK_ID=cr2
AIRFLOW_CTX_EXECUTION_DATE=2022-08-16T08:24:09.230200+00:00
AIRFLOW_CTX_TRY_NUMBER=1
AIRFLOW_CTX_DAG_RUN_ID=manual__2022-08-16T08:24:09.230200+00:00
[2022-08-16 08:24:12,356] {base.py:68} INFO - Using connection ID 'mysql' for task execution.
[2022-08-16 08:24:12,365] {logger.py:11} INFO - ====== WebDriver manager ======
[2022-08-16 08:24:12,666] {logger.py:11} INFO - Get LATEST chromedriver version for google-chrome 104.0.5112
[2022-08-16 08:24:13,552] {logger.py:11} INFO - Driver [/home/***/.wdm/drivers/chromedriver/linux64/104.0.5112/chromedriver] found in cache
[2022-08-16 08:24:56,887] {logging_mixin.py:115} INFO - https://shopping-phinf.pstatic.net/main_2127856/21278561324.20200306144241.jpg?type=f140 마이크로닉스 MANIC X50 4세대 광축 완전방수 PBT 게이밍 키보드 63,890원 
[2022-08-16 08:25:20,562] {logging_mixin.py:115} INFO - https://shopping-phinf.pstatic.net/main_2753224/27532247522.20210611095711.jpg?type=f140 COX CK01 TKL 기계식 텐키리스 게이밍 키보드 31,000원 
[2022-08-16 08:25:44,257] {logging_mixin.py:115} INFO - https://shopping-phinf.pstatic.net/main_2922743/29227436619.20211014105845.jpg?type=f140 마이크로닉스 MANIC EX580 광축 크리스탈 게이밍 키보드 67,000원 
[2022-08-16 08:26:07,924] {logging_mixin.py:115} INFO - https://shopping-phinf.pstatic.net/main_1941158/19411580916.20190522163521.jpg?type=f140 COX CK87 게이트론 LED 게이밍 기계식 39,900원 
[2022-08-16 08:26:31,980] {logging_mixin.py:115} INFO - https://shopping-phinf.pstatic.net/main_8974763/8974763652.20210528111410.jpg?type=f140 로지텍 멀티 디바이스 블루투스 키보드 K380 26,900원 
[2022-08-16 08:26:37,397] {logging_mixin.py:115} INFO - 1
[2022-08-16 08:27:01,017] {logging_mixin.py:115} INFO - https://shopping-phinf.pstatic.net/main_1885937/18859377233.20200310173217.jpg?type=f140 커세어 K70 RGB MK.2 게이밍 기계식 키보드 176,510원 
[2022-08-16 08:27:24,679] {logging_mixin.py:115} INFO - https://shopping-phinf.pstatic.net/main_2556452/25564526522.20210112094934.jpg?type=f140 archon K75 유/무선 기계식 키보드 79,000원 
[2022-08-16 08:27:48,242] {logging_mixin.py:115} INFO - https://shopping-phinf.pstatic.net/main_2678593/26785933523.20210416110923.jpg?type=f140 커세어 K70 RGB TKL 게이밍 키보드 한글판 179,000원 
[2022-08-16 08:28:11,879] {logging_mixin.py:115} INFO - https://shopping-phinf.pstatic.net/main_3099664/30996642618.20220219013111.jpg?type=f140 커세어 K70 RGB PRO 게이밍 기계식 키보드 219,000원 
[2022-08-16 08:28:35,484] {logging_mixin.py:115} INFO - https://shopping-phinf.pstatic.net/main_9303887/9303887003.20210618163542.jpg?type=f140 제닉스 STORMX TITAN SE 게이밍 키보드 27,850원 
[2022-08-16 08:28:40,770] {logging_mixin.py:115} INFO - 2
[2022-08-16 08:29:04,337] {logging_mixin.py:115} INFO - https://shopping-phinf.pstatic.net/main_2127856/21278561324.20200306144241.jpg?type=f140 마이크로닉스 MANIC X50 4세대 광축 완전방수 PBT 게이밍 키보드 63,890원 
[2022-08-16 08:29:27,934] {logging_mixin.py:115} INFO - https://shopping-phinf.pstatic.net/main_2753224/27532247522.20210611095711.jpg?type=f140 COX CK01 TKL 기계식 텐키리스 게이밍 키보드 31,000원 
[2022-08-16 08:29:51,464] {logging_mixin.py:115} INFO - https://shopping-phinf.pstatic.net/main_2922743/29227436619.20211014105845.jpg?type=f140 마이크로닉스 MANIC EX580 광축 크리스탈 게이밍 키보드 67,000원 
[2022-08-16 08:30:15,051] {logging_mixin.py:115} INFO - https://shopping-phinf.pstatic.net/main_1941158/19411580916.20190522163521.jpg?type=f140 COX CK87 게이트론 LED 게이밍 기계식 39,900원 
[2022-08-16 08:30:38,681] {logging_mixin.py:115} INFO - https://shopping-phinf.pstatic.net/main_8974763/8974763652.20210528111410.jpg?type=f140 로지텍 멀티 디바이스 블루투스 키보드 K380 26,900원 
[2022-08-16 08:30:43,984] {logging_mixin.py:115} INFO - 3
[2022-08-16 08:30:44,051] {python.py:173} INFO - Done. Returned value was: None
[2022-08-16 08:30:44,070] {taskinstance.py:1420} INFO - Marking task as SUCCESS. dag_id=craw, task_id=cr2, execution_date=20220816T082409, start_date=20220816T082411, end_date=20220816T083044
[2022-08-16 08:30:44,130] {local_task_job.py:156} INFO - Task exited with return code 0
[2022-08-16 08:30:44,277] {local_task_job.py:273} INFO - 0 downstream tasks scheduled from follow-on schedule check
