[2022-08-18 15:24:54,430] {taskinstance.py:1179} INFO - Dependencies all met for <TaskInstance: craw.cr4 scheduled__2022-08-17T14:55:00+00:00 [queued]>
[2022-08-18 15:24:54,532] {taskinstance.py:1179} INFO - Dependencies all met for <TaskInstance: craw.cr4 scheduled__2022-08-17T14:55:00+00:00 [queued]>
[2022-08-18 15:24:54,559] {taskinstance.py:1376} INFO - 
--------------------------------------------------------------------------------
[2022-08-18 15:24:54,591] {taskinstance.py:1377} INFO - Starting attempt 1 of 2
[2022-08-18 15:24:54,606] {taskinstance.py:1378} INFO - 
--------------------------------------------------------------------------------
[2022-08-18 15:24:54,711] {taskinstance.py:1397} INFO - Executing <Task(PythonOperator): cr4> on 2022-08-17 14:55:00+00:00
[2022-08-18 15:24:54,787] {standard_task_runner.py:52} INFO - Started process 90 to run task
[2022-08-18 15:24:54,843] {standard_task_runner.py:79} INFO - Running: ['***', 'tasks', 'run', 'craw', 'cr4', 'scheduled__2022-08-17T14:55:00+00:00', '--job-id', '176', '--raw', '--subdir', 'DAGS_FOLDER/newtest.py', '--cfg-path', '/tmp/tmpr0sjqrlt', '--error-file', '/tmp/tmp3aarzeoj']
[2022-08-18 15:24:55,086] {standard_task_runner.py:80} INFO - Job 176: Subtask cr4
[2022-08-18 15:24:56,237] {task_command.py:371} INFO - Running <TaskInstance: craw.cr4 scheduled__2022-08-17T14:55:00+00:00 [running]> on host a73b00663d46
[2022-08-18 15:24:56,774] {taskinstance.py:1589} INFO - Exporting the following env vars:
AIRFLOW_CTX_DAG_OWNER=***
AIRFLOW_CTX_DAG_ID=craw
AIRFLOW_CTX_TASK_ID=cr4
AIRFLOW_CTX_EXECUTION_DATE=2022-08-17T14:55:00+00:00
AIRFLOW_CTX_TRY_NUMBER=1
AIRFLOW_CTX_DAG_RUN_ID=scheduled__2022-08-17T14:55:00+00:00
[2022-08-18 15:24:56,922] {base.py:68} INFO - Using connection ID 'mysql' for task execution.
[2022-08-18 15:24:57,083] {logger.py:11} INFO - ====== WebDriver manager ======
[2022-08-18 15:24:58,448] {logger.py:11} INFO - Get LATEST chromedriver version for google-chrome 104.0.5112
[2022-08-18 15:25:00,317] {logger.py:11} INFO - There is no [linux64] chromedriver for browser 104.0.5112 in cache
[2022-08-18 15:25:00,338] {logger.py:11} INFO - About to download new driver from https://chromedriver.storage.googleapis.com/104.0.5112.79/chromedriver_linux64.zip
[2022-08-18 15:25:29,357] {logger.py:11} INFO - Driver has been saved in cache [/home/***/.wdm/drivers/chromedriver/linux64/104.0.5112]
[2022-08-18 15:27:26,788] {logging_mixin.py:115} INFO - https://shopping-phinf.pstatic.net/main_2089989/20899895174.20190918142705.jpg?type=f140 로지텍 MX KEYS 104,240원 
[2022-08-18 15:28:13,345] {logging_mixin.py:115} INFO - https://shopping-phinf.pstatic.net/main_2045576/20455763954.20210430175002.jpg?type=f140 CHERRY MX BOARD 3.0S 게이밍 기계식 키보드 99,000원 
[2022-08-18 15:28:43,747] {logging_mixin.py:115} INFO - https://shopping-phinf.pstatic.net/main_2074421/20744210637.20211005163947.jpg?type=f140 앱코 K515 축교환 측면 RGB 라이팅 이중사출 게이밍 기계식 키보드 32,900원 
[2022-08-18 15:29:51,238] {logging_mixin.py:115} INFO - https://shopping-phinf.pstatic.net/main_2552390/25523900522.20210914113040.jpg?type=f140 한성컴퓨터 BK500 듀얼 무선 멀티페어링 키보드 29,601원 
[2022-08-18 15:30:50,016] {logging_mixin.py:115} INFO - https://shopping-phinf.pstatic.net/main_2816016/28160165522.20210726142215.jpg?type=f140 마이크로닉스 MORPH MK-1 마닉축 RGB 게이밍 기계식 키보드 89,000원 
[2022-08-18 15:30:58,000] {logging_mixin.py:115} INFO - 1
