[2022-08-13 10:19:15,915] {taskinstance.py:1179} INFO - Dependencies all met for <TaskInstance: craw.cr1 manual__2022-08-13T10:19:13.820446+00:00 [queued]>
[2022-08-13 10:19:15,931] {taskinstance.py:1179} INFO - Dependencies all met for <TaskInstance: craw.cr1 manual__2022-08-13T10:19:13.820446+00:00 [queued]>
[2022-08-13 10:19:15,931] {taskinstance.py:1376} INFO - 
--------------------------------------------------------------------------------
[2022-08-13 10:19:15,932] {taskinstance.py:1377} INFO - Starting attempt 1 of 2
[2022-08-13 10:19:15,932] {taskinstance.py:1378} INFO - 
--------------------------------------------------------------------------------
[2022-08-13 10:19:15,955] {taskinstance.py:1397} INFO - Executing <Task(PythonOperator): cr1> on 2022-08-13 10:19:13.820446+00:00
[2022-08-13 10:19:15,960] {standard_task_runner.py:52} INFO - Started process 2235 to run task
[2022-08-13 10:19:15,970] {standard_task_runner.py:79} INFO - Running: ['***', 'tasks', 'run', 'craw', 'cr1', 'manual__2022-08-13T10:19:13.820446+00:00', '--job-id', '72', '--raw', '--subdir', 'DAGS_FOLDER/newtest.py', '--cfg-path', '/tmp/tmps0x2j8w9', '--error-file', '/tmp/tmpe59vyw6k']
[2022-08-13 10:19:15,973] {standard_task_runner.py:80} INFO - Job 72: Subtask cr1
[2022-08-13 10:19:16,122] {task_command.py:371} INFO - Running <TaskInstance: craw.cr1 manual__2022-08-13T10:19:13.820446+00:00 [running]> on host cdb6935da655
[2022-08-13 10:19:16,248] {taskinstance.py:1591} INFO - Exporting the following env vars:
AIRFLOW_CTX_DAG_OWNER=***
AIRFLOW_CTX_DAG_ID=craw
AIRFLOW_CTX_TASK_ID=cr1
AIRFLOW_CTX_EXECUTION_DATE=2022-08-13T10:19:13.820446+00:00
AIRFLOW_CTX_TRY_NUMBER=1
AIRFLOW_CTX_DAG_RUN_ID=manual__2022-08-13T10:19:13.820446+00:00
[2022-08-13 10:19:16,504] {base.py:68} INFO - Using connection ID 'mysql' for task execution.
[2022-08-13 10:19:16,508] {logger.py:11} INFO - ====== WebDriver manager ======
[2022-08-13 10:19:16,660] {logger.py:11} INFO - Get LATEST chromedriver version for google-chrome 104.0.5112
[2022-08-13 10:19:16,972] {logger.py:11} INFO - Driver [/home/***/.wdm/drivers/chromedriver/linux64/104.0.5112/chromedriver] found in cache
[2022-08-13 10:20:57,231] {local_task_job.py:221} WARNING - State of this instance has been externally set to failed. Terminating instance.
[2022-08-13 10:20:57,238] {process_utils.py:129} INFO - Sending Signals.SIGTERM to group 2235. PIDs of all processes in the group: [2289, 2308, 2313, 2314, 2366, 2367, 2401, 2454, 2499, 2400, 2235]
[2022-08-13 10:20:57,238] {process_utils.py:80} INFO - Sending the signal Signals.SIGTERM to group 2235
[2022-08-13 10:20:57,239] {taskinstance.py:1561} ERROR - Received SIGTERM. Terminating subprocesses.
[2022-08-13 10:20:57,245] {process_utils.py:75} INFO - Process psutil.Process(pid=2314, status='terminated', started='10:19:17') (2314) terminated with exit code None
[2022-08-13 10:20:57,247] {process_utils.py:75} INFO - Process psutil.Process(pid=2308, status='terminated', started='10:19:17') (2308) terminated with exit code None
[2022-08-13 10:20:57,247] {process_utils.py:75} INFO - Process psutil.Process(pid=2367, status='terminated', started='10:19:17') (2367) terminated with exit code None
[2022-08-13 10:20:57,261] {process_utils.py:75} INFO - Process psutil.Process(pid=2454, status='terminated', started='10:19:17') (2454) terminated with exit code None
[2022-08-13 10:20:57,276] {process_utils.py:75} INFO - Process psutil.Process(pid=2499, status='terminated', started='10:19:42') (2499) terminated with exit code None
[2022-08-13 10:20:57,276] {process_utils.py:75} INFO - Process psutil.Process(pid=2401, status='terminated', started='10:19:17') (2401) terminated with exit code None
[2022-08-13 10:20:57,277] {process_utils.py:75} INFO - Process psutil.Process(pid=2400, status='terminated', started='10:19:17') (2400) terminated with exit code None
[2022-08-13 10:20:57,278] {process_utils.py:75} INFO - Process psutil.Process(pid=2366, status='terminated', started='10:19:17') (2366) terminated with exit code None
[2022-08-13 10:20:57,278] {process_utils.py:75} INFO - Process psutil.Process(pid=2313, status='terminated', started='10:19:17') (2313) terminated with exit code None
[2022-08-13 10:20:57,306] {process_utils.py:75} INFO - Process psutil.Process(pid=2235, status='terminated', exitcode=0, started='10:19:15') (2235) terminated with exit code 0
[2022-08-13 10:20:57,306] {process_utils.py:75} INFO - Process psutil.Process(pid=2289, status='terminated', started='10:19:16') (2289) terminated with exit code None
