[2022-07-22 05:41:34,755] {taskinstance.py:1179} INFO - Dependencies all met for <TaskInstance: workflow.create_table scheduled__2021-07-13T00:00:00+00:00 [queued]>
[2022-07-22 05:41:34,814] {taskinstance.py:1179} INFO - Dependencies all met for <TaskInstance: workflow.create_table scheduled__2021-07-13T00:00:00+00:00 [queued]>
[2022-07-22 05:41:34,815] {taskinstance.py:1376} INFO - 
--------------------------------------------------------------------------------
[2022-07-22 05:41:34,817] {taskinstance.py:1377} INFO - Starting attempt 1 of 1
[2022-07-22 05:41:34,818] {taskinstance.py:1378} INFO - 
--------------------------------------------------------------------------------
[2022-07-22 05:41:34,857] {taskinstance.py:1397} INFO - Executing <Task(MySqlOperator): create_table> on 2021-07-13 00:00:00+00:00
[2022-07-22 05:41:34,894] {standard_task_runner.py:52} INFO - Started process 1925 to run task
[2022-07-22 05:41:34,903] {standard_task_runner.py:79} INFO - Running: ['***', 'tasks', 'run', 'workflow', 'create_table', 'scheduled__2021-07-13T00:00:00+00:00', '--job-id', '134', '--raw', '--subdir', 'DAGS_FOLDER/test.py', '--cfg-path', '/tmp/tmps_3enqs0', '--error-file', '/tmp/tmp2eovro_z']
[2022-07-22 05:41:34,916] {standard_task_runner.py:80} INFO - Job 134: Subtask create_table
[2022-07-22 05:41:35,269] {task_command.py:371} INFO - Running <TaskInstance: workflow.create_table scheduled__2021-07-13T00:00:00+00:00 [running]> on host cdbfdeb58988
[2022-07-22 05:41:35,454] {taskinstance.py:1591} INFO - Exporting the following env vars:
AIRFLOW_CTX_DAG_OWNER=***
AIRFLOW_CTX_DAG_ID=workflow
AIRFLOW_CTX_TASK_ID=create_table
AIRFLOW_CTX_EXECUTION_DATE=2021-07-13T00:00:00+00:00
AIRFLOW_CTX_TRY_NUMBER=1
AIRFLOW_CTX_DAG_RUN_ID=scheduled__2021-07-13T00:00:00+00:00
[2022-07-22 05:41:35,456] {mysql.py:82} INFO - Executing: CREATE DATABASE FUCK
[2022-07-22 05:41:35,500] {base.py:68} INFO - Using connection ID 'mysql_db' for task execution.
[2022-07-22 05:41:35,506] {taskinstance.py:1909} ERROR - Task failed with exception
Traceback (most recent call last):
  File "/home/airflow/.local/lib/python3.7/site-packages/airflow/providers/mysql/operators/mysql.py", line 84, in execute
    hook.run(self.sql, autocommit=self.autocommit, parameters=self.parameters)
  File "/home/airflow/.local/lib/python3.7/site-packages/airflow/hooks/dbapi.py", line 204, in run
    with closing(self.get_conn()) as conn:
  File "/home/airflow/.local/lib/python3.7/site-packages/airflow/providers/mysql/hooks/mysql.py", line 163, in get_conn
    import MySQLdb
ModuleNotFoundError: No module named 'MySQLdb'
[2022-07-22 05:41:35,523] {taskinstance.py:1420} INFO - Marking task as FAILED. dag_id=workflow, task_id=create_table, execution_date=20210713T000000, start_date=20220722T054134, end_date=20220722T054135
[2022-07-22 05:41:35,586] {standard_task_runner.py:97} ERROR - Failed to execute job 134 for task create_table (No module named 'MySQLdb'; 1925)
[2022-07-22 05:41:35,652] {local_task_job.py:156} INFO - Task exited with return code 1
[2022-07-22 05:41:35,749] {local_task_job.py:273} INFO - 0 downstream tasks scheduled from follow-on schedule check
