[2022-08-18 04:24:28,722] {taskinstance.py:1179} INFO - Dependencies all met for <TaskInstance: craw.cr1 scheduled__2022-08-14T14:55:00+00:00 [queued]>
[2022-08-18 04:24:30,725] {taskinstance.py:1179} INFO - Dependencies all met for <TaskInstance: craw.cr1 scheduled__2022-08-14T14:55:00+00:00 [queued]>
[2022-08-18 04:24:30,761] {taskinstance.py:1376} INFO - 
--------------------------------------------------------------------------------
[2022-08-18 04:24:30,799] {taskinstance.py:1377} INFO - Starting attempt 2 of 2
[2022-08-18 04:24:30,801] {taskinstance.py:1378} INFO - 
--------------------------------------------------------------------------------
[2022-08-18 04:24:34,901] {taskinstance.py:1397} INFO - Executing <Task(PythonOperator): cr1> on 2022-08-14 14:55:00+00:00
[2022-08-18 04:24:35,869] {standard_task_runner.py:52} INFO - Started process 161 to run task
[2022-08-18 04:24:37,368] {standard_task_runner.py:79} INFO - Running: ['***', 'tasks', 'run', 'craw', 'cr1', 'scheduled__2022-08-14T14:55:00+00:00', '--job-id', '145', '--raw', '--subdir', 'DAGS_FOLDER/newtest.py', '--cfg-path', '/tmp/tmpflqox18s', '--error-file', '/tmp/tmp8l88smfe']
[2022-08-18 04:24:37,534] {standard_task_runner.py:80} INFO - Job 145: Subtask cr1
[2022-08-18 04:24:47,302] {task_command.py:371} INFO - Running <TaskInstance: craw.cr1 scheduled__2022-08-14T14:55:00+00:00 [running]> on host d59619969b18
[2022-08-18 04:24:56,596] {taskinstance.py:1591} INFO - Exporting the following env vars:
AIRFLOW_CTX_DAG_OWNER=***
AIRFLOW_CTX_DAG_ID=craw
AIRFLOW_CTX_TASK_ID=cr1
AIRFLOW_CTX_EXECUTION_DATE=2022-08-14T14:55:00+00:00
AIRFLOW_CTX_TRY_NUMBER=2
AIRFLOW_CTX_DAG_RUN_ID=scheduled__2022-08-14T14:55:00+00:00
[2022-08-18 04:26:58,283] {taskinstance.py:1909} ERROR - Task failed with exception
Traceback (most recent call last):
  File "/home/airflow/.local/lib/python3.7/site-packages/airflow/operators/python.py", line 171, in execute
    return_value = self.execute_callable()
  File "/home/airflow/.local/lib/python3.7/site-packages/airflow/operators/python.py", line 189, in execute_callable
    return self.python_callable(*self.op_args, **self.op_kwargs)
  File "/opt/airflow/dags/newtest.py", line 40, in crawling
    conn= mysql_hook.get_conn()
  File "/home/airflow/.local/lib/python3.7/site-packages/airflow/providers/mysql/hooks/mysql.py", line 158, in get_conn
    conn = self.connection or self.get_connection(getattr(self, self.conn_name_attr))
  File "/home/airflow/.local/lib/python3.7/site-packages/airflow/hooks/base.py", line 67, in get_connection
    conn = Connection.get_connection_from_secrets(conn_id)
  File "/home/airflow/.local/lib/python3.7/site-packages/airflow/models/connection.py", line 430, in get_connection_from_secrets
    raise AirflowNotFoundException(f"The conn_id `{conn_id}` isn't defined")
airflow.exceptions.AirflowNotFoundException: The conn_id `mysql` isn't defined
[2022-08-18 04:26:58,406] {taskinstance.py:1420} INFO - Marking task as FAILED. dag_id=craw, task_id=cr1, execution_date=20220814T145500, start_date=20220818T042429, end_date=20220818T042658
[2022-08-18 04:26:58,614] {standard_task_runner.py:97} ERROR - Failed to execute job 145 for task cr1 (The conn_id `mysql` isn't defined; 161)
[2022-08-18 04:26:58,840] {local_task_job.py:156} INFO - Task exited with return code 1
[2022-08-18 04:26:59,824] {local_task_job.py:273} INFO - 0 downstream tasks scheduled from follow-on schedule check
[2022-08-18 04:27:00,078] {dagrun.py:1081} ERROR - Failed to get task '<TaskInstance: craw.con scheduled__2022-08-14T14:55:00+00:00 [removed]>' for dag 'craw'. Marking it as removed.
