[2022-08-16 08:27:08,627] {taskinstance.py:1179} INFO - Dependencies all met for <TaskInstance: craw.cr1 manual__2022-08-15T11:17:41.613828+00:00 [queued]>
[2022-08-16 08:27:08,643] {taskinstance.py:1179} INFO - Dependencies all met for <TaskInstance: craw.cr1 manual__2022-08-15T11:17:41.613828+00:00 [queued]>
[2022-08-16 08:27:08,644] {taskinstance.py:1376} INFO - 
--------------------------------------------------------------------------------
[2022-08-16 08:27:08,644] {taskinstance.py:1377} INFO - Starting attempt 3 of 4
[2022-08-16 08:27:08,644] {taskinstance.py:1378} INFO - 
--------------------------------------------------------------------------------
[2022-08-16 08:27:08,674] {taskinstance.py:1397} INFO - Executing <Task(PythonOperator): cr1> on 2022-08-15 11:17:41.613828+00:00
[2022-08-16 08:27:08,680] {standard_task_runner.py:52} INFO - Started process 5216 to run task
[2022-08-16 08:27:08,685] {standard_task_runner.py:79} INFO - Running: ['***', 'tasks', 'run', 'craw', 'cr1', 'manual__2022-08-15T11:17:41.613828+00:00', '--job-id', '79', '--raw', '--subdir', 'DAGS_FOLDER/newtest.py', '--cfg-path', '/tmp/tmpyv_2v6it', '--error-file', '/tmp/tmp753hl0sc']
[2022-08-16 08:27:08,687] {standard_task_runner.py:80} INFO - Job 79: Subtask cr1
[2022-08-16 08:27:08,839] {task_command.py:371} INFO - Running <TaskInstance: craw.cr1 manual__2022-08-15T11:17:41.613828+00:00 [running]> on host 74c2759f33bd
[2022-08-16 08:27:08,974] {taskinstance.py:1591} INFO - Exporting the following env vars:
AIRFLOW_CTX_DAG_OWNER=***
AIRFLOW_CTX_DAG_ID=craw
AIRFLOW_CTX_TASK_ID=cr1
AIRFLOW_CTX_EXECUTION_DATE=2022-08-15T11:17:41.613828+00:00
AIRFLOW_CTX_TRY_NUMBER=3
AIRFLOW_CTX_DAG_RUN_ID=manual__2022-08-15T11:17:41.613828+00:00
[2022-08-16 08:27:08,991] {base.py:68} INFO - Using connection ID 'mysql' for task execution.
[2022-08-16 08:27:08,994] {logger.py:11} INFO - ====== WebDriver manager ======
[2022-08-16 08:27:09,137] {logger.py:11} INFO - Get LATEST chromedriver version for google-chrome 104.0.5112
[2022-08-16 08:27:09,799] {logger.py:11} INFO - Driver [/home/***/.wdm/drivers/chromedriver/linux64/104.0.5112/chromedriver] found in cache
[2022-08-16 08:27:18,835] {local_task_job.py:221} WARNING - State of this instance has been externally set to failed. Terminating instance.
[2022-08-16 08:27:18,846] {process_utils.py:129} INFO - Sending Signals.SIGTERM to group 5216. PIDs of all processes in the group: [5292, 5298, 5304, 5305, 5313, 5314, 5334, 5378, 5332, 5216]
[2022-08-16 08:27:18,847] {process_utils.py:80} INFO - Sending the signal Signals.SIGTERM to group 5216
[2022-08-16 08:27:18,859] {taskinstance.py:1561} ERROR - Received SIGTERM. Terminating subprocesses.
[2022-08-16 08:27:18,882] {process_utils.py:75} INFO - Process psutil.Process(pid=5304, status='terminated', started='08:27:10') (5304) terminated with exit code None
[2022-08-16 08:27:18,885] {process_utils.py:75} INFO - Process psutil.Process(pid=5305, status='terminated', started='08:27:10') (5305) terminated with exit code None
[2022-08-16 08:27:18,887] {process_utils.py:75} INFO - Process psutil.Process(pid=5314, status='terminated', started='08:27:10') (5314) terminated with exit code None
[2022-08-16 08:27:18,894] {process_utils.py:75} INFO - Process psutil.Process(pid=5378, status='terminated', started='08:27:10') (5378) terminated with exit code None
[2022-08-16 08:27:18,895] {process_utils.py:75} INFO - Process psutil.Process(pid=5332, status='terminated', started='08:27:10') (5332) terminated with exit code None
[2022-08-16 08:27:18,916] {process_utils.py:75} INFO - Process psutil.Process(pid=5292, status='terminated', started='08:27:09') (5292) terminated with exit code None
[2022-08-16 08:27:18,946] {process_utils.py:75} INFO - Process psutil.Process(pid=5216, status='terminated', exitcode=0, started='08:27:08') (5216) terminated with exit code 0
[2022-08-16 08:27:18,948] {process_utils.py:75} INFO - Process psutil.Process(pid=5298, status='terminated', started='08:27:10') (5298) terminated with exit code None
[2022-08-16 08:27:18,951] {process_utils.py:75} INFO - Process psutil.Process(pid=5313, status='terminated', started='08:27:10') (5313) terminated with exit code None
[2022-08-16 08:27:18,954] {process_utils.py:75} INFO - Process psutil.Process(pid=5334, status='terminated', started='08:27:10') (5334) terminated with exit code None
