[2022-08-15 11:17:44,113] {taskinstance.py:1179} INFO - Dependencies all met for <TaskInstance: craw.cr1 manual__2022-08-15T11:17:41.613828+00:00 [queued]>
[2022-08-15 11:17:44,125] {taskinstance.py:1179} INFO - Dependencies all met for <TaskInstance: craw.cr1 manual__2022-08-15T11:17:41.613828+00:00 [queued]>
[2022-08-15 11:17:44,126] {taskinstance.py:1376} INFO - 
--------------------------------------------------------------------------------
[2022-08-15 11:17:44,126] {taskinstance.py:1377} INFO - Starting attempt 1 of 2
[2022-08-15 11:17:44,126] {taskinstance.py:1378} INFO - 
--------------------------------------------------------------------------------
[2022-08-15 11:17:44,143] {taskinstance.py:1397} INFO - Executing <Task(PythonOperator): cr1> on 2022-08-15 11:17:41.613828+00:00
[2022-08-15 11:17:44,148] {standard_task_runner.py:52} INFO - Started process 299 to run task
[2022-08-15 11:17:44,153] {standard_task_runner.py:79} INFO - Running: ['***', 'tasks', 'run', 'craw', 'cr1', 'manual__2022-08-15T11:17:41.613828+00:00', '--job-id', '3', '--raw', '--subdir', 'DAGS_FOLDER/newtest.py', '--cfg-path', '/tmp/tmpnr1oygzx', '--error-file', '/tmp/tmpa1ufr5fl']
[2022-08-15 11:17:44,155] {standard_task_runner.py:80} INFO - Job 3: Subtask cr1
[2022-08-15 11:17:44,243] {task_command.py:371} INFO - Running <TaskInstance: craw.cr1 manual__2022-08-15T11:17:41.613828+00:00 [running]> on host 340b8712908c
[2022-08-15 11:17:44,581] {taskinstance.py:1591} INFO - Exporting the following env vars:
AIRFLOW_CTX_DAG_OWNER=***
AIRFLOW_CTX_DAG_ID=craw
AIRFLOW_CTX_TASK_ID=cr1
AIRFLOW_CTX_EXECUTION_DATE=2022-08-15T11:17:41.613828+00:00
AIRFLOW_CTX_TRY_NUMBER=1
AIRFLOW_CTX_DAG_RUN_ID=manual__2022-08-15T11:17:41.613828+00:00
[2022-08-15 11:17:44,592] {base.py:68} INFO - Using connection ID 'mysql' for task execution.
[2022-08-15 11:17:44,595] {logger.py:11} INFO - ====== WebDriver manager ======
[2022-08-15 11:17:44,691] {logger.py:11} INFO - Get LATEST chromedriver version for google-chrome 104.0.5112
[2022-08-15 11:17:44,916] {logger.py:11} INFO - There is no [linux64] chromedriver for browser 104.0.5112 in cache
[2022-08-15 11:17:44,917] {logger.py:11} INFO - About to download new driver from https://chromedriver.storage.googleapis.com/104.0.5112.79/chromedriver_linux64.zip
[2022-08-15 11:17:49,085] {logger.py:11} INFO - Driver has been saved in cache [/home/***/.wdm/drivers/chromedriver/linux64/104.0.5112]
[2022-08-15 11:20:16,927] {logging_mixin.py:115} INFO - https://searchad-phinf.pstatic.net/MjAyMTEyMjFfMjgx/MDAxNjQwMDU2Njc2NjUy.Ob1_cxGTyqNiAIztA-Go5XzACCOEMTzg8KsXQBHAy9Ug.WLbtKsrkcXNkN2TdF96V2tP5GJs-W36zVQAB5pYADkEg.PNG/1871830-d9c5ef97-322f-4073-874e-584610ec51b1.png?type=f200 티앤에스인터내셔널 VALKAN 게이밍 키보드 64,400원 처음으로 산 키보드인데요 소리도 시끄럽지않고 좋습니다!키감 좋고 Led도 은은하니 이쁘고 빠른배송까지 최고입니다적축보단 시끄럽구 갈축보다도 조금 더 소리가 나요. 키감이 문서작업할때 쓰기에도 좋네요.배송도 빠르고 안전하게 잘 왔습니다. 반응속도 좋구요. 키감도 이.가격에 훌륭합니다. 백라이트도 화려해사 원하던 디자인이라 아주 만족스럽네요 ㅎㅎ 많이파세요~~전에 쓰던 키보드가 고장나서 사봤는데 이건 대박 좋네요배송도 빨리오고 전에쓰던 키보드보다 좋은것 같습니다..아들이.주문해달라해서.시켰어요~
마음에든다고.좋다네요조카가 지정해서 사달라고해서 샀어요
저는 부드러운 펜타그래프방식을 좋아해서
좋은지 모르겠는데
게임하는 조카는 엄청 좋아하네요 ㅋ다 좋아요 근데 소리 안큰 적축 찾다가 이번에
여기서 새로 만든 축이라해서 샀는데
청축처럼 소리가 크네요 ㅜㅜ 그거 말고는 다 좋아요키보드 타격감이나 외관상 하나도 맘에 안드는게 없네요아이가 좋다고 골라둿던거라 사줫는데
맘에 들어하네요배송도 빨리 왔고 좋네요. 아직 사용전이지만 잘 쓸게요.개조음
근데 10만원짜리 광축 키보드 보다는 안좋음 ㅋㅋ디자인이 정말 예쁘고 키감도 좋습니다! 배송도 빨라요묵직하고 넘 예쁘다고 아들이 좋아하네요
터치감도 굿!기계식이라 키 누르는 감도 좋고 반응도 빠르고 좋아요키감도 좋고 묵직하니 맘에 듭니다.
키보드 뚜껑이 있어 먼지들어가는 걸 방지 해줘 좋습니다깔끔하고 무난해요.. 다만 고장없이 오래갔으면 하는..아들이 넘 좋아하네요~~사은품두 좋데요~~
번창하세요~~소리크다는 건 잘 모르겠고 이쁘고 편합니당!! 좋아요!동생 선물로 줬는데 만족스러워한다만듬새 괜찮네요 오래쓸듯 싶어요ㅎ키보드 넘 맘에듬요 감사합니다아아엄청 이쁘고 터치감,사운드 완전 좋아요ㅋㅋㅋ키보드 패드도 잘쓰겠습니다!울 아들이 무척 맘에 들어 합니다~^^배송이 일단 빠르고요 너무좋아요!!타격감 도만족스럽구요 아주좋아요좋아해요 아들이 .배송도 빠르고 굿진짜 빠르게 배송되었어요~ 좋아요!아들이 갖고싶어하던 키보드에요. 언제 도착할지 기다렸는데 많이 좋아하네요. 그전 키보드보다 좋아보이긴 해요^^자판소리 소음이 너무 심해요 ㅠㅠ이쁘고타격감좋고 소리도적당해요키보드 눌림도 좋고 소리도 좋아요아들선물로 사줬어요
너무좋아해요타건감 부드럽고 아주 만족합니다!디자인, 키감 완전 대만족합니다!!!아들 완전 만족하며 잘 쓰고있어요게임용 키보드로 적극 추천합니다.진짜 부드럽고 반응속도가 좋아요.소리가 좀 요란하네요 대체로 만족아들이 넝너무 좋아해요키감도 좋고 색도 이뻐요상품과배송 만족합니다~!선구매확정! 기다가된다너무좋습니다.잘쓸께요~사용하기 편하고 이뻐요잘쓰고 있어요.
만족해요선물하려고 구매했어요~아이가 엄청 만족하네요깔끔하고 키감 좋습니다아주 좋습니다 잘쓸게요사용감도 좋고 편합니다잘쓸게요 너무 좋네요^_^엄청 빨리옵니다 좋아요키감이 부드럽고 좋아요이쁘고 타자감도 좋네요키감 좋고 편합니다ㅎㅎ타격감좋고 고장없음 굿가성비 하나는 끝내줘요사용하기 너무 편해용^^
[2022-08-15 11:22:27,223] {logging_mixin.py:115} INFO - https://shopping-phinf.pstatic.net/main_1531030/15310309538.20200403164240.jpg?type=f140 비프렌드 G키보드2 프리미엄 레인보우 21,900원 배송도 빨리되고 눌렀을때 소리도 듣기 불편한거없이 좋았습니다가격도 저렴한데 포장도 완벽하고 자판 누를때 정말 부드러워요!!고자없이 디자인 색감 너무 이쁘게 아직도 잘 사용중이에요 ㅎㅎ부드럽고 조용한 키감
기계식 쓰다 바꿨는데 전 이게 훨씬 좋네요기본적으로 타격감 괜찮고 가격대비 효율 정말 좋은거 같습니다.일단 이쁘구요!! 타자칠때 소리가 작은건 아니지만 저는 그 타다닥 소리 좋아해서 잘 쓰고있습니다!전 이 키보드만 4개째 구매 중입니다.
적당한 무게감에,
좋은 타격감,
결정적으로 사무실에서 쓰기에도 적당한 조용한 소음
튼튼하기까지 합니다.
강력 추천합니다.이쁘고 소리도 둔하니 좋고 디자인도 깔끔하고 대만족입니다 ^-^잘사용하고 있어요
이가격대에 괜찮은 제품사서 대만족중입니다키보드 불 은은하게 들어오고 타격감도 좋네요 가성비 좋습니다라이트를 켜도 이쁘고 꺼도 이쁘네요 ! 타자 칠때도 좋고 소리도 크지도 않고 좋습니다 ! 잘쓸게요 ~~타감도 좋고 블랙색상이라 디자인 걱정을 좀 했는데
생각보다 깔끔한 디자인에 어디에도 어울릴 것 같아요
가성비도 좋고 만족합니다키보드 누를때 소리가 크긴하지만 아들이 엄청 맘에들어합니다이런 키보드(?)는 처음 써보는데 키감도 좋고 잘 쓸 것 같아요!색상도 고급져보이고 별 기대없이 구매했는데 맘에듭니다..^^원래 쓰던거 다시산거라서 좋습니다. 색감이 화려해졌네요ㅎ키보드가 예뻐서 일에 집중이 안됩니다. 책임지세요ㅠㅠ💛아이들 키보드 교체해줬는데 좋아하네요
배송 제품 모두만족첨엔 타격감에 조금 불편해하더니, 지금은 아주 좋아합니다.넘좋아요 게임키보드로 탁월 부드럽게잘쳐짐 굿 두개샀어요가성비용으로 많이 추천하고 있습니다.타자감 너무 좋고 가성비 최고 입니다!!키보드 가성비 굿 피파하는데 아주만족가격대비 가성비 최고인것 같습니다~~!!배송 빠르고
제품 가성비 너무좋습니다쓰던게 고장나서 새로 샀어요 괜찮네요각격대비 소음도 없고 성능 만족합니다타자 느낌이 좋아요 소리도 적당하고요저렴하고 상품이 정말 가격대비 좋아영진짜 좋네요 배송도빠르고 번창하세요좋으네요 가격싸고 품질 너무 좋습니다최고 소리작고 ㅎ 포장꼼꼼 배송빨라요키보드칠때 톡톡 소리나면서 잘 쳐져요As도 바로 해서 보내주시고 감사합니다아들이 아주좋아합니다 가성비 좋네요배송빠르고 좋아요. 두번째구입이네요안전포장되어 빠르게 배송되었습니다.며칠간 사용해보니 매우 만족스려워요색상도 이쁘고 터치감이 정말 좋아요!!집에서 타다닥 편한하게 사용중입니다쓰던거라 소리도 적고 좋아요타이핑 감도좋고, 은은하게 퍼지는 키보드 조명 맘에듭니다. 만족합니다.가격대비 상당히 만족합니다편하고 터치감 좋아요. 추천~키보드가 너무 마음에들어용타자감이좋고 디자인도 이쁨너무좋아요 터치감두 좋네요편리하고 좋아요 추천드려요치는느낌 디자인 완전조아요괜찮은거같아요 맘에들어요.정말 예쁘네요~추천합니다~^^가성비 극강입니다 꼭사세여심플하면서도 괜찮은거같음.배송 빠르고 사용하기좋아요정말 좋아욘 가격대비 정말 잘산거 같음 특히 투닥티닥 서리가
맘에 드네욘고장없이 잘사용하고있어요색상이예쁘네요.소리도작고색상 촉감 다마음에들어요!~So cute and works well even with Mac~좋습니당피시방 온거갿네유
[2022-08-15 11:22:27,224] {taskinstance.py:1909} ERROR - Task failed with exception
Traceback (most recent call last):
  File "/home/airflow/.local/lib/python3.7/site-packages/airflow/operators/python.py", line 171, in execute
    return_value = self.execute_callable()
  File "/home/airflow/.local/lib/python3.7/site-packages/airflow/operators/python.py", line 189, in execute_callable
    return self.python_callable(*self.op_args, **self.op_kwargs)
  File "/opt/airflow/dags/newtest.py", line 97, in crawling
    cursor.execute("INSERT INTO info VALUES (%s, %s, %s, %s);",(image,name,price,review))
  File "/home/airflow/.local/lib/python3.7/site-packages/pymysql/cursors.py", line 148, in execute
    result = self._query(query)
  File "/home/airflow/.local/lib/python3.7/site-packages/pymysql/cursors.py", line 310, in _query
    conn.query(q)
  File "/home/airflow/.local/lib/python3.7/site-packages/pymysql/connections.py", line 548, in query
    self._affected_rows = self._read_query_result(unbuffered=unbuffered)
  File "/home/airflow/.local/lib/python3.7/site-packages/pymysql/connections.py", line 775, in _read_query_result
    result.read()
  File "/home/airflow/.local/lib/python3.7/site-packages/pymysql/connections.py", line 1156, in read
    first_packet = self.connection._read_packet()
  File "/home/airflow/.local/lib/python3.7/site-packages/pymysql/connections.py", line 725, in _read_packet
    packet.raise_for_error()
  File "/home/airflow/.local/lib/python3.7/site-packages/pymysql/protocol.py", line 221, in raise_for_error
    err.raise_mysql_exception(self._data)
  File "/home/airflow/.local/lib/python3.7/site-packages/pymysql/err.py", line 143, in raise_mysql_exception
    raise errorclass(errno, errval)
pymysql.err.DataError: (1366, "Incorrect string value: '\\xF0\\x9F\\x92\\x9B\\xEC\\x95...' for column 'review' at row 1")
[2022-08-15 11:22:27,240] {taskinstance.py:1420} INFO - Marking task as UP_FOR_RETRY. dag_id=craw, task_id=cr1, execution_date=20220815T111741, start_date=20220815T111744, end_date=20220815T112227
[2022-08-15 11:22:27,263] {standard_task_runner.py:97} ERROR - Failed to execute job 3 for task cr1 ((1366, "Incorrect string value: '\\xF0\\x9F\\x92\\x9B\\xEC\\x95...' for column 'review' at row 1"); 299)
[2022-08-15 11:22:27,323] {local_task_job.py:156} INFO - Task exited with return code 1
[2022-08-15 11:22:27,351] {local_task_job.py:273} INFO - 0 downstream tasks scheduled from follow-on schedule check
