[2022-08-13 08:41:16,434] {taskinstance.py:1179} INFO - Dependencies all met for <TaskInstance: craw.cr1 manual__2022-08-13T08:41:12.085877+00:00 [queued]>
[2022-08-13 08:41:16,931] {taskinstance.py:1179} INFO - Dependencies all met for <TaskInstance: craw.cr1 manual__2022-08-13T08:41:12.085877+00:00 [queued]>
[2022-08-13 08:41:16,931] {taskinstance.py:1376} INFO - 
--------------------------------------------------------------------------------
[2022-08-13 08:41:16,932] {taskinstance.py:1377} INFO - Starting attempt 1 of 2
[2022-08-13 08:41:16,934] {taskinstance.py:1378} INFO - 
--------------------------------------------------------------------------------
[2022-08-13 08:41:16,978] {taskinstance.py:1397} INFO - Executing <Task(PythonOperator): cr1> on 2022-08-13 08:41:12.085877+00:00
[2022-08-13 08:41:16,990] {standard_task_runner.py:52} INFO - Started process 1153 to run task
[2022-08-13 08:41:17,003] {standard_task_runner.py:79} INFO - Running: ['***', 'tasks', 'run', 'craw', 'cr1', 'manual__2022-08-13T08:41:12.085877+00:00', '--job-id', '41', '--raw', '--subdir', 'DAGS_FOLDER/newtest.py', '--cfg-path', '/tmp/tmp6dpozdiv', '--error-file', '/tmp/tmpkuki0e3x']
[2022-08-13 08:41:17,010] {standard_task_runner.py:80} INFO - Job 41: Subtask cr1
[2022-08-13 08:41:18,842] {task_command.py:371} INFO - Running <TaskInstance: craw.cr1 manual__2022-08-13T08:41:12.085877+00:00 [running]> on host cdb6935da655
[2022-08-13 08:41:19,694] {taskinstance.py:1591} INFO - Exporting the following env vars:
AIRFLOW_CTX_DAG_OWNER=***
AIRFLOW_CTX_DAG_ID=craw
AIRFLOW_CTX_TASK_ID=cr1
AIRFLOW_CTX_EXECUTION_DATE=2022-08-13T08:41:12.085877+00:00
AIRFLOW_CTX_TRY_NUMBER=1
AIRFLOW_CTX_DAG_RUN_ID=manual__2022-08-13T08:41:12.085877+00:00
[2022-08-13 08:41:19,721] {logger.py:11} INFO - ====== WebDriver manager ======
[2022-08-13 08:41:19,956] {logger.py:11} INFO - Get LATEST chromedriver version for google-chrome 104.0.5112
[2022-08-13 08:41:20,593] {logger.py:11} INFO - There is no [linux64] chromedriver for browser 104.0.5112 in cache
[2022-08-13 08:41:20,603] {logger.py:11} INFO - About to download new driver from https://chromedriver.storage.googleapis.com/104.0.5112.79/chromedriver_linux64.zip
[2022-08-13 08:41:28,691] {logger.py:11} INFO - Driver has been saved in cache [/home/***/.wdm/drivers/chromedriver/linux64/104.0.5112]
[2022-08-13 08:42:19,054] {local_task_job.py:221} WARNING - State of this instance has been externally set to failed. Terminating instance.
[2022-08-13 08:42:19,057] {process_utils.py:129} INFO - Sending Signals.SIGTERM to group 1153. PIDs of all processes in the group: [1384, 1396, 1405, 1406, 1418, 1420, 1450, 1533, 1592, 1447, 1153]
[2022-08-13 08:42:19,058] {process_utils.py:80} INFO - Sending the signal Signals.SIGTERM to group 1153
[2022-08-13 08:42:19,059] {taskinstance.py:1561} ERROR - Received SIGTERM. Terminating subprocesses.
[2022-08-13 08:42:19,117] {process_utils.py:75} INFO - Process psutil.Process(pid=1592, status='terminated', started='08:41:55') (1592) terminated with exit code None
[2022-08-13 08:42:19,118] {process_utils.py:75} INFO - Process psutil.Process(pid=1384, status='terminated', started='08:41:28') (1384) terminated with exit code None
[2022-08-13 08:42:19,133] {process_utils.py:75} INFO - Process psutil.Process(pid=1153, status='terminated', exitcode=0, started='08:41:16') (1153) terminated with exit code 0
[2022-08-13 08:42:19,134] {process_utils.py:75} INFO - Process psutil.Process(pid=1396, status='terminated', started='08:41:28') (1396) terminated with exit code None
[2022-08-13 08:42:19,135] {process_utils.py:75} INFO - Process psutil.Process(pid=1447, status='terminated', started='08:41:28') (1447) terminated with exit code None
[2022-08-13 08:42:19,137] {process_utils.py:75} INFO - Process psutil.Process(pid=1420, status='terminated', started='08:41:28') (1420) terminated with exit code None
[2022-08-13 08:42:19,137] {process_utils.py:75} INFO - Process psutil.Process(pid=1418, status='terminated', started='08:41:28') (1418) terminated with exit code None
[2022-08-13 08:42:19,138] {process_utils.py:75} INFO - Process psutil.Process(pid=1450, status='terminated', started='08:41:28') (1450) terminated with exit code None
[2022-08-13 08:42:19,139] {process_utils.py:75} INFO - Process psutil.Process(pid=1405, status='terminated', started='08:41:28') (1405) terminated with exit code None
[2022-08-13 08:42:19,139] {process_utils.py:75} INFO - Process psutil.Process(pid=1533, status='terminated', started='08:41:28') (1533) terminated with exit code None
[2022-08-13 08:42:19,140] {process_utils.py:75} INFO - Process psutil.Process(pid=1406, status='terminated', started='08:41:28') (1406) terminated with exit code None
