[2022-08-18 04:31:02,154] {taskinstance.py:1179} INFO - Dependencies all met for <TaskInstance: craw.cr6 manual__2022-08-18T04:30:44.966863+00:00 [queued]>
[2022-08-18 04:31:02,227] {taskinstance.py:1179} INFO - Dependencies all met for <TaskInstance: craw.cr6 manual__2022-08-18T04:30:44.966863+00:00 [queued]>
[2022-08-18 04:31:02,237] {taskinstance.py:1376} INFO - 
--------------------------------------------------------------------------------
[2022-08-18 04:31:02,238] {taskinstance.py:1377} INFO - Starting attempt 1 of 2
[2022-08-18 04:31:02,239] {taskinstance.py:1378} INFO - 
--------------------------------------------------------------------------------
[2022-08-18 04:31:02,320] {taskinstance.py:1397} INFO - Executing <Task(PythonOperator): cr6> on 2022-08-18 04:30:44.966863+00:00
[2022-08-18 04:31:02,335] {standard_task_runner.py:52} INFO - Started process 435 to run task
[2022-08-18 04:31:02,344] {standard_task_runner.py:79} INFO - Running: ['***', 'tasks', 'run', 'craw', 'cr6', 'manual__2022-08-18T04:30:44.966863+00:00', '--job-id', '161', '--raw', '--subdir', 'DAGS_FOLDER/newtest.py', '--cfg-path', '/tmp/tmpyjlyzu7o', '--error-file', '/tmp/tmpiwi1ll9l']
[2022-08-18 04:31:02,355] {standard_task_runner.py:80} INFO - Job 161: Subtask cr6
[2022-08-18 04:31:02,847] {task_command.py:371} INFO - Running <TaskInstance: craw.cr6 manual__2022-08-18T04:30:44.966863+00:00 [running]> on host d59619969b18
[2022-08-18 04:31:03,640] {taskinstance.py:1591} INFO - Exporting the following env vars:
AIRFLOW_CTX_DAG_OWNER=***
AIRFLOW_CTX_DAG_ID=craw
AIRFLOW_CTX_TASK_ID=cr6
AIRFLOW_CTX_EXECUTION_DATE=2022-08-18T04:30:44.966863+00:00
AIRFLOW_CTX_TRY_NUMBER=1
AIRFLOW_CTX_DAG_RUN_ID=manual__2022-08-18T04:30:44.966863+00:00
[2022-08-18 04:31:20,360] {taskinstance.py:1909} ERROR - Task failed with exception
Traceback (most recent call last):
  File "/home/airflow/.local/lib/python3.7/site-packages/airflow/operators/python.py", line 171, in execute
    return_value = self.execute_callable()
  File "/home/airflow/.local/lib/python3.7/site-packages/airflow/operators/python.py", line 189, in execute_callable
    return self.python_callable(*self.op_args, **self.op_kwargs)
  File "/opt/airflow/dags/newtest.py", line 40, in crawling
    conn= mysql_hook.get_conn()
  File "/home/airflow/.local/lib/python3.7/site-packages/airflow/providers/mysql/hooks/mysql.py", line 158, in get_conn
    conn = self.connection or self.get_connection(getattr(self, self.conn_name_attr))
  File "/home/airflow/.local/lib/python3.7/site-packages/airflow/hooks/base.py", line 67, in get_connection
    conn = Connection.get_connection_from_secrets(conn_id)
  File "/home/airflow/.local/lib/python3.7/site-packages/airflow/models/connection.py", line 430, in get_connection_from_secrets
    raise AirflowNotFoundException(f"The conn_id `{conn_id}` isn't defined")
airflow.exceptions.AirflowNotFoundException: The conn_id `mysql` isn't defined
[2022-08-18 04:31:20,402] {taskinstance.py:1420} INFO - Marking task as UP_FOR_RETRY. dag_id=craw, task_id=cr6, execution_date=20220818T043044, start_date=20220818T043102, end_date=20220818T043120
[2022-08-18 04:31:20,491] {standard_task_runner.py:97} ERROR - Failed to execute job 161 for task cr6 (The conn_id `mysql` isn't defined; 435)
[2022-08-18 04:31:20,602] {local_task_job.py:156} INFO - Task exited with return code 1
[2022-08-18 04:31:21,159] {local_task_job.py:273} INFO - 0 downstream tasks scheduled from follow-on schedule check
