[2022-08-18 13:12:33,362] {taskinstance.py:1179} INFO - Dependencies all met for <TaskInstance: craw.cr6 manual__2022-08-18T13:12:23.100461+00:00 [queued]>
[2022-08-18 13:12:33,501] {taskinstance.py:1179} INFO - Dependencies all met for <TaskInstance: craw.cr6 manual__2022-08-18T13:12:23.100461+00:00 [queued]>
[2022-08-18 13:12:33,504] {taskinstance.py:1376} INFO - 
--------------------------------------------------------------------------------
[2022-08-18 13:12:33,512] {taskinstance.py:1377} INFO - Starting attempt 1 of 2
[2022-08-18 13:12:33,523] {taskinstance.py:1378} INFO - 
--------------------------------------------------------------------------------
[2022-08-18 13:12:33,714] {taskinstance.py:1397} INFO - Executing <Task(PythonOperator): cr6> on 2022-08-18 13:12:23.100461+00:00
[2022-08-18 13:12:33,743] {standard_task_runner.py:52} INFO - Started process 140 to run task
[2022-08-18 13:12:33,857] {standard_task_runner.py:79} INFO - Running: ['***', 'tasks', 'run', 'craw', 'cr6', 'manual__2022-08-18T13:12:23.100461+00:00', '--job-id', '106', '--raw', '--subdir', 'DAGS_FOLDER/newtest.py', '--cfg-path', '/tmp/tmpy8dd9jk6', '--error-file', '/tmp/tmp___ckdrw']
[2022-08-18 13:12:33,868] {standard_task_runner.py:80} INFO - Job 106: Subtask cr6
[2022-08-18 13:12:34,682] {task_command.py:371} INFO - Running <TaskInstance: craw.cr6 manual__2022-08-18T13:12:23.100461+00:00 [running]> on host cdb6935da655
[2022-08-18 13:12:36,795] {taskinstance.py:1591} INFO - Exporting the following env vars:
AIRFLOW_CTX_DAG_OWNER=***
AIRFLOW_CTX_DAG_ID=craw
AIRFLOW_CTX_TASK_ID=cr6
AIRFLOW_CTX_EXECUTION_DATE=2022-08-18T13:12:23.100461+00:00
AIRFLOW_CTX_TRY_NUMBER=1
AIRFLOW_CTX_DAG_RUN_ID=manual__2022-08-18T13:12:23.100461+00:00
[2022-08-18 13:12:36,932] {base.py:68} INFO - Using connection ID 'mysql' for task execution.
[2022-08-18 13:12:36,961] {logger.py:11} INFO - ====== WebDriver manager ======
[2022-08-18 13:12:41,160] {logger.py:11} INFO - Get LATEST chromedriver version for google-chrome 104.0.5112
[2022-08-18 13:12:46,274] {logger.py:11} INFO - About to download new driver from https://chromedriver.storage.googleapis.com/104.0.5112.79/chromedriver_linux64.zip
[2022-08-18 13:12:54,349] {logger.py:11} INFO - Driver has been saved in cache [/home/***/.wdm/drivers/chromedriver/linux64/104.0.5112]
[2022-08-18 13:13:56,458] {logging_mixin.py:115} INFO - https://shopping-phinf.pstatic.net/main_2196898/21968983050.20220603104329.jpg?type=f140 스틸시리즈 Apex 3 89,000원 
[2022-08-18 13:14:20,511] {logging_mixin.py:115} INFO - https://shopping-phinf.pstatic.net/main_2960575/29605751618.20220324110136.jpg?type=f140 로이체 RK-3700 32,900원 
[2022-08-18 13:15:01,877] {logging_mixin.py:115} INFO - https://shopping-phinf.pstatic.net/main_1182593/11825933324.20210720140537.jpg?type=f140 한성컴퓨터 Gtune MKF30S Rainbow 37,900원 
[2022-08-18 13:15:27,039] {logging_mixin.py:115} INFO - https://shopping-phinf.pstatic.net/main_2076858/20768586850.20220801104235.jpg?type=f140 한성컴퓨터 GK893B SPORTS 한글 149,000원 
[2022-08-18 13:15:53,618] {logging_mixin.py:115} INFO - https://shopping-phinf.pstatic.net/main_6215720/6215720682.20210618152141.jpg?type=f140 로지텍 K120 NEW Keyboard (정품) 9,030원 
[2022-08-18 13:15:59,192] {logging_mixin.py:115} INFO - 1
[2022-08-18 13:16:24,614] {logging_mixin.py:115} INFO - https://shopping-phinf.pstatic.net/main_3054268/30542688619.20220114143957.jpg?type=f140 키크론 K4 V2 White LED 블루투스 기계식 키보드 101,150원 
[2022-08-18 13:16:48,546] {logging_mixin.py:115} INFO - https://searchad-phinf.pstatic.net/MjAyMTA2MDJfMTQ4/MDAxNjIyNjAyNDM1NTc5.iMMP72joZHT7NR38bDvU0rKgKcPNfCFan2-QA0rIMVIg.6qrwUT-Y7z0J_hxmFwHTC5IL8prs3KCI1ww055SV0RYg.PNG/1509383-efdee151-ebb2-440c-8c04-9197799d569d.png?type=f200 비프렌드 RF800K 무선 키보드 31,500원 
[2022-08-18 13:17:12,305] {logging_mixin.py:115} INFO - https://shopping-phinf.pstatic.net/main_1727840/17278403481.20190130110759.jpg?type=f140 COX 엠프리스 RGB PBT 완전방수 무접점 키보드 180,000원 
[2022-08-18 13:17:37,793] {logging_mixin.py:115} INFO - https://shopping-phinf.pstatic.net/main_2858803/28588033554.20211029114854.jpg?type=f140 QSENN K1000 멤브레인 무선 키보드 9,800원 
[2022-08-18 13:18:01,743] {logging_mixin.py:115} INFO - https://shopping-phinf.pstatic.net/main_2882837/28828377586.20210913174140.jpg?type=f140 앱코 KN01C 텐키리스 PBT 무접점 키보드 150,000원 
[2022-08-18 13:18:07,968] {logging_mixin.py:115} INFO - 2
[2022-08-18 13:18:32,621] {logging_mixin.py:115} INFO - https://shopping-phinf.pstatic.net/main_2196898/21968983050.20220603104329.jpg?type=f140 스틸시리즈 Apex 3 89,000원 
[2022-08-18 13:18:58,035] {logging_mixin.py:115} INFO - https://shopping-phinf.pstatic.net/main_2960575/29605751618.20220324110136.jpg?type=f140 로이체 RK-3700 32,900원 
[2022-08-18 13:19:22,369] {logging_mixin.py:115} INFO - https://shopping-phinf.pstatic.net/main_1182593/11825933324.20210720140537.jpg?type=f140 한성컴퓨터 Gtune MKF30S Rainbow 37,900원 
[2022-08-18 13:19:46,142] {logging_mixin.py:115} INFO - https://shopping-phinf.pstatic.net/main_2076858/20768586850.20220801104235.jpg?type=f140 한성컴퓨터 GK893B SPORTS 한글 149,000원 
[2022-08-18 13:20:09,913] {logging_mixin.py:115} INFO - https://shopping-phinf.pstatic.net/main_6215720/6215720682.20210618152141.jpg?type=f140 로지텍 K120 NEW Keyboard (정품) 9,030원 
[2022-08-18 13:20:16,635] {logging_mixin.py:115} INFO - 3
[2022-08-18 13:20:16,893] {python.py:173} INFO - Done. Returned value was: None
[2022-08-18 13:20:17,020] {taskinstance.py:1420} INFO - Marking task as SUCCESS. dag_id=craw, task_id=cr6, execution_date=20220818T131223, start_date=20220818T131233, end_date=20220818T132017
[2022-08-18 13:20:17,192] {local_task_job.py:156} INFO - Task exited with return code 0
[2022-08-18 13:20:17,708] {local_task_job.py:273} INFO - 0 downstream tasks scheduled from follow-on schedule check
