[2022-08-16 08:23:15,446] {taskinstance.py:1179} INFO - Dependencies all met for <TaskInstance: craw.cr2 scheduled__2022-08-14T14:55:00+00:00 [queued]>
[2022-08-16 08:23:15,459] {taskinstance.py:1179} INFO - Dependencies all met for <TaskInstance: craw.cr2 scheduled__2022-08-14T14:55:00+00:00 [queued]>
[2022-08-16 08:23:15,459] {taskinstance.py:1376} INFO - 
--------------------------------------------------------------------------------
[2022-08-16 08:23:15,460] {taskinstance.py:1377} INFO - Starting attempt 1 of 2
[2022-08-16 08:23:15,460] {taskinstance.py:1378} INFO - 
--------------------------------------------------------------------------------
[2022-08-16 08:23:15,479] {taskinstance.py:1397} INFO - Executing <Task(PythonOperator): cr2> on 2022-08-14 14:55:00+00:00
[2022-08-16 08:23:15,484] {standard_task_runner.py:52} INFO - Started process 80 to run task
[2022-08-16 08:23:15,490] {standard_task_runner.py:79} INFO - Running: ['***', 'tasks', 'run', 'craw', 'cr2', 'scheduled__2022-08-14T14:55:00+00:00', '--job-id', '64', '--raw', '--subdir', 'DAGS_FOLDER/newtest.py', '--cfg-path', '/tmp/tmpq6hacg01', '--error-file', '/tmp/tmppu6nhzu1']
[2022-08-16 08:23:15,494] {standard_task_runner.py:80} INFO - Job 64: Subtask cr2
[2022-08-16 08:23:15,566] {task_command.py:371} INFO - Running <TaskInstance: craw.cr2 scheduled__2022-08-14T14:55:00+00:00 [running]> on host 74c2759f33bd
[2022-08-16 08:23:16,028] {taskinstance.py:1591} INFO - Exporting the following env vars:
AIRFLOW_CTX_DAG_OWNER=***
AIRFLOW_CTX_DAG_ID=craw
AIRFLOW_CTX_TASK_ID=cr2
AIRFLOW_CTX_EXECUTION_DATE=2022-08-14T14:55:00+00:00
AIRFLOW_CTX_TRY_NUMBER=1
AIRFLOW_CTX_DAG_RUN_ID=scheduled__2022-08-14T14:55:00+00:00
[2022-08-16 08:23:16,049] {base.py:68} INFO - Using connection ID 'mysql' for task execution.
[2022-08-16 08:23:16,052] {logger.py:11} INFO - ====== WebDriver manager ======
[2022-08-16 08:23:16,437] {logger.py:11} INFO - Get LATEST chromedriver version for google-chrome 104.0.5112
[2022-08-16 08:23:16,678] {logger.py:11} INFO - There is no [linux64] chromedriver for browser 104.0.5112 in cache
[2022-08-16 08:23:16,679] {logger.py:11} INFO - About to download new driver from https://chromedriver.storage.googleapis.com/104.0.5112.79/chromedriver_linux64.zip
[2022-08-16 08:23:20,575] {logger.py:11} INFO - Driver has been saved in cache [/home/***/.wdm/drivers/chromedriver/linux64/104.0.5112]
[2022-08-16 08:24:02,923] {logging_mixin.py:115} INFO - https://shopping-phinf.pstatic.net/main_2127856/21278561324.20200306144241.jpg?type=f140 마이크로닉스 MANIC X50 4세대 광축 완전방수 PBT 게이밍 키보드 63,890원 
[2022-08-16 08:24:26,849] {logging_mixin.py:115} INFO - https://shopping-phinf.pstatic.net/main_2753224/27532247522.20210611095711.jpg?type=f140 COX CK01 TKL 기계식 텐키리스 게이밍 키보드 31,000원 
[2022-08-16 08:24:50,418] {logging_mixin.py:115} INFO - https://shopping-phinf.pstatic.net/main_2922743/29227436619.20211014105845.jpg?type=f140 마이크로닉스 MANIC EX580 광축 크리스탈 게이밍 키보드 67,000원 
[2022-08-16 08:25:13,956] {logging_mixin.py:115} INFO - https://shopping-phinf.pstatic.net/main_1941158/19411580916.20190522163521.jpg?type=f140 COX CK87 게이트론 LED 게이밍 기계식 39,900원 
[2022-08-16 08:25:37,539] {logging_mixin.py:115} INFO - https://shopping-phinf.pstatic.net/main_8974763/8974763652.20210528111410.jpg?type=f140 로지텍 멀티 디바이스 블루투스 키보드 K380 26,900원 
[2022-08-16 08:25:42,910] {logging_mixin.py:115} INFO - 1
[2022-08-16 08:26:06,479] {logging_mixin.py:115} INFO - https://shopping-phinf.pstatic.net/main_1885937/18859377233.20200310173217.jpg?type=f140 커세어 K70 RGB MK.2 게이밍 기계식 키보드 176,510원 
[2022-08-16 08:26:30,080] {logging_mixin.py:115} INFO - https://shopping-phinf.pstatic.net/main_2556452/25564526522.20210112094934.jpg?type=f140 archon K75 유/무선 기계식 키보드 79,000원 
[2022-08-16 08:26:53,910] {logging_mixin.py:115} INFO - https://shopping-phinf.pstatic.net/main_2678593/26785933523.20210416110923.jpg?type=f140 커세어 K70 RGB TKL 게이밍 키보드 한글판 179,000원 
[2022-08-16 08:27:17,563] {logging_mixin.py:115} INFO - https://shopping-phinf.pstatic.net/main_3099664/30996642618.20220219013111.jpg?type=f140 커세어 K70 RGB PRO 게이밍 기계식 키보드 219,000원 
[2022-08-16 08:27:41,193] {logging_mixin.py:115} INFO - https://shopping-phinf.pstatic.net/main_9303887/9303887003.20210618163542.jpg?type=f140 제닉스 STORMX TITAN SE 게이밍 키보드 27,850원 
[2022-08-16 08:27:43,446] {local_task_job.py:221} WARNING - State of this instance has been externally set to failed. Terminating instance.
[2022-08-16 08:27:43,451] {process_utils.py:129} INFO - Sending Signals.SIGTERM to group 80. PIDs of all processes in the group: [382, 389, 397, 398, 404, 406, 431, 490, 430, 80]
[2022-08-16 08:27:43,452] {process_utils.py:80} INFO - Sending the signal Signals.SIGTERM to group 80
[2022-08-16 08:27:43,452] {taskinstance.py:1561} ERROR - Received SIGTERM. Terminating subprocesses.
[2022-08-16 08:27:43,459] {process_utils.py:75} INFO - Process psutil.Process(pid=431, status='terminated', started='08:23:20') (431) terminated with exit code None
[2022-08-16 08:27:43,461] {process_utils.py:75} INFO - Process psutil.Process(pid=406, status='terminated', started='08:23:20') (406) terminated with exit code None
[2022-08-16 08:27:43,461] {process_utils.py:75} INFO - Process psutil.Process(pid=397, status='terminated', started='08:23:20') (397) terminated with exit code None
[2022-08-16 08:27:43,462] {process_utils.py:75} INFO - Process psutil.Process(pid=404, status='terminated', started='08:23:20') (404) terminated with exit code None
[2022-08-16 08:27:43,463] {process_utils.py:75} INFO - Process psutil.Process(pid=398, status='terminated', started='08:23:20') (398) terminated with exit code None
[2022-08-16 08:27:43,464] {process_utils.py:75} INFO - Process psutil.Process(pid=389, status='terminated', started='08:23:20') (389) terminated with exit code None
[2022-08-16 08:27:43,465] {process_utils.py:75} INFO - Process psutil.Process(pid=430, status='terminated', started='08:23:20') (430) terminated with exit code None
[2022-08-16 08:27:43,472] {process_utils.py:75} INFO - Process psutil.Process(pid=490, status='terminated', started='08:23:20') (490) terminated with exit code None
[2022-08-16 08:27:43,486] {process_utils.py:75} INFO - Process psutil.Process(pid=80, status='terminated', exitcode=0, started='08:23:15') (80) terminated with exit code 0
[2022-08-16 08:27:43,487] {process_utils.py:75} INFO - Process psutil.Process(pid=382, status='terminated', started='08:23:20') (382) terminated with exit code None
[2022-08-16 08:29:15,999] {taskinstance.py:1179} INFO - Dependencies all met for <TaskInstance: craw.cr2 scheduled__2022-08-14T14:55:00+00:00 [queued]>
[2022-08-16 08:29:16,010] {taskinstance.py:1179} INFO - Dependencies all met for <TaskInstance: craw.cr2 scheduled__2022-08-14T14:55:00+00:00 [queued]>
[2022-08-16 08:29:16,010] {taskinstance.py:1376} INFO - 
--------------------------------------------------------------------------------
[2022-08-16 08:29:16,011] {taskinstance.py:1377} INFO - Starting attempt 1 of 2
[2022-08-16 08:29:16,011] {taskinstance.py:1378} INFO - 
--------------------------------------------------------------------------------
[2022-08-16 08:29:16,026] {taskinstance.py:1397} INFO - Executing <Task(PythonOperator): cr2> on 2022-08-14 14:55:00+00:00
[2022-08-16 08:29:16,031] {standard_task_runner.py:52} INFO - Started process 6772 to run task
[2022-08-16 08:29:16,035] {standard_task_runner.py:79} INFO - Running: ['***', 'tasks', 'run', 'craw', 'cr2', 'scheduled__2022-08-14T14:55:00+00:00', '--job-id', '87', '--raw', '--subdir', 'DAGS_FOLDER/newtest.py', '--cfg-path', '/tmp/tmp3xqguq8s', '--error-file', '/tmp/tmp19o1yvmy']
[2022-08-16 08:29:16,036] {standard_task_runner.py:80} INFO - Job 87: Subtask cr2
[2022-08-16 08:29:16,107] {task_command.py:371} INFO - Running <TaskInstance: craw.cr2 scheduled__2022-08-14T14:55:00+00:00 [running]> on host 74c2759f33bd
[2022-08-16 08:29:16,212] {taskinstance.py:1591} INFO - Exporting the following env vars:
AIRFLOW_CTX_DAG_OWNER=***
AIRFLOW_CTX_DAG_ID=craw
AIRFLOW_CTX_TASK_ID=cr2
AIRFLOW_CTX_EXECUTION_DATE=2022-08-14T14:55:00+00:00
AIRFLOW_CTX_TRY_NUMBER=1
AIRFLOW_CTX_DAG_RUN_ID=scheduled__2022-08-14T14:55:00+00:00
[2022-08-16 08:29:16,227] {base.py:68} INFO - Using connection ID 'mysql' for task execution.
[2022-08-16 08:29:16,234] {logger.py:11} INFO - ====== WebDriver manager ======
[2022-08-16 08:29:16,409] {logger.py:11} INFO - Get LATEST chromedriver version for google-chrome 104.0.5112
[2022-08-16 08:29:16,798] {logger.py:11} INFO - Driver [/home/***/.wdm/drivers/chromedriver/linux64/104.0.5112/chromedriver] found in cache
[2022-08-16 08:30:00,027] {logging_mixin.py:115} INFO - https://shopping-phinf.pstatic.net/main_2127856/21278561324.20200306144241.jpg?type=f140 마이크로닉스 MANIC X50 4세대 광축 완전방수 PBT 게이밍 키보드 63,890원 
[2022-08-16 08:30:23,652] {logging_mixin.py:115} INFO - https://shopping-phinf.pstatic.net/main_2753224/27532247522.20210611095711.jpg?type=f140 COX CK01 TKL 기계식 텐키리스 게이밍 키보드 31,000원 
[2022-08-16 08:30:47,240] {logging_mixin.py:115} INFO - https://shopping-phinf.pstatic.net/main_2922743/29227436619.20211014105845.jpg?type=f140 마이크로닉스 MANIC EX580 광축 크리스탈 게이밍 키보드 67,000원 
[2022-08-16 08:31:10,802] {logging_mixin.py:115} INFO - https://shopping-phinf.pstatic.net/main_1941158/19411580916.20190522163521.jpg?type=f140 COX CK87 게이트론 LED 게이밍 기계식 39,900원 
[2022-08-16 08:31:34,385] {logging_mixin.py:115} INFO - https://shopping-phinf.pstatic.net/main_8974763/8974763652.20210528111410.jpg?type=f140 로지텍 멀티 디바이스 블루투스 키보드 K380 26,900원 
[2022-08-16 08:31:39,723] {logging_mixin.py:115} INFO - 1
[2022-08-16 08:32:03,441] {logging_mixin.py:115} INFO - https://shopping-phinf.pstatic.net/main_1885937/18859377233.20200310173217.jpg?type=f140 커세어 K70 RGB MK.2 게이밍 기계식 키보드 176,510원 
[2022-08-16 08:32:27,066] {logging_mixin.py:115} INFO - https://shopping-phinf.pstatic.net/main_2556452/25564526522.20210112094934.jpg?type=f140 archon K75 유/무선 기계식 키보드 79,000원 
[2022-08-16 08:32:50,640] {logging_mixin.py:115} INFO - https://shopping-phinf.pstatic.net/main_2678593/26785933523.20210416110923.jpg?type=f140 커세어 K70 RGB TKL 게이밍 키보드 한글판 179,000원 
[2022-08-16 08:33:14,349] {logging_mixin.py:115} INFO - https://shopping-phinf.pstatic.net/main_3099664/30996642618.20220219013111.jpg?type=f140 커세어 K70 RGB PRO 게이밍 기계식 키보드 219,000원 
[2022-08-16 08:33:37,990] {logging_mixin.py:115} INFO - https://shopping-phinf.pstatic.net/main_9303887/9303887003.20210618163542.jpg?type=f140 제닉스 STORMX TITAN SE 게이밍 키보드 27,850원 
[2022-08-16 08:33:43,234] {logging_mixin.py:115} INFO - 2
[2022-08-16 08:34:06,782] {logging_mixin.py:115} INFO - https://shopping-phinf.pstatic.net/main_2127856/21278561324.20200306144241.jpg?type=f140 마이크로닉스 MANIC X50 4세대 광축 완전방수 PBT 게이밍 키보드 63,890원 
[2022-08-16 08:34:30,374] {logging_mixin.py:115} INFO - https://shopping-phinf.pstatic.net/main_2753224/27532247522.20210611095711.jpg?type=f140 COX CK01 TKL 기계식 텐키리스 게이밍 키보드 31,000원 
[2022-08-16 08:34:54,030] {logging_mixin.py:115} INFO - https://shopping-phinf.pstatic.net/main_1941158/19411580916.20190522163521.jpg?type=f140 COX CK87 게이트론 LED 게이밍 기계식 39,900원 
[2022-08-16 08:35:17,654] {logging_mixin.py:115} INFO - https://shopping-phinf.pstatic.net/main_2922743/29227436619.20211014105845.jpg?type=f140 마이크로닉스 MANIC EX580 광축 크리스탈 게이밍 키보드 67,000원 
[2022-08-16 08:35:41,230] {logging_mixin.py:115} INFO - https://shopping-phinf.pstatic.net/main_8974763/8974763652.20210528111410.jpg?type=f140 로지텍 멀티 디바이스 블루투스 키보드 K380 26,900원 
[2022-08-16 08:35:46,499] {logging_mixin.py:115} INFO - 3
[2022-08-16 08:35:46,562] {python.py:173} INFO - Done. Returned value was: None
[2022-08-16 08:35:46,578] {taskinstance.py:1420} INFO - Marking task as SUCCESS. dag_id=craw, task_id=cr2, execution_date=20220814T145500, start_date=20220816T082916, end_date=20220816T083546
[2022-08-16 08:35:46,601] {local_task_job.py:156} INFO - Task exited with return code 0
[2022-08-16 08:35:46,630] {local_task_job.py:273} INFO - 0 downstream tasks scheduled from follow-on schedule check
[2022-08-18 13:12:34,783] {taskinstance.py:1179} INFO - Dependencies all met for <TaskInstance: craw.cr2 scheduled__2022-08-14T14:55:00+00:00 [queued]>
[2022-08-18 13:12:34,957] {taskinstance.py:1179} INFO - Dependencies all met for <TaskInstance: craw.cr2 scheduled__2022-08-14T14:55:00+00:00 [queued]>
[2022-08-18 13:12:35,011] {taskinstance.py:1376} INFO - 
--------------------------------------------------------------------------------
[2022-08-18 13:12:35,051] {taskinstance.py:1377} INFO - Starting attempt 1 of 2
[2022-08-18 13:12:35,090] {taskinstance.py:1378} INFO - 
--------------------------------------------------------------------------------
[2022-08-18 13:12:35,305] {taskinstance.py:1397} INFO - Executing <Task(PythonOperator): cr2> on 2022-08-14 14:55:00+00:00
[2022-08-18 13:12:35,489] {standard_task_runner.py:52} INFO - Started process 145 to run task
[2022-08-18 13:12:35,538] {standard_task_runner.py:79} INFO - Running: ['***', 'tasks', 'run', 'craw', 'cr2', 'scheduled__2022-08-14T14:55:00+00:00', '--job-id', '112', '--raw', '--subdir', 'DAGS_FOLDER/newtest.py', '--cfg-path', '/tmp/tmplvz6hyli', '--error-file', '/tmp/tmpirzoockt']
[2022-08-18 13:12:35,572] {standard_task_runner.py:80} INFO - Job 112: Subtask cr2
[2022-08-18 13:12:36,958] {task_command.py:371} INFO - Running <TaskInstance: craw.cr2 scheduled__2022-08-14T14:55:00+00:00 [running]> on host cdb6935da655
[2022-08-18 13:12:38,268] {taskinstance.py:1591} INFO - Exporting the following env vars:
AIRFLOW_CTX_DAG_OWNER=***
AIRFLOW_CTX_DAG_ID=craw
AIRFLOW_CTX_TASK_ID=cr2
AIRFLOW_CTX_EXECUTION_DATE=2022-08-14T14:55:00+00:00
AIRFLOW_CTX_TRY_NUMBER=1
AIRFLOW_CTX_DAG_RUN_ID=scheduled__2022-08-14T14:55:00+00:00
[2022-08-18 13:12:38,405] {base.py:68} INFO - Using connection ID 'mysql' for task execution.
[2022-08-18 13:12:38,434] {logger.py:11} INFO - ====== WebDriver manager ======
[2022-08-18 13:12:41,134] {logger.py:11} INFO - Get LATEST chromedriver version for google-chrome 104.0.5112
[2022-08-18 13:12:44,121] {logger.py:11} INFO - About to download new driver from https://chromedriver.storage.googleapis.com/104.0.5112.79/chromedriver_linux64.zip
[2022-08-18 13:12:45,942] {local_task_job.py:221} WARNING - State of this instance has been externally set to failed. Terminating instance.
[2022-08-18 13:12:45,982] {process_utils.py:129} INFO - Sending Signals.SIGTERM to group 145. PIDs of all processes in the group: [145]
[2022-08-18 13:12:46,005] {process_utils.py:80} INFO - Sending the signal Signals.SIGTERM to group 145
[2022-08-18 13:12:46,035] {taskinstance.py:1561} ERROR - Received SIGTERM. Terminating subprocesses.
[2022-08-18 13:12:46,479] {process_utils.py:75} INFO - Process psutil.Process(pid=145, status='terminated', exitcode=0, started='13:12:35') (145) terminated with exit code 0
