[2022-08-18 15:24:56,474] {taskinstance.py:1179} INFO - Dependencies all met for <TaskInstance: craw.cr6 scheduled__2022-08-17T14:55:00+00:00 [queued]>
[2022-08-18 15:24:56,516] {taskinstance.py:1179} INFO - Dependencies all met for <TaskInstance: craw.cr6 scheduled__2022-08-17T14:55:00+00:00 [queued]>
[2022-08-18 15:24:56,533] {taskinstance.py:1376} INFO - 
--------------------------------------------------------------------------------
[2022-08-18 15:24:56,579] {taskinstance.py:1377} INFO - Starting attempt 1 of 2
[2022-08-18 15:24:56,615] {taskinstance.py:1378} INFO - 
--------------------------------------------------------------------------------
[2022-08-18 15:24:56,967] {taskinstance.py:1397} INFO - Executing <Task(PythonOperator): cr6> on 2022-08-17 14:55:00+00:00
[2022-08-18 15:24:57,008] {standard_task_runner.py:52} INFO - Started process 93 to run task
[2022-08-18 15:24:57,026] {standard_task_runner.py:79} INFO - Running: ['***', 'tasks', 'run', 'craw', 'cr6', 'scheduled__2022-08-17T14:55:00+00:00', '--job-id', '179', '--raw', '--subdir', 'DAGS_FOLDER/newtest.py', '--cfg-path', '/tmp/tmppp6uemtb', '--error-file', '/tmp/tmpsquo69v1']
[2022-08-18 15:24:57,138] {standard_task_runner.py:80} INFO - Job 179: Subtask cr6
[2022-08-18 15:24:58,254] {task_command.py:371} INFO - Running <TaskInstance: craw.cr6 scheduled__2022-08-17T14:55:00+00:00 [running]> on host a73b00663d46
[2022-08-18 15:24:59,686] {taskinstance.py:1589} INFO - Exporting the following env vars:
AIRFLOW_CTX_DAG_OWNER=***
AIRFLOW_CTX_DAG_ID=craw
AIRFLOW_CTX_TASK_ID=cr6
AIRFLOW_CTX_EXECUTION_DATE=2022-08-17T14:55:00+00:00
AIRFLOW_CTX_TRY_NUMBER=1
AIRFLOW_CTX_DAG_RUN_ID=scheduled__2022-08-17T14:55:00+00:00
[2022-08-18 15:24:59,769] {base.py:68} INFO - Using connection ID 'mysql' for task execution.
[2022-08-18 15:24:59,798] {logger.py:11} INFO - ====== WebDriver manager ======
[2022-08-18 15:25:01,144] {logger.py:11} INFO - Get LATEST chromedriver version for google-chrome 104.0.5112
[2022-08-18 15:25:02,315] {logger.py:11} INFO - There is no [linux64] chromedriver for browser 104.0.5112 in cache
[2022-08-18 15:25:02,327] {logger.py:11} INFO - About to download new driver from https://chromedriver.storage.googleapis.com/104.0.5112.79/chromedriver_linux64.zip
[2022-08-18 15:25:38,919] {logger.py:11} INFO - Driver has been saved in cache [/home/***/.wdm/drivers/chromedriver/linux64/104.0.5112]
[2022-08-18 15:27:41,069] {logging_mixin.py:115} INFO - https://shopping-phinf.pstatic.net/main_2196898/21968983050.20220603104329.jpg?type=f140 스틸시리즈 Apex 3 89,000원 
[2022-08-18 15:28:13,002] {logging_mixin.py:115} INFO - https://shopping-phinf.pstatic.net/main_2960575/29605751618.20220324110136.jpg?type=f140 로이체 RK-3700 32,900원 
[2022-08-18 15:28:53,936] {logging_mixin.py:115} INFO - https://shopping-phinf.pstatic.net/main_1182593/11825933324.20210720140537.jpg?type=f140 한성컴퓨터 Gtune MKF30S Rainbow 37,900원 
[2022-08-18 15:29:47,850] {logging_mixin.py:115} INFO - https://shopping-phinf.pstatic.net/main_2076858/20768586850.20220801104235.jpg?type=f140 한성컴퓨터 GK893B SPORTS 한글 149,000원 
[2022-08-18 15:30:49,031] {logging_mixin.py:115} INFO - https://shopping-phinf.pstatic.net/main_6215720/6215720682.20210618152141.jpg?type=f140 로지텍 K120 NEW Keyboard (정품) 9,030원 
[2022-08-18 15:30:56,352] {logging_mixin.py:115} INFO - 1
