[2022-08-18 13:12:35,021] {taskinstance.py:1179} INFO - Dependencies all met for <TaskInstance: craw.cr2 manual__2022-08-18T13:12:23.100461+00:00 [queued]>
[2022-08-18 13:12:35,164] {taskinstance.py:1179} INFO - Dependencies all met for <TaskInstance: craw.cr2 manual__2022-08-18T13:12:23.100461+00:00 [queued]>
[2022-08-18 13:12:35,178] {taskinstance.py:1376} INFO - 
--------------------------------------------------------------------------------
[2022-08-18 13:12:35,199] {taskinstance.py:1377} INFO - Starting attempt 1 of 2
[2022-08-18 13:12:35,200] {taskinstance.py:1378} INFO - 
--------------------------------------------------------------------------------
[2022-08-18 13:12:35,494] {taskinstance.py:1397} INFO - Executing <Task(PythonOperator): cr2> on 2022-08-18 13:12:23.100461+00:00
[2022-08-18 13:12:35,520] {standard_task_runner.py:52} INFO - Started process 146 to run task
[2022-08-18 13:12:35,549] {standard_task_runner.py:79} INFO - Running: ['***', 'tasks', 'run', 'craw', 'cr2', 'manual__2022-08-18T13:12:23.100461+00:00', '--job-id', '111', '--raw', '--subdir', 'DAGS_FOLDER/newtest.py', '--cfg-path', '/tmp/tmpyhplhrjb', '--error-file', '/tmp/tmpw9d2ccoc']
[2022-08-18 13:12:35,597] {standard_task_runner.py:80} INFO - Job 111: Subtask cr2
[2022-08-18 13:12:36,651] {task_command.py:371} INFO - Running <TaskInstance: craw.cr2 manual__2022-08-18T13:12:23.100461+00:00 [running]> on host cdb6935da655
[2022-08-18 13:12:37,233] {taskinstance.py:1591} INFO - Exporting the following env vars:
AIRFLOW_CTX_DAG_OWNER=***
AIRFLOW_CTX_DAG_ID=craw
AIRFLOW_CTX_TASK_ID=cr2
AIRFLOW_CTX_EXECUTION_DATE=2022-08-18T13:12:23.100461+00:00
AIRFLOW_CTX_TRY_NUMBER=1
AIRFLOW_CTX_DAG_RUN_ID=manual__2022-08-18T13:12:23.100461+00:00
[2022-08-18 13:12:37,350] {base.py:68} INFO - Using connection ID 'mysql' for task execution.
[2022-08-18 13:12:37,383] {logger.py:11} INFO - ====== WebDriver manager ======
[2022-08-18 13:12:41,164] {logger.py:11} INFO - Get LATEST chromedriver version for google-chrome 104.0.5112
[2022-08-18 13:12:45,863] {logger.py:11} INFO - About to download new driver from https://chromedriver.storage.googleapis.com/104.0.5112.79/chromedriver_linux64.zip
[2022-08-18 13:12:54,318] {logger.py:11} INFO - Driver has been saved in cache [/home/***/.wdm/drivers/chromedriver/linux64/104.0.5112]
[2022-08-18 13:13:59,996] {logging_mixin.py:115} INFO - https://shopping-phinf.pstatic.net/main_2753224/27532247522.20210611095711.jpg?type=f140 COX CK01 TKL 기계식 텐키리스 게이밍 키보드 30,380원 
[2022-08-18 13:14:25,443] {logging_mixin.py:115} INFO - https://shopping-phinf.pstatic.net/main_8974763/8974763652.20210528111410.jpg?type=f140 로지텍 멀티 디바이스 블루투스 키보드 K380 26,800원 
[2022-08-18 13:15:06,511] {logging_mixin.py:115} INFO - https://shopping-phinf.pstatic.net/main_2127856/21278561324.20200306144241.jpg?type=f140 마이크로닉스 MANIC X50 4세대 광축 완전방수 PBT 게이밍 키보드 59,630원 
[2022-08-18 13:15:34,359] {logging_mixin.py:115} INFO - https://shopping-phinf.pstatic.net/main_2922743/29227436619.20211014105845.jpg?type=f140 마이크로닉스 MANIC EX580 광축 크리스탈 게이밍 키보드 66,850원 
[2022-08-18 13:16:00,041] {logging_mixin.py:115} INFO - https://shopping-phinf.pstatic.net/main_1941158/19411580916.20190522163521.jpg?type=f140 COX CK87 게이트론 LED 게이밍 기계식 39,900원 
[2022-08-18 13:16:06,367] {logging_mixin.py:115} INFO - 1
[2022-08-18 13:16:32,156] {logging_mixin.py:115} INFO - https://shopping-phinf.pstatic.net/main_1960150/19601508032.20190603154336.jpg?type=f140 COX CK108 레드/다크그레이 게이트론 LED 게이밍 기계식 키보드 49,900원 
[2022-08-18 13:16:56,944] {logging_mixin.py:115} INFO - https://shopping-phinf.pstatic.net/main_9303887/9303887003.20210618163542.jpg?type=f140 제닉스 STORMX TITAN SE 게이밍 키보드 27,440원 
[2022-08-18 13:17:20,844] {logging_mixin.py:115} INFO - https://shopping-phinf.pstatic.net/main_2091432/20914327278.20210303111810.jpg?type=f140 웨이코스 씽크웨이 토체티 텐키리스 D&T 콜라보 체리 키보드 134,000원 
[2022-08-18 13:17:44,915] {logging_mixin.py:115} INFO - https://shopping-phinf.pstatic.net/main_2286685/22866854426.20201208143538.jpg?type=f140 CHERRY MX BOARD 3.0S RGB 138,990원 
[2022-08-18 13:18:08,732] {logging_mixin.py:115} INFO - https://shopping-phinf.pstatic.net/main_1490512/14905121847.20180727112553.jpg?type=f140 맥스틸 TRON G610K V2 39,610원 
[2022-08-18 13:18:14,469] {logging_mixin.py:115} INFO - 2
[2022-08-18 13:18:39,658] {logging_mixin.py:115} INFO - https://shopping-phinf.pstatic.net/main_2753224/27532247522.20210611095711.jpg?type=f140 COX CK01 TKL 기계식 텐키리스 게이밍 키보드 30,380원 
[2022-08-18 13:19:05,603] {logging_mixin.py:115} INFO - https://shopping-phinf.pstatic.net/main_8974763/8974763652.20210528111410.jpg?type=f140 로지텍 멀티 디바이스 블루투스 키보드 K380 26,800원 
[2022-08-18 13:19:29,303] {logging_mixin.py:115} INFO - https://shopping-phinf.pstatic.net/main_2127856/21278561324.20200306144241.jpg?type=f140 마이크로닉스 MANIC X50 4세대 광축 완전방수 PBT 게이밍 키보드 59,630원 
[2022-08-18 13:19:53,311] {logging_mixin.py:115} INFO - https://shopping-phinf.pstatic.net/main_2922743/29227436619.20211014105845.jpg?type=f140 마이크로닉스 MANIC EX580 광축 크리스탈 게이밍 키보드 66,850원 
[2022-08-18 13:20:17,089] {logging_mixin.py:115} INFO - https://shopping-phinf.pstatic.net/main_1941158/19411580916.20190522163521.jpg?type=f140 COX CK87 게이트론 LED 게이밍 기계식 39,900원 
[2022-08-18 13:20:23,529] {logging_mixin.py:115} INFO - 3
[2022-08-18 13:20:23,704] {python.py:173} INFO - Done. Returned value was: None
[2022-08-18 13:20:23,808] {taskinstance.py:1420} INFO - Marking task as SUCCESS. dag_id=craw, task_id=cr2, execution_date=20220818T131223, start_date=20220818T131235, end_date=20220818T132023
[2022-08-18 13:20:23,881] {local_task_job.py:156} INFO - Task exited with return code 0
[2022-08-18 13:20:23,995] {local_task_job.py:273} INFO - 0 downstream tasks scheduled from follow-on schedule check
