[2022-08-16 08:24:11,741] {taskinstance.py:1179} INFO - Dependencies all met for <TaskInstance: craw.cr4 manual__2022-08-16T08:24:09.230200+00:00 [queued]>
[2022-08-16 08:24:11,754] {taskinstance.py:1179} INFO - Dependencies all met for <TaskInstance: craw.cr4 manual__2022-08-16T08:24:09.230200+00:00 [queued]>
[2022-08-16 08:24:11,755] {taskinstance.py:1376} INFO - 
--------------------------------------------------------------------------------
[2022-08-16 08:24:11,755] {taskinstance.py:1377} INFO - Starting attempt 1 of 2
[2022-08-16 08:24:11,756] {taskinstance.py:1378} INFO - 
--------------------------------------------------------------------------------
[2022-08-16 08:24:11,777] {taskinstance.py:1397} INFO - Executing <Task(PythonOperator): cr4> on 2022-08-16 08:24:09.230200+00:00
[2022-08-16 08:24:11,785] {standard_task_runner.py:52} INFO - Started process 1222 to run task
[2022-08-16 08:24:11,794] {standard_task_runner.py:79} INFO - Running: ['***', 'tasks', 'run', 'craw', 'cr4', 'manual__2022-08-16T08:24:09.230200+00:00', '--job-id', '71', '--raw', '--subdir', 'DAGS_FOLDER/newtest.py', '--cfg-path', '/tmp/tmp2dehxkv0', '--error-file', '/tmp/tmpz516odft']
[2022-08-16 08:24:11,799] {standard_task_runner.py:80} INFO - Job 71: Subtask cr4
[2022-08-16 08:24:12,004] {task_command.py:371} INFO - Running <TaskInstance: craw.cr4 manual__2022-08-16T08:24:09.230200+00:00 [running]> on host 74c2759f33bd
[2022-08-16 08:24:12,186] {taskinstance.py:1591} INFO - Exporting the following env vars:
AIRFLOW_CTX_DAG_OWNER=***
AIRFLOW_CTX_DAG_ID=craw
AIRFLOW_CTX_TASK_ID=cr4
AIRFLOW_CTX_EXECUTION_DATE=2022-08-16T08:24:09.230200+00:00
AIRFLOW_CTX_TRY_NUMBER=1
AIRFLOW_CTX_DAG_RUN_ID=manual__2022-08-16T08:24:09.230200+00:00
[2022-08-16 08:24:12,206] {base.py:68} INFO - Using connection ID 'mysql' for task execution.
[2022-08-16 08:24:12,214] {logger.py:11} INFO - ====== WebDriver manager ======
[2022-08-16 08:24:12,623] {logger.py:11} INFO - Get LATEST chromedriver version for google-chrome 104.0.5112
[2022-08-16 08:24:13,570] {logger.py:11} INFO - Driver [/home/***/.wdm/drivers/chromedriver/linux64/104.0.5112/chromedriver] found in cache
[2022-08-16 08:24:56,942] {logging_mixin.py:115} INFO - https://shopping-phinf.pstatic.net/main_2552390/25523900522.20210914113040.jpg?type=f140 한성컴퓨터 BK500 듀얼 무선 멀티페어링 키보드 29,601원 
[2022-08-16 08:25:20,617] {logging_mixin.py:115} INFO - https://shopping-phinf.pstatic.net/main_2045576/20455763954.20210430175002.jpg?type=f140 CHERRY MX BOARD 3.0S 게이밍 기계식 키보드 99,000원 
[2022-08-16 08:25:44,264] {logging_mixin.py:115} INFO - https://shopping-phinf.pstatic.net/main_2061262/20612627710.20191022173313.jpg?type=f140 마이크로닉스 MANIC X30 마닉축 기계식 키보드 33,900원 
[2022-08-16 08:26:07,972] {logging_mixin.py:115} INFO - https://shopping-phinf.pstatic.net/main_2882835/28828351586.20210913173723.jpg?type=f140 앱코 KN10C PBT 무접점 키보드 199,000원 
[2022-08-16 08:26:32,127] {logging_mixin.py:115} INFO - https://shopping-phinf.pstatic.net/main_1097696/10976963331.20170605151939.jpg?type=f140 아이리버 IR-K2000 14,890원 
[2022-08-16 08:26:37,583] {logging_mixin.py:115} INFO - 1
[2022-08-16 08:27:01,217] {logging_mixin.py:115} INFO - https://shopping-phinf.pstatic.net/main_3048826/30488263622.20220110170830.jpg?type=f140 로지텍 MX KEYS MINI 113,800원 
[2022-08-16 08:27:24,913] {logging_mixin.py:115} INFO - https://shopping-phinf.pstatic.net/main_1182045/11820457775.20211206152108.jpg?type=f140 삼성전자 삼성 SKG-3000UB 14,751원 
[2022-08-16 08:27:48,538] {logging_mixin.py:115} INFO - https://shopping-phinf.pstatic.net/main_3049942/30499423619.20220207181226.jpg?type=f140 몬스타기어 닌자87PRO RGB DIY 퀵스왑 조립 커스텀 기계식 키보드 65,000원 
[2022-08-16 08:28:12,133] {logging_mixin.py:115} INFO - https://shopping-phinf.pstatic.net/main_1490512/14905121847.20180727112553.jpg?type=f140 맥스틸 TRON G610K V2 39,900원 
[2022-08-16 08:28:35,729] {logging_mixin.py:115} INFO - https://shopping-phinf.pstatic.net/main_2278290/22782906567.20200507231953.jpg?type=f140 COX CK01 29,900원 
[2022-08-16 08:28:40,950] {logging_mixin.py:115} INFO - 2
[2022-08-16 08:29:04,448] {logging_mixin.py:115} INFO - https://shopping-phinf.pstatic.net/main_2552390/25523900522.20210914113040.jpg?type=f140 한성컴퓨터 BK500 듀얼 무선 멀티페어링 키보드 29,601원 
[2022-08-16 08:29:28,034] {logging_mixin.py:115} INFO - https://shopping-phinf.pstatic.net/main_2045576/20455763954.20210430175002.jpg?type=f140 CHERRY MX BOARD 3.0S 게이밍 기계식 키보드 99,000원 
[2022-08-16 08:29:51,603] {logging_mixin.py:115} INFO - https://shopping-phinf.pstatic.net/main_2061262/20612627710.20191022173313.jpg?type=f140 마이크로닉스 MANIC X30 마닉축 기계식 키보드 33,900원 
[2022-08-16 08:30:15,148] {logging_mixin.py:115} INFO - https://shopping-phinf.pstatic.net/main_2882835/28828351586.20210913173723.jpg?type=f140 앱코 KN10C PBT 무접점 키보드 199,000원 
[2022-08-16 08:30:38,818] {logging_mixin.py:115} INFO - https://shopping-phinf.pstatic.net/main_1097696/10976963331.20170605151939.jpg?type=f140 아이리버 IR-K2000 14,890원 
[2022-08-16 08:30:44,150] {logging_mixin.py:115} INFO - 3
[2022-08-16 08:30:44,322] {python.py:173} INFO - Done. Returned value was: None
[2022-08-16 08:30:44,353] {taskinstance.py:1420} INFO - Marking task as SUCCESS. dag_id=craw, task_id=cr4, execution_date=20220816T082409, start_date=20220816T082411, end_date=20220816T083044
[2022-08-16 08:30:44,417] {local_task_job.py:156} INFO - Task exited with return code 0
[2022-08-16 08:30:44,450] {local_task_job.py:273} INFO - 0 downstream tasks scheduled from follow-on schedule check
