[2022-08-13 08:54:24,111] {taskinstance.py:1179} INFO - Dependencies all met for <TaskInstance: craw.cr1 manual__2022-08-13T08:46:41.606794+00:00 [queued]>
[2022-08-13 08:54:24,124] {taskinstance.py:1179} INFO - Dependencies all met for <TaskInstance: craw.cr1 manual__2022-08-13T08:46:41.606794+00:00 [queued]>
[2022-08-13 08:54:24,124] {taskinstance.py:1376} INFO - 
--------------------------------------------------------------------------------
[2022-08-13 08:54:24,125] {taskinstance.py:1377} INFO - Starting attempt 2 of 2
[2022-08-13 08:54:24,125] {taskinstance.py:1378} INFO - 
--------------------------------------------------------------------------------
[2022-08-13 08:54:24,143] {taskinstance.py:1397} INFO - Executing <Task(PythonOperator): cr1> on 2022-08-13 08:46:41.606794+00:00
[2022-08-13 08:54:24,148] {standard_task_runner.py:52} INFO - Started process 2923 to run task
[2022-08-13 08:54:24,152] {standard_task_runner.py:79} INFO - Running: ['***', 'tasks', 'run', 'craw', 'cr1', 'manual__2022-08-13T08:46:41.606794+00:00', '--job-id', '47', '--raw', '--subdir', 'DAGS_FOLDER/newtest.py', '--cfg-path', '/tmp/tmpe89aw3hc', '--error-file', '/tmp/tmp43p9d1bt']
[2022-08-13 08:54:24,154] {standard_task_runner.py:80} INFO - Job 47: Subtask cr1
[2022-08-13 08:54:24,251] {task_command.py:371} INFO - Running <TaskInstance: craw.cr1 manual__2022-08-13T08:46:41.606794+00:00 [running]> on host cdb6935da655
[2022-08-13 08:54:24,380] {taskinstance.py:1591} INFO - Exporting the following env vars:
AIRFLOW_CTX_DAG_OWNER=***
AIRFLOW_CTX_DAG_ID=craw
AIRFLOW_CTX_TASK_ID=cr1
AIRFLOW_CTX_EXECUTION_DATE=2022-08-13T08:46:41.606794+00:00
AIRFLOW_CTX_TRY_NUMBER=2
AIRFLOW_CTX_DAG_RUN_ID=manual__2022-08-13T08:46:41.606794+00:00
[2022-08-13 08:54:24,383] {logger.py:11} INFO - ====== WebDriver manager ======
[2022-08-13 08:54:24,506] {logger.py:11} INFO - Get LATEST chromedriver version for google-chrome 104.0.5112
[2022-08-13 08:54:24,864] {logger.py:11} INFO - Driver [/home/***/.wdm/drivers/chromedriver/linux64/104.0.5112/chromedriver] found in cache
[2022-08-13 08:56:00,967] {local_task_job.py:221} WARNING - State of this instance has been externally set to failed. Terminating instance.
[2022-08-13 08:56:00,991] {process_utils.py:129} INFO - Sending Signals.SIGTERM to group 2923. PIDs of all processes in the group: [2948, 2954, 2958, 2959, 2965, 2966, 2981, 3022, 3062, 2979, 2923]
[2022-08-13 08:56:00,993] {process_utils.py:80} INFO - Sending the signal Signals.SIGTERM to group 2923
[2022-08-13 08:56:01,010] {taskinstance.py:1561} ERROR - Received SIGTERM. Terminating subprocesses.
[2022-08-13 08:56:01,103] {process_utils.py:75} INFO - Process psutil.Process(pid=3062, status='terminated', started='08:54:49') (3062) terminated with exit code None
[2022-08-13 08:56:01,132] {process_utils.py:75} INFO - Process psutil.Process(pid=2965, status='terminated', started='08:54:24') (2965) terminated with exit code None
[2022-08-13 08:56:01,133] {process_utils.py:75} INFO - Process psutil.Process(pid=2979, status='terminated', started='08:54:24') (2979) terminated with exit code None
[2022-08-13 08:56:01,252] {process_utils.py:75} INFO - Process psutil.Process(pid=2923, status='terminated', exitcode=0, started='08:54:23') (2923) terminated with exit code 0
[2022-08-13 08:56:01,279] {process_utils.py:75} INFO - Process psutil.Process(pid=2959, status='terminated', started='08:54:24') (2959) terminated with exit code None
[2022-08-13 08:56:01,280] {process_utils.py:75} INFO - Process psutil.Process(pid=2958, status='terminated', started='08:54:24') (2958) terminated with exit code None
[2022-08-13 08:56:01,281] {process_utils.py:75} INFO - Process psutil.Process(pid=2981, status='terminated', started='08:54:24') (2981) terminated with exit code None
[2022-08-13 08:56:01,284] {process_utils.py:75} INFO - Process psutil.Process(pid=3022, status='terminated', started='08:54:24') (3022) terminated with exit code None
[2022-08-13 08:56:01,289] {process_utils.py:75} INFO - Process psutil.Process(pid=2954, status='terminated', started='08:54:24') (2954) terminated with exit code None
[2022-08-13 08:56:01,295] {process_utils.py:75} INFO - Process psutil.Process(pid=2966, status='terminated', started='08:54:24') (2966) terminated with exit code None
[2022-08-13 08:56:01,296] {process_utils.py:75} INFO - Process psutil.Process(pid=2948, status='terminated', started='08:54:24') (2948) terminated with exit code None
