[2022-08-18 13:12:35,679] {taskinstance.py:1179} INFO - Dependencies all met for <TaskInstance: craw.cr4 manual__2022-08-18T13:12:23.100461+00:00 [queued]>
[2022-08-18 13:12:35,909] {taskinstance.py:1179} INFO - Dependencies all met for <TaskInstance: craw.cr4 manual__2022-08-18T13:12:23.100461+00:00 [queued]>
[2022-08-18 13:12:35,948] {taskinstance.py:1376} INFO - 
--------------------------------------------------------------------------------
[2022-08-18 13:12:35,962] {taskinstance.py:1377} INFO - Starting attempt 1 of 2
[2022-08-18 13:12:35,978] {taskinstance.py:1378} INFO - 
--------------------------------------------------------------------------------
[2022-08-18 13:12:36,184] {taskinstance.py:1397} INFO - Executing <Task(PythonOperator): cr4> on 2022-08-18 13:12:23.100461+00:00
[2022-08-18 13:12:36,282] {standard_task_runner.py:52} INFO - Started process 150 to run task
[2022-08-18 13:12:36,316] {standard_task_runner.py:79} INFO - Running: ['***', 'tasks', 'run', 'craw', 'cr4', 'manual__2022-08-18T13:12:23.100461+00:00', '--job-id', '115', '--raw', '--subdir', 'DAGS_FOLDER/newtest.py', '--cfg-path', '/tmp/tmp8mimdmi1', '--error-file', '/tmp/tmpe7emntgw']
[2022-08-18 13:12:36,348] {standard_task_runner.py:80} INFO - Job 115: Subtask cr4
[2022-08-18 13:12:37,077] {task_command.py:371} INFO - Running <TaskInstance: craw.cr4 manual__2022-08-18T13:12:23.100461+00:00 [running]> on host cdb6935da655
[2022-08-18 13:12:38,072] {taskinstance.py:1591} INFO - Exporting the following env vars:
AIRFLOW_CTX_DAG_OWNER=***
AIRFLOW_CTX_DAG_ID=craw
AIRFLOW_CTX_TASK_ID=cr4
AIRFLOW_CTX_EXECUTION_DATE=2022-08-18T13:12:23.100461+00:00
AIRFLOW_CTX_TRY_NUMBER=1
AIRFLOW_CTX_DAG_RUN_ID=manual__2022-08-18T13:12:23.100461+00:00
[2022-08-18 13:12:39,147] {base.py:68} INFO - Using connection ID 'mysql' for task execution.
[2022-08-18 13:12:39,178] {logger.py:11} INFO - ====== WebDriver manager ======
[2022-08-18 13:12:41,126] {logger.py:11} INFO - Get LATEST chromedriver version for google-chrome 104.0.5112
[2022-08-18 13:12:43,083] {logger.py:11} INFO - About to download new driver from https://chromedriver.storage.googleapis.com/104.0.5112.79/chromedriver_linux64.zip
[2022-08-18 13:12:51,005] {logger.py:11} INFO - Driver has been saved in cache [/home/***/.wdm/drivers/chromedriver/linux64/104.0.5112]
[2022-08-18 13:13:56,412] {logging_mixin.py:115} INFO - https://shopping-phinf.pstatic.net/main_2089989/20899895174.20190918142705.jpg?type=f140 로지텍 MX KEYS 104,240원 
[2022-08-18 13:14:22,753] {logging_mixin.py:115} INFO - https://shopping-phinf.pstatic.net/main_2045576/20455763954.20210430175002.jpg?type=f140 CHERRY MX BOARD 3.0S 게이밍 기계식 키보드 99,000원 
[2022-08-18 13:14:53,874] {logging_mixin.py:115} INFO - https://shopping-phinf.pstatic.net/main_2074421/20744210637.20211005163947.jpg?type=f140 앱코 K515 축교환 측면 RGB 라이팅 이중사출 게이밍 기계식 키보드 32,900원 
[2022-08-18 13:15:18,474] {logging_mixin.py:115} INFO - https://shopping-phinf.pstatic.net/main_2552390/25523900522.20210914113040.jpg?type=f140 한성컴퓨터 BK500 듀얼 무선 멀티페어링 키보드 29,601원 
[2022-08-18 13:15:45,329] {logging_mixin.py:115} INFO - https://shopping-phinf.pstatic.net/main_2816016/28160165522.20210726142215.jpg?type=f140 마이크로닉스 MORPH MK-1 마닉축 RGB 게이밍 기계식 키보드 89,000원 
[2022-08-18 13:15:52,417] {logging_mixin.py:115} INFO - 1
[2022-08-18 13:16:16,224] {logging_mixin.py:115} INFO - https://shopping-phinf.pstatic.net/main_2678593/26785933523.20210416110923.jpg?type=f140 커세어 K70 RGB TKL 게이밍 키보드 한글판 179,000원 
[2022-08-18 13:16:40,132] {logging_mixin.py:115} INFO - https://shopping-phinf.pstatic.net/main_2757052/27570524522.20210614161829.jpg?type=f140 앱코 K570 레인보우 무빙LED 기계식 게이밍 키보드 25,900원 
[2022-08-18 13:17:04,276] {logging_mixin.py:115} INFO - https://shopping-phinf.pstatic.net/main_2444236/24442364522.20201110124453.jpg?type=f140 키크론 K8 블루투스 무선 기계식 키보드 101,150원 
[2022-08-18 13:17:28,758] {logging_mixin.py:115} INFO - https://shopping-phinf.pstatic.net/main_1727812/17278124782.20190130110141.jpg?type=f140 COX 엔데버 텐키리스 RGB PBT 완전방수 무접점 키보드 150,000원 
[2022-08-18 13:17:52,672] {logging_mixin.py:115} INFO - https://shopping-phinf.pstatic.net/main_2623425/26234257523.20210304112105.jpg?type=f140 COX CK87 레드/그레이 게이트론 LED 게이밍 기계식 39,900원 
[2022-08-18 13:17:58,174] {logging_mixin.py:115} INFO - 2
[2022-08-18 13:18:22,248] {logging_mixin.py:115} INFO - https://shopping-phinf.pstatic.net/main_2089989/20899895174.20190918142705.jpg?type=f140 로지텍 MX KEYS 104,240원 
[2022-08-18 13:18:49,810] {logging_mixin.py:115} INFO - https://shopping-phinf.pstatic.net/main_2045576/20455763954.20210430175002.jpg?type=f140 CHERRY MX BOARD 3.0S 게이밍 기계식 키보드 99,000원 
[2022-08-18 13:19:13,819] {logging_mixin.py:115} INFO - https://shopping-phinf.pstatic.net/main_2074421/20744210637.20211005163947.jpg?type=f140 앱코 K515 축교환 측면 RGB 라이팅 이중사출 게이밍 기계식 키보드 32,900원 
[2022-08-18 13:19:37,705] {logging_mixin.py:115} INFO - https://shopping-phinf.pstatic.net/main_2552390/25523900522.20210914113040.jpg?type=f140 한성컴퓨터 BK500 듀얼 무선 멀티페어링 키보드 29,601원 
[2022-08-18 13:20:01,822] {logging_mixin.py:115} INFO - https://shopping-phinf.pstatic.net/main_2816016/28160165522.20210726142215.jpg?type=f140 마이크로닉스 MORPH MK-1 마닉축 RGB 게이밍 기계식 키보드 89,000원 
[2022-08-18 13:20:07,690] {logging_mixin.py:115} INFO - 3
[2022-08-18 13:20:07,789] {python.py:173} INFO - Done. Returned value was: None
[2022-08-18 13:20:07,832] {taskinstance.py:1420} INFO - Marking task as SUCCESS. dag_id=craw, task_id=cr4, execution_date=20220818T131223, start_date=20220818T131235, end_date=20220818T132007
[2022-08-18 13:20:07,920] {local_task_job.py:156} INFO - Task exited with return code 0
[2022-08-18 13:20:07,983] {local_task_job.py:273} INFO - 0 downstream tasks scheduled from follow-on schedule check
