[2022-08-19 03:40:50,454] {taskinstance.py:1179} INFO - Dependencies all met for <TaskInstance: craw.cr6 manual__2022-08-19T03:40:47.993606+00:00 [queued]>
[2022-08-19 03:40:50,469] {taskinstance.py:1179} INFO - Dependencies all met for <TaskInstance: craw.cr6 manual__2022-08-19T03:40:47.993606+00:00 [queued]>
[2022-08-19 03:40:50,470] {taskinstance.py:1376} INFO - 
--------------------------------------------------------------------------------
[2022-08-19 03:40:50,471] {taskinstance.py:1377} INFO - Starting attempt 1 of 2
[2022-08-19 03:40:50,471] {taskinstance.py:1378} INFO - 
--------------------------------------------------------------------------------
[2022-08-19 03:40:50,488] {taskinstance.py:1397} INFO - Executing <Task(PythonOperator): cr6> on 2022-08-19 03:40:47.993606+00:00
[2022-08-19 03:40:50,497] {standard_task_runner.py:52} INFO - Started process 98 to run task
[2022-08-19 03:40:50,504] {standard_task_runner.py:79} INFO - Running: ['***', 'tasks', 'run', 'craw', 'cr6', 'manual__2022-08-19T03:40:47.993606+00:00', '--job-id', '191', '--raw', '--subdir', 'DAGS_FOLDER/newtest.py', '--cfg-path', '/tmp/tmpusuo1ctn', '--error-file', '/tmp/tmp7n3tnq6q']
[2022-08-19 03:40:50,506] {standard_task_runner.py:80} INFO - Job 191: Subtask cr6
[2022-08-19 03:40:50,608] {task_command.py:371} INFO - Running <TaskInstance: craw.cr6 manual__2022-08-19T03:40:47.993606+00:00 [running]> on host 60f4a82f80df
[2022-08-19 03:40:50,706] {taskinstance.py:1589} INFO - Exporting the following env vars:
AIRFLOW_CTX_DAG_OWNER=***
AIRFLOW_CTX_DAG_ID=craw
AIRFLOW_CTX_TASK_ID=cr6
AIRFLOW_CTX_EXECUTION_DATE=2022-08-19T03:40:47.993606+00:00
AIRFLOW_CTX_TRY_NUMBER=1
AIRFLOW_CTX_DAG_RUN_ID=manual__2022-08-19T03:40:47.993606+00:00
[2022-08-19 03:40:50,720] {base.py:68} INFO - Using connection ID 'mysql' for task execution.
[2022-08-19 03:40:50,724] {logger.py:11} INFO - ====== WebDriver manager ======
[2022-08-19 03:40:50,956] {logger.py:11} INFO - Get LATEST chromedriver version for google-chrome 104.0.5112
[2022-08-19 03:40:51,238] {logger.py:11} INFO - There is no [linux64] chromedriver for browser 104.0.5112 in cache
[2022-08-19 03:40:51,239] {logger.py:11} INFO - About to download new driver from https://chromedriver.storage.googleapis.com/104.0.5112.79/chromedriver_linux64.zip
[2022-08-19 03:41:12,169] {logger.py:11} INFO - Driver has been saved in cache [/home/***/.wdm/drivers/chromedriver/linux64/104.0.5112]
[2022-08-19 03:41:59,868] {logging_mixin.py:115} INFO - https://searchad-phinf.pstatic.net/MjAyMTA3MDhfMTI5/MDAxNjI1NzAzNzE0MjUw.-Ifz0R9WPPYV60WN93ZMCvsonrDeRIxz2Kbhv8Lqqukg.EXOFH9NT2Vp6FiWJ8QkfCfpPA3gMGyQzsuMwrQhWLEEg.PNG/1871830-ebb23725-6adb-44ea-9ce7-8903a302c74f.png?type=f200 티앤에스인터내셔널 VALKAN CK 69,800원 
[2022-08-19 03:42:23,627] {logging_mixin.py:115} INFO - https://shopping-phinf.pstatic.net/main_2542619/25426193523.20210810113354.jpg?type=f140 제닉스 스톰체이서LT 게이밍 기계식키보드 38,990원 
[2022-08-19 03:43:10,030] {logging_mixin.py:115} INFO - https://shopping-phinf.pstatic.net/main_2089989/20899895174.20190918142705.jpg?type=f140 로지텍 MX KEYS 104,240원 
[2022-08-19 03:43:33,809] {logging_mixin.py:115} INFO - https://shopping-phinf.pstatic.net/main_2552390/25523900522.20210914113040.jpg?type=f140 한성컴퓨터 BK500 듀얼 무선 멀티페어링 키보드 29,900원 
[2022-08-19 03:43:57,511] {logging_mixin.py:115} INFO - https://shopping-phinf.pstatic.net/main_5771083/5771083042.20120211203217.jpg?type=f140 로지텍 K270 Wireless Keyboard 21,570원 
[2022-08-19 03:44:03,006] {logging_mixin.py:115} INFO - 1
[2022-08-19 03:44:26,678] {logging_mixin.py:115} INFO - https://shopping-phinf.pstatic.net/main_2960575/29605751618.20220324110136.jpg?type=f140 로이체 RK-3700 32,900원 
[2022-08-19 03:44:50,428] {logging_mixin.py:115} INFO - https://shopping-phinf.pstatic.net/main_2604016/26040163522.20210218152623.jpg?type=f140 로이체 KT5 PRO 17,900원 
[2022-08-19 03:45:14,176] {logging_mixin.py:115} INFO - https://shopping-phinf.pstatic.net/main_1573114/15731149924.20181018143102.jpg?type=f140 QSENN ARES Q34 LED 게이밍 기계식 한손 키보드 22,270원 
[2022-08-19 03:45:37,918] {logging_mixin.py:115} INFO - https://shopping-phinf.pstatic.net/main_3049942/30499423619.20220207181226.jpg?type=f140 몬스타기어 닌자87PRO RGB DIY 퀵스왑 조립 커스텀 기계식 키보드 65,000원 
[2022-08-19 03:46:01,620] {logging_mixin.py:115} INFO - https://shopping-phinf.pstatic.net/main_2882837/28828377586.20210913174140.jpg?type=f140 앱코 KN01C 텐키리스 PBT 무접점 키보드 150,000원 
[2022-08-19 03:46:06,933] {logging_mixin.py:115} INFO - 2
[2022-08-19 03:46:30,566] {logging_mixin.py:115} INFO - https://shopping-phinf.pstatic.net/main_3261327/32613276618.20220701094114.jpg?type=f140 몬스타기어 Melgeek Mojo68 Plastic 280,000원 
[2022-08-19 03:46:54,326] {logging_mixin.py:115} INFO - https://shopping-phinf.pstatic.net/main_3192946/31929464618.20220425134819.jpg?type=f140 몬스타기어 미니키PRO RGB 유무선 기계식 키보드 59,800원 
[2022-08-19 03:47:17,984] {logging_mixin.py:115} INFO - https://shopping-phinf.pstatic.net/main_2089989/20899895174.20190918142705.jpg?type=f140 로지텍 MX KEYS 104,240원 
[2022-08-19 03:47:41,693] {logging_mixin.py:115} INFO - https://shopping-phinf.pstatic.net/main_2552390/25523900522.20210914113040.jpg?type=f140 한성컴퓨터 BK500 듀얼 무선 멀티페어링 키보드 29,900원 
[2022-08-19 03:48:05,371] {logging_mixin.py:115} INFO - https://shopping-phinf.pstatic.net/main_5771083/5771083042.20120211203217.jpg?type=f140 로지텍 K270 Wireless Keyboard 21,570원 
[2022-08-19 03:48:10,694] {logging_mixin.py:115} INFO - 3
[2022-08-19 03:48:10,766] {python.py:173} INFO - Done. Returned value was: None
[2022-08-19 03:48:10,783] {taskinstance.py:1415} INFO - Marking task as SUCCESS. dag_id=craw, task_id=cr6, execution_date=20220819T034047, start_date=20220819T034050, end_date=20220819T034810
[2022-08-19 03:48:10,840] {local_task_job.py:156} INFO - Task exited with return code 0
[2022-08-19 03:48:10,869] {local_task_job.py:273} INFO - 0 downstream tasks scheduled from follow-on schedule check
