[2022-08-13 10:20:50,244] {taskinstance.py:1179} INFO - Dependencies all met for <TaskInstance: craw.cr2 manual__2022-08-13T10:20:48.208250+00:00 [queued]>
[2022-08-13 10:20:50,259] {taskinstance.py:1179} INFO - Dependencies all met for <TaskInstance: craw.cr2 manual__2022-08-13T10:20:48.208250+00:00 [queued]>
[2022-08-13 10:20:50,259] {taskinstance.py:1376} INFO - 
--------------------------------------------------------------------------------
[2022-08-13 10:20:50,260] {taskinstance.py:1377} INFO - Starting attempt 1 of 2
[2022-08-13 10:20:50,260] {taskinstance.py:1378} INFO - 
--------------------------------------------------------------------------------
[2022-08-13 10:20:50,279] {taskinstance.py:1397} INFO - Executing <Task(PythonOperator): cr2> on 2022-08-13 10:20:48.208250+00:00
[2022-08-13 10:20:50,286] {standard_task_runner.py:52} INFO - Started process 2601 to run task
[2022-08-13 10:20:50,290] {standard_task_runner.py:79} INFO - Running: ['***', 'tasks', 'run', 'craw', 'cr2', 'manual__2022-08-13T10:20:48.208250+00:00', '--job-id', '73', '--raw', '--subdir', 'DAGS_FOLDER/newtest.py', '--cfg-path', '/tmp/tmps20gwd8h', '--error-file', '/tmp/tmpeiacamg2']
[2022-08-13 10:20:50,293] {standard_task_runner.py:80} INFO - Job 73: Subtask cr2
[2022-08-13 10:20:50,429] {task_command.py:371} INFO - Running <TaskInstance: craw.cr2 manual__2022-08-13T10:20:48.208250+00:00 [running]> on host cdb6935da655
[2022-08-13 10:20:50,595] {taskinstance.py:1591} INFO - Exporting the following env vars:
AIRFLOW_CTX_DAG_OWNER=***
AIRFLOW_CTX_DAG_ID=craw
AIRFLOW_CTX_TASK_ID=cr2
AIRFLOW_CTX_EXECUTION_DATE=2022-08-13T10:20:48.208250+00:00
AIRFLOW_CTX_TRY_NUMBER=1
AIRFLOW_CTX_DAG_RUN_ID=manual__2022-08-13T10:20:48.208250+00:00
[2022-08-13 10:20:50,634] {base.py:68} INFO - Using connection ID 'mysql' for task execution.
[2022-08-13 10:20:50,638] {logger.py:11} INFO - ====== WebDriver manager ======
[2022-08-13 10:20:50,786] {logger.py:11} INFO - Get LATEST chromedriver version for google-chrome 104.0.5112
[2022-08-13 10:20:51,166] {logger.py:11} INFO - Driver [/home/***/.wdm/drivers/chromedriver/linux64/104.0.5112/chromedriver] found in cache
[2022-08-13 10:21:33,237] {logging_mixin.py:115} INFO - https://shopping-phinf.pstatic.net/main_3261327/32613276618.20220701094114.jpg?type=f140 몬스타기어 Melgeek Mojo68 Plastic 280,000원 다양한 고가의 키보드질을 해왔지만 단연코 플라스틱 하우징 키보드 중 키감은 끝판왕급입니다.

풀알루랑 비교해서도 흔들림, 텅텅거리 상당히 없는 좋은 키보드에요.
다만 요즘 환율땜에 가격이 풀알루키보드급인건 단점..
한영키랑 한자키 등등은 멜긱 사이트에서 소프트웨어 다운받아서 지정 가능하고요. 블루투스 인식 및 전환도 타 제품대비 빠릿한 면이 있어요.

다만 보통 키보드엔 F랑 J에 걸림부분이라고 해야하나? 그게 있어서 손 위치를 안보고 딱 정할 수 있는데 이 키보드는 그게 없어요. 그래서 가끔 안보고 막치면 오타나는 경우가 좀 있음.

키 높이도 좀 있어서 그런지 다른 평범한 제품대비 오타가 나는 편인데 익숙해지면 .

플라스틱 하우징이라곤 믿기지 않을만한 끝판왕급 키감. 순정 그대로 쓰는 제품 중 이만한 키감 찾기 힘듭니다.농협은행이에요… 게백프로를 갖고싶었던건 아니지만 내심 타건감이 궁금하긴 했는데 아무래도 윤활이 되어서인지 엠스*사의 밀키축이랑 비슷한 느낌도 있구요ㅎㅎ 미니배열 첫도전이라 초반에 고민을 좀 많이했는데 원래도 텐키리스 사용자였던데다가 f열도 새로고침 제외하면 거의 안쓰고, 제가 독수리 타법이라 우쉽도 아예 안쓴다는걸 알게되면서 구매했습니다. 루프가 없다는게 많이 아쉽긴한데 대체할만한게 있나 찾아봐야죠
키보드 잘 모르는 친구들도 보면서 예쁘다고 한마디씩 합니다ㅎㅎ가격이 부담스러워 고민하다 샀는데 디자인은 말 할 것도 없이 너무 좋구요.
백축 처음 써보는데 키감이 가볍고 부드러워서 마음에 듭니다.
공장윤활은 별로 기대를 안 해서 따로 축을 사놨었지만 당분간 그대로 쓸 예정
키맵핑은 몬스타기어 홈페이지 들어가셔서 다운받으시고 하면 됩니다.너무 예쁩니다 유무선 핫스왑 미니배열의 괜찮은 가격대 제품을 구매한 것 같습니다
요리조리 갖고 노느라 정신 없어서 이제야 리뷰를 쓰네요
황축을 선택하고 싶었는데 백축만 선택할 수 있어서 아쉬웠지만 핫스왑이니 스위치는 바꾸면 그만이라 괜찮았습니다
기존에 끼워져있던 백축도 윤활이 잘 되어 있어 만족스러운 타건입니다.말씀 주신대로 동일 위치에 같은 크기로 또 실기스가 있어서 약간 놀라긴 했습니다. 하지만 초기 대응이 너무 만족 스러웠고, 몬스타기어에서 제품 처음 구매해보는데 앞으로도 믿고 구매할 수 있을 것 같아요 :)리니어 스위치를 선호하는데 게이트론 백축 가볍고 좋네요!
그리고 무엇보다 너무 예쁩니다ㅎㅎ
공장 윤활도 잘 되어있는지 스위치나 스테빌에서 전혀 잡음도 없고 너무 마음에 들어요60% 세팅 한 번 해보려고 구매했습니다
근데 스위치 등 다 교체할건데 받은 그대로 좀 쳐보니 기성품 세팅으로도 좋은 제품이군요
디자인도 좋고 만족합니다디자인 이쁜데 한자 써있는거 너무 별로구요.. 한영키 바꾸는 정도만이라도 제품 설명에 추가되면 좋겠네요귀여운 디자인에 핫스왑까지 가능함
처음 써보는 축인데 쫀득하니 좋음
사진은 제가 키캡을 바꾼것입다키감 괜찮네요! 투명이라 아주 에쁩니다~! 나중에 키캡 스텀 하면 더 예쁠 것 같아요!비싼 장난감같아요 스위치 이것저것 바꿔써보려고 샀는데 너무 맘에 듭니다원하던 키보드 드디어 받았습니다...손이 덜덜 떨리네요...너무 이뻐요! 키감도 부드러워서 만족스럽네요도각도각 하는 키감고 좋고 키보드도 예쁘네요 키캡 바꿔서 쓰고 있어요 반짝반짝 거려서 쓰기 좋아요이쁘네요 만족스러워요~백축 정말 만족합니다 키감 최고고 디자인도 최고에요배송이 빠르고 키보드 자체 윤활 처리가 되 있어서 아주 만족했습니다 감사합니다 ^^
[2022-08-13 10:21:33,240] {taskinstance.py:1909} ERROR - Task failed with exception
Traceback (most recent call last):
  File "/home/airflow/.local/lib/python3.7/site-packages/airflow/operators/python.py", line 171, in execute
    return_value = self.execute_callable()
  File "/home/airflow/.local/lib/python3.7/site-packages/airflow/operators/python.py", line 189, in execute_callable
    return self.python_callable(*self.op_args, **self.op_kwargs)
  File "/opt/airflow/dags/newtest.py", line 97, in crawling
    cursor.execute(insert_mysql)
  File "/home/airflow/.local/lib/python3.7/site-packages/pymysql/cursors.py", line 148, in execute
    result = self._query(query)
  File "/home/airflow/.local/lib/python3.7/site-packages/pymysql/cursors.py", line 310, in _query
    conn.query(q)
  File "/home/airflow/.local/lib/python3.7/site-packages/pymysql/connections.py", line 548, in query
    self._affected_rows = self._read_query_result(unbuffered=unbuffered)
  File "/home/airflow/.local/lib/python3.7/site-packages/pymysql/connections.py", line 775, in _read_query_result
    result.read()
  File "/home/airflow/.local/lib/python3.7/site-packages/pymysql/connections.py", line 1156, in read
    first_packet = self.connection._read_packet()
  File "/home/airflow/.local/lib/python3.7/site-packages/pymysql/connections.py", line 725, in _read_packet
    packet.raise_for_error()
  File "/home/airflow/.local/lib/python3.7/site-packages/pymysql/protocol.py", line 221, in raise_for_error
    err.raise_mysql_exception(self._data)
  File "/home/airflow/.local/lib/python3.7/site-packages/pymysql/err.py", line 143, in raise_mysql_exception
    raise errorclass(errno, errval)
pymysql.err.OperationalError: (4028, 'A table must have at least one visible column.')
[2022-08-13 10:21:33,259] {taskinstance.py:1420} INFO - Marking task as UP_FOR_RETRY. dag_id=craw, task_id=cr2, execution_date=20220813T102048, start_date=20220813T102050, end_date=20220813T102133
[2022-08-13 10:21:33,276] {standard_task_runner.py:97} ERROR - Failed to execute job 73 for task cr2 ((4028, 'A table must have at least one visible column.'); 2601)
[2022-08-13 10:21:33,323] {local_task_job.py:156} INFO - Task exited with return code 1
[2022-08-13 10:21:33,358] {local_task_job.py:273} INFO - 0 downstream tasks scheduled from follow-on schedule check
