[2022-08-19 03:40:50,576] {taskinstance.py:1179} INFO - Dependencies all met for <TaskInstance: craw.cr5 manual__2022-08-19T03:40:47.993606+00:00 [queued]>
[2022-08-19 03:40:50,590] {taskinstance.py:1179} INFO - Dependencies all met for <TaskInstance: craw.cr5 manual__2022-08-19T03:40:47.993606+00:00 [queued]>
[2022-08-19 03:40:50,591] {taskinstance.py:1376} INFO - 
--------------------------------------------------------------------------------
[2022-08-19 03:40:50,591] {taskinstance.py:1377} INFO - Starting attempt 1 of 2
[2022-08-19 03:40:50,592] {taskinstance.py:1378} INFO - 
--------------------------------------------------------------------------------
[2022-08-19 03:40:50,609] {taskinstance.py:1397} INFO - Executing <Task(PythonOperator): cr5> on 2022-08-19 03:40:47.993606+00:00
[2022-08-19 03:40:50,621] {standard_task_runner.py:52} INFO - Started process 101 to run task
[2022-08-19 03:40:50,623] {standard_task_runner.py:79} INFO - Running: ['***', 'tasks', 'run', 'craw', 'cr5', 'manual__2022-08-19T03:40:47.993606+00:00', '--job-id', '194', '--raw', '--subdir', 'DAGS_FOLDER/newtest.py', '--cfg-path', '/tmp/tmpyrr0h5_k', '--error-file', '/tmp/tmp4n6gjbuq']
[2022-08-19 03:40:50,625] {standard_task_runner.py:80} INFO - Job 194: Subtask cr5
[2022-08-19 03:40:50,749] {task_command.py:371} INFO - Running <TaskInstance: craw.cr5 manual__2022-08-19T03:40:47.993606+00:00 [running]> on host 60f4a82f80df
[2022-08-19 03:40:50,894] {taskinstance.py:1589} INFO - Exporting the following env vars:
AIRFLOW_CTX_DAG_OWNER=***
AIRFLOW_CTX_DAG_ID=craw
AIRFLOW_CTX_TASK_ID=cr5
AIRFLOW_CTX_EXECUTION_DATE=2022-08-19T03:40:47.993606+00:00
AIRFLOW_CTX_TRY_NUMBER=1
AIRFLOW_CTX_DAG_RUN_ID=manual__2022-08-19T03:40:47.993606+00:00
[2022-08-19 03:40:50,911] {base.py:68} INFO - Using connection ID 'mysql' for task execution.
[2022-08-19 03:40:50,915] {logger.py:11} INFO - ====== WebDriver manager ======
[2022-08-19 03:40:51,120] {logger.py:11} INFO - Get LATEST chromedriver version for google-chrome 104.0.5112
[2022-08-19 03:40:51,381] {logger.py:11} INFO - There is no [linux64] chromedriver for browser 104.0.5112 in cache
[2022-08-19 03:40:51,382] {logger.py:11} INFO - About to download new driver from https://chromedriver.storage.googleapis.com/104.0.5112.79/chromedriver_linux64.zip
[2022-08-19 03:41:06,402] {logger.py:11} INFO - Driver has been saved in cache [/home/***/.wdm/drivers/chromedriver/linux64/104.0.5112]
[2022-08-19 03:41:50,458] {logging_mixin.py:115} INFO - https://shopping-phinf.pstatic.net/main_3086062/30860624618.20220209092012.jpg?type=f140 한성컴퓨터 GK200 RAINBOW 게이밍 기계식 키보드 36,900원 
[2022-08-19 03:42:14,214] {logging_mixin.py:115} INFO - https://shopping-phinf.pstatic.net/main_2336494/23364942490.20200706104104.jpg?type=f140 한성컴퓨터 GK787S OfficeMaster 체리 기계식키보드 79,900원 
[2022-08-19 03:42:42,947] {logging_mixin.py:115} INFO - https://shopping-phinf.pstatic.net/main_2013869/20138695528.20220610100245.jpg?type=f140 한성컴퓨터 GK898B OfficeMaster 한글 159,000원 
[2022-08-19 03:43:10,048] {logging_mixin.py:115} INFO - https://shopping-phinf.pstatic.net/main_2076858/20768586850.20220801104235.jpg?type=f140 한성컴퓨터 GK893B SPORTS 한글 149,000원 
[2022-08-19 03:43:33,863] {logging_mixin.py:115} INFO - https://searchad-phinf.pstatic.net/MjAyMTEyMjFfMjgx/MDAxNjQwMDU2Njc2NjUy.Ob1_cxGTyqNiAIztA-Go5XzACCOEMTzg8KsXQBHAy9Ug.WLbtKsrkcXNkN2TdF96V2tP5GJs-W36zVQAB5pYADkEg.PNG/1871830-d9c5ef97-322f-4073-874e-584610ec51b1.png?type=f200 티앤에스인터내셔널 VALKAN 게이밍 키보드 64,400원 
[2022-08-19 03:43:39,310] {logging_mixin.py:115} INFO - 1
[2022-08-19 03:44:02,944] {logging_mixin.py:115} INFO - https://shopping-phinf.pstatic.net/main_2183882/21838827773.20200129100927.jpg?type=f140 앱코 K611 텐키리스 카일광축 완전방수 축교환 게이밍 키보드 39,900원 
[2022-08-19 03:44:26,633] {logging_mixin.py:115} INFO - https://shopping-phinf.pstatic.net/main_2749309/27493099522.20210608160959.jpg?type=f140 COX CK01 TKL PBT 기계식 키보드 40,500원 
[2022-08-19 03:44:50,345] {logging_mixin.py:115} INFO - https://shopping-phinf.pstatic.net/main_2623425/26234257523.20210304112105.jpg?type=f140 COX CK87 레드/그레이 게이트론 LED 게이밍 기계식 39,900원 
[2022-08-19 03:45:14,125] {logging_mixin.py:115} INFO - https://shopping-phinf.pstatic.net/main_7996481/7996481579.20141006112401.jpg?type=f140 로지텍 K480 18,670원 
[2022-08-19 03:45:37,897] {logging_mixin.py:115} INFO - https://shopping-phinf.pstatic.net/main_2542569/25425695528.20210810113500.jpg?type=f140 제닉스 스톰체이서LT 텐키리스 게이밍 기계식키보드 39,000원 
[2022-08-19 03:45:43,209] {logging_mixin.py:115} INFO - 2
[2022-08-19 03:46:06,963] {logging_mixin.py:115} INFO - https://shopping-phinf.pstatic.net/main_3086062/30860624618.20220209092012.jpg?type=f140 한성컴퓨터 GK200 RAINBOW 게이밍 기계식 키보드 36,900원 
[2022-08-19 03:46:30,687] {logging_mixin.py:115} INFO - https://shopping-phinf.pstatic.net/main_2336494/23364942490.20200706104104.jpg?type=f140 한성컴퓨터 GK787S OfficeMaster 체리 기계식키보드 79,900원 
[2022-08-19 03:46:54,398] {logging_mixin.py:115} INFO - https://shopping-phinf.pstatic.net/main_2013869/20138695528.20220610100245.jpg?type=f140 한성컴퓨터 GK898B OfficeMaster 한글 159,000원 
[2022-08-19 03:47:18,069] {logging_mixin.py:115} INFO - https://shopping-phinf.pstatic.net/main_2076858/20768586850.20220801104235.jpg?type=f140 한성컴퓨터 GK893B SPORTS 한글 149,000원 
[2022-08-19 03:47:41,856] {logging_mixin.py:115} INFO - https://shopping-phinf.pstatic.net/main_2674213/26742135522.20210413104258.jpg?type=f140 브리츠 BA-BK10 Plus 66,900원 
[2022-08-19 03:47:47,157] {logging_mixin.py:115} INFO - 3
[2022-08-19 03:47:47,232] {python.py:173} INFO - Done. Returned value was: None
[2022-08-19 03:47:47,250] {taskinstance.py:1415} INFO - Marking task as SUCCESS. dag_id=craw, task_id=cr5, execution_date=20220819T034047, start_date=20220819T034050, end_date=20220819T034747
[2022-08-19 03:47:47,307] {local_task_job.py:156} INFO - Task exited with return code 0
[2022-08-19 03:47:47,340] {local_task_job.py:273} INFO - 0 downstream tasks scheduled from follow-on schedule check
