[2022-07-22 05:41:29,116] {taskinstance.py:1179} INFO - Dependencies all met for <TaskInstance: workflow.create_table scheduled__2021-07-03T00:00:00+00:00 [queued]>
[2022-07-22 05:41:29,137] {taskinstance.py:1179} INFO - Dependencies all met for <TaskInstance: workflow.create_table scheduled__2021-07-03T00:00:00+00:00 [queued]>
[2022-07-22 05:41:29,138] {taskinstance.py:1376} INFO - 
--------------------------------------------------------------------------------
[2022-07-22 05:41:29,139] {taskinstance.py:1377} INFO - Starting attempt 1 of 1
[2022-07-22 05:41:29,140] {taskinstance.py:1378} INFO - 
--------------------------------------------------------------------------------
[2022-07-22 05:41:29,168] {taskinstance.py:1397} INFO - Executing <Task(MySqlOperator): create_table> on 2021-07-03 00:00:00+00:00
[2022-07-22 05:41:29,173] {standard_task_runner.py:52} INFO - Started process 1899 to run task
[2022-07-22 05:41:29,188] {standard_task_runner.py:79} INFO - Running: ['***', 'tasks', 'run', 'workflow', 'create_table', 'scheduled__2021-07-03T00:00:00+00:00', '--job-id', '124', '--raw', '--subdir', 'DAGS_FOLDER/test.py', '--cfg-path', '/tmp/tmp90w4ph4_', '--error-file', '/tmp/tmp2gykvc11']
[2022-07-22 05:41:29,191] {standard_task_runner.py:80} INFO - Job 124: Subtask create_table
[2022-07-22 05:41:29,303] {task_command.py:371} INFO - Running <TaskInstance: workflow.create_table scheduled__2021-07-03T00:00:00+00:00 [running]> on host cdbfdeb58988
[2022-07-22 05:41:29,391] {taskinstance.py:1591} INFO - Exporting the following env vars:
AIRFLOW_CTX_DAG_OWNER=***
AIRFLOW_CTX_DAG_ID=workflow
AIRFLOW_CTX_TASK_ID=create_table
AIRFLOW_CTX_EXECUTION_DATE=2021-07-03T00:00:00+00:00
AIRFLOW_CTX_TRY_NUMBER=1
AIRFLOW_CTX_DAG_RUN_ID=scheduled__2021-07-03T00:00:00+00:00
[2022-07-22 05:41:29,394] {mysql.py:82} INFO - Executing: CREATE DATABASE FUCK
[2022-07-22 05:41:29,406] {base.py:68} INFO - Using connection ID 'mysql_db' for task execution.
[2022-07-22 05:41:29,409] {taskinstance.py:1909} ERROR - Task failed with exception
Traceback (most recent call last):
  File "/home/airflow/.local/lib/python3.7/site-packages/airflow/providers/mysql/operators/mysql.py", line 84, in execute
    hook.run(self.sql, autocommit=self.autocommit, parameters=self.parameters)
  File "/home/airflow/.local/lib/python3.7/site-packages/airflow/hooks/dbapi.py", line 204, in run
    with closing(self.get_conn()) as conn:
  File "/home/airflow/.local/lib/python3.7/site-packages/airflow/providers/mysql/hooks/mysql.py", line 163, in get_conn
    import MySQLdb
ModuleNotFoundError: No module named 'MySQLdb'
[2022-07-22 05:41:29,421] {taskinstance.py:1420} INFO - Marking task as FAILED. dag_id=workflow, task_id=create_table, execution_date=20210703T000000, start_date=20220722T054129, end_date=20220722T054129
[2022-07-22 05:41:29,434] {standard_task_runner.py:97} ERROR - Failed to execute job 124 for task create_table (No module named 'MySQLdb'; 1899)
[2022-07-22 05:41:29,476] {local_task_job.py:156} INFO - Task exited with return code 1
[2022-07-22 05:41:29,502] {local_task_job.py:273} INFO - 0 downstream tasks scheduled from follow-on schedule check
