[2022-08-18 04:39:04,454] {taskinstance.py:1179} INFO - Dependencies all met for <TaskInstance: craw.cr5 manual__2022-08-18T04:38:28.162136+00:00 [queued]>
[2022-08-18 04:39:04,626] {taskinstance.py:1179} INFO - Dependencies all met for <TaskInstance: craw.cr5 manual__2022-08-18T04:38:28.162136+00:00 [queued]>
[2022-08-18 04:39:04,630] {taskinstance.py:1376} INFO - 
--------------------------------------------------------------------------------
[2022-08-18 04:39:04,631] {taskinstance.py:1377} INFO - Starting attempt 1 of 2
[2022-08-18 04:39:04,633] {taskinstance.py:1378} INFO - 
--------------------------------------------------------------------------------
[2022-08-18 04:39:04,801] {taskinstance.py:1397} INFO - Executing <Task(PythonOperator): cr5> on 2022-08-18 04:38:28.162136+00:00
[2022-08-18 04:39:04,830] {standard_task_runner.py:52} INFO - Started process 2129 to run task
[2022-08-18 04:39:04,858] {standard_task_runner.py:79} INFO - Running: ['***', 'tasks', 'run', 'craw', 'cr5', 'manual__2022-08-18T04:38:28.162136+00:00', '--job-id', '183', '--raw', '--subdir', 'DAGS_FOLDER/newtest.py', '--cfg-path', '/tmp/tmpe01mqypz', '--error-file', '/tmp/tmp1k8qqogn']
[2022-08-18 04:39:04,863] {standard_task_runner.py:80} INFO - Job 183: Subtask cr5
[2022-08-18 04:39:05,308] {task_command.py:371} INFO - Running <TaskInstance: craw.cr5 manual__2022-08-18T04:38:28.162136+00:00 [running]> on host d59619969b18
[2022-08-18 04:39:05,860] {taskinstance.py:1591} INFO - Exporting the following env vars:
AIRFLOW_CTX_DAG_OWNER=***
AIRFLOW_CTX_DAG_ID=craw
AIRFLOW_CTX_TASK_ID=cr5
AIRFLOW_CTX_EXECUTION_DATE=2022-08-18T04:38:28.162136+00:00
AIRFLOW_CTX_TRY_NUMBER=1
AIRFLOW_CTX_DAG_RUN_ID=manual__2022-08-18T04:38:28.162136+00:00
[2022-08-18 04:39:06,022] {base.py:68} INFO - Using connection ID 'mysql' for task execution.
[2022-08-18 04:39:06,095] {logger.py:11} INFO - ====== WebDriver manager ======
[2022-08-18 04:39:07,694] {logger.py:11} INFO - Get LATEST chromedriver version for google-chrome 104.0.5112
[2022-08-18 04:39:53,001] {logger.py:11} INFO - Driver [/home/***/.wdm/drivers/chromedriver/linux64/104.0.5112/chromedriver] found in cache
