[2022-08-16 08:27:14,616] {taskinstance.py:1179} INFO - Dependencies all met for <TaskInstance: craw.cr2 manual__2022-08-15T11:17:41.613828+00:00 [queued]>
[2022-08-16 08:27:14,635] {taskinstance.py:1179} INFO - Dependencies all met for <TaskInstance: craw.cr2 manual__2022-08-15T11:17:41.613828+00:00 [queued]>
[2022-08-16 08:27:14,640] {taskinstance.py:1376} INFO - 
--------------------------------------------------------------------------------
[2022-08-16 08:27:14,640] {taskinstance.py:1377} INFO - Starting attempt 3 of 4
[2022-08-16 08:27:14,641] {taskinstance.py:1378} INFO - 
--------------------------------------------------------------------------------
[2022-08-16 08:27:14,666] {taskinstance.py:1397} INFO - Executing <Task(PythonOperator): cr2> on 2022-08-15 11:17:41.613828+00:00
[2022-08-16 08:27:14,673] {standard_task_runner.py:52} INFO - Started process 5442 to run task
[2022-08-16 08:27:14,677] {standard_task_runner.py:79} INFO - Running: ['***', 'tasks', 'run', 'craw', 'cr2', 'manual__2022-08-15T11:17:41.613828+00:00', '--job-id', '83', '--raw', '--subdir', 'DAGS_FOLDER/newtest.py', '--cfg-path', '/tmp/tmp40drxbr_', '--error-file', '/tmp/tmpncbmlikq']
[2022-08-16 08:27:14,678] {standard_task_runner.py:80} INFO - Job 83: Subtask cr2
[2022-08-16 08:27:14,767] {task_command.py:371} INFO - Running <TaskInstance: craw.cr2 manual__2022-08-15T11:17:41.613828+00:00 [running]> on host 74c2759f33bd
[2022-08-16 08:27:14,866] {taskinstance.py:1591} INFO - Exporting the following env vars:
AIRFLOW_CTX_DAG_OWNER=***
AIRFLOW_CTX_DAG_ID=craw
AIRFLOW_CTX_TASK_ID=cr2
AIRFLOW_CTX_EXECUTION_DATE=2022-08-15T11:17:41.613828+00:00
AIRFLOW_CTX_TRY_NUMBER=3
AIRFLOW_CTX_DAG_RUN_ID=manual__2022-08-15T11:17:41.613828+00:00
[2022-08-16 08:27:14,883] {base.py:68} INFO - Using connection ID 'mysql' for task execution.
[2022-08-16 08:27:14,887] {logger.py:11} INFO - ====== WebDriver manager ======
[2022-08-16 08:27:15,102] {logger.py:11} INFO - Get LATEST chromedriver version for google-chrome 104.0.5112
[2022-08-16 08:27:15,603] {logger.py:11} INFO - Driver [/home/***/.wdm/drivers/chromedriver/linux64/104.0.5112/chromedriver] found in cache
[2022-08-16 08:27:19,769] {local_task_job.py:221} WARNING - State of this instance has been externally set to failed. Terminating instance.
[2022-08-16 08:27:19,777] {process_utils.py:129} INFO - Sending Signals.SIGTERM to group 5442. PIDs of all processes in the group: [5558, 5759, 5774, 5776, 5825, 5826, 5854, 5900, 5853, 5442]
[2022-08-16 08:27:19,779] {process_utils.py:80} INFO - Sending the signal Signals.SIGTERM to group 5442
[2022-08-16 08:27:19,782] {taskinstance.py:1561} ERROR - Received SIGTERM. Terminating subprocesses.
[2022-08-16 08:27:19,837] {process_utils.py:75} INFO - Process psutil.Process(pid=5558, status='terminated', started='08:27:15') (5558) terminated with exit code None
[2022-08-16 08:27:19,838] {process_utils.py:75} INFO - Process psutil.Process(pid=5776, status='terminated', started='08:27:16') (5776) terminated with exit code None
[2022-08-16 08:27:19,838] {process_utils.py:75} INFO - Process psutil.Process(pid=5759, status='terminated', started='08:27:16') (5759) terminated with exit code None
[2022-08-16 08:27:19,839] {process_utils.py:75} INFO - Process psutil.Process(pid=5774, status='terminated', started='08:27:16') (5774) terminated with exit code None
[2022-08-16 08:27:19,839] {process_utils.py:75} INFO - Process psutil.Process(pid=5825, status='terminated', started='08:27:16') (5825) terminated with exit code None
[2022-08-16 08:27:19,840] {process_utils.py:75} INFO - Process psutil.Process(pid=5900, status='terminated', started='08:27:16') (5900) terminated with exit code None
[2022-08-16 08:27:19,840] {process_utils.py:75} INFO - Process psutil.Process(pid=5442, status='terminated', exitcode=0, started='08:27:14') (5442) terminated with exit code 0
[2022-08-16 08:27:19,840] {process_utils.py:75} INFO - Process psutil.Process(pid=5854, status='terminated', started='08:27:16') (5854) terminated with exit code None
[2022-08-16 08:27:19,841] {process_utils.py:75} INFO - Process psutil.Process(pid=5853, status='terminated', started='08:27:16') (5853) terminated with exit code None
[2022-08-16 08:27:19,841] {process_utils.py:75} INFO - Process psutil.Process(pid=5826, status='terminated', started='08:27:16') (5826) terminated with exit code None
