[2022-08-16 08:27:14,514] {taskinstance.py:1179} INFO - Dependencies all met for <TaskInstance: craw.cr4 manual__2022-08-15T11:17:41.613828+00:00 [queued]>
[2022-08-16 08:27:14,549] {taskinstance.py:1179} INFO - Dependencies all met for <TaskInstance: craw.cr4 manual__2022-08-15T11:17:41.613828+00:00 [queued]>
[2022-08-16 08:27:14,555] {taskinstance.py:1376} INFO - 
--------------------------------------------------------------------------------
[2022-08-16 08:27:14,556] {taskinstance.py:1377} INFO - Starting attempt 3 of 4
[2022-08-16 08:27:14,558] {taskinstance.py:1378} INFO - 
--------------------------------------------------------------------------------
[2022-08-16 08:27:14,598] {taskinstance.py:1397} INFO - Executing <Task(PythonOperator): cr4> on 2022-08-15 11:17:41.613828+00:00
[2022-08-16 08:27:14,606] {standard_task_runner.py:52} INFO - Started process 5441 to run task
[2022-08-16 08:27:14,611] {standard_task_runner.py:79} INFO - Running: ['***', 'tasks', 'run', 'craw', 'cr4', 'manual__2022-08-15T11:17:41.613828+00:00', '--job-id', '82', '--raw', '--subdir', 'DAGS_FOLDER/newtest.py', '--cfg-path', '/tmp/tmpqp35d3f_', '--error-file', '/tmp/tmpnx5ig1hj']
[2022-08-16 08:27:14,613] {standard_task_runner.py:80} INFO - Job 82: Subtask cr4
[2022-08-16 08:27:14,717] {task_command.py:371} INFO - Running <TaskInstance: craw.cr4 manual__2022-08-15T11:17:41.613828+00:00 [running]> on host 74c2759f33bd
[2022-08-16 08:27:14,811] {taskinstance.py:1591} INFO - Exporting the following env vars:
AIRFLOW_CTX_DAG_OWNER=***
AIRFLOW_CTX_DAG_ID=craw
AIRFLOW_CTX_TASK_ID=cr4
AIRFLOW_CTX_EXECUTION_DATE=2022-08-15T11:17:41.613828+00:00
AIRFLOW_CTX_TRY_NUMBER=3
AIRFLOW_CTX_DAG_RUN_ID=manual__2022-08-15T11:17:41.613828+00:00
[2022-08-16 08:27:14,827] {base.py:68} INFO - Using connection ID 'mysql' for task execution.
[2022-08-16 08:27:14,830] {logger.py:11} INFO - ====== WebDriver manager ======
[2022-08-16 08:27:15,005] {logger.py:11} INFO - Get LATEST chromedriver version for google-chrome 104.0.5112
[2022-08-16 08:27:15,525] {logger.py:11} INFO - Driver [/home/***/.wdm/drivers/chromedriver/linux64/104.0.5112/chromedriver] found in cache
[2022-08-16 08:27:19,698] {local_task_job.py:221} WARNING - State of this instance has been externally set to failed. Terminating instance.
[2022-08-16 08:27:19,710] {process_utils.py:129} INFO - Sending Signals.SIGTERM to group 5441. PIDs of all processes in the group: [5546, 5693, 5710, 5711, 5738, 5741, 5770, 5827, 5769, 5441]
[2022-08-16 08:27:19,717] {process_utils.py:80} INFO - Sending the signal Signals.SIGTERM to group 5441
[2022-08-16 08:27:19,721] {taskinstance.py:1561} ERROR - Received SIGTERM. Terminating subprocesses.
[2022-08-16 08:27:19,827] {process_utils.py:75} INFO - Process psutil.Process(pid=5441, status='terminated', exitcode=0, started='08:27:14') (5441) terminated with exit code 0
[2022-08-16 08:27:19,828] {process_utils.py:75} INFO - Process psutil.Process(pid=5770, status='terminated', started='08:27:16') (5770) terminated with exit code None
[2022-08-16 08:27:19,829] {process_utils.py:75} INFO - Process psutil.Process(pid=5741, status='terminated', started='08:27:15') (5741) terminated with exit code None
[2022-08-16 08:27:19,829] {process_utils.py:75} INFO - Process psutil.Process(pid=5711, status='terminated', started='08:27:15') (5711) terminated with exit code None
[2022-08-16 08:27:19,830] {process_utils.py:75} INFO - Process psutil.Process(pid=5827, status='terminated', started='08:27:16') (5827) terminated with exit code None
[2022-08-16 08:27:19,830] {process_utils.py:75} INFO - Process psutil.Process(pid=5738, status='terminated', started='08:27:15') (5738) terminated with exit code None
[2022-08-16 08:27:19,831] {process_utils.py:75} INFO - Process psutil.Process(pid=5769, status='terminated', started='08:27:16') (5769) terminated with exit code None
[2022-08-16 08:27:19,832] {process_utils.py:75} INFO - Process psutil.Process(pid=5693, status='terminated', started='08:27:15') (5693) terminated with exit code None
[2022-08-16 08:27:19,832] {process_utils.py:75} INFO - Process psutil.Process(pid=5710, status='terminated', started='08:27:15') (5710) terminated with exit code None
[2022-08-16 08:27:19,833] {process_utils.py:75} INFO - Process psutil.Process(pid=5546, status='terminated', started='08:27:15') (5546) terminated with exit code None
