[2022-08-15 11:17:44,074] {taskinstance.py:1179} INFO - Dependencies all met for <TaskInstance: craw.cr4 manual__2022-08-15T11:17:41.613828+00:00 [queued]>
[2022-08-15 11:17:44,084] {taskinstance.py:1179} INFO - Dependencies all met for <TaskInstance: craw.cr4 manual__2022-08-15T11:17:41.613828+00:00 [queued]>
[2022-08-15 11:17:44,085] {taskinstance.py:1376} INFO - 
--------------------------------------------------------------------------------
[2022-08-15 11:17:44,085] {taskinstance.py:1377} INFO - Starting attempt 1 of 2
[2022-08-15 11:17:44,086] {taskinstance.py:1378} INFO - 
--------------------------------------------------------------------------------
[2022-08-15 11:17:44,102] {taskinstance.py:1397} INFO - Executing <Task(PythonOperator): cr4> on 2022-08-15 11:17:41.613828+00:00
[2022-08-15 11:17:44,106] {standard_task_runner.py:52} INFO - Started process 298 to run task
[2022-08-15 11:17:44,110] {standard_task_runner.py:79} INFO - Running: ['***', 'tasks', 'run', 'craw', 'cr4', 'manual__2022-08-15T11:17:41.613828+00:00', '--job-id', '6', '--raw', '--subdir', 'DAGS_FOLDER/newtest.py', '--cfg-path', '/tmp/tmpryou5sh1', '--error-file', '/tmp/tmpoe43hb0l']
[2022-08-15 11:17:44,112] {standard_task_runner.py:80} INFO - Job 6: Subtask cr4
[2022-08-15 11:17:44,194] {task_command.py:371} INFO - Running <TaskInstance: craw.cr4 manual__2022-08-15T11:17:41.613828+00:00 [running]> on host 340b8712908c
[2022-08-15 11:17:44,535] {taskinstance.py:1591} INFO - Exporting the following env vars:
AIRFLOW_CTX_DAG_OWNER=***
AIRFLOW_CTX_DAG_ID=craw
AIRFLOW_CTX_TASK_ID=cr4
AIRFLOW_CTX_EXECUTION_DATE=2022-08-15T11:17:41.613828+00:00
AIRFLOW_CTX_TRY_NUMBER=1
AIRFLOW_CTX_DAG_RUN_ID=manual__2022-08-15T11:17:41.613828+00:00
[2022-08-15 11:17:44,547] {base.py:68} INFO - Using connection ID 'mysql' for task execution.
[2022-08-15 11:17:44,550] {logger.py:11} INFO - ====== WebDriver manager ======
[2022-08-15 11:17:44,657] {logger.py:11} INFO - Get LATEST chromedriver version for google-chrome 104.0.5112
[2022-08-15 11:17:44,920] {logger.py:11} INFO - There is no [linux64] chromedriver for browser 104.0.5112 in cache
[2022-08-15 11:17:44,921] {logger.py:11} INFO - About to download new driver from https://chromedriver.storage.googleapis.com/104.0.5112.79/chromedriver_linux64.zip
[2022-08-15 11:17:46,911] {logger.py:11} INFO - Driver has been saved in cache [/home/***/.wdm/drivers/chromedriver/linux64/104.0.5112]
[2022-08-15 11:20:14,676] {logging_mixin.py:115} INFO - https://shopping-phinf.pstatic.net/main_1214685/12146852973.20220714135921.jpg?type=f140 앱코 K660 축교환 완전방수 게이밍 카일광축 레인보우LED 53,500원 지겨운 회사생활에 자그마한 변화를 주고자 키보드를 새로 구매해보았어요 제 돈 주고 비싼 키보드 사는 건 처음이라 이쁘고 좋은 제품 찾다가 앱코 옐로우리니어 구매했는데 색상도 이쁘고 LED도 이쁘게 잘 들어오고 키감도 좋고 소리도 그렇게 크진 않아서 너무 만족스러워요 정말 잘 쓸 것 같아요중학생 아들이 직접 검색해서 사달라고 했어요. 저는 결제만 해주고 받아봤는데, 터치감이 좋으네요. 회사에서는 일반키보드를 사용하고 있는데 제꺼도 바꿀까 고민중입니다^^ 우선 색상이 알록달록 컬러감이 이쁘네요. 소리는 거슬리지 않을 정도입니다. 소리가 좀 더 나는걸 살까고민했는데 저는 딱 이정도가 좋았어요.기계식키보드를 사달라고 하여 기계식에 광축인 K660 완전방수 모델로 선택하였고 리니어보다는 클릭으로 구매하였습니다. 배송은 하루만에 도착하였고 성능은 좋으것 같습니다. 아이가 초등학생이라 엄청 좋아하네요.
몇일 사용하더니 이번엔 앱코 7.1헤드폰을 이야기해서 구매예정입니다. 수고하세요가격이 좀싸길래 살짝 거부감은 처음에들었으나 사고난후로 타건은 기계식보다 조금떨어져도 소리는 그렇게 크진않구 저는 그래도 방수가 된다는거에 너무 반했습니다 노란색도 너무 잘빠졋고 키캡바꾼다면 너무이쁠꺼같네요 적축 vs 카일광축 고민하시는분들 한분씩있을수도있는데 카일광축도 적축이랑 비슷하게 조용하고 좋네요 배송도 심지어 너무빨라서 감사합니다 24시간내로온거같기도한데 엄청빠르네요!타격감도 좋고 사이즈도 적당해서 좋네요. 기계식키보드는 처음 구매해보는데 상당히 만족합니다. 글카대란때문에 본체가 아직 없어서 led는 구경해보지 못했지만 벌써부터 기대되네요. 완전 방수기능에 가성비 최고라는 여러사람들의 추천으로 구매했는데 잘 구매했다는 생각이 듭니다키감이 생각보다 가볍고 부드러워요. 그래서 손목이나 손가락에 무리는 없어요. 저는 만족하고 사용중입니다. 저렴하기도 하고 ^.^ 가성비로는 최고의 상품이 아닐까 싶어요~~엄청 '깔짝'하는 묵직한 키감 원하시면 다른상품 찾아보세용(이가격대에 그런 키감은 없을거 같지만...)박스 안에 매뉴얼이 없네요. 꼭 있어야 하는 건 아니지만 그래도 왠지. 그리고 뾱뾱이로 박스를 포장해줬으면 좋았을텐데. 다행히 별 이상은 없었지만 별 하나 뺐습니다. 제품은 좋습니다. 키감은 사무실에서 쓰기에도 적당한 것 같습니다. 묵직해서 안정감 있고 깔끔한 디자인입니다. 이상 없이 오랫동안 잘 썼으면 좋겠습니다.자주가던 PC방에서 써봤는데 타건감이랑 디자인이 너무 예뻐서 구매했습니다. 기존에 쓰던 버서커(99,000) 기계식 갈축 키보드에 전혀 뒤지지 않습니다. 오히려 소음도 줄어들어 사용하는데 더 편리합니다. 가성비 최고를 넘어 가심비도 최곱니다. 고급 기계식 키보드 살까 말까 망설이신다면 일단 이거 써보시는거 추천합니다.앱코k690청축 3년 이상 쓰다 바꾼건데 신세계네요. 누르는 느낌이 완전 가볍 ㅠㅠ 반도 아니고 손대자마자 써지는 기분 ㅋㅋㅋ 요즘 롤하면서 '왜 스킬이 안써져!!' 키 퍽퍽퍽 눌러가며 승질낸 적이 한두번이 아닌데 이제는 오히려 스킬 난사하지 않도록 익숙해져야겠어요 ㅋㅋㅋ 그리고 누르는 느낌이 부드럽기 때문에 꼭 게임하시는 분이 아니더라도 문서작성 많이 하셔서 손 아프신 분들이 쓰셔도 좋을 거 같아요! 더군다나 완전방수의 광축이니 차와 커피를 달고 사시는 직장인분들 츄라이츄라이~ (배송도 완전 빨라욧!)하루만에 도착해서 배송은 빠른 편이었고 우체국택배로 안전하게 도착하였습니다. 화이트 클릭 샀는데 키감도 너무 좋고 전체적으로 만족스럽습니다. 소리도 생각했던 것보다는 그렇게 크지 않습니다. 기존에 제가 쓰던 오테뮤 청축 방식보다는 키감이 부드러운 편이고요 클릭 방식은 소리가 크다고 해서 걱정했는데 소리는 이 정도면 별로 크다는 생각이 안드네요. 화이트라서 깔끔하고 너무 예쁩니다 비교적 합리적인 가격에 좋은 기계식 키보드 구매해서 만족스럽네요.-K660광축 몇 달간 사용한 후기 지난 4월에 사서 4개월 간 사용해보고 드디어 리뷰를 작성하네요. 저가형 제품이라 걱정을 했었는데 정말 사용감이 너무 좋네요. 다른 저가형 제품의 경우에는 몇 달 사용하면 일부 키가 제대로 눌리지 않는 등의 문제가 발생하곤 했는데, K660은 아직까지 전혀 그런문제가 없습니다. 믿을만한 가성비 제품인거 같네요!옐로우로 살까 레드로 살까 고민하다 옐로우로 구매했는데, 레드를 실제로 보진 못했지만, 옐로우 이쁩니다..
옐로우로 구매하셔도 후회하진 않으실 듯 합니다..
기계식 키보드 첨 사용하는데, 타이핑 하는 느낌이 좋네요.
왠지 느낌상 타이핑 속도가 올라가고 오타도 줄어든 듯한 느낌이 드네요.ㅎ
차후에는 리니어 제품도 구매해서 사용해봐야 겠어요.
..
잘 사용하겠습니다..정말 좋아하는 해커 키보드를 처음 구매하고, 언박싱 하는데 배송 상태는 그리 좋지 못해 한쪽 박스모서리가 찍혀서 왔네요. 하지만 제품은 무사했고 처음사용해보는 K660의 키감은 만족입니다. 피씨방느낌 보다는 부드러운걸 원해서 리니어를 구매했는데 만족입니다. 겜 열심히 할수 있겠어요 ^^흰색이라 아주 깔끔하고 좋습니다. 배송이 좋은데 박스가 좀 구겨진게 아쉽네요. 키감도 좋고 펑션키 이용해서 쓸 수 있는게 많아서 좋습니다. 리듬게임하는데 동시입력이 필요해서 샀는데 뭔가 미묘하게 반응 느린것 같은 느낌이 들지만 괜찮습니다. 키 리무버랑 키보드 커버 들어있는것도 아주 좋습니다. 자그마한게 감동이네요. 잘쓰겠습니다.키보드는 너무 이쁜데 마우스는 안이쁘네요 ㅠㅠ 귀찮아서 한 번에 구매했더니 아쉽습니다. 마우스 선 검은 것도 거슬려요... 그래도 키보드 행사할때 저렴하게 구매해서 만족스럽습니다. 노트북 사양이 딸리는지 키보드 불만 들어오고 인식을 못하는데 조만간 데스크탑을 살거라서 그때 다시 봐야겠어요개인적으로 광축 처음 써보는데 일단은 첫인상좋고 긴시간은아니지만 타이밍결과 만족스럽네요 블랙으로 키감 색상 디자인 전체적으로 5점만점에 4점 무난무난 가격대비 가성비좋고 쓸만한듯 좀더 써봐야지 자세히 알수있겠지만서도 일단은 만조크 굿잡 쌉오져따리 지려따리 감자다리 딩딩기리~~아이가 *튜브를 보고 가성비 좋은 키보드라고 말하네요. 기계식 키보드 소리도 너무 좋다하고 겜에 사용해보니 더욱 만족스럽다네요. 그리고 키보드 먼지 쌓이지 않게 커버도 좋다네요. 방수 기능이나 키를 바꿀 수 있는 집게와 브러쉬는 더 맘에 들구요. 착한 가격에 살 수 있어 너무 좋습니다. 배송도 빨라요.카일광축 첨써보는데, 좋네요.다만, 키터치감은 좀 미끌거리고, 키도 좀 작은(?)것 같았어요. 전에 쓰던 키보드도 게이밍전용이였는데, 그키보드의 키가 좀더 커서 더 작게 느껴지는것 같기도 하고,106키보드의 또 다른 단점은.. 한영전환키가 안먹는데...그건 앱코자료실(고객지원)에 패치가 있더군요..솔직히 정말 비싼 키보드 쓰는거 이해 안되는 사람인데앱코 키보드 정도만 해도 충분히 괜찮고 만족스럽습니다.키감 불편한거 하나없고 게임하면서도 전혀 거슬리거나 몰입감을 깨는 부분 없이 쾌적하게 플레이 할 수 있었습니다.그정도면 게이밍 키보드로선 1인분 이상하는거라고 생각하고요 가성비 이상해주는 키보드라고 느꼈습니다.차분한 화이트 색상에 잘각잘각 소리가 기분 좋아요.
올해는 남편과 함께 게임을 시작해서, 키보드도 고장난 겸 처음으로 기계식 키보드를 사용하게 됐는데 너무 예쁘고 키감 좋고 마음에 들어요.
뭣보다 플라스틱 커버가 덮여서 왔는데, 평소 덮어서 사용하니 먼지가 안타는 것 같아 더욱 마음에 드네요 !10년전 삼성 기본키보드만쓰다가 요번에바꾸게되었는데신세계입니다. 우선 옛날키보드써보신분들은 아시겠지만3키 동시입력이 한계였는데,이젠 무한동시입력이되고,생활방수도아니고 완전방수여서 기대됩니다.키.방식은 적외선카일광축인데 요부분도 처음이라 기대됩니다.한동안써보고 후기올려보겠습니다.아! 배송은 딱 하루컷이였습니다.이번에 흰색으로 맞추고 싶어서 구매했습니다~원래 쓰던것 보단 소리가 좀 큰데 거슬리는 정도는 아니에요!근데 좀 흥분해서 게임하다보면 스프링소리? 같은? 빈 깡통소리? 그런 소리가 나요.근데 그것도 크게 거슬리는 정도 아니고, 헤드셋끼면 안들려요ㅋㅋㅋ색도 너무 이쁘고 맘에 듭니당!그리고 배송이 엄청 빨라요..!하루만에 배송되니 무척 빠르네요키소리가 신경쓰여서 리니어 타입으로 주문했는데 의외로 조용하네요. 그리고 듣던대로 묵직하네요.아직 여러 기능을 못써봤지만 처음써보는 형태라서 낯설어서 시간이 필요한듯 합니다.불량확인만 한 상태라 좀 더 써보도록 할께요 ^^집에서 퇴근 후에 게임 한 두 판씩만 하기 때문에, 그냥 문서용 대게 많이들 쓰시는 키보드 사려다가, 이 키보드를 구매하였는데 생각외로 무접점만의 타건 매력도 있어서 돌아와서 엑셀 정리 좀 할때에도 뭔가 사무실에서 하는거랑 다른 느낌이 들어서 좋네요 ㅋㅋㅋㅋㅋㅋㅋㅋ 원래 기계식 키보드 쓰는 친구들 걸 한번씩 써봤을때는 너무 요란하다. 굳이 쓸 필요 없겠다 싶었었는데, 생각외로 무접점은 소리도 마음에 들고 키감도 무겁지 않아서 좋은거 같네요. 게임할 때에도 생각외로 맛이 좋아서 엄청 만족중입니다.커세어 k70을 쓰다가 조카를 주고 엡코 k660을 샀는데 역체감이 심하네요.외형 자체는 나쁘지 않은데 서걱임이 엄청 많아요.머...딱 가격대비 성능인듯 합니다.그래도 외형적인 부분은 이뻐서 다시 조카랑 딜~ 해서 앱코 k660은 조카를 주고 다시 커세어 받아왔어요.ㅎ피시방도 거의 안 가는데 새로 시작한 리듬게임 때문에 키보드를 샀네요.피시방에서 따각 거리는 소리가 거슬려서 엄청 싫어했는데 이제 제 손에 있네요20년 만에 10대 시절로 돌아간 것처럼 게임했습니다. 블투 키보드 때문에 답답했는데 너무 좋네요.번창하세요기계식키보드 알아보다가 앱코 키보드를 알게되었는데, 가성비도 굉장히 좋고 키감도 만족스럽습니다. 키 누르는 소리도 크지않고 적당합니다. 펑션키로 다양한 기능을 사용할 수 있어 좋습니다. 배송도 엄청 빠릅니다. 추천합니다!키보드 새로 사서 치는 맛이 좋습니다. 기존키보드가 이상하고 공부할때 키보드 필요했는데 너무 좋아요 배송은 좀 느렸는데 크리스마스 이브에 받아서 이해하기로 했습니다. 화이트에 깔끔하고 칠때마다 불들어오는게 이쁘네요적축을 쓰고있어서 리니어로 구매했습니다.적축과 비교할 때 압력은 비슷하거나 더 높습니다.소음은 더 적습니다.입력길이는 긴 편이라 적응을 못 하면 손가락이 더 피곤할수있지만압력이 적당한 편이라 적응하면 비슷하거나 더 편할듯합니다.더 사용해봐야 자세히 알겠지만 일단 첫인상은 좋습니다.일단 색상도 그렇고 알록달록 led도 춰향에 맞게 설정이 가능하니까 뭔가 타이핑할때 기분이 다르긴 합니다.별 생각없이 구매했는데 기대이상이라 좋아요ㅎㅎ조만간 클릭으로 하나 더 살까 합니다.사무실에선 좀 시끄러울까 걱정이긴 하지만ㅋㅋ키보드 잘 받았습니다. 주말에 시켜서 화요일날 받았으므로 배송 빠르게 잘 왔구요. 키보드 촉촉소리나는게, 타자치는 재미있고 좋습니다. 색상은 검정색으로 시켜서 밋밋할까 걱정햇는데 불 들어오면 이쁘고 깔끔하네요.잘쓰겠습니다리니어로 하니까 확실히 조용해서 좋아요!! 이전에 청축을 써서 그런지 더 체감이 되네요! 다만 뭔가 소리가 안 나니까 칠 때 제가 눌렀나 하는 헷갈림이 오더라구요 ㅎㅎ 익숙해지면 괜찮을 것 같아요. 배송도 다음날 와서 너무 좋었습니다!키보드가 음식인가해서 쫀득하다는게 뭔말인지몰랏는데 막상써보니까 그느낌이 뭔지 알겠네요 청축쓰다가 적축쪽쓰는데 느낌이되게좋아요 내구성도좋은거같고 실험해봣는데 진짜방수도되네요 진짜좋은거같아요 많이파세요사무용으로 블랙 리니어 제품을 구매했는데 소음및 클릭감, 적당함 무게감 생활방수기능까지 전체적으로 만족합니다. 사무용으로 쓸꺼라 리니어가 기계식 적축과 비슷하다하여 구매하였네요.
사무용으로 타이핑이 좀 많은 편이지만 피로감 전혀 없네요.....짱짱 강추게임방에서 사용하는 키보드라서 그런가 반응속도를 빠릅니다. 단 자판이 글자 색상이 눈에 확 들어오는 색상이 아니라 자판에 불이 들어오지 않으면 키보드에 글자가 잘 보이지 않습니다. 일반 다른 키보드에 비하여 무게도 많이 무겁습니다. LED색상이 3가지라서 자판을 칠때마다 불빛에 들어왔다 왔다 안왔다 키보드별 불빛도 오고 좋습니다.기계식이면서 광축이고 느낌이 정말 묘한게 적응이 첨엔어려워요 .힘안줘도 손가락이 눌러져서 Dddddddd ....이런적이 몇번 있어요.타건감은 살짝 없는반면 반응속도는 엄청빨라서 손가락이 바빠지네요..완전 fps게임할때 좋아요.주문한지 하루만에 배송되서 엄청 빨랐습니다. 그리고 타건감이 만족스럽습니다. 디자인도 예쁘고 스위치 교체도 할 수 있어 실용적인 것 같습니다. 가성비가 좋은 제품같아 만족스럽네요. 주위에 지인들한테 추천 할 만한 제품입니다^^청소용 붓. 그리고 키리무버 지참되어있어서 좋구요
기계식 키보드 엄청 비싼건 못사고 또 싸구려는 싫고
적당히 좋은거 쓰고싶다 하시는분들에게 추천드립니다
Ip68 방수 방진 지원이라서 뭐 흘려도 크게걱정 ㄴㄴ
씻어서 잘말리면 사용가능 ㅋㅌ

색깔도 고민될텐디 노랑 추천드림다 ㅎㅎ기존에 사용하던 아이락스 키보드를 대체할 키보드로 기계식 키보드로 했습니다 키감은 나쁘지않는데 이번이 첨 구매라 일단 써보고 다음에 교체시기에 타자기 치는 키감이 있는것으로 해봐야겠네요 입문용으로는 괜찮을것 같습니다키보드 중 가성비 좋은 제품 찾던 중 구매하게 되었습니다. 개인적으로 청축은 시끄러워서 선호하지 않기 때문에 적축 느낌 제품 구매 했습니다. 소음은 적축이랑 비슷한것 같은데 개인적으로 살짝 더 날카로운 느낌입니다. LED 화려하구요 커버 등 부속 품도 좋습니다. 가성비 최고의 제품 아닐까 싶습니다.게이밍키보드 고민하다 K660 구매하게 되었습니다.광축은 처음인데 키감도 좋고 방수 방진이라 마음에 듭니다.레인보우 LED도 너무 화려하지 않고 예쁘네요.고장없이 오래 잘 썼으면 좋겠습니다. ^^청축 키보드 살까 이거 살까 많이 고민하다가 이걸 선택했는데 너무 좋아용
소리가 크지 않아 좋고 누를때도 부드럽게 눌러져서 오래 사용해도 손에 큰 무리는 안갈듯해용지난 번 레드를 사고 이번엔 블랙을 샀는데너무 좋네요 화이트 사고 싶었는데 품절이라 사지 못하고다음에 컴퓨터 한대 더 놓게 되면 화이트로 구매해볼 생각 입니다. 키보드 사러 돌아다니지 마시고 이거 사세요우선 배송이 빠릅니다.
진짜 피씨방에서 쓰던 키보드같아요. 엄청 부드러운데 쫌 묵직해서 정확하게 눌린다고 해야하나? 키감이 너무너무 만족스럽습니다. 라이트도 예쁘고 소음도 심하지않고 그냥 다 좋습니다.상품은 주문한 다음날 바로 배송되어서 잘 쓰고 있습니다. 게임용은 아니고 사무용으로 쓴느데 일할맛이 두배로 늘어났습니다. 가격대비 아주 만족스럽고 주변에 추천해주고 싶은 제품입니다.막 비싼건 사기 싫은데 구색 갖추고 오래가는거 찾다가 구매했습니다. 마음에 듭니다. 기능도 있을건 있고 잡다하진 않고. 까만색이 없어서 노란색했는데 귀엽네요 ㅎㅎ흰색 키보드 갖고 싶어서 주문했는데 너무 이쁘네요~ 키보드 누르는 감은 생각보다 더 힘을 줘서 눌러야해서 아쉬움ㅠ 무접점이 저한테 더 맞나봐요 그래도 이쁜거에 점수를 더 주고 싶고, 키보드가 무게감도 있어서 좋아요!앱코 제품이 좋아서 피시방에서 써보고 집에서도 쓸려고 구매했습니다. 리니어로 샀더니 조용하고 저는 이게 더 터치감이 좋네요. 빨강으로 샀는데 불 들어오니까 더 예쁘네요. 너무 마음에 듭니다.키보드 겉박스가 찍은 사진처럼, 찢어져서 와서, 좀 그렇네요.배송 중에 그런 것 같진 않아 보이는데.. 쩝..그래도 키보드 연결해서 사용해보니, 작동은 잘 되는 것 같습니다.효과도 좋고요.배송은 주문한 바로 다음날 도착했습니다. 기계식 키보드 처음 써보는데 가성비 아주 좋은것 같네요 리니어로 샀더니 확실히 찰칵거리는 맛은 없네요 그래도 디자인 만으로도 너무 맘에드는 키보드 입니다.키감이 좀 어색하지만 적응하면 될 것 같고,
색상이나 타건소리 및 튼튼해보이는 키가 만족스럽습니다.
매번 키보드 먼지 끼는게 화딱지 나서 방수기능 보고 구매합니다.주문 하루 만에 도착했어요 우체국 택배로 안전하게 잘 왔어요 소리가 어떨지 너무 크면 더 신경 쓰일까했는데 이만하면 괜찮은거 같아요 불도 맘대로 조정 가능하고요피시방에서만 쓰다가 이번에 새로 구입했는데 소리도 마음에들고 키감, 디자인 전체적으로 만족스러운 제품이에요. 이번에 할인이벤트도 있어서 갓성비로 제품쓸수있게되서 너무 좋습니다 ^-^레드1 옐로우1 주문했는데 의외로 잘 어울립니다~~소음은 약간 있는데 클릭식보다는 확실히 조용하구요~~올검 분위기의 데스크에 올려놔도 이뻐요~~~~~~~배송도 빠르고배송속도며 사용감에는 최고였습니다.. 묵직한무게 또한 나무랄때가 없는데 회사에서 쓰려고 샀는데 옆에분이 소리가 신경쓰인다고 하네요 즉. 조용한곳에선 조금 씨끄럽습니다.참고하세요 제품은 최고입니다...오자마자 교체하고 테스트겸 한게임중입니다ㅎ 와이프가 안사줘서 용돈 털어서 샀는데 하나도 안아깝네요 키감이 작살이고 반응도 빨라요 최고!!!k660 고민하다가 구매해봤는데 역시 게이밍키보드 답게 엄청 키감좋고, 게임이 잘됩니다. 그리고 색깔도 옐로우 촌스럽지 않게 좋네요 번창하세요^^키캡 하나 빻아져 있고찍찍이나 봉인씰이 뭔가 개봉품 재포장 해주신거 같은 느낌..찝찝..근데 배송이 엄청 빨리온건 좋아서 그냥 감수하고 쓸게요역시 앱코 PC방에서 사용해보고 터치감 너무 좋아서 구매했는데 역시 만족스럽네요. 키보드 바꾸는 김에 마우스까지 바꿔버렸습니다~ 좋은 제품 많이 만들어주세요.저가형 키보드만 주로 사용했었는데 요번에 사용중이던 큐센 제품이 망가져 찾다찾다 타건소리가 고가제품들이랑 비슷한 제품을 발견하게되어 구매하였네요~ 디자인도 이쁘고 가성비 갑인거 같습니다^^!
[2022-08-15 11:22:24,962] {logging_mixin.py:115} INFO - https://shopping-phinf.pstatic.net/main_2045576/20455763954.20210430175002.jpg?type=f140 CHERRY MX BOARD 3.0S 게이밍 기계식 키보드 99,000원 체리 축을 이용한 타사 제품들을 많이 써왔는데 이번에 체리사에서 직접 생산한 키보드가 눈에 띄어서 세일 기간에 구매 하였습니다. 배송은 빠르게 왔고, 포장도 꼼꼼하게 잘 해주셨습니다. 한번도 안써본 흑축으로 샀는데 처음 써봐서 그런지 오타가 조금 많이 나네요. 익숙해지려면 시간이 필요할거 같습니다.갈축인데 사각사각하는 소리가 정말 좋아요!
전반적으로 완성도도 좋은 느낌이고, 타이핑하는 맛이 있습니다.
다만 사은품으로 주는 고무받침대만으로는 조금 낮은 느낌이라, 거치대를 사용하던 노트북 때에 비하면 손목이 조금 아파오는 점은 있네요.
제품 상의 문제는 안닌지라, 키보드 위치를 조금 높이는 방식으로 사용하면 이 부분은 해결될 것 같습니다.명성이 자자한 체리키보드에 대한 관심이 생기고
구매를 했는데 확실히 무보강이라는 점이 체감이 됩니다.
다른키보드들에서 느껴지는 철판소리가 안들립니다
그래서인지 다른 메이커 적축보다 정숙한듯합니다.
다만 아쉬운건 덮개가 없다는점입니다. 먼지에 취약한 기계식키보드인데 덮개가 없다는점은 아쉽습니다...ㅠㅠ
그래도 잘쓰도록 하겠습니다. 매우 마음에 듭니다.쫀독한 타건감이 있네요!
가성비 괴물의 키보드라더니 진짜입니다 ㅎ
근데 왜 키를 뺄 수 있는 도구 없이 키만 덩그러니 보내주신건지 잘 모르겠습니다.. 그래서 지금 이쁜 빨간 체리 버튼 못 빼고 잇어요 혹여 키가 다칠까봐 힘으로 뽑지도 못하고 ㅠㅜㅜ흰색은 이전에 쓰던 저렴이 기계식 게이밍 키보드입니다. 3만3천원에 샀는데 1년 7개월 쓰고 사망하길래 아.. 싼 건 쓰면 안되는구나..해서 유명하다는 걸로 갈아탔어요. 갈아타길 잘했네요. 다시 사기 귀찮아서 오래오래 쓰고 싶어요! 측각에 새겨진 게 생각보다 불편하지 않고 좋네요! 체리 체고체리축 답게 타건감이 엄청 좋습니다. 특히 보강판이 없는 제품이라서 적축의 느낌을 잘 살린거 같습니다. 키보드의 마감 또한 훌륭하며 스테빌라이저도 안정적입니다.

약간 아쉬운건 키 구분감이 조금 떨어지는거 같지만 적응하니 큰 문제가 되는건 없었습니다.

키보드와 케이블을 분리할 수 있어서 들고 다닐때 케이블의 손상되는 걱정도 덜해서 좋습니다.배송 거의 하루만에 왔구요👍👍 드디어 원하던 청축 키보드 찾았습니다ㅠㅠㅜ지난번 g80-3000s 갈축으로 샀는데 스테빌라이저가 생각만큼 만족스럽지 못해서 중고로 판매하고 다시 구입한건데 진짜 만족스러워요🙂 청축 특유의 사각거림과 안정감있게 균형잡힌 느낌도 좋네요ㅜㅜㅜ다만 텐키리스가 아니다보니 가정용으로 적합할듯! 높낮이 불편하다는 후기도 있는데,, 전 보통 노트북 위에 키보드 올려놓고 써서 그닥 불편함은 못느꼈네용👏삼실 키보드 소리가 거슬려서 이뿌고 소리안나고 가격도 괜찮은 키보드 찾다가 삼박자가 맞아 떨어져서 구매하게 되었습니다
넘나 퀵배송이라 삼실로 주문햇는데 토요일에 도착한대서 당황햇는데 기사님이 월욜에 두고가셧더라구여 센스까지 4박자~
키스킨 씌우면 더 쫀득해지는데 살짝 손가락이 피곤해져여약 한달전 같은 제품(블랙) 주문했을때완 달리 이건 뭐 대충해서 보낸 느낌. 새거 주문해놓고 중고받은 기분이랄까? 포장박스에서부터 재활용한 분위기 팍팍. 테입은 덕지덕지. 내부에는 사은품 굴러다니고~ 박스 안쪽엔 다른제품 정품스티커가 두개나 붙어있음. 기분이 영 껄쩍지근합니다 그려.확실히 싼티도 전혀 안나고 갈축 처음 써보는데 적축하고 청축 사이?. 되게 신기하네요
다른거 다 좋았는데 아쉬운 점은 가격대 치고 통울림이 좀 있는편이라 예민 하신분들은 생각해보시는게 좋을거 같아요.
저도 예민한편인데 그냥 만족해서 쓰고 있습니다.생각보다 예쁘네요! 폭신한 느낌이라 타자칠맛나요. 근데 모서리가 너무 날카로워서 아쉽고.. 높낮이 조절 안돼도 자체가 높아서 오히려 손목엔 무리 덜가는거같아요. 키캡리무버나 덮개가 있으면 더 좋을구같은데 구성품이 아무것도 없는건 좀 아쉽네요블랙제품이 품절되었다고 연락이 왔어요. 그것도 2일만이라 좀 불만이었는데 안내해주시는 분이 화이트 재고물량을 빨리 파악해주셔서 대안으로 선택을 했습니다. 고가 키보드는 처음 써보는데 과연 저소음적축...이름이 괜히 퍼진게 아니네요
잘 쓰고 있고 매우 만족합니다무소음적축 or 적축을 살까 엄청 고민했어요 ㅠㅠ 결국 적축 선택했구요 후회 안합니다!! RGB 파스텔 색감 미쳤고, 체리 소프트웨어 들어가서 나만의 커스텀 하는거 너무 좋아요 :) ㅋㅋ공부용- 키스킨 깔고 \ 게임용- 키스킨 빼고 치고 (타격감을 느끼고 싶을때) 키스킨 덮으니깐 완충제 역할 해주고 확실히 타격감도 줄고 폭신한 촉감을 느낄 수 있답니다. 단점으론, 키스킨 안 꼇을때 통울림 느낌이 좀 더 나긴 해요;; ~ 모양도 찾기 어렵고 ㅋㅋ 그래도 입문용쓰기도 좋고. 키보드 가성비는 이만한게 없는거 같아요.물품 포장 및 배송 소프트웨어 관련 안내등은 빠르고 좋았으나 키보드덮개가 그냥 민무니로 된 새덮개가아닌 커세어 키보드덮개가왔고 사진처럼 구부러진흔적과 기스 얼룩진 어디서 쓰다가 버린것 같은 덮개가 왔네요. 이런거면 적어두시지 3,900원주고 살게아니네요 그냥 덮을수있고 반품비용이나 절차 귀찮아서 그냥 사용합니다.키감이야 워낙 평이 좋으니 아주 만족중이구요. 이번에 자판이 아무렇게나 막 눌러지는 일로 a/s를 보내게 되었습니다.
판매자분이 수거신청을 바로 해주셨는데, 택배 기사분이 수거를 하러 안 오셔서 다시 받는데 일주일이 걸린것을 제외하면 a/s 역시 너무나 만족 스러웠네요. (수거신청하고 4일만에 오심...)
택배를 받은날 바로 점검 해주시고 다음날 아침에 전화로 왜 이런 현상이 생겼는지 친절하게 알려주신다음 당일날 바로 택배를 보내주셔서 정말 감사했습니다. 무선 보조 키보드로 버티는데 넘 불편했네요. 새해복 많이 받으시고 좋은 한해 되세요.
ps. 텐키리스는 발매예정이 없다는게 너무 아쉽네요..ㅡ_ㅜ흰색키보드는 처음 써보긴 하는데 진짜 너무 이뻐요 !!
손이 큰편이아니라 생각보다 키보드가 높더라고요 (기계식 키보드는 다 그렇다고....)
키보드 받침대를 했는데도 높아서 저는 받침대를 샀답니다 ㅋㅋ

적축 처음 써봤는데 진심 진짜 소리 거의 안나고 너무 부드럽고 좋아요
약간 일하기 싫었는데 키보드 치는 소리 듣고 싶어서 회사 가고싶어요 (이건 진짜)

나중에 집에는 불빛나는걸로 살까봐요화이트인줄알고 샀다가 파는곳 제목 맨 뒤세 블랙이란글을 못보고 교환했어요 배송비 6천원 날려 배아프긴해도 똑바로 못본 제 잘못이겠죠 빌어먹을; 아직 써보진않았지만 그래도 화이트로 잘 교환해두셨습니다 그리고 블랙,화이트 서로 보호대 다를거같아 키보호대도 같이 넣어놨는데 그건 안주시나요?탈착형 케이블usb-c인줄 알았는데 마이크로 5핀이네요. 그건 제가 사양을 제대로 안 본 탓이고, 체리 키 누르면 링크되는 페이지의 프로그램은 3.0S 지원 안 하네요. 지원 프로그램은 찾기도 힘들고.

체리 적축은 처음 써보는데 키감 좋습니다. 가볍게 눌려서 손가락, 손목, 팔에 부담이 덜해서 좋아요. 키보드도 묵직해서 좋고.화이트 LED 청축으로 구매하였는데, 만족스럽습니다.
LED도 불빛이 참 마음에 들고, 키감도 매우 우수합니다.
이 가격대의 키보드로는 믿겨지지 않습니다.
통울림도 잘 잡아주는 등 여러모로 만족합니다.
진정한 가성비를 뽑고싶으면 LED 없는 버전이겠지만, 눈요기도 되고, 스트레스 풀리고.. LED 청축 추천합니다!!
(다만 혼자 작업할 때 사용하시는게 좋을 것 같습니다.)적축도 소리가 적은 편이지만 저소음적축은 진짜 조용해서 밤에 게임하기 좋아요.
타건감도 저는 보글보글 잘 눌려서 너무 마음에 듭니다.
키보드 위에 프린팅이 없는건 장점이면서 단점인것 같아요.
어떤 각도에서는 안보여서ㅎㅎ
가격 성능 품질 너무 마음에 듭니다.
선물도하고 회사도 이걸로 바꾸려구요.배송도 너무 빠르고 상품도 너무 좋네요. 여태것 키보드 돈주고 산 적이 없었는데 생각해보니까 매일 쓰는거니까 좋은거 써도 되겠다 싶어 사봤는데 입력의 도구로서는 같지만 체감은 차원이 다르네요 ㅜ ㅜ 키보드 치는게 이리 재미있을줄이야 ㅜ ㅜ배송은 주문일 기준 3일 걸렸네요. 정품스티커는 붙어있는데 봉인씰도 없고, 포장은 그냥 뾱뽁이 한두겹. 택배기사 아저씨께서 차에서 택배물건 바닥에 탁탁 던지며 분류하는거보고 식겁했습니다. 제품은 좋은데, 배송은 좀 개선이 필요할듯.체리 적축 키보드 좋다고 소문난 키보드 답네요.
타건감이 정말 부드럽고 좋습니다.
이정도 가격에 이정도 타건감과 성능이면
정말 가성비 좋은 키보드 같습니다
어정쩡한 기계식 키보드 사지 마시고 이거 사세요
정말 .배송문자오기도 전에 도착하네요 ㅋㅋㅋ
처음으로 산 기계식키보드입니다. 생각보다 작아서 좋은거 같아요
단점 으로는 키보드가 높아서 손목이 아플거 같아요 그래서 나중에 손목 받침대도 사야될거 같아요 그외에는 너무 만족합니다 잘쓸께요배송도 빨랐고
이 키보드 정말 좋습니다.인생키보드 발견했습니다.
키스킨 샀는데 안씌우고 치는게 더 좋은거 같아요 저는.
눌렀다가 뗄때 느낌이 훨씬 좋아서.. ㅋㅋ
키 스킨은 그냥 먼지 안앉게 가끔 덮어두는 용도로만쓸거같아요.
정말 좋은 키보드^^택배 수령 후 다음날 배송의 문제가 있어 연락을 드렸고, 조치를 취하여 키스킨과 키보드를 잘 받았습니다. 키보드의 누르는 감각도 좋고 피로감이 덜합니다.

하지만 배송의 문제를 보고할 때 아쉬운 점이 있습니다.오전 쯤 택배 수령 후 물건을 확인한 후 문제가 생겨, 물건 확인 후 30분~1시간 뒤에 전화 뿐만 아니라 톡톡과 문의 또한 같이 드렸습니다. 근데 모두 답변을 받지 못했습니다. 전화는 그럴 수 있다고쳐도, 톡톡과 문의는 택배 수령 후 오전에 보고했는데, 수령 후 다음 날 전화를 하고, 문의와 톡톡을 확인한 점이 아쉬웠습니다.

그래서 4점을 드렸습니다.정말 저소음입니다. 사각사각 소리도 안들릴 정도로 조용합니다. 사은품으로 손목거치대 준다고 적혀 있는데, 이벤트 끝났는지 안주네요;;; 그럴거면, 이벤트 이미지를 내렸으면 좋겠네요.

RGB가 안들어온다는 거 빼고는 모두 만족합니다.키캡까지 전부 변경해서 다른 키보드같네요 ㅋㅋㅋ 예상한그대로입니다. 저적이라 많이 시끄럽지도않아요. 다만 상세페이지에 키보드높낮이조절받침대 증정은 끝낫나보네요. 키보드 후기볼때 높낮이 조절은 안되는데 받침대 사은품으로 받았다는 후기보고 안샀는데 ㅠㅠ 받침대 사려고 보니까 구매가격이 3000원인데 배송비가 3000원이라 ㅠ 일단은 참고 쓸려고요빠른 배송 감사합니다.
통울림 전혀 없고 조용해 사무실에서 기분좋게 사용 중입니다.
아주 조용한 환경에서 키를 조금 세개 누르면 스프링 소리가 들리긴 하나 거슬릴 정도는 아닙니다.
사무실에서 사용하실 분들께 추천합니다.코로나 여파로 배송물량이 많은지
배송은 조금 느리게 왔지만 두툼한 안정
에어백 포장 좋습니다.
키보드는...소문대로 키감은 이 가격대비
최강인거 같습니다.
부분적인 단점들은 있으나 가성비 키감하나로
끝판왕 인 키보드 같습니다.기계식 키보드는 처음 사용하는데 지인 추천으로 구매하였습니다. 청축 키보드 타건소리가 저는 너무 크게 느껴져서 적축...거기다가 더 소리가 없는 저소음적축을 구매했는데 생각보다 진짜 소리가 없어서...ㅋㅋㅋ적축을 구매했어도 되었다 생각이 드네요.ㅋㅋㅋ 저소음 키보드 추천합니다.!배송도 빠르고 제품도 만족스럽습니다만...
키보드 덮개를 주는 이벤트가 지금도 유효한지 헷갈려서 상품평도 보고 질문글을 둘러봤는데 키보드 덮개 이벤트 종료됐다는 내용이 많아서 추가 주문했는데 이벤트로 지급되는 덮개까지 2개가왔네요...괜찮은 키보드를 구매하고 싶은데 십만원 넘게 사용하고싶지는 않아서 찾아보다가 구매했습니다
진짜 진작 살걸 그랬어요ㅠㅠ
타건감도 너무 좋고 무엇보다 디자인이 너무 이쁩니다ㅎㅎ

사은품으로 주신 키보드받침대도 잘 사용하고 있어요 감사합니다~~배송 빠르고, 전화 받아주신 남자직원분 친절하시고,
제품 품질은 두말 할 나위 없고.
싸구려 청축쓰다가 어떤 축 써야할지 전화로 직원분께 여쭤봤는데, 직원분이 청축 추천해줘서 사봤는데 싸구려 청축과는 비교자체가 안되네요. 강추입니다.어제 오후 4시반에 결제했는데 다음날 오후 2시반에 도착했네요 ㅋㅋㅋㅋㅋㅋ 와 하루도 안되서 오는건 처음입니다 배송도 엄청빠르고 키보드 성능도 미쳤습니다 ㅎㅎㅎㅎㅎㅎㅎㅎ 진짜 인터넷쇼핑하면서 이렇게 만족했던 적은 처음입니다 !!! 절로 리뷰쓰러가야지 ~ 가 되네요가볍고 견고해서 좋네요많이 고민하고 구매한 제품입니다..
최저가로 아주 저렴하게 구매했어요..
카드할인받으니 여기가 제일 저렴하네요..
가성비 좋은 키보드입니다..
게이머들은 엄지척! 하는 키보드죠~
10만원대 이상하는 키보드와 가성비는 맞먹어요.
불빛나는것도 있지만 그냥 일반으로 구매했어요.ㅋ
기대하지 않았던 사은품까지 덤으로 받아 기분 좋습니다.
키보드스킨, 실리콘키보드 받침까지~ Good!
CHERRY MAX 기계식 키보드는 역시 진리~
타감좋고 인식 끝내줍니다.

기계식 키보드의 스위치를 다소 싫어 하시는 분들은 옛날 방식의 높은 키높이 때문에 싫어 하십니다.
이게 일반적인 멤브레인 방식을 사용하다가 높은걸로 다시 바꾸면 타이핑시 눌러야 할 영역이 많아서 다소 불편합니다.
물론 사용하다 보면 익숙해 지기는 하지만, 꼭 한자리에서만 타이핑 하는게 아니기 때문에 다른 곳에 다른 키보드를 사용하면 들쑥 날쑥한 키의 높이때문에 타이핑을 재대로 하기가 힘들죠.
헌대 cherry mx-board 3.0는 일반적인 기계식 키보드와 다르게 낮은 키로 제작되어 있어서 좋습니다.
이 제품을 선택한 이유중에 가장 큰 이유는 낮은 키였습니다.
사진을 보시면 알겠지만 크게 높지 않습니다.
기계식 키보드 스위치의 종류 (청축, 갈축, 적축, 흑축)
기계식 키보드의 스위치는 다 같은게 아니고 샤프트의 컬러에 따라 조금씩 다른 특징들을 보입니다.
- 청축
가장 기본적인 기계식 스위치입니다. 본 스위치 압력은 50g(+-15g) 입니다. 압력은 중간쯤 하고 비교적 좋은 키감을 가지고 있습니다.
하지만 다소 시크러운 소음때문에 꺼려지기는 합니다.
오히려 타자를 치는듯이 경퀘한 키음을 원한다면 선택할만하죠.
특히나 키 입력상태를 손가락으로 바로 느낄 수 있어서 타이피을 많이 하는 사용자들이 선호하는 종류입니다.

키보드(일반)/유선/109키/USB/용도: 게이밍/기계식/스위치: 체리/키압: 50g/동시입력: 무한/1ms 응답속도/금속하우징/ABS/한글 정각/체리식 스테빌라이저/430mm/140mm/36mm/1025g/2년 보증
모두기계식을 처음 써봐서 얼마나 좋은건지 잘 비교는 못하겠지만 만듦새랑 마감이 깔끔합니다. 팜레스트는 살지 말지 고민했는데 사길 잘 한것 같아요. 무소음 적축에 커버까지 씌워서 사용하면 확실히 조용해서 만족했습니다기계식키보드 처음 써보는데, 사무실에서 쓰기에 시끄럽지 않고 키감도 무겁지 않아 입문용으로 딱 좋은 거 같아요. 키 배치가 약간 불편하지만 적응하면 괜찮고, 전고가 높아 손목받침 있으면 좀 더 편합니다.체리사 청축쓰다가 요즘 관절이 약해져서 타이핑을 오래 치다보니 손가락이 아파 부드럽다는 적축 사봤어요 첨엔 키김이 완전 달라서 오타가 좀 났는데 몇시간 지나니 적응되네요 키감이 훨씬 가벼워요~ 가볍게 칠수 있어요역시 무보강키보드다운 타건감, 깔끔한디자인, 잘 잡힌 스테빌 소음은 기대한대로, 키캡도 고급스럽고 뭐하나 빠지지 않지만 생각보다 소음이 있네요.배송 아주 빠르게 보내주셨어요 키보드는 일단 묵직해서 왠만해선 잘 안움직여 좋아요 키감은 다이소 키보드와 비교가 불가하구요 외관도 심플한 맛이 있는게 질리지 않고 오래오래 쓸거같아요체리 갈축 적축만 쓰다카 청축 처음인데 키감 너무좋네요 경쾌한 타자기 느낌
게다가 알미늄 바디에 측각키 고급지고 아주 좋아요삼실껀 레이저꺼 쓰는데 넘 화려해서 심플한 요놈으로.
일단 오타가 조금 나는데 익숙해지면 괜찮아지겠죠.
RGB를 살껄 그랬나봐요. 불끄면 까매서 ㅎㅎ기대했던것보다 더 좋아요
유투브 후기로 들었던 타자소리 들었을때는
좀 너무 시끄러울까봐 걱정했는데
실제로는 더 정갈하게 들려서 너무 좋아요
깔끔하고 타건감 맘에 들고 좋습니다 ㅠㅠ배송 아주 빠르게받았습니다저소음 적축처음인데 만족스럽습니다. 다만 키캡 뽑는게 없어서 아쉽소 생각보다 높아서 손목이 아파요 팜레스트 같이 구매 추천합니아키보드 진짜 맘에드네요 배송만 주문 다음날 해주셨으면 좋았을건데요!! 아쉽네요
제품 너무 좋습니다 좀 쓰다가 상위모델로 넘어갈따 또 이용할게요키보드가 무거워서 고정이 잘되구요 좋네요
흑축 처음 써보는데 무게감이 장난 아닙니다
가벼운거 좋아하시는 분들은 적축사세요체리키가 맘에 들지는 않지만 키감도 좋고 아주 좋아요.
LED를 선택하지 않은게 조금 후회도 되네요.
어두우면 오타가 좀 나서 ㅎㅎ무보강 구조로 인한 기판이 안흔들림으로 안정성 확보, 쫀득한 적축의 타건감 등 가격대비 훌륭하다는 점을 느낄 수 있었습니다!기계식 키보드를 처음 사용해보는거라 좋은지는 모르겠지만 다른분들 상품평보니 한번 써봐야겠네요.배송도 빠르고 만족합니다디자인 깔끔하고 소리도 조용하고 편하고 좋습니다.
다만 저한테는 조금 안맞는것 같네요.
약간 키감이 부족한 느낌이라고 해야하나?
어디까지나 그건 제 개인취향 문제고
키보드 자체는 좋은 키보드라고 생각합니다.한 지 하루만에 왔고요, 진짜 타자 소리 하나도 안 나고 너무 조용해요. 키감도 좋고 손가락에 힘을 안 줘도 타자 잘 되네요. 고민했던 시간이 아깝습니다.앱무 쓰다가 심심한 감이 있어서 사봤는데 좋습니 단점은 백스페이스 키가 조금 먹먹하고 위아래양옆 하우징이 굉장히 짧습니다 이거 제외하고 나머지는 다 장점일듯검은색이 일단 깔끔하고 품위가 있어보인달까. 텐키까지 거리가 기본보다 가까워 오타가 좀 나는데 이건 그냥 적응해야 하겠죠.처음으로 써보는 기계식 키보드입니다
진짜 키감이 부드러워서 놀랬어요 ..ㅎㅎ
자판 때문에 고민하다가 흰색샀는데 너무 좋아요실수로 엘이디 없는걸 산것이 아쉽긴 한데 그래도 키감 좋고 키캡놀이 가능하고 체리키로 자동저장기능 넣어서 사용하니 일할때 넘 편리하고 좋아요생각보다 키압이 무겁고 높이가 어정쩡한 느낌... 제 기대에는 못미치지만 제품자체는 좋네요. 잘 사용하고 있습니다. rgb모델만 led가 있었네요 ㅠㅠ갈축을 샀는데 소리가 엄청 맘에드네요...
적당히 키감도 괜찮고.. 대신에 스페이스바가 좀 불편해요..
뭔가 텅텅~ 하는 느낌...같은.. LED스타일이 싫어서 없는걸로 샀는데
정말 깔끔하고 괜찮네요.이거사고 기계식 키보드 맛들려서 사무실에서 쓸
저적축 엠스톤 제품도 사서 쓰는데...
체리 MX Board 가 만족도가 더 높네요 ㅋㅋ
[2022-08-15 11:22:24,964] {taskinstance.py:1909} ERROR - Task failed with exception
Traceback (most recent call last):
  File "/home/airflow/.local/lib/python3.7/site-packages/airflow/operators/python.py", line 171, in execute
    return_value = self.execute_callable()
  File "/home/airflow/.local/lib/python3.7/site-packages/airflow/operators/python.py", line 189, in execute_callable
    return self.python_callable(*self.op_args, **self.op_kwargs)
  File "/opt/airflow/dags/newtest.py", line 97, in crawling
    cursor.execute("INSERT INTO info VALUES (%s, %s, %s, %s);",(image,name,price,review))
  File "/home/airflow/.local/lib/python3.7/site-packages/pymysql/cursors.py", line 148, in execute
    result = self._query(query)
  File "/home/airflow/.local/lib/python3.7/site-packages/pymysql/cursors.py", line 310, in _query
    conn.query(q)
  File "/home/airflow/.local/lib/python3.7/site-packages/pymysql/connections.py", line 548, in query
    self._affected_rows = self._read_query_result(unbuffered=unbuffered)
  File "/home/airflow/.local/lib/python3.7/site-packages/pymysql/connections.py", line 775, in _read_query_result
    result.read()
  File "/home/airflow/.local/lib/python3.7/site-packages/pymysql/connections.py", line 1156, in read
    first_packet = self.connection._read_packet()
  File "/home/airflow/.local/lib/python3.7/site-packages/pymysql/connections.py", line 725, in _read_packet
    packet.raise_for_error()
  File "/home/airflow/.local/lib/python3.7/site-packages/pymysql/protocol.py", line 221, in raise_for_error
    err.raise_mysql_exception(self._data)
  File "/home/airflow/.local/lib/python3.7/site-packages/pymysql/err.py", line 143, in raise_mysql_exception
    raise errorclass(errno, errval)
pymysql.err.DataError: (1366, "Incorrect string value: '\\xF0\\x9F\\x91\\x8D\\xF0\\x9F...' for column 'review' at row 1")
[2022-08-15 11:22:24,980] {taskinstance.py:1420} INFO - Marking task as UP_FOR_RETRY. dag_id=craw, task_id=cr4, execution_date=20220815T111741, start_date=20220815T111744, end_date=20220815T112224
[2022-08-15 11:22:24,995] {standard_task_runner.py:97} ERROR - Failed to execute job 6 for task cr4 ((1366, "Incorrect string value: '\\xF0\\x9F\\x91\\x8D\\xF0\\x9F...' for column 'review' at row 1"); 298)
[2022-08-15 11:22:25,030] {local_task_job.py:156} INFO - Task exited with return code 1
[2022-08-15 11:22:25,056] {local_task_job.py:273} INFO - 0 downstream tasks scheduled from follow-on schedule check
