[2022-08-13 10:14:14,886] {taskinstance.py:1179} INFO - Dependencies all met for <TaskInstance: craw.cr2 manual__2022-08-13T10:14:12.952570+00:00 [queued]>
[2022-08-13 10:14:14,898] {taskinstance.py:1179} INFO - Dependencies all met for <TaskInstance: craw.cr2 manual__2022-08-13T10:14:12.952570+00:00 [queued]>
[2022-08-13 10:14:14,899] {taskinstance.py:1376} INFO - 
--------------------------------------------------------------------------------
[2022-08-13 10:14:14,899] {taskinstance.py:1377} INFO - Starting attempt 1 of 2
[2022-08-13 10:14:14,900] {taskinstance.py:1378} INFO - 
--------------------------------------------------------------------------------
[2022-08-13 10:14:14,916] {taskinstance.py:1397} INFO - Executing <Task(PythonOperator): cr2> on 2022-08-13 10:14:12.952570+00:00
[2022-08-13 10:14:14,921] {standard_task_runner.py:52} INFO - Started process 1609 to run task
[2022-08-13 10:14:14,925] {standard_task_runner.py:79} INFO - Running: ['***', 'tasks', 'run', 'craw', 'cr2', 'manual__2022-08-13T10:14:12.952570+00:00', '--job-id', '69', '--raw', '--subdir', 'DAGS_FOLDER/newtest.py', '--cfg-path', '/tmp/tmp86n1_2od', '--error-file', '/tmp/tmpc3v27olx']
[2022-08-13 10:14:14,926] {standard_task_runner.py:80} INFO - Job 69: Subtask cr2
[2022-08-13 10:14:15,025] {task_command.py:371} INFO - Running <TaskInstance: craw.cr2 manual__2022-08-13T10:14:12.952570+00:00 [running]> on host cdb6935da655
[2022-08-13 10:14:15,117] {taskinstance.py:1591} INFO - Exporting the following env vars:
AIRFLOW_CTX_DAG_OWNER=***
AIRFLOW_CTX_DAG_ID=craw
AIRFLOW_CTX_TASK_ID=cr2
AIRFLOW_CTX_EXECUTION_DATE=2022-08-13T10:14:12.952570+00:00
AIRFLOW_CTX_TRY_NUMBER=1
AIRFLOW_CTX_DAG_RUN_ID=manual__2022-08-13T10:14:12.952570+00:00
[2022-08-13 10:14:15,131] {base.py:68} INFO - Using connection ID 'mysql' for task execution.
[2022-08-13 10:14:15,134] {logger.py:11} INFO - ====== WebDriver manager ======
[2022-08-13 10:14:15,225] {logger.py:11} INFO - Get LATEST chromedriver version for google-chrome 104.0.5112
[2022-08-13 10:14:15,597] {logger.py:11} INFO - Driver [/home/***/.wdm/drivers/chromedriver/linux64/104.0.5112/chromedriver] found in cache
[2022-08-13 10:15:04,026] {logging_mixin.py:115} INFO - https://shopping-phinf.pstatic.net/main_2685653/26856531523.20210422141628.jpg?type=f140 웨이코스 씽크웨이 토체티BW 블루투스 유무선 텐키리스 체리키보드 170,000원 터치감 좋고 블루투스 연결속도 좋고 조용해서 좋습니다.효율성 10배 상승. 키감 만족 디자인 만족 특이사항 없음.진짜 타건감이 장난아닙니다 ㅋㅋㅋ 원래 무접점 선호했었는데 무접점보다 타건감이 더 좋아요 소리도 정말 조용합니다!!!키감도 좋고 조용합니다 적극추천합니다배송 엄청빠릅니다16시간 정도걸린듯ㅎㅎㅎ
[2022-08-13 10:15:09,312] {logging_mixin.py:115} INFO - 1
[2022-08-13 10:15:48,541] {logging_mixin.py:115} INFO - https://shopping-phinf.pstatic.net/main_2196898/21968983050.20220603104329.jpg?type=f140 스틸시리즈 Apex 3 74,000원 매우 조용하고 키감도 생각한대로 였습니다 잘사용하겠습니다감사합니다 잘 받았습니다좋습니다 소리도 적게나고 나쁘지않습니다너무 좋습니다. 만족합니다. 배송도 빠르네요너무너무 좋아요 ㅋㅋ매우 만족합니다 소리도 적게나고 키감도 만족합니다빠른배송 너무 감사합니다. 키보드도 진짜 조용하고 이쁩니다.!! 감사합니다!굳굳굳 굳굳굳 굳굳굳
[2022-08-13 10:15:53,803] {logging_mixin.py:115} INFO - 2
[2022-08-13 10:16:23,804] {logging_mixin.py:115} INFO - https://shopping-phinf.pstatic.net/main_2685653/26856531523.20210422141628.jpg?type=f140 웨이코스 씽크웨이 토체티BW 블루투스 유무선 텐키리스 체리키보드 170,000원 터치감 좋고 블루투스 연결속도 좋고 조용해서 좋습니다.효율성 10배 상승. 키감 만족 디자인 만족 특이사항 없음.진짜 타건감이 장난아닙니다 ㅋㅋㅋ 원래 무접점 선호했었는데 무접점보다 타건감이 더 좋아요 소리도 정말 조용합니다!!!키감도 좋고 조용합니다 적극추천합니다배송 엄청빠릅니다16시간 정도걸린듯ㅎㅎㅎ
[2022-08-13 10:16:29,068] {logging_mixin.py:115} INFO - 3
[2022-08-13 10:16:29,133] {python.py:173} INFO - Done. Returned value was: None
[2022-08-13 10:16:29,151] {taskinstance.py:1420} INFO - Marking task as SUCCESS. dag_id=craw, task_id=cr2, execution_date=20220813T101412, start_date=20220813T101414, end_date=20220813T101629
[2022-08-13 10:16:29,183] {local_task_job.py:156} INFO - Task exited with return code 0
[2022-08-13 10:16:29,215] {local_task_job.py:273} INFO - 0 downstream tasks scheduled from follow-on schedule check
