[2022-07-22 05:41:45,999] {taskinstance.py:1179} INFO - Dependencies all met for <TaskInstance: workflow.create_table scheduled__2021-08-05T00:00:00+00:00 [queued]>
[2022-07-22 05:41:46,027] {taskinstance.py:1179} INFO - Dependencies all met for <TaskInstance: workflow.create_table scheduled__2021-08-05T00:00:00+00:00 [queued]>
[2022-07-22 05:41:46,028] {taskinstance.py:1376} INFO - 
--------------------------------------------------------------------------------
[2022-07-22 05:41:46,029] {taskinstance.py:1377} INFO - Starting attempt 1 of 1
[2022-07-22 05:41:46,030] {taskinstance.py:1378} INFO - 
--------------------------------------------------------------------------------
[2022-07-22 05:41:46,046] {taskinstance.py:1397} INFO - Executing <Task(MySqlOperator): create_table> on 2021-08-05 00:00:00+00:00
[2022-07-22 05:41:46,056] {standard_task_runner.py:52} INFO - Started process 1978 to run task
[2022-07-22 05:41:46,061] {standard_task_runner.py:79} INFO - Running: ['***', 'tasks', 'run', 'workflow', 'create_table', 'scheduled__2021-08-05T00:00:00+00:00', '--job-id', '157', '--raw', '--subdir', 'DAGS_FOLDER/test.py', '--cfg-path', '/tmp/tmp82oj_4it', '--error-file', '/tmp/tmpipf_67di']
[2022-07-22 05:41:46,077] {standard_task_runner.py:80} INFO - Job 157: Subtask create_table
[2022-07-22 05:41:46,207] {task_command.py:371} INFO - Running <TaskInstance: workflow.create_table scheduled__2021-08-05T00:00:00+00:00 [running]> on host cdbfdeb58988
[2022-07-22 05:41:46,298] {taskinstance.py:1591} INFO - Exporting the following env vars:
AIRFLOW_CTX_DAG_OWNER=***
AIRFLOW_CTX_DAG_ID=workflow
AIRFLOW_CTX_TASK_ID=create_table
AIRFLOW_CTX_EXECUTION_DATE=2021-08-05T00:00:00+00:00
AIRFLOW_CTX_TRY_NUMBER=1
AIRFLOW_CTX_DAG_RUN_ID=scheduled__2021-08-05T00:00:00+00:00
[2022-07-22 05:41:46,301] {mysql.py:82} INFO - Executing: CREATE DATABASE FUCK
[2022-07-22 05:41:46,310] {base.py:68} INFO - Using connection ID 'mysql_db' for task execution.
[2022-07-22 05:41:46,313] {taskinstance.py:1909} ERROR - Task failed with exception
Traceback (most recent call last):
  File "/home/airflow/.local/lib/python3.7/site-packages/airflow/providers/mysql/operators/mysql.py", line 84, in execute
    hook.run(self.sql, autocommit=self.autocommit, parameters=self.parameters)
  File "/home/airflow/.local/lib/python3.7/site-packages/airflow/hooks/dbapi.py", line 204, in run
    with closing(self.get_conn()) as conn:
  File "/home/airflow/.local/lib/python3.7/site-packages/airflow/providers/mysql/hooks/mysql.py", line 163, in get_conn
    import MySQLdb
ModuleNotFoundError: No module named 'MySQLdb'
[2022-07-22 05:41:46,323] {taskinstance.py:1420} INFO - Marking task as FAILED. dag_id=workflow, task_id=create_table, execution_date=20210805T000000, start_date=20220722T054146, end_date=20220722T054146
[2022-07-22 05:41:46,335] {standard_task_runner.py:97} ERROR - Failed to execute job 157 for task create_table (No module named 'MySQLdb'; 1978)
[2022-07-22 05:41:46,365] {local_task_job.py:156} INFO - Task exited with return code 1
[2022-07-22 05:41:46,391] {local_task_job.py:273} INFO - 0 downstream tasks scheduled from follow-on schedule check
