[2022-08-10 06:08:18,560] {taskinstance.py:1179} INFO - Dependencies all met for <TaskInstance: fuck.fucking manual__2022-08-10T05:19:17.526661+00:00 [None]>
[2022-08-10 06:08:18,579] {taskinstance.py:1179} INFO - Dependencies all met for <TaskInstance: fuck.fucking manual__2022-08-10T05:19:17.526661+00:00 [None]>
[2022-08-10 06:08:18,580] {taskinstance.py:1376} INFO - 
--------------------------------------------------------------------------------
[2022-08-10 06:08:18,581] {taskinstance.py:1377} INFO - Starting attempt 3 of 3
[2022-08-10 06:08:18,581] {taskinstance.py:1378} INFO - 
--------------------------------------------------------------------------------
[2022-08-10 06:08:18,602] {taskinstance.py:1397} INFO - Executing <Task(PythonOperator): fucking> on 2022-08-10 05:19:17.526661+00:00
[2022-08-10 06:08:18,611] {standard_task_runner.py:52} INFO - Started process 114 to run task
[2022-08-10 06:08:18,616] {standard_task_runner.py:79} INFO - Running: ['***', 'tasks', 'run', 'fuck', 'fucking', 'manual__2022-08-10T05:19:17.526661+00:00', '--job-id', '18', '--pool', 'default_pool', '--raw', '--subdir', 'DAGS_FOLDER/tmp.py', '--cfg-path', '/tmp/tmptmwkdfbi', '--error-file', '/tmp/tmpcdf19bex']
[2022-08-10 06:08:18,617] {standard_task_runner.py:80} INFO - Job 18: Subtask fucking
[2022-08-10 06:08:18,722] {task_command.py:371} INFO - Running <TaskInstance: fuck.fucking manual__2022-08-10T05:19:17.526661+00:00 [running]> on host 7b89d46fe45e
[2022-08-10 06:08:18,824] {taskinstance.py:1591} INFO - Exporting the following env vars:
AIRFLOW_CTX_DAG_OWNER=***
AIRFLOW_CTX_DAG_ID=fuck
AIRFLOW_CTX_TASK_ID=fucking
AIRFLOW_CTX_EXECUTION_DATE=2022-08-10T05:19:17.526661+00:00
AIRFLOW_CTX_TRY_NUMBER=3
AIRFLOW_CTX_DAG_RUN_ID=manual__2022-08-10T05:19:17.526661+00:00
[2022-08-10 06:08:18,825] {logger.py:11} INFO - ====== WebDriver manager ======
[2022-08-10 06:08:19,551] {logger.py:11} INFO - Get LATEST chromedriver version for google-chrome 104.0.5112
[2022-08-10 06:08:20,611] {logger.py:11} INFO - There is no [linux64] chromedriver for browser 104.0.5112 in cache
[2022-08-10 06:08:20,612] {logger.py:11} INFO - About to download new driver from https://chromedriver.storage.googleapis.com/104.0.5112.79/chromedriver_linux64.zip
[2022-08-10 06:08:24,841] {logger.py:11} INFO - Driver has been saved in cache [/home/***/.wdm/drivers/chromedriver/linux64/104.0.5112]
[2022-08-10 06:08:34,593] {python.py:173} INFO - Done. Returned value was: None
[2022-08-10 06:08:34,616] {taskinstance.py:1420} INFO - Marking task as SUCCESS. dag_id=fuck, task_id=fucking, execution_date=20220810T051917, start_date=20220810T060818, end_date=20220810T060834
[2022-08-10 06:08:34,644] {local_task_job.py:156} INFO - Task exited with return code 0
[2022-08-10 06:08:34,680] {local_task_job.py:273} INFO - 0 downstream tasks scheduled from follow-on schedule check
[2022-08-10 06:08:34,708] {dagrun.py:564} INFO - Marking run <DagRun fuck @ 2022-08-10 05:19:17.526661+00:00: manual__2022-08-10T05:19:17.526661+00:00, externally triggered: True> successful
[2022-08-10 06:08:34,710] {dagrun.py:624} INFO - DagRun Finished: dag_id=fuck, execution_date=2022-08-10 05:19:17.526661+00:00, run_id=manual__2022-08-10T05:19:17.526661+00:00, run_start_date=None, run_end_date=2022-08-10 06:08:34.710217+00:00, run_duration=None, state=success, external_trigger=True, run_type=manual, data_interval_start=2022-08-09 00:00:00+00:00, data_interval_end=2022-08-10 00:00:00+00:00, dag_hash=9059b4adf9ac79c8a8346bf64e0f2f15
[2022-08-10 06:08:34,710] {dagrun.py:795} WARNING - Failed to record duration of <DagRun fuck @ 2022-08-10 05:19:17.526661+00:00: manual__2022-08-10T05:19:17.526661+00:00, externally triggered: True>: start_date is not set.
