[2022-08-10 05:21:28,480] {taskinstance.py:1179} INFO - Dependencies all met for <TaskInstance: fuck.fucking manual__2022-08-10T05:19:17.526661+00:00 [None]>
[2022-08-10 05:21:28,505] {taskinstance.py:1179} INFO - Dependencies all met for <TaskInstance: fuck.fucking manual__2022-08-10T05:19:17.526661+00:00 [None]>
[2022-08-10 05:21:28,505] {taskinstance.py:1376} INFO - 
--------------------------------------------------------------------------------
[2022-08-10 05:21:28,506] {taskinstance.py:1377} INFO - Starting attempt 2 of 2
[2022-08-10 05:21:28,507] {taskinstance.py:1378} INFO - 
--------------------------------------------------------------------------------
[2022-08-10 05:21:28,544] {taskinstance.py:1397} INFO - Executing <Task(PythonOperator): fucking> on 2022-08-10 05:19:17.526661+00:00
[2022-08-10 05:21:28,555] {standard_task_runner.py:52} INFO - Started process 588 to run task
[2022-08-10 05:21:28,563] {standard_task_runner.py:79} INFO - Running: ['***', 'tasks', 'run', 'fuck', 'fucking', 'manual__2022-08-10T05:19:17.526661+00:00', '--job-id', '6', '--pool', 'default_pool', '--raw', '--subdir', 'DAGS_FOLDER/tmp.py', '--cfg-path', '/tmp/tmp9eev0h_8', '--error-file', '/tmp/tmp7uxe2a8c']
[2022-08-10 05:21:28,565] {standard_task_runner.py:80} INFO - Job 6: Subtask fucking
[2022-08-10 05:21:28,713] {task_command.py:371} INFO - Running <TaskInstance: fuck.fucking manual__2022-08-10T05:19:17.526661+00:00 [running]> on host 35993e26e04e
[2022-08-10 05:21:28,847] {taskinstance.py:1591} INFO - Exporting the following env vars:
AIRFLOW_CTX_DAG_OWNER=***
AIRFLOW_CTX_DAG_ID=fuck
AIRFLOW_CTX_TASK_ID=fucking
AIRFLOW_CTX_EXECUTION_DATE=2022-08-10T05:19:17.526661+00:00
AIRFLOW_CTX_TRY_NUMBER=2
AIRFLOW_CTX_DAG_RUN_ID=manual__2022-08-10T05:19:17.526661+00:00
[2022-08-10 05:21:28,849] {logger.py:11} INFO - ====== WebDriver manager ======
[2022-08-10 05:21:28,985] {logger.py:11} INFO - Get LATEST chromedriver version for google-chrome 104.0.5112
[2022-08-10 05:21:29,443] {logger.py:11} INFO - Driver [/home/***/.wdm/drivers/chromedriver/linux64/104.0.5112/chromedriver] found in cache
[2022-08-10 05:21:34,633] {taskinstance.py:1909} ERROR - Task failed with exception
Traceback (most recent call last):
  File "/home/airflow/.local/lib/python3.7/site-packages/airflow/operators/python.py", line 171, in execute
    return_value = self.execute_callable()
  File "/home/airflow/.local/lib/python3.7/site-packages/airflow/operators/python.py", line 189, in execute_callable
    return self.python_callable(*self.op_args, **self.op_kwargs)
  File "/opt/airflow/dags/tmp.py", line 16, in ttt
    driver.get('https://search.shopping.naver.com/search/all?query=%ED%82%A4%EB%B3%B4%EB%93%9C&frm=NVSHATC&prevQuery=%ED%82%A4%EB%B3%B4%EB%93%9C')
  File "/home/airflow/.local/lib/python3.7/site-packages/selenium/webdriver/remote/webdriver.py", line 447, in get
    self.execute(Command.GET, {'url': url})
  File "/home/airflow/.local/lib/python3.7/site-packages/selenium/webdriver/remote/webdriver.py", line 435, in execute
    self.error_handler.check_response(response)
  File "/home/airflow/.local/lib/python3.7/site-packages/selenium/webdriver/remote/errorhandler.py", line 247, in check_response
    raise exception_class(message, screen, stacktrace)
selenium.common.exceptions.WebDriverException: Message: unknown error: session deleted because of page crash
from tab crashed
  (Session info: headless chrome=104.0.5112.79)
Stacktrace:
#0 0x558edbc95403 <unknown>
#1 0x558edba9b64b <unknown>
#2 0x558edba89b2d <unknown>
#3 0x558edba89545 <unknown>
#4 0x558edba88995 <unknown>
#5 0x558edba880d4 <unknown>
#6 0x558edbaa2951 <unknown>
#7 0x558edbb04078 <unknown>
#8 0x558edbaf08f3 <unknown>
#9 0x558edbac60d8 <unknown>
#10 0x558edbac7205 <unknown>
#11 0x558edbcdce3d <unknown>
#12 0x558edbcdfdb6 <unknown>
#13 0x558edbcc613e <unknown>
#14 0x558edbce09b5 <unknown>
#15 0x558edbcba970 <unknown>
#16 0x558edbcfd228 <unknown>
#17 0x558edbcfd3bf <unknown>
#18 0x558edbd17abe <unknown>
#19 0x7f20cfd4dea7 <unknown>

[2022-08-10 05:21:34,664] {taskinstance.py:1420} INFO - Marking task as FAILED. dag_id=fuck, task_id=fucking, execution_date=20220810T051917, start_date=20220810T052128, end_date=20220810T052134
[2022-08-10 05:21:34,698] {standard_task_runner.py:97} ERROR - Failed to execute job 6 for task fucking (Message: unknown error: session deleted because of page crash
from tab crashed
  (Session info: headless chrome=104.0.5112.79)
Stacktrace:
#0 0x558edbc95403 <unknown>
#1 0x558edba9b64b <unknown>
#2 0x558edba89b2d <unknown>
#3 0x558edba89545 <unknown>
#4 0x558edba88995 <unknown>
#5 0x558edba880d4 <unknown>
#6 0x558edbaa2951 <unknown>
#7 0x558edbb04078 <unknown>
#8 0x558edbaf08f3 <unknown>
#9 0x558edbac60d8 <unknown>
#10 0x558edbac7205 <unknown>
#11 0x558edbcdce3d <unknown>
#12 0x558edbcdfdb6 <unknown>
#13 0x558edbcc613e <unknown>
#14 0x558edbce09b5 <unknown>
#15 0x558edbcba970 <unknown>
#16 0x558edbcfd228 <unknown>
#17 0x558edbcfd3bf <unknown>
#18 0x558edbd17abe <unknown>
#19 0x7f20cfd4dea7 <unknown>
; 588)
[2022-08-10 05:21:34,742] {local_task_job.py:156} INFO - Task exited with return code 1
[2022-08-10 05:21:34,795] {local_task_job.py:273} INFO - 0 downstream tasks scheduled from follow-on schedule check
[2022-08-10 05:21:34,834] {dagrun.py:549} ERROR - Marking run <DagRun fuck @ 2022-08-10 05:19:17.526661+00:00: manual__2022-08-10T05:19:17.526661+00:00, externally triggered: True> failed
[2022-08-10 05:21:34,835] {dagrun.py:624} INFO - DagRun Finished: dag_id=fuck, execution_date=2022-08-10 05:19:17.526661+00:00, run_id=manual__2022-08-10T05:19:17.526661+00:00, run_start_date=None, run_end_date=2022-08-10 05:21:34.835431+00:00, run_duration=None, state=failed, external_trigger=True, run_type=manual, data_interval_start=2022-08-09 00:00:00+00:00, data_interval_end=2022-08-10 00:00:00+00:00, dag_hash=9059b4adf9ac79c8a8346bf64e0f2f15
[2022-08-10 05:21:34,836] {dagrun.py:795} WARNING - Failed to record duration of <DagRun fuck @ 2022-08-10 05:19:17.526661+00:00: manual__2022-08-10T05:19:17.526661+00:00, externally triggered: True>: start_date is not set.
