[2022-08-10 05:19:21,184] {taskinstance.py:1179} INFO - Dependencies all met for <TaskInstance: fuck.fucking manual__2022-08-10T05:19:17.526661+00:00 [queued]>
[2022-08-10 05:19:21,210] {taskinstance.py:1179} INFO - Dependencies all met for <TaskInstance: fuck.fucking manual__2022-08-10T05:19:17.526661+00:00 [queued]>
[2022-08-10 05:19:21,210] {taskinstance.py:1376} INFO - 
--------------------------------------------------------------------------------
[2022-08-10 05:19:21,211] {taskinstance.py:1377} INFO - Starting attempt 1 of 1
[2022-08-10 05:19:21,211] {taskinstance.py:1378} INFO - 
--------------------------------------------------------------------------------
[2022-08-10 05:19:21,244] {taskinstance.py:1397} INFO - Executing <Task(PythonOperator): fucking> on 2022-08-10 05:19:17.526661+00:00
[2022-08-10 05:19:21,283] {standard_task_runner.py:52} INFO - Started process 107 to run task
[2022-08-10 05:19:21,304] {standard_task_runner.py:79} INFO - Running: ['***', 'tasks', 'run', 'fuck', 'fucking', 'manual__2022-08-10T05:19:17.526661+00:00', '--job-id', '4', '--raw', '--subdir', 'DAGS_FOLDER/tmp.py', '--cfg-path', '/tmp/tmppbo7rnat', '--error-file', '/tmp/tmp_zw9fph_']
[2022-08-10 05:19:21,306] {standard_task_runner.py:80} INFO - Job 4: Subtask fucking
[2022-08-10 05:19:21,649] {task_command.py:371} INFO - Running <TaskInstance: fuck.fucking manual__2022-08-10T05:19:17.526661+00:00 [running]> on host 35993e26e04e
[2022-08-10 05:19:22,032] {taskinstance.py:1591} INFO - Exporting the following env vars:
AIRFLOW_CTX_DAG_OWNER=***
AIRFLOW_CTX_DAG_ID=fuck
AIRFLOW_CTX_TASK_ID=fucking
AIRFLOW_CTX_EXECUTION_DATE=2022-08-10T05:19:17.526661+00:00
AIRFLOW_CTX_TRY_NUMBER=1
AIRFLOW_CTX_DAG_RUN_ID=manual__2022-08-10T05:19:17.526661+00:00
[2022-08-10 05:19:22,056] {logger.py:11} INFO - ====== WebDriver manager ======
[2022-08-10 05:19:23,607] {logger.py:11} INFO - Get LATEST chromedriver version for google-chrome 104.0.5112
[2022-08-10 05:19:25,323] {logger.py:11} INFO - There is no [linux64] chromedriver for browser 104.0.5112 in cache
[2022-08-10 05:19:25,330] {logger.py:11} INFO - About to download new driver from https://chromedriver.storage.googleapis.com/104.0.5112.79/chromedriver_linux64.zip
[2022-08-10 05:19:30,317] {logger.py:11} INFO - Driver has been saved in cache [/home/***/.wdm/drivers/chromedriver/linux64/104.0.5112]
[2022-08-10 05:19:39,776] {taskinstance.py:1909} ERROR - Task failed with exception
Traceback (most recent call last):
  File "/home/airflow/.local/lib/python3.7/site-packages/airflow/operators/python.py", line 171, in execute
    return_value = self.execute_callable()
  File "/home/airflow/.local/lib/python3.7/site-packages/airflow/operators/python.py", line 189, in execute_callable
    return self.python_callable(*self.op_args, **self.op_kwargs)
  File "/opt/airflow/dags/tmp.py", line 16, in ttt
    driver.get('https://search.shopping.naver.com/search/all?query=%ED%82%A4%EB%B3%B4%EB%93%9C&frm=NVSHATC&prevQuery=%ED%82%A4%EB%B3%B4%EB%93%9C')
  File "/home/airflow/.local/lib/python3.7/site-packages/selenium/webdriver/remote/webdriver.py", line 447, in get
    self.execute(Command.GET, {'url': url})
  File "/home/airflow/.local/lib/python3.7/site-packages/selenium/webdriver/remote/webdriver.py", line 435, in execute
    self.error_handler.check_response(response)
  File "/home/airflow/.local/lib/python3.7/site-packages/selenium/webdriver/remote/errorhandler.py", line 247, in check_response
    raise exception_class(message, screen, stacktrace)
selenium.common.exceptions.WebDriverException: Message: unknown error: session deleted because of page crash
from unknown error: cannot determine loading status
from tab crashed
  (Session info: headless chrome=104.0.5112.79)
Stacktrace:
#0 0x56176a04d403 <unknown>
#1 0x561769e5364b <unknown>
#2 0x561769e41b2d <unknown>
#3 0x561769e41545 <unknown>
#4 0x561769e40995 <unknown>
#5 0x561769e3f65b <unknown>
#6 0x561769e3fc1c <unknown>
#7 0x561769e4bc3f <unknown>
#8 0x561769e4c7a2 <unknown>
#9 0x561769e5adad <unknown>
#10 0x561769e5ec6a <unknown>
#11 0x561769e40046 <unknown>
#12 0x561769e5a951 <unknown>
#13 0x561769ebc078 <unknown>
#14 0x561769ea88f3 <unknown>
#15 0x561769e7e0d8 <unknown>
#16 0x561769e7f205 <unknown>
#17 0x56176a094e3d <unknown>
#18 0x56176a097db6 <unknown>
#19 0x56176a07e13e <unknown>
#20 0x56176a0989b5 <unknown>
#21 0x56176a072970 <unknown>
#22 0x56176a0b5228 <unknown>
#23 0x56176a0b53bf <unknown>
#24 0x56176a0cfabe <unknown>
#25 0x7f5f68993ea7 <unknown>

[2022-08-10 05:19:39,819] {taskinstance.py:1420} INFO - Marking task as FAILED. dag_id=fuck, task_id=fucking, execution_date=20220810T051917, start_date=20220810T051921, end_date=20220810T051939
[2022-08-10 05:19:39,867] {standard_task_runner.py:97} ERROR - Failed to execute job 4 for task fucking (Message: unknown error: session deleted because of page crash
from unknown error: cannot determine loading status
from tab crashed
  (Session info: headless chrome=104.0.5112.79)
Stacktrace:
#0 0x56176a04d403 <unknown>
#1 0x561769e5364b <unknown>
#2 0x561769e41b2d <unknown>
#3 0x561769e41545 <unknown>
#4 0x561769e40995 <unknown>
#5 0x561769e3f65b <unknown>
#6 0x561769e3fc1c <unknown>
#7 0x561769e4bc3f <unknown>
#8 0x561769e4c7a2 <unknown>
#9 0x561769e5adad <unknown>
#10 0x561769e5ec6a <unknown>
#11 0x561769e40046 <unknown>
#12 0x561769e5a951 <unknown>
#13 0x561769ebc078 <unknown>
#14 0x561769ea88f3 <unknown>
#15 0x561769e7e0d8 <unknown>
#16 0x561769e7f205 <unknown>
#17 0x56176a094e3d <unknown>
#18 0x56176a097db6 <unknown>
#19 0x56176a07e13e <unknown>
#20 0x56176a0989b5 <unknown>
#21 0x56176a072970 <unknown>
#22 0x56176a0b5228 <unknown>
#23 0x56176a0b53bf <unknown>
#24 0x56176a0cfabe <unknown>
#25 0x7f5f68993ea7 <unknown>
; 107)
[2022-08-10 05:19:39,915] {local_task_job.py:156} INFO - Task exited with return code 1
[2022-08-10 05:19:40,027] {local_task_job.py:273} INFO - 0 downstream tasks scheduled from follow-on schedule check
[2022-08-10 05:19:40,086] {dagrun.py:549} ERROR - Marking run <DagRun fuck @ 2022-08-10 05:19:17.526661+00:00: manual__2022-08-10T05:19:17.526661+00:00, externally triggered: True> failed
[2022-08-10 05:19:40,088] {dagrun.py:624} INFO - DagRun Finished: dag_id=fuck, execution_date=2022-08-10 05:19:17.526661+00:00, run_id=manual__2022-08-10T05:19:17.526661+00:00, run_start_date=2022-08-10 05:19:18.165215+00:00, run_end_date=2022-08-10 05:19:40.088219+00:00, run_duration=21.923004, state=failed, external_trigger=True, run_type=manual, data_interval_start=2022-08-09 00:00:00+00:00, data_interval_end=2022-08-10 00:00:00+00:00, dag_hash=9059b4adf9ac79c8a8346bf64e0f2f15
