[2022-08-10 06:14:14,533] {taskinstance.py:1179} INFO - Dependencies all met for <TaskInstance: fuck.fucking manual__2022-08-10T05:19:17.526661+00:00 [None]>
[2022-08-10 06:14:14,546] {taskinstance.py:1179} INFO - Dependencies all met for <TaskInstance: fuck.fucking manual__2022-08-10T05:19:17.526661+00:00 [None]>
[2022-08-10 06:14:14,547] {taskinstance.py:1376} INFO - 
--------------------------------------------------------------------------------
[2022-08-10 06:14:14,547] {taskinstance.py:1377} INFO - Starting attempt 5 of 5
[2022-08-10 06:14:14,548] {taskinstance.py:1378} INFO - 
--------------------------------------------------------------------------------
[2022-08-10 06:14:14,567] {taskinstance.py:1397} INFO - Executing <Task(PythonOperator): fucking> on 2022-08-10 05:19:17.526661+00:00
[2022-08-10 06:14:14,573] {standard_task_runner.py:52} INFO - Started process 632 to run task
[2022-08-10 06:14:14,576] {standard_task_runner.py:79} INFO - Running: ['***', 'tasks', 'run', 'fuck', 'fucking', 'manual__2022-08-10T05:19:17.526661+00:00', '--job-id', '20', '--pool', 'default_pool', '--raw', '--subdir', 'DAGS_FOLDER/tmp.py', '--cfg-path', '/tmp/tmp1xe8l56z', '--error-file', '/tmp/tmpif7h0ht1']
[2022-08-10 06:14:14,577] {standard_task_runner.py:80} INFO - Job 20: Subtask fucking
[2022-08-10 06:14:14,654] {task_command.py:371} INFO - Running <TaskInstance: fuck.fucking manual__2022-08-10T05:19:17.526661+00:00 [running]> on host 7b89d46fe45e
[2022-08-10 06:14:14,737] {taskinstance.py:1591} INFO - Exporting the following env vars:
AIRFLOW_CTX_DAG_OWNER=***
AIRFLOW_CTX_DAG_ID=fuck
AIRFLOW_CTX_TASK_ID=fucking
AIRFLOW_CTX_EXECUTION_DATE=2022-08-10T05:19:17.526661+00:00
AIRFLOW_CTX_TRY_NUMBER=5
AIRFLOW_CTX_DAG_RUN_ID=manual__2022-08-10T05:19:17.526661+00:00
[2022-08-10 06:14:14,738] {logger.py:11} INFO - ====== WebDriver manager ======
[2022-08-10 06:14:14,855] {logger.py:11} INFO - Get LATEST chromedriver version for google-chrome 104.0.5112
[2022-08-10 06:14:15,210] {logger.py:11} INFO - Driver [/home/***/.wdm/drivers/chromedriver/linux64/104.0.5112/chromedriver] found in cache
[2022-08-10 06:19:04,730] {logging_mixin.py:115} INFO - 1
[2022-08-10 06:21:51,397] {logging_mixin.py:115} INFO - 2
[2022-08-10 06:24:35,248] {logging_mixin.py:115} INFO - 3
[2022-08-10 06:27:23,441] {logging_mixin.py:115} INFO - 4
[2022-08-10 06:30:07,741] {logging_mixin.py:115} INFO - 5
[2022-08-10 06:31:41,886] {local_task_job.py:221} WARNING - State of this instance has been externally set to restarting. Terminating instance.
[2022-08-10 06:31:41,904] {process_utils.py:129} INFO - Sending Signals.SIGTERM to group 632. PIDs of all processes in the group: [657, 663, 667, 668, 674, 675, 690, 730, 1746, 688, 632]
[2022-08-10 06:31:41,906] {process_utils.py:80} INFO - Sending the signal Signals.SIGTERM to group 632
[2022-08-10 06:31:41,913] {taskinstance.py:1561} ERROR - Received SIGTERM. Terminating subprocesses.
[2022-08-10 06:31:41,968] {process_utils.py:75} INFO - Process psutil.Process(pid=690, status='terminated', started='06:14:15') (690) terminated with exit code None
[2022-08-10 06:31:41,971] {process_utils.py:75} INFO - Process psutil.Process(pid=667, status='terminated', started='06:14:15') (667) terminated with exit code None
[2022-08-10 06:31:42,013] {process_utils.py:75} INFO - Process psutil.Process(pid=1746, status='terminated', started='06:30:14') (1746) terminated with exit code None
[2022-08-10 06:31:42,031] {process_utils.py:75} INFO - Process psutil.Process(pid=730, status='terminated', started='06:14:15') (730) terminated with exit code None
[2022-08-10 06:31:42,032] {process_utils.py:75} INFO - Process psutil.Process(pid=675, status='terminated', started='06:14:15') (675) terminated with exit code None
[2022-08-10 06:31:42,033] {process_utils.py:75} INFO - Process psutil.Process(pid=663, status='terminated', started='06:14:14') (663) terminated with exit code None
[2022-08-10 06:31:42,034] {process_utils.py:75} INFO - Process psutil.Process(pid=668, status='terminated', started='06:14:15') (668) terminated with exit code None
[2022-08-10 06:31:42,035] {process_utils.py:75} INFO - Process psutil.Process(pid=688, status='terminated', started='06:14:15') (688) terminated with exit code None
[2022-08-10 06:31:42,036] {process_utils.py:75} INFO - Process psutil.Process(pid=674, status='terminated', started='06:14:15') (674) terminated with exit code None
[2022-08-10 06:31:42,026] {taskinstance.py:1909} ERROR - Task failed with exception
Traceback (most recent call last):
  File "/home/airflow/.local/lib/python3.7/site-packages/airflow/operators/python.py", line 171, in execute
    return_value = self.execute_callable()
  File "/home/airflow/.local/lib/python3.7/site-packages/airflow/operators/python.py", line 189, in execute_callable
    return self.python_callable(*self.op_args, **self.op_kwargs)
  File "/opt/airflow/dags/tmp.py", line 62, in ttt
    sleep(3)
  File "/home/airflow/.local/lib/python3.7/site-packages/airflow/models/taskinstance.py", line 1563, in signal_handler
    raise AirflowException("Task received SIGTERM signal")
airflow.exceptions.AirflowException: Task received SIGTERM signal
[2022-08-10 06:31:42,079] {taskinstance.py:1420} INFO - Marking task as UP_FOR_RETRY. dag_id=fuck, task_id=fucking, execution_date=20220810T051917, start_date=20220810T061414, end_date=20220810T063142
[2022-08-10 06:31:42,315] {standard_task_runner.py:97} ERROR - Failed to execute job 20 for task fucking (Task received SIGTERM signal; 632)
[2022-08-10 06:31:42,365] {process_utils.py:75} INFO - Process psutil.Process(pid=632, status='terminated', exitcode=1, started='06:14:13') (632) terminated with exit code 1
[2022-08-10 06:31:42,367] {process_utils.py:75} INFO - Process psutil.Process(pid=657, status='terminated', started='06:14:14') (657) terminated with exit code None
