[2022-08-15 11:56:10,708] {taskinstance.py:1179} INFO - Dependencies all met for <TaskInstance: craw.cr2 manual__2022-08-15T11:56:08.347793+00:00 [queued]>
[2022-08-15 11:56:10,730] {taskinstance.py:1179} INFO - Dependencies all met for <TaskInstance: craw.cr2 manual__2022-08-15T11:56:08.347793+00:00 [queued]>
[2022-08-15 11:56:10,731] {taskinstance.py:1376} INFO - 
--------------------------------------------------------------------------------
[2022-08-15 11:56:10,731] {taskinstance.py:1377} INFO - Starting attempt 1 of 2
[2022-08-15 11:56:10,732] {taskinstance.py:1378} INFO - 
--------------------------------------------------------------------------------
[2022-08-15 11:56:10,761] {taskinstance.py:1397} INFO - Executing <Task(PythonOperator): cr2> on 2022-08-15 11:56:08.347793+00:00
[2022-08-15 11:56:10,767] {standard_task_runner.py:52} INFO - Started process 5616 to run task
[2022-08-15 11:56:10,772] {standard_task_runner.py:79} INFO - Running: ['***', 'tasks', 'run', 'craw', 'cr2', 'manual__2022-08-15T11:56:08.347793+00:00', '--job-id', '17', '--raw', '--subdir', 'DAGS_FOLDER/newtest.py', '--cfg-path', '/tmp/tmpn3oziw7e', '--error-file', '/tmp/tmpg1mwnjx4']
[2022-08-15 11:56:10,774] {standard_task_runner.py:80} INFO - Job 17: Subtask cr2
[2022-08-15 11:56:10,898] {task_command.py:371} INFO - Running <TaskInstance: craw.cr2 manual__2022-08-15T11:56:08.347793+00:00 [running]> on host 340b8712908c
[2022-08-15 11:56:11,029] {taskinstance.py:1591} INFO - Exporting the following env vars:
AIRFLOW_CTX_DAG_OWNER=***
AIRFLOW_CTX_DAG_ID=craw
AIRFLOW_CTX_TASK_ID=cr2
AIRFLOW_CTX_EXECUTION_DATE=2022-08-15T11:56:08.347793+00:00
AIRFLOW_CTX_TRY_NUMBER=1
AIRFLOW_CTX_DAG_RUN_ID=manual__2022-08-15T11:56:08.347793+00:00
[2022-08-15 11:56:11,103] {base.py:68} INFO - Using connection ID 'mysql' for task execution.
[2022-08-15 11:56:11,107] {logger.py:11} INFO - ====== WebDriver manager ======
[2022-08-15 11:56:11,263] {logger.py:11} INFO - Get LATEST chromedriver version for google-chrome 104.0.5112
[2022-08-15 11:56:11,899] {logger.py:11} INFO - Driver [/home/***/.wdm/drivers/chromedriver/linux64/104.0.5112/chromedriver] found in cache
[2022-08-15 11:58:41,006] {logging_mixin.py:115} INFO - https://shopping-phinf.pstatic.net/main_8974763/8974763652.20210528111410.jpg?type=f140 로지텍 멀티 디바이스 블루투스 키보드 K380 26,900원 배송이 진짜 빨랐어요! 어제 정오에 주문했는데 오늘 아침 11시 좀 안돼서 왔어요
그리고 제품도 너무 만족스러워요
전에 쓰던 블루투스 키보드가 자꾸 연결이 끊어져서 너무 불편해서 구매한건데 연결도 빠르고 반응속도도 좋네요!
소리가 크다는 후기도 있어서 조금 걱정했는데 별로 크다고 느껴지지는 않았어요! 키감도 나쁘지는 않은데 확실히 동그란 모양이어서 그런가 조금 어색한 느낌은 있어요. 그래도 이건 적응되면 괜찮을것 같아요
전체적으로 너무 마음에 들어요:) 좀 더 싼 제품으로 살까 하다가 오래쓰겠다는 생각으로 구매했는데 구매하길 잘한 것 같아요!역시 가장 큰 문제점은 한글자판이 아니라는 점이겠죠.

갤럭시 탭6용으로 구매해서 그래픽 작업할때 사용하는데 자주 사용하는 단축키 F1 F2 F3키를 맘대로 사용 못하는게 제일 아쉽네요. fn 키와 같이 사용해야하니 매우 번거롭고 습관때문에 잘 익숙해지지 않습니다. 또 단축키 입력때 한글자판과 영문 자판을 따로 인식하는게 골치아프네요. 키보드가 꺼진줄 알았어요 그냥 한글자판이 켜있는 상태라 단축키를 인식 못하는거였네요.

안좋은 이야기만 쓴거 같은데 일단 다른 키보드도 매한가지겠지 싶어서 크게 문제삼지는 않습니다. 블루투스는 정말 빨리 연결되어서 키보드도 정상동작합니다.기냥 예쁘고 휴대성 좋고 가벼운게 좋고요
일반 키보드에 비해서 좀 불편하긴 합니다
키보드 많이 사용하시는 분은 좀 안맞을수도 있어요 일단 컨트롤 키의 위치가 다른 점이 가장 불편하고 한영키 전환은 이제 적응되서 많이 안 불편한데 컨트롤 키는 조금 치명적인 단점이라 느껴집니다 ㅋㅋ 그리고 왜 enter는 return 이라고 써 있고 backspace는 delete 라고 써 있는건지 잘 모르겠어요 실제로는 delete 기능을 가진 키가 없는 것 같습니다. 엑셀 데이타 지울때 한번에 싹 잡아서 delete 눌러야 하는데 그게 안되서 마우스 오른쪽 클릭해서 지우기 선택해야해요 참고하세요 ㅋㅋㅋ
그치만 예쁩니다 책상위에 자리도 많이 안 차지하고 연결도 쉽고 (동글이도 필요없는 점 너무 좋음) 깔끔한 디자인은 큰 장점이라 생각됩니다.없으면 안되는 필수템.

이거랑 다른 기보드 놓고 진심 이틀 내내 고민했거든요.
그냥 무조건 이거사세요
소음 정말 거의 없고 가볍고

뭣보다 다중페어링? 이 정말 편해요.
1 2 3 등록해놓고 번호누르면 1초연결됨

가벼운만큼 낮아서 손목에 좋은 느낌은 아닌데 다른 블루투스 키보드들도 그건 다 마찬가지니까요. 30분
장시간 사용은 밑에 손목 쿠션 받치고 쓰세요

+마우스 꼭 사서 같이 쓰기.
키보드 있는데 마우스 없으면 기분도 이상하고 불편하고 하튼 난리남.
키보드 받은지 2일만에 마우스 주문한 그 사람이 바로 나에요생각외로 쓰임새는 없군요. 지금은 장식용으로 놔뒀습니다.
갤럭시 탭을 사용하는데 펜을 마우스용도로 사용하면 되겠지
하며 구매를 했는데, 실사용은 마우스가 있어야 하겠습니다.
또한, 손이 얼마나 작은 분들이 타자를 치시기에 오타가 없다고
하시는지 모르겠으나, 저 역시 일반인 보다는 조금 작은 손임에도
잦은 오타로 짜증이 좀 나더군요. 익숙해지면 괜찮다고 하시는
분들도 있으나, 편할려고 샀지 익숙해 지려고 구매한 것은 아니라
그냥 집에 놀러오는 지인들한테 장난감용 눈요기 감용으로 두고
있습니다. 실사용으로 구매를 생각한다면 천천히 다시 한번
생각해보시기 바랍니다. (키보드 구매시, 마우스 구매 필수!!)아주 마음에 들어요. 저는 아직 학생이라서 1만원대 키보드로 구입하려다가 그냥 오래 쓰자 하는 생각으로 이걸로 구매했는데요. 이걸로 사길 아주 잘 한 것 같아요. 생각보다 훨씬 좋고 블루투스 연결도 아주 잘 되고 기기 전환도 바로바로 되고 그래도 기기 전환하면 처음에는 약간 버벅거리긴해요. 근데 이정도는 쓰는데 지장이 생기지 않아서 무시해도 될 거 같아요. 그리고 영문키보드라서 더 마음에 들어요. 한글은 사랑하지만 깔끔한게 좋기 때문에 매우 마음에 들었습니다. 키감도 생각보다 좋아요. 또 키보드 소리가 잔잔하니 마음에 듭니다. 배송도 엄청 빨랐어요. 근데 키보드 상자는 모서리가 좀 구겨져 있었어요. 그것만 빼면 아주 마음에 들어요.아이패드 미니 구매하면서 쓸만한 키보드 찾다가 워낙 인기가 많은 제품이라 구매하게 되었습니다. 개인적으로 한영각인이 다 되어있는 제품보단 영문만 있는게 더 마음에 들었습니다. 제품도 이물질이나 기스난 곳 없이 깔끔했고 작동도 문제없이 잘 됩니다. 제가 키가 181에 몸무게가 85정도로 덩치도 있고 손도 큰 편인데 손이커서 타이핑하는데 문제가 된다는 느낌은 전혀 없었습니다. 키는 살짝 힘을 줘야하는 정도이고 특성상 장시간 타이핑은 확실히 좀 힘들지도 모르겠다 싶네요 그래도 가볍게 웹서핑하거나 글 적는데는 아무런 문제 없을 것 같습니다정품 파는곳이라서 다른 인터넷 몰보다 믿고 살수 있겠지 싶어서 주문했는데 왜 이렇게 박스가 창고에서 굴러다니다 곰팡이 펴져 있는것 마냥 더러운 박스로 주셨는지 모르겠습니다 외부 택배 박스가 더러운건 이해하겠는데 키보드가 넣어져 있는 박스가 지저분한건 이해가 안되네요... 적어도 소비자를 생각하면 저런거를 닦아서 보내주던가 아니면 관리를 해서 깨끗한걸 보내줄텐데 아무리 내부 상품에 문제가 없을지 언정 받아보고 기분 안좋아 지는건 어쩔수 없네요... 적어도 키보드안쓸땐 박스에 넣어서 보관할려해도 이딴 박스는 더러워서 못써먹겠습니다3단 폴딩 블투 키보드 쓰다가 내구성 문제때문에 구입했는데 만족.장점.-가볍고 작음.-가격도 나쁘지 않았음.-디자인도 깔끔-3가지 기기를 연결 시켜 놓고 쓰는건 편함.-생각보다 괜찮은 키감. 그렇다고 좋은건 아닌데 얇은 블투 키보드 치고는 괜찮음.단점.-제품 설명서가 없어서 불편. 특히 안드 사용시 한영전환이 쉬프트+스페이스바 인 설명이 없어서 계속 한영키를 눌러도 변환이 안되서 불량인줄 알았음. 검색해서 알게됨-배송시에 박스는 겁나 크게 보냈는데 안에는 보호제 없이 보내는 센스.우선 !! 저는 아이패드 사용자입니다.
처음 아이패드를 살 때에는 키보드가 필요 없겠거니 하는 생각에 액세서리 구매 목록에 키보드를 넣지 않았습니다. 그러나 아이패드를 사용하다 보니 가끔씩 키보드의 사용이 필요한 순간이 있었습니다. 그럴 때마다 막상 사놓고 쓰지 않겠지 하는 생각에 구매를 미루고 미뤘습니다. 구매를 미루는 것은 그저 배송이 늦어지는 것과 같은데 왜 진작 구매하지 않았는지 도통 알 수가 없습니다. 배송은 정말 빠르게 왔습니다. 토요일에 구매했는데 주말에 샀으니 늦게 오겠지 했지만 화요일에 칼배송으로 도착했습니다. 오자마자 뜯어보고 둘러보니 다른 훼손된 곳이나 오염된 곳 없이 하얀 키보드 그 자체로 영롱했습니다. 생각 외로 무거웠지만 아이패드 11인치 파우치에도 쏙 들어가고 타자 치는 것도 편했습니다. 노트북에 비해 타자 소리도 덜합니다. 카페 내 사용은 가능하겠지만 독서실이나 스터디 카페 내 사용은 불가능해 보입니다. 화이트 쳐돌이라 화이트로 구매했는데 너무 예쁩니다. 오랫동안 잘 쓸 것 같습니다 :)키보드는 개인적으로 영어만 적힌게 좋아서 사게 됐네요ㅎㅎ 한글 없는게 더 깔끔하고 예쁘잖아요~ 다른 색은 좀 질릴것같아서 핑크로 구매했는데 채도 낮은 핑크가 마음에 쏙드네요! 다른 기기 전환으로는 한 3초정도 걸리는것같고 인식률 좋습니다! 전자기기는 자주 실패했어서 설마 로지텍이... 싶었는데 괜첞네요! 봉인라벨씰도 잘 붙어있고 만족합니다ㅎㅎ 로지텍은 이 못생긴 상자디자인은 언제쯤 버릴건지... 건전지도 들어있네요! 블투 키보드 패드용 치고는 비싼 가격이라고 생각했는데 성능이랑 외관 다 따져보면 딱 적당한 가격인 것 같습니다ㅠ 이제꼿 산 블투 키보드중에 키감도 그렇고 제일 좋아요... 한글타자 다 외우신분은 그냥 영어버전 추천해요!터치스크린 자판이 영 적응하기 어려운데도 점점 많은걸 해야 될 때가 있습니다. 때로는 노트 필기 비스무리하게 좀 길게 무언가를 끄적거릴 필요가 있기도 합니다.뭐 노트북이 있으면 조금 이야기가 달라지겠지만 그것도 쉽지않고...(비싸요...)이미 손안에 테블릿급 컴퓨터를 가지고들 있잖아요.내 스마트폰을 노트북처럼 쓰고 싶을 때 딱입니다.애플이나 갤럭시 정품 키보드 보다 저렴하고 IT분야의 네임드 브랜드라 믿고 샀습니다. 그리고 디자인도 사진보다 이쁘네요.아이패드 미니 구매하면서 함께 사용하려고 구매했습니다.

크기가 작아서 들고 다니기 편하고, 생각보다 무게가 나가는 것 같긴 한데
타자칠 때 그게 오히려 안정감있는 것 같아서 저는 장점으로 느껴졌어요.
약간 윗 쪽이 볼륨감 있게 만들어져서 경사가 있는 것도
타자칠 때 더 편한 것 같아요.
저는 손이 큰 편이 아니라 타자치는데 불편하다는 생각은 안 드네요.

기기 3개 , 마음에 쏙 들어요.
아이패드랑 세트로 잘 들고 다니면서 사용하고 있습니다.
로지텍 페블마우스도 화이트 구매했는데 언제 봐도 예쁘고 -남자친구랑 둘다 아이패드 사용하면서 키보드 사용하려고 같이 구매했습니다! 일단 색상 자체가 흔한 색상이 아니라서 너무 좋았고 (실물 색감 너무 예뻐요) 적당한 무게감과 부드러운 키감이 가장 마음에 듭니다. 키보드 사용할 때 다른 부분은 다 좋은데 스페이스바를 누르면 다른 키랑은 다르게 소리가 시끄럽긴 하네요.. 그래도 과하게 거슬리는 정돈 아니고 독서실이나 스터디카페에서 사용하기엔 눈치가 살짝 보일 정도입니다.. 페어링은 너무나도 빨랐고 저 같은 경우는 핸드폰 + 아이패드 연결해두고 왔다갔다하면서 사용하는데 너무 편하네요~ 잘 쓰겠습니다!화이트나 핑크 색상은 품절될 때가 워낙 많아서 그냥 아무생각 없이 보고있었는데 소량으로 물량이 들어왔다고 해서 얼릉 구매했습니다ㅋㅋ (저는 화이트로 구매하고싶었는데 제가 구매할 땐 핑크색상밖에 없어서 핑크로 구매했는데 제가 구매하고 나니까 나중에 화이트도 들어와서 너무 슬펐다는...) 배송은 이틀정도 걸렸구요 생각보다 택배 상자가 엄청 커서 놀랐습니다ㅋㅋ 일단 제일 중요한 색감은 상세페이지에 있는 핑크 색상보다는 좀 더 어두운 인디핑크 색상이구요 부담없이 사용하기 좋은 핑크색상이라서 좋습니다ㅎㅎ 근데 색감보다 더 놀랐던 건 키감이 좀 쫀득?하달까 노트북 키패드만 쳐본 저에게는 키보드보다 좀 더 쫀득한 키감이라 정말 맘에 들었습니다ㅋㅋ(소리는 자잘자잘한 소리인데 독서실이나 도서관에서 사용하기엔 무리일 거 같습니다) 그리고 다들 많이 언급하시는 블루투스 기능! 연결이 간편해서 좋긴한데 개인적으로 저는 키보드 사용 중에 다른 기기로 변경할 때 좀 로딩...? 살짝 느려서 불편한 감도 있었어요 그리고 전체적으로 마감이 깔끔하지만 키 중에 살짝 오염이 된 키도 있어서 아쉬웠습니다ㅠ 그래도 블루투스 키보드 중에 이렇게 유명한 걸 보면 가격대비 좋은 키보드인 건 틀림 없네요!! 담엔 화이트도 구매할게요~자격증공부를 결심하고 기분좋게 공부하라고 아이패드미니를 선물 받았습니다.
블로그도 종종 쓰는데 패드 사용하시는 분들 공부할때나 글쓸때 블루투스키보드도 많이 이용하시더라구요?
예쁘게 셋팅된 사진들 보면서 침만 흘리며 보다가 아이패드가 생기니 욕심이나서 검색하던차에 아이패드미니 + 로지텍 블루투스키보드 K380 + M350이라는 엄청난 공식이 있더라구요??????? 배우신 분들 ㅠㅠ 너무 이쁩니다.
게다가 세트처럼 판매도 하던데 세트로도 판매하는게 좀 배송비면에서랑 더 저렴하지만 화이트만 남아 있다라구요 ㅠㅠ 해외배송은 한글자모가 없는거 같구요 고민하다가
이번에 롤라카드행사혜택으로 받아 전환한 L포인트를 사용하기로 했습니다. 이왕 한번 사는거 마음에 드는 색상이랑 제품으로 구매하고 싶어서요. 포인트 행사도 이럴때 쓰라고 있는거겠지 싶어 합리적소비했다고 생각합니다.
막상 받았을때 겉 포장 그림에는 한글자모가 없어서 당황했는데 까보니 이뿌게 한글도 새겨져 있더라구요 그리고 또다른 이상품의 장점으로 한/영 변환키 많이 말씀하시더라구요 ㅎㅎ
같이 원하는 가격으로 판매하는 곳이 없어서 배송비부분이 좀 아쉬웠지만 마침 배송비 행사도 해서 좋았네요. 마우스는 다른 판매처에서 구매해서 오는중이고 원래 기존에 갖고 싶었단건 키보드라 토요일 주문. 화요일배송으로 빠른 배송 받아서 .ㅎㅎ
배송포장은 비교적 큰 박스에 다른 보호수단 없이 와서 불안해보이는 반면에 외부에 표시로 고가상품 취급주의 문구가 있어서 그런지 별다른 파손없이 받았습니다.
, 큰사이즈 패드를 선호하시지 않으신분들
고장 없이 오래오래 사용할 수 있었으면 좋겠습니다.
감사합니당~작년부터 사고싶던 제품이었는데, 미루다 미루다 새 핸드폰 바꾸고, 마침 로지텍 세일도 들어가는 좋은 타이밍이라 구매를 했습니다. 분홍색도 엄청 탐났는데, 흰색 키보드도 깔끔하고 예뻐서 좋아요. 다른 제품에 연결해도 흰색이라 무난하게 어울릴 수 있다는 장점도 있구요.제 기준에서는 너무 무겁지도 않고, 키감도 엄청 좋아서 혹시 밖에 들고 나가더라도 부담스럽지 않을 듯 합니다. 코로나 시대에 집에서 핸드폰으로 강의도 듣고, 리포트나 과제제출도 해야하는데, 아주 여러모로 도움이 많이 될 거 같아요.최근 구매 중 가장 만족스럽습니다. 왜 이 키보드가 입고되면 그리 미친듯이 판매되는지, 써보니 바로 느껴집니다ㅎㅎㅎ디자인은 보는 그대로 이쁘고 무게도 가벼워 휴대하기 좋아요 일반 웹서핑하고 유튜브,카톡 이정도 주로 하는데 키감도 괜찮아요 다만블루투스 특성상 반응속도가 가금씩 조금 느려요 하지만 사용하는데 지장 없어요 거치대있는 k480과 고민하다 이거로 했는데 이거로 하기 잘한거 같아요 화면이 작은핸폰은 바닥에 있음 잘 안보이기도 하고 ㅎ거북목 방지 차원에서도 거치대는 눈위치로 따로 두는게 훨 낫더라구요 키보드는 검정만 써봤는데 화이트색상 이쁘고 사용감도 괜찮고 암튼 전 맘에 들어요 세트로 로지텍 화이트 블루투스마우스도 사려구요컬러 예쁘고 좋은 가격에 구매해서 좋습니다. :)
박스 중국어로 되어있습니다. (설명서도 중어)
키보드 꺼내서 뒤집었는데 손 얼룩이 많아서 당황스럽긴 했습니다.. 새거가 맞겠죠..?...
암튼 물티슈로 닦아서 말리고 스킨 꼈습니다. 느낌 대략 저렇고요. 스킨도 메이드인 차이나예요. 투명 블랙이라 잘 보일까 했는데 우려와는 달리 잘보여요.ㅎ 인쇄가 살짝 안맞긴한데 사용하는데는 노상관입니다. ㅎㅎ
뾱뾱이로 감싸져서 깔끔하게 포장은 되어 왔어요.

결론: 잘산거같은데 지문이 매우 찜찜함....ㅋ전자기기 판매하면서 포장을 참 불량하게 하시네요 적어도 뽁뽁이로 한번만이라도 감싸주든가;; 배송과정에서 파손되면 본인이 책임질 것도 아니면서;;;;; 키보드 자판에 알 수 없는 끈적한 스티커 자국과 옆면 흠집 있었음. 도저히 새 제품이 아닌거 같아 반품요청하니 반품 사유에 '벌크제품입니다' 라고 적고 구매자 변심으로 바꿔놨네요? 도대체 벌크 제품이 뭡니까? 정품 발매 아니고 개인이 직수입한 제품이고, 정품 박스가 아닌 비닐에 포장되어 있는게 벌크제품 아님? 벌크제품이면 다 스티커 자국 있고 흠집 나도 됨?? 배송비까지 3만원 주고 이런 물건 살 바엔 그냥 5000원 더 주고 쿠팡에서 한글자판 돼있는 정품 새 제품 로켓배송 시키세요 대기업 일처리가 그 정도 값어치는 하는 거 같습니다 물건 하자로 반품 기다리다가 자동 구매확정 돼서 공익적인 목적에서 리뷰 남기니까 제발 여기서 구매하지 마세요. 응대방식 너무너무 불친절해요부드럽지만 정확하게 타이핑 되는 키감이 정말 좋네요! 여러 리뷰에서 구매자분들이 이야기 한대로, 화이트 색상 정말 예쁩니다~(다만.. 손때가 묻을까 살짝 염려..ㅜㅜ 키스킨이 함께 들어있음 좋았을텐데 조금 아쉬워요~) 페어링도 정말 쉽고, 다양한 기기들 연결해서 쓸 수 있어서 좋네요! (아래에 어떤 분은 카카오톡 할 때, 엔터치면 전송이 안된다고 하는데.. 상품 설명에 나와있듯이 카카오톡 설정에서 설정해주시면 돼요^^ 아님 shift+Enter를 쳐야 해요.) 주문 다음 날 배송 받았어요. 살짝 무게감은 있네요~파우더핑크색이 오프라인에서 흔하지 않아서 그냥 흰색을 살까도 고민했지만, 한 달 넘게 사용해보니 핑크는 진리입니다ㅜㅜ 로즈골드 아이패드랑 같이 사용하면 그 조합이 엄청납니다! 키감도 적당하고, 다른 키보드와 달리 각각의 키들이 개별적으로 작동한다는 것도 좋은 점인 거 같아요. 블루투스 연결도 상당히 빨라서 키보드 전원 키면 거의 바로 연결된다고 보시면 됩니다! 배송이 너무 늦으면 어떡하나 걱정했었는데 2월 중순 기준으로 주문하고 삼사일 정도 뒤에 배송 받았던 거 같아요. 적당한 크기의 상자 안에 따로 박스재질의 포장이 되어있어서 배송 과정에서의 오염이나 파손을 걱정하실 필요는 없을 것 같습니다!배송도 굉장히 빠르게 잘 왔습니다. 완충재 없이 박스에 담겨와서 파손되지 않았을까 걱정이 있었지만 작동도 잘되고 좋네요.
파우더핑크 색상 촌스럽지 않고 차분한 인디핑크여서 핑크좋아하시는분들께 추천합니다!
아이패드미니5에 연결해서 사용하는데 페어링도 쉽고 빠르게 되어 정말 좋네요~ 가성비 갑 키보드 추천합니다!
키감도 적당히 무게감 있고 좋네요, 약간의 단점은 키보드 전체적인 무게감이 좀 있다는 점이지만, 사이즈는 작아서 들고다니는데 불편함은 없습니다.윈도우10 기준: 기기 블루투스 켜기 -> 키보드 전원 켜기 -> 키보드의 F1,F2,F3 중 원하는 키 눌러서 등록 -> 화면의 핀번호 누르고 확인 -> 이후 블루투스 및 전원 켜고 F1,F2,F3 누르면 연결됨
2~3일 사용해본 결과 키감은 노트북만큼 부드럽진 않지만 가격대비 매우 좋습니다. 건전지 충전방식인 것도 개인적으로 더 좋네요. 한글키는 외우고 있으니 큰 불편함은 없습니다. 영문키만 있는 것도 깔끔하니 디자인적으로 마음에 듭니다.
키보드 파우치는 와인색상으로 샀는데 실제로는 짙은 갈색?에 가까운것 같습니다.일단 작아서 휴대가 간편하고 단 한번의 접촉으로 ㅡ 블루투스 접촉 ㅡ바로 다운로드와 설치가 되어 사용에 큰 만족을 제공하네요. 글구 동글이를 안써도 불안정하지 않고 착 제자리 찾은 기어의 바퀴처럼 리드미컬하고 안정적이라 매우 맘에 들어요. 근데 아이러니는 제 노트북 15.4인치 본체 키보드보다 더 작더군요. 이걸 울어야 할지..암튼 매우 만족합니다. 참고로 전 로지텍제품만(마우스도 로지텍)씁니다.아이패드랑 함께 쓸 용도로 구매했어요. 무게가 생각보다 조금 나가기는 한데, 디자인이 넘 맘에듭니당~ 아이패드랑 아이폰 둘다 페어링 안정적으로 잘 되구 타자도 따로 지연되는거 없이 잘 쳐지네요. 도서관같이 조용한 곳에서 쓰려면 키패드 구매해야하겠지만, 일단 소리가 꽤 작은 편이라 키패드 씌워놓은 제 노트북이랑 소음정도는 비슷한 것 같아요. 아 글구 저는 파우치는 따로 못받았는데 ;) 하하 그래서 그냥 아이패드파우치에 함께 넣어다니려구요~흠집이 조금 나서 왔지만 상품이 너무 예쁘고 좋아서 딱히 신경 쓰이지 않습니다. 흰색이다보니 오염에 약해서 그럴 수 있다고 생각하려고요. 키감은 생각보다 쫀득하고 맨바닥 치는 기분이 들지 않아서 좋습니다. 장시간 글을 써도 손가락에 부담도 크지 않은 편이었고요. 화이트 제품 많이 쓰시는 분들 무조건 화이트로 고르세요 후회하지 않습니다~
+떡볶이를 먹다가 실수로 국물을 흘렸는데 물티슈로 바로 닦으니 잘 닦였습니다 대박!5일에 주문해서 8일에 배송 받았습니다~!! 일단 다른 리뷰에서도 봤듯이 색 너무 이쁘고 멀티페어링 기능 말할 것도 없이 너무 편리하고요. 무게감은 생각보다 좀 있는 편이에요. 건전지 두개 기기에 넣어져서 받았고 사용법도 너무 쉽네요. 그리고 이 제품을 선택한 가장 큰 이유인 소음!! 소음이 정말 적어요. 노트북 키보드 키스킨 씌운 것보다 소음이 적네요. 강의실에서 키보드필기 용도로 사용할 수 있을 것 같아요!! 너무 만족스럽고 인기 많은 제품이어서 가격 다운이 잘 안되는 걸로 아는데 이곳에서 저렴하게 구입해서 너무 뿌듯해요 만족스러운 구매였어용 ㅎㅎㅎ받고나서 바로 연결해서 글을 작성하고
있어요
일단 배송상태가 안좋단말에 공감이갔어요
큰상자에 작은 키보드상자가 덩그러니...
안망가지고 잘 도착한게 신기할정도..
어쨋든 키 터치감이 너무

작아서 가방에 넣고다니기도 좋을거같구요
핸드폰으로 뭔가 쓸때 너무 불편했는데 이젠
오타 해방이네요 ㅎ
핑크색상 구매하고싶었는데 품절이라
블랙샀는데

추천해요^^배송, 디자인, 성능 전부완전!!! 대만족입니다!!! 저녁에 주문했는데 다다음날에 바로 왔어요~ 역시 배송은 빨라야 제맛bb 키감은 그냥 보통 노트북이랑 비슷한 것 같아요 소리도 노트북에 키보드스킨 깔지 않고 하는 정도? 그렇게 무소음은 아니예요 근데 키스킨이 없어서... 따로 찾아봐야겠어요ㅠ 휴대성을 위해 작게 나온 사이즈이지만 오타 많이나고 타이핑 하기 불편한 정도의 크기는 아니예요! 아이패드 사용할 때 너무 너무 좋구여 문서 작업뿐만이 아니라 인강 들을 때도 키보드로 소리 키움, 일시정지, 재생 전부 가능하니까 너무 편하고 좋아요ㅠㅠㅠ 진짜 감동의 감동의 감동중~~~~ 색도 너무너무 이쁘고 흔하지 않아서 너무 조하요~수요일에 주문해서 금요일에 받았습니다.최저가라서 여기서 주문했고요.근데 사진처럼 오염된 부분이 너무 많아요...키보드 각각 자판에 스티커로 붙인거 같은데 붙이면서 문제가 있었던건지 검은색, 파란색 등 너무 이물질이 많이 붙어있네요... 자판 스티커 자체 오염인거 같아서 지워지지도 않아요;;키보드는 정말 인식 잘되고 렉도 없이 잘 연결됩니다.노트북 색과 맞춰서 산거라 화이트여서 하자 없이 깨끗하길 바랬는데 이 부분이 너무 분명한 하자라고 생각해서 별 2개 뺐습니다..전에 쓰던 키보드는 아이패드 블루투스를 꺼버리면 설정에 다시 들어가서 연결하고 그랬는데 이건 블루투스꺼도 다시 키기만 하면 연결이 되어있어서 너무너무 편해요ㅠㅠ 그리고 소리도 조용한 편이구용 다른 기기에 연결할 때도 버튼 누르고 3초 정도만 있으면 바로 연결되니까 진짜 너무 편하네요! 색상은 약간 어두운 인디핑크로 더러운게 크게 티 안나는 것 같아요~ 굳~이 단점을 꼽자면 무게가 더 가벼웠으면 좋겠다 정도!깔끔하니 예쁘네요!
파우치를 13인치 짜리로 주문했는데 잘 들어가요 !!
특히 블루투스 연결이 너무 편해요!
배송이 조금 느렸네요.. 다른 사람들은 다 3일 내 받았다 했는데 저는 5일 걸렸어요
성능은 매우매우 좋아요 영어 자판이라 해도 별로 차이 없구요 조용한 공간에서 작업하려면 키패드는 꼭 사야겠어요!
아 (키에 있는 딜리트는 앞에걸 지우더라고요)
많이파세요~~페어링 한 번에 되고 타이핑도 부드럽고 좋아요 원래 쓰던 건 플랫한 디자인이었는데 이번에 동그란 거를 처음 쓰다 보니 적응할 시간은 좀 필요해보입니다 키보드 되게 민감해서 살짝만 눌러도 바로 입력되는 게 장점이자 단점이 될 수 있을 것 같아요 포장은 다른 분들 후기에서 볼 수 있듯이 박스에 뽁뽁이 없고 그냥 제품 패키지만 들어있는 상태로 왔습니다 조금 아쉽긴 한데 그래도 뭐 좋아요연결 잘 되고 한영키가 다르다는 게 처음에는 굉장히 불편했지만 지금은 익숙해져서 잘 쓰고 있습니다 무겁다는 후기를 많이 봐서 걱정했는데 생각했던 것보다는 그냥 평범한 키보드였어요 소음도 일반 노트북 키보드랑 별다를 것 없더라고요 휴대용으로 추천하고 무엇보다 디자인이 진짜 예뻐요 👍👍 하나 단점이 있다면 대체 왜 박스를 이걸 쓰시는 건가요,,, 종이 낭비 제대로 하시는 것 같아요원격수업 대비로 준비했습니다. 직구제품도있지만 초등학생이 사용할거라 키보드에 한글이 적혀있지 않아서 제외했고 요새는 짝퉁이 많다고 하기도 해서 조금 더 비싸더라도 공식판매점에서 구매했습니다. 배송 느리다는 이야기가 종종 있었는데 저는 구매한 다음날 바로받았고(어제)... 공교롭게도 내일부터 원격수업에 들어가게 되어서 타이밍 좋게 잘받았습니다. 분홍색으로 큰아이가 사용중이라 제품에 만족하고 있었기에 고민없이 하나더 구매했습니다.주로 학교에서 폰으로 강의를 보고 아이패드로 문서작업을 할 때 사용합니다. 폰은 갤럭시인데 갤럭시와 아이패드 모두 키보드와 연결되는 시간이 매우 짧아요! 블루투스 버튼 누르자마자 거의 바로 연결됩니다.
한글과 영어 바꾸는게 caps lock이라서 조금 번거롭지만 적응 되니까 이것도 괜찮네요. 키감도 푹푹 들어가서 좋습니다. 12인치 파우치에 쏙 들어가니까 보관과 휴대도 편리하구요!
그리고 무엇보다 흰색이 매우 마음에 들어요!제품자체는 만족스러워요. 손이 큰 편이어서 동그란 키보드가 불편하지 않을까 했는데 생각보다 오타도 잘 안 나고 잘맞네요. 블루투스 연결도 잘됩니다. 다만 포장은 다른 리뷰들처럼 제품에 비해 과도하게 큰 상자에 와서 좀 불안했고 따로 포장 잘해달라고 부탁했음에도 별다른 조치없이 왔네요. 다른 곳은 화이트가 품절이고 급하게 필요해서 여기서 시켰는데 이런 상황 아닌 이상 다른 곳에서 시킬 거 같네요.+) 제품 자체는 좋습니다
포장은 정말 별로지만 제품 한달 사용해보고 괜찮으면 다시 별점 5개 드리러 올게요
-----------------------------------

살면서 이런 포장 처음 보네요
요즘은 중고거래도 이런식으로 😇

제품 자체는 ❗❗벌크제품(개봉했던 제품)오는거 알고 샀지만❗❗
포장까지 이모양으로 오는건 너무하네요

누가 이런 전자부품이 옷가게 비닐포장에 올거라고 상상이나 합니까...
최소한 에어캡을 3겹 이상 둘렀으면 몰라도요

배송중에 파손이나 고장이라도 나면 환불해주실것도 아니면서
뭐 믿고 포장을 이런식으로 하시는지


1개 드리면서도 마음이 아프지만 아닌건 아닙니다

이후 구매하시는 분들껜 포장을 좀더 꼼꼼히 하셨으면 합니다목요일 저녁에 시켰는데 토요일 아침에 금방 왔네요! 키보드 연결도 굉장히 쉽고 살까말까 고민 많이 했었는데 진작에 살 걸 그랬습니다.

저 같은 경우에는 아이패드 + 삼성 휴대폰 + 노트북까지 여러 브랜드를 섞어서 쓰다보니 로지텍 키보드가 가장 좋을 것 같아서 샀습니다. 여러 기기 왔다갔다 하면서 사용할 수 있는 점이 최대 장점인 것 같아요.

디자인도 만족합니다. 사실 한글 각인이 필요 없긴 했는데, 그래도 저는 있는 게 더 좋은 것 같아요.역시 블투 키보드는 인기많고 유명한걸로 써야하나보네요. 한글자판 있는걸로 고민하다가 영문자판이 있길래 영문으로 구매했는데 확실히 영문이 더 깔끔하고 이쁩니다. 그리고 후기 보니까 몇몇분들은 기스나 찍힘 있는거 같던데, 저는 완전 양품으로 받았습니다. 대신 완전히 조용하지는 않네요.. 아이패드에 쓰려고 구입한건데 조용하면 더 좋았겠지만, 이정도로도 만족합니다. 좋은상품 감사합니다!후기 말대로 생각보다 무겁긴 한데 제 원래 노트북이 훨씬 무거워서 아주 대 만족입니당!!
사실 지인들이 별로 안 쓴대서 괜히 샀나 걱정했는데 전 문서 작업을 많이 해서 편하더라구요 통학길에 왔다갔다 하면서 작성하기 완전 편해욥!
아직은 영/한 바꾸는게 어색하지만 곧 익숙해 질거라 생각합니다 넘넘 좋아유타자칠 때 소리도 크지 않고 부드럽게 눌려서 타격감이좋아요. 무엇보다 글자가 써지는 속도가 정말 마음에 들어요. 동그란 버튼이라 적응하는데 힘들지 않을까 걱정했는데, 사각 자판 치는 것과 크게 다르지 않아서 다행이예요. 키보드가 적당한 무게감이 있어서 장난감 같은 느낌은 전혀 들지 않고 단단하게 잘 만들어진 것 같아 좋아요. 기기 3개가 빠르게 연결이 되다 보니, 폰/패드/이북리더기 이렇게 연결해서 그때 그때 쓰고 싶은 것들을 빠르게 작성할 수 있어서 좋아요. 잘 사용하겠습니다.저는 밝은 색상 별로 안 좋아해서 블루 색상이 남아있길래 얼른 구입했는데 역시 너무 예쁘고 좋아요. 키보드가 작긴 작은데, 쓰다보묜 그렇게 크게 거슬리지도 않고 키감이 이렇게 좋을지 몰랐어요; 진작 살걸!! 진작 살걸 ㅠ!!!!! 아쉽게도 제 블랙베리 핸드폰에 연결하면 어떤 방법을 써도 한영 변환이 안 돼서... 노트북에만 연결해서 쓰고잇는데 정말 편해요 ㅠㅠ 감솨합니닷아이패드 정품 키보드를 구매해서 일체형으로 들고다니기 바랬는데 휴대성이 너무 좋고 무게도 덜나가서 마음에 두고 있지만..비용이 비싸고 부담스럽고 더 생각하면 굳이 큰비용 지불하는거보다 합리적인 가격에 괜찮은 키보드를 구매하는게 낫다고 생각해서 알아보던중 블루투스 키보드구매 했습니다 디자인도 마음에 들고 키감도 좋구 만족스럽습니다 본품 뜯고 나서 보니 전원이 켜진상태로 왔더라구여 그래도 잘쓰겠습니다아이패드에 쓰려고 키보드를 찾았는데 가장 많이 사용되고 추천하는게 k380이라 구입했습니다.많이들 사용하고 칭찬일색이라 의심없이 구입했는데 다 만족스러운데 키감이 아쉽네요.키를 확실히 눌러주지 않으면 정확도가 떨어져서 어쩔수없이 손가락으로 꾹꾹 눌러주는 걸 신경쓰며 타이핑하다보니 손가락이 아픕니다.휴대성도 가격도 디자인까지 다 좋은데 가장 중요한 키감이 이래서 참... 속상하네요. ㅠㅠ가벼운데 블루투스로 연결되고 소음이 없어서 너무 좋아요. 키보드 칠 때 나는 정말 약간의 소리만 나는 정도라 만족하고 있어요.
그리고 색이 핑크색이라서 가장 좋습니다.
라이브워크에서 산 파우치에 정말 쏙 들어가요. 태블릿사면서 키보드 산건데 용도에 맞게 잘 샀습니다.
태블릿이나 휴대폰에 연결해서 사용하는 휴대용에 딱 좋아요! 펜슬을 마우스 겸용으로 쓰다가 답답하면 여디서 마우스도 살 예정이에요!너무 예쁘고 귀여워용!! LG 노트북 키보드 보다는 소리가 크지만 삼성 키보드 보다는 소리가 없어서 키스킨 쓰면 거의 소리는 신경 안쓰일 것 같네욥. 박스 걱정이 많았는데 왜 그런 큰 박스에 보내는지는 모르겠지만? 제품이 바로 담긴게 아니라 제품 포장 박스가 안에 따로 있고 그 안에 뽁뽁이와 함께 포장되어 있어서 제품에 큰 문제가 생길 것 같진 않네요~~ 전원 껐다가 키면 바로 블루투스 연결되는 속도도 베리굳굳 잘 쓰겠습니다~~블루투스 인식도 잘 되고 키감도 너무 좋습니다 근데 키보드 커버 없이 치니까 제가 좀 더 힘있게 치는 것같기도 한데 소리가 생각했던 것 보다 조금 있어서 키보드 커버 조만간 구매를 해야하나 싶은 생각이 듭니다.그리고 기본적으로 주는 건전지 또한 감사합니다! 키보드뒷면 각 모서리에 미끄럼 방지를 해주는 게 있어서 좋았고 경사가 살짝 있어서 사용하기 좋았습니다 가능하다면 여기서도 로지텍 k380용 키보드 커버?그게 있음 좋을것 같아요 너무 좋습니다로지텍 키보드 이뻐서 질럿다가 패드케이스도 지르고 애플펜슬 케이스도 지르고... 색이 넘 이뻐서 깔별로 지를수 밖에 없음 핑크색 사실분들은 충동구매에 유의하세여. 키보드가 동글동글해서 처음 키감이 어색한데 그래도 이뻐서 손끝이 알아서 적응하게 됨. 블루투스 기기 연결이 3가지가 되니깐 직장에서 쓰는 후진 키보드는 자연스럽게 뒤로 미뤄두고 아이패드와 컴퓨터를 자유롭게 오가면서 쓰고 있어요. 대 만 족자판은 13인치 노트북 파우치에 겨우 들어갑니당... 생각보다 크기가 좀 있고, 깃털처럼 가볍지는 않아도 무게까지 적당합니다요! 그래서 정말 왕 추천 합니다!! 예쁘고, 가성비 진짜 좋아요!!!!! 고민할 필요 없습니다!!!!!! 다만, 키보드 소음은 좀 있어요! (노트북 키보드 소음보다는 적어요) 도서관에서는 충분히 사용할 수 있는 정도고, 독서실에서 사용 못하실거에요.. 키스킨 있으면 더 좋을 것 같습니당.....!노트북 거치대를 사면서 타자치기가 힘들어 블루투스 키보드를 찾고 있었는데 가성비 짱인 것 같아요! 노트북, 아이패드 함께 사용하고 있는데 블루투스 전환도 빨라서 편리하게 이용할 수 있네요ㅎ 다만 제 폰이 문제인 건지 아이폰에는 연결이 좋지 못한 것 같아요. 어차피 폰에는 잘 안 쓰니까 상관 없어요! 그리고 무게도 생각보다 묵직해서 사용하는데 안정감이 있고 튼튼한 것 같아요. 클릭하는 소리도 잘 안나서 조용합니다!아이패드 구매하고 키보드 알아보는데
아이패드 키보드 = 로지텍
이게 정설이더군요!
고민한 시간이 미안할 정도로 맘에 듭니다ㅎㅎ
일단 색감이 예술이네요ㅠㅠ
다른 분들 리뷰 보면서 화이트랑 핑크 중에 고민했는데
핑크 ;)
톤다운된 핑크라 부담스럽지도 않고
어디에나 잘 어울려요!
페어링하는 ,
타이핑 감도도 딱 원했던 정도구요!
다만 글자 지우는 속도는 후기에서 본 것처럼
느린 감이 없지 않아 있지만ㅋㅋㅋ
속 터지게 느린 건 아니라 저는
좋은 제품 판매해주셔서 감사해요 :-)배송이 그리 빠른 편은 아닌거 같고
박스 오자마자 귀퉁이가 뚫려서 왔는데
그래도 두툼하진 않지만
뽁뽁이 조금 싸져있었지만 그럼에도 불구하고
상품 박스에도 흠집이 생길만큼
포장이 좀 부실한 편이네요.
찝찝하지만 일단 테스트시
문제는 없어서 그냥 쓰는데,,,

일단 편견이 한번 생겨서이길 바라는데…
새제품이긴 한데 흠집이라던지
나름 인지도 있는 상품인데
제품이 말끔하지 않다던지…
정품 맞겠지만 뭔가 좀 섭섭하네요처음에 설명서대로 1번 꾹눌러도 전원이 안켜져서 불량인줄 알고 교환 신청까지 했는데, 좌측 옆면에 버튼 있는걸 나중에 보고 연결했네요;;
설명서나 상품 상세페이지에도 연결에 대한 자세한 설명이 있으면 좋겠네요!

모든 후기처럼 박스는 누가 뜯어서 입구는 찢겨져있고 제품은 멀쩡하네요ㅋㅋㅋ 리퍼제품이라 싼건가..
그래도 작동은 잘되니 잘사용해보겠습니당사이즈가 작아서 사용할때 좀 불편하려나..? 하는 걱정이 있었는데 제품 사용해보고 그 생각 싹 사라졌습니다. 사이즈 작지만 불편한거 하나 없어서 오히려 가볍고 너무 좋네요! 거기다 무선이라 훨신 간편하고 정말 가볍습니다. 저는 주로 집에서 사용하지만 밖에 들고다니실 일이 많으신 분들에게 정말 좋을 것 같아요. 정말 가성비 미쳤습니다. 마지막으로 키보드 자판이 좀 동그랗길래 걱정 했는데 생각보다 편하네요 ㅋㅋ 네모보다 느낌 좋아요!정품스마트키보드부터 여러가지 다 써봤습니다만K380만한건 없네요배터리내장이 아니라 건전지 교체식이라 정말 오래 쓸꺼니까 그것도 좋고 페어링도 넘. 좋습다다만 약간의 가격상승 원가 led모듈 및 led 백라이트 공장 원가 약 3천원으로 소비자가 8000원정도 더 비싸도 충분히 값어치가 있었을텐데 어두우면 키보드가 안보이는게 굳이 찾기힘든 억지 단점이라고 생각합니다영타인 줄 모르고 샀다가 당황했지만 한타보다 더 깔끔해 보이고 예쁜 거 같아요. 타자기를 이때까지 부드러운 것만 썼었어서 조금 키감이 묵직한 걸 느꼈구요, 너무 오랜 시간 쓰지 않는 게 좋을 거 같았어요. 아무래도 들고다니기에 편하게 만들어진 만큼 사이즈가 작은 느낌도 들었어요. 제가 손이 초미니인데도 손 이동이 거의 없었어요.예쁘고 가벼워서 휴대하기 좋네요
확실히 소음 잡으려고 키높이가 노트북만큼 낮긴해요
오타도 잦을 수 밖에 없구요
전문적으로 사용하기엔 비추지만 가볍게 들고다니는 용도로는 좋아요
입력도 빠르구요
독서실에서 쓰기엔 소리가 큰 감이 있구요
에어컨 돌아가는 정도의 소음 밑에서는 그럭저럭 사용하기 좋겠어요
휴대성을 높이기 위해선지 home, end, pgup, pgdown너무 예쁘구요 ㅜㅜ
이거때문에 다른 케이스들 다 핑크로 맞췄더니
세상 존예되어버렸슴다 ,,
스터디카페 랩탑존에서 옆옆에있는 친구는
타자 소리 못들을 정도의 소음이구요 ㅎ
그래도 커버를 샀지만
안사도 충분해요 !
렉없이 연결도 바로되네여 ㅠ 최고에여
아이패드6세대 쓰는데도 전혀
[2022-08-15 11:58:41,008] {taskinstance.py:1909} ERROR - Task failed with exception
Traceback (most recent call last):
  File "/home/airflow/.local/lib/python3.7/site-packages/airflow/operators/python.py", line 171, in execute
    return_value = self.execute_callable()
  File "/home/airflow/.local/lib/python3.7/site-packages/airflow/operators/python.py", line 189, in execute_callable
    return self.python_callable(*self.op_args, **self.op_kwargs)
  File "/opt/airflow/dags/newtest.py", line 97, in crawling
    cursor.execute("INSERT INTO info VALUES (%s, %s, %s, %s);",(image,name,price,review))
  File "/home/airflow/.local/lib/python3.7/site-packages/pymysql/cursors.py", line 148, in execute
    result = self._query(query)
  File "/home/airflow/.local/lib/python3.7/site-packages/pymysql/cursors.py", line 310, in _query
    conn.query(q)
  File "/home/airflow/.local/lib/python3.7/site-packages/pymysql/connections.py", line 548, in query
    self._affected_rows = self._read_query_result(unbuffered=unbuffered)
  File "/home/airflow/.local/lib/python3.7/site-packages/pymysql/connections.py", line 775, in _read_query_result
    result.read()
  File "/home/airflow/.local/lib/python3.7/site-packages/pymysql/connections.py", line 1156, in read
    first_packet = self.connection._read_packet()
  File "/home/airflow/.local/lib/python3.7/site-packages/pymysql/connections.py", line 725, in _read_packet
    packet.raise_for_error()
  File "/home/airflow/.local/lib/python3.7/site-packages/pymysql/protocol.py", line 221, in raise_for_error
    err.raise_mysql_exception(self._data)
  File "/home/airflow/.local/lib/python3.7/site-packages/pymysql/err.py", line 143, in raise_mysql_exception
    raise errorclass(errno, errval)
pymysql.err.DataError: (1366, "Incorrect string value: '\\xF0\\x9F\\x91\\x8D\\xF0\\x9F...' for column 'review' at row 1")
[2022-08-15 11:58:41,020] {taskinstance.py:1420} INFO - Marking task as UP_FOR_RETRY. dag_id=craw, task_id=cr2, execution_date=20220815T115608, start_date=20220815T115610, end_date=20220815T115841
[2022-08-15 11:58:41,031] {standard_task_runner.py:97} ERROR - Failed to execute job 17 for task cr2 ((1366, "Incorrect string value: '\\xF0\\x9F\\x91\\x8D\\xF0\\x9F...' for column 'review' at row 1"); 5616)
[2022-08-15 11:58:41,074] {local_task_job.py:156} INFO - Task exited with return code 1
[2022-08-15 11:58:41,106] {local_task_job.py:273} INFO - 0 downstream tasks scheduled from follow-on schedule check
