[2022-08-13 10:19:15,868] {taskinstance.py:1179} INFO - Dependencies all met for <TaskInstance: craw.cr2 manual__2022-08-13T10:19:13.820446+00:00 [queued]>
[2022-08-13 10:19:15,880] {taskinstance.py:1179} INFO - Dependencies all met for <TaskInstance: craw.cr2 manual__2022-08-13T10:19:13.820446+00:00 [queued]>
[2022-08-13 10:19:15,881] {taskinstance.py:1376} INFO - 
--------------------------------------------------------------------------------
[2022-08-13 10:19:15,881] {taskinstance.py:1377} INFO - Starting attempt 1 of 2
[2022-08-13 10:19:15,882] {taskinstance.py:1378} INFO - 
--------------------------------------------------------------------------------
[2022-08-13 10:19:15,900] {taskinstance.py:1397} INFO - Executing <Task(PythonOperator): cr2> on 2022-08-13 10:19:13.820446+00:00
[2022-08-13 10:19:15,906] {standard_task_runner.py:52} INFO - Started process 2234 to run task
[2022-08-13 10:19:15,911] {standard_task_runner.py:79} INFO - Running: ['***', 'tasks', 'run', 'craw', 'cr2', 'manual__2022-08-13T10:19:13.820446+00:00', '--job-id', '71', '--raw', '--subdir', 'DAGS_FOLDER/newtest.py', '--cfg-path', '/tmp/tmpln00ugtd', '--error-file', '/tmp/tmpds98s9lu']
[2022-08-13 10:19:15,915] {standard_task_runner.py:80} INFO - Job 71: Subtask cr2
[2022-08-13 10:19:16,037] {task_command.py:371} INFO - Running <TaskInstance: craw.cr2 manual__2022-08-13T10:19:13.820446+00:00 [running]> on host cdb6935da655
[2022-08-13 10:19:16,172] {taskinstance.py:1591} INFO - Exporting the following env vars:
AIRFLOW_CTX_DAG_OWNER=***
AIRFLOW_CTX_DAG_ID=craw
AIRFLOW_CTX_TASK_ID=cr2
AIRFLOW_CTX_EXECUTION_DATE=2022-08-13T10:19:13.820446+00:00
AIRFLOW_CTX_TRY_NUMBER=1
AIRFLOW_CTX_DAG_RUN_ID=manual__2022-08-13T10:19:13.820446+00:00
[2022-08-13 10:19:16,189] {base.py:68} INFO - Using connection ID 'mysql' for task execution.
[2022-08-13 10:19:16,192] {logger.py:11} INFO - ====== WebDriver manager ======
[2022-08-13 10:19:16,322] {logger.py:11} INFO - Get LATEST chromedriver version for google-chrome 104.0.5112
[2022-08-13 10:19:16,919] {logger.py:11} INFO - Driver [/home/***/.wdm/drivers/chromedriver/linux64/104.0.5112/chromedriver] found in cache
[2022-08-13 10:20:05,584] {logging_mixin.py:115} INFO - https://shopping-phinf.pstatic.net/main_2685653/26856531523.20210422141628.jpg?type=f140 웨이코스 씽크웨이 토체티BW 블루투스 유무선 텐키리스 체리키보드 170,000원 터치감 좋고 블루투스 연결속도 좋고 조용해서 좋습니다.효율성 10배 상승. 키감 만족 디자인 만족 특이사항 없음.진짜 타건감이 장난아닙니다 ㅋㅋㅋ 원래 무접점 선호했었는데 무접점보다 타건감이 더 좋아요 소리도 정말 조용합니다!!!키감도 좋고 조용합니다 적극추천합니다배송 엄청빠릅니다16시간 정도걸린듯ㅎㅎㅎ
[2022-08-13 10:20:05,585] {taskinstance.py:1909} ERROR - Task failed with exception
Traceback (most recent call last):
  File "/home/airflow/.local/lib/python3.7/site-packages/airflow/operators/python.py", line 171, in execute
    return_value = self.execute_callable()
  File "/home/airflow/.local/lib/python3.7/site-packages/airflow/operators/python.py", line 189, in execute_callable
    return self.python_callable(*self.op_args, **self.op_kwargs)
  File "/opt/airflow/dags/newtest.py", line 97, in crawling
    cursor.execute(insert_mysql)
  File "/home/airflow/.local/lib/python3.7/site-packages/pymysql/cursors.py", line 148, in execute
    result = self._query(query)
  File "/home/airflow/.local/lib/python3.7/site-packages/pymysql/cursors.py", line 310, in _query
    conn.query(q)
  File "/home/airflow/.local/lib/python3.7/site-packages/pymysql/connections.py", line 548, in query
    self._affected_rows = self._read_query_result(unbuffered=unbuffered)
  File "/home/airflow/.local/lib/python3.7/site-packages/pymysql/connections.py", line 775, in _read_query_result
    result.read()
  File "/home/airflow/.local/lib/python3.7/site-packages/pymysql/connections.py", line 1156, in read
    first_packet = self.connection._read_packet()
  File "/home/airflow/.local/lib/python3.7/site-packages/pymysql/connections.py", line 725, in _read_packet
    packet.raise_for_error()
  File "/home/airflow/.local/lib/python3.7/site-packages/pymysql/protocol.py", line 221, in raise_for_error
    err.raise_mysql_exception(self._data)
  File "/home/airflow/.local/lib/python3.7/site-packages/pymysql/err.py", line 143, in raise_mysql_exception
    raise errorclass(errno, errval)
pymysql.err.ProgrammingError: (1064, "You have an error in your SQL syntax; check the manual that corresponds to your MySQL server version for the right syntax to use near ')' at line 1")
[2022-08-13 10:20:05,599] {taskinstance.py:1420} INFO - Marking task as UP_FOR_RETRY. dag_id=craw, task_id=cr2, execution_date=20220813T101913, start_date=20220813T101915, end_date=20220813T102005
[2022-08-13 10:20:05,613] {standard_task_runner.py:97} ERROR - Failed to execute job 71 for task cr2 ((1064, "You have an error in your SQL syntax; check the manual that corresponds to your MySQL server version for the right syntax to use near ')' at line 1"); 2234)
[2022-08-13 10:20:05,656] {local_task_job.py:156} INFO - Task exited with return code 1
[2022-08-13 10:20:05,685] {local_task_job.py:273} INFO - 0 downstream tasks scheduled from follow-on schedule check
