[2022-07-22 05:41:06,988] {taskinstance.py:1179} INFO - Dependencies all met for <TaskInstance: workflow.create_table scheduled__2021-05-22T00:00:00+00:00 [queued]>
[2022-07-22 05:41:07,061] {taskinstance.py:1179} INFO - Dependencies all met for <TaskInstance: workflow.create_table scheduled__2021-05-22T00:00:00+00:00 [queued]>
[2022-07-22 05:41:07,066] {taskinstance.py:1376} INFO - 
--------------------------------------------------------------------------------
[2022-07-22 05:41:07,068] {taskinstance.py:1377} INFO - Starting attempt 1 of 1
[2022-07-22 05:41:07,069] {taskinstance.py:1378} INFO - 
--------------------------------------------------------------------------------
[2022-07-22 05:41:07,122] {taskinstance.py:1397} INFO - Executing <Task(MySqlOperator): create_table> on 2021-05-22 00:00:00+00:00
[2022-07-22 05:41:07,143] {standard_task_runner.py:52} INFO - Started process 1799 to run task
[2022-07-22 05:41:07,174] {standard_task_runner.py:79} INFO - Running: ['***', 'tasks', 'run', 'workflow', 'create_table', 'scheduled__2021-05-22T00:00:00+00:00', '--job-id', '82', '--raw', '--subdir', 'DAGS_FOLDER/test.py', '--cfg-path', '/tmp/tmp3jdnrkwl', '--error-file', '/tmp/tmp3lazubht']
[2022-07-22 05:41:07,179] {standard_task_runner.py:80} INFO - Job 82: Subtask create_table
[2022-07-22 05:41:07,335] {task_command.py:371} INFO - Running <TaskInstance: workflow.create_table scheduled__2021-05-22T00:00:00+00:00 [running]> on host cdbfdeb58988
[2022-07-22 05:41:07,449] {taskinstance.py:1591} INFO - Exporting the following env vars:
AIRFLOW_CTX_DAG_OWNER=***
AIRFLOW_CTX_DAG_ID=workflow
AIRFLOW_CTX_TASK_ID=create_table
AIRFLOW_CTX_EXECUTION_DATE=2021-05-22T00:00:00+00:00
AIRFLOW_CTX_TRY_NUMBER=1
AIRFLOW_CTX_DAG_RUN_ID=scheduled__2021-05-22T00:00:00+00:00
[2022-07-22 05:41:07,451] {mysql.py:82} INFO - Executing: CREATE DATABASE FUCK
[2022-07-22 05:41:07,460] {base.py:68} INFO - Using connection ID 'mysql_db' for task execution.
[2022-07-22 05:41:07,461] {taskinstance.py:1909} ERROR - Task failed with exception
Traceback (most recent call last):
  File "/home/airflow/.local/lib/python3.7/site-packages/airflow/providers/mysql/operators/mysql.py", line 84, in execute
    hook.run(self.sql, autocommit=self.autocommit, parameters=self.parameters)
  File "/home/airflow/.local/lib/python3.7/site-packages/airflow/hooks/dbapi.py", line 204, in run
    with closing(self.get_conn()) as conn:
  File "/home/airflow/.local/lib/python3.7/site-packages/airflow/providers/mysql/hooks/mysql.py", line 163, in get_conn
    import MySQLdb
ModuleNotFoundError: No module named 'MySQLdb'
[2022-07-22 05:41:07,467] {taskinstance.py:1420} INFO - Marking task as FAILED. dag_id=workflow, task_id=create_table, execution_date=20210522T000000, start_date=20220722T054107, end_date=20220722T054107
[2022-07-22 05:41:07,477] {standard_task_runner.py:97} ERROR - Failed to execute job 82 for task create_table (No module named 'MySQLdb'; 1799)
[2022-07-22 05:41:07,497] {local_task_job.py:156} INFO - Task exited with return code 1
[2022-07-22 05:41:07,530] {local_task_job.py:273} INFO - 0 downstream tasks scheduled from follow-on schedule check
