[2022-08-16 08:24:11,794] {taskinstance.py:1179} INFO - Dependencies all met for <TaskInstance: craw.cr6 manual__2022-08-16T08:24:09.230200+00:00 [queued]>
[2022-08-16 08:24:11,809] {taskinstance.py:1179} INFO - Dependencies all met for <TaskInstance: craw.cr6 manual__2022-08-16T08:24:09.230200+00:00 [queued]>
[2022-08-16 08:24:11,811] {taskinstance.py:1376} INFO - 
--------------------------------------------------------------------------------
[2022-08-16 08:24:11,812] {taskinstance.py:1377} INFO - Starting attempt 1 of 2
[2022-08-16 08:24:11,813] {taskinstance.py:1378} INFO - 
--------------------------------------------------------------------------------
[2022-08-16 08:24:11,837] {taskinstance.py:1397} INFO - Executing <Task(PythonOperator): cr6> on 2022-08-16 08:24:09.230200+00:00
[2022-08-16 08:24:11,844] {standard_task_runner.py:52} INFO - Started process 1236 to run task
[2022-08-16 08:24:11,849] {standard_task_runner.py:79} INFO - Running: ['***', 'tasks', 'run', 'craw', 'cr6', 'manual__2022-08-16T08:24:09.230200+00:00', '--job-id', '70', '--raw', '--subdir', 'DAGS_FOLDER/newtest.py', '--cfg-path', '/tmp/tmpd6wn5o0c', '--error-file', '/tmp/tmpf_iwe04k']
[2022-08-16 08:24:11,851] {standard_task_runner.py:80} INFO - Job 70: Subtask cr6
[2022-08-16 08:24:12,043] {task_command.py:371} INFO - Running <TaskInstance: craw.cr6 manual__2022-08-16T08:24:09.230200+00:00 [running]> on host 74c2759f33bd
[2022-08-16 08:24:12,214] {taskinstance.py:1591} INFO - Exporting the following env vars:
AIRFLOW_CTX_DAG_OWNER=***
AIRFLOW_CTX_DAG_ID=craw
AIRFLOW_CTX_TASK_ID=cr6
AIRFLOW_CTX_EXECUTION_DATE=2022-08-16T08:24:09.230200+00:00
AIRFLOW_CTX_TRY_NUMBER=1
AIRFLOW_CTX_DAG_RUN_ID=manual__2022-08-16T08:24:09.230200+00:00
[2022-08-16 08:24:12,242] {base.py:68} INFO - Using connection ID 'mysql' for task execution.
[2022-08-16 08:24:12,246] {logger.py:11} INFO - ====== WebDriver manager ======
[2022-08-16 08:24:12,692] {logger.py:11} INFO - Get LATEST chromedriver version for google-chrome 104.0.5112
[2022-08-16 08:24:13,487] {logger.py:11} INFO - Driver [/home/***/.wdm/drivers/chromedriver/linux64/104.0.5112/chromedriver] found in cache
[2022-08-16 08:24:57,339] {logging_mixin.py:115} INFO - https://shopping-phinf.pstatic.net/main_2196898/21968983050.20220603104329.jpg?type=f140 스틸시리즈 Apex 3 89,000원 
[2022-08-16 08:25:20,938] {logging_mixin.py:115} INFO - https://shopping-phinf.pstatic.net/main_2960575/29605751618.20220324110136.jpg?type=f140 로이체 RK-3700 32,900원 
[2022-08-16 08:25:44,522] {logging_mixin.py:115} INFO - https://shopping-phinf.pstatic.net/main_1182593/11825933324.20210720140537.jpg?type=f140 한성컴퓨터 Gtune MKF30S Rainbow 36,900원 
[2022-08-16 08:26:08,332] {logging_mixin.py:115} INFO - https://shopping-phinf.pstatic.net/main_2750214/27502145524.20210610145407.jpg?type=f140 한성컴퓨터 BK330 멀티페어링 블루투스 키보드 24,651원 
[2022-08-16 08:26:32,576] {logging_mixin.py:115} INFO - https://shopping-phinf.pstatic.net/main_2556649/25566498522.20210112102336.jpg?type=f140 archon K77 유/무선 기계식키보드 98,010원 
[2022-08-16 08:26:38,132] {logging_mixin.py:115} INFO - 1
[2022-08-16 08:27:01,702] {logging_mixin.py:115} INFO - https://shopping-phinf.pstatic.net/main_3054268/30542688619.20220114143957.jpg?type=f140 키크론 K4 V2 White LED 블루투스 기계식 키보드 101,150원 
[2022-08-16 08:27:25,572] {logging_mixin.py:115} INFO - https://shopping-phinf.pstatic.net/main_2079313/20793131297.20200331153801.jpg?type=f140 비프렌드 팬터그래프 KB800 31,890원 
[2022-08-16 08:27:49,109] {logging_mixin.py:115} INFO - https://shopping-phinf.pstatic.net/main_1724700/17247003034.20210224135330.jpg?type=f140 퓨전에프앤씨 아이노트 X-KEY 38BT 19,900원 
[2022-08-16 08:28:12,720] {logging_mixin.py:115} INFO - https://shopping-phinf.pstatic.net/main_3350944/33509446618.20220715103647.jpg?type=f140 COX CK87 SLIM LP PBT 게이밍 기계식 키보드 89,000원 
[2022-08-16 08:28:36,413] {logging_mixin.py:115} INFO - https://shopping-phinf.pstatic.net/main_1316708/13167088166.20211227162415.jpg?type=f140 삼성전자 삼성 SPA-JKA1BUB 14,355원 
[2022-08-16 08:28:41,661] {logging_mixin.py:115} INFO - 2
[2022-08-16 08:29:05,172] {logging_mixin.py:115} INFO - https://shopping-phinf.pstatic.net/main_2196898/21968983050.20220603104329.jpg?type=f140 스틸시리즈 Apex 3 89,000원 
[2022-08-16 08:29:28,837] {logging_mixin.py:115} INFO - https://shopping-phinf.pstatic.net/main_2960575/29605751618.20220324110136.jpg?type=f140 로이체 RK-3700 32,900원 
[2022-08-16 08:29:52,400] {logging_mixin.py:115} INFO - https://shopping-phinf.pstatic.net/main_1182593/11825933324.20210720140537.jpg?type=f140 한성컴퓨터 Gtune MKF30S Rainbow 36,900원 
[2022-08-16 08:30:15,980] {logging_mixin.py:115} INFO - https://shopping-phinf.pstatic.net/main_2750214/27502145524.20210610145407.jpg?type=f140 한성컴퓨터 BK330 멀티페어링 블루투스 키보드 24,651원 
[2022-08-16 08:30:39,652] {logging_mixin.py:115} INFO - https://shopping-phinf.pstatic.net/main_2556649/25566498522.20210112102336.jpg?type=f140 archon K77 유/무선 기계식키보드 98,010원 
[2022-08-16 08:30:44,980] {logging_mixin.py:115} INFO - 3
[2022-08-16 08:30:45,050] {python.py:173} INFO - Done. Returned value was: None
[2022-08-16 08:30:45,064] {taskinstance.py:1420} INFO - Marking task as SUCCESS. dag_id=craw, task_id=cr6, execution_date=20220816T082409, start_date=20220816T082411, end_date=20220816T083045
[2022-08-16 08:30:45,110] {local_task_job.py:156} INFO - Task exited with return code 0
[2022-08-16 08:30:45,135] {local_task_job.py:273} INFO - 0 downstream tasks scheduled from follow-on schedule check
