[2022-08-15 11:56:10,565] {taskinstance.py:1179} INFO - Dependencies all met for <TaskInstance: craw.cr1 manual__2022-08-15T11:56:08.347793+00:00 [queued]>
[2022-08-15 11:56:10,575] {taskinstance.py:1179} INFO - Dependencies all met for <TaskInstance: craw.cr1 manual__2022-08-15T11:56:08.347793+00:00 [queued]>
[2022-08-15 11:56:10,575] {taskinstance.py:1376} INFO - 
--------------------------------------------------------------------------------
[2022-08-15 11:56:10,576] {taskinstance.py:1377} INFO - Starting attempt 1 of 2
[2022-08-15 11:56:10,576] {taskinstance.py:1378} INFO - 
--------------------------------------------------------------------------------
[2022-08-15 11:56:10,599] {taskinstance.py:1397} INFO - Executing <Task(PythonOperator): cr1> on 2022-08-15 11:56:08.347793+00:00
[2022-08-15 11:56:10,603] {standard_task_runner.py:52} INFO - Started process 5613 to run task
[2022-08-15 11:56:10,607] {standard_task_runner.py:79} INFO - Running: ['***', 'tasks', 'run', 'craw', 'cr1', 'manual__2022-08-15T11:56:08.347793+00:00', '--job-id', '18', '--raw', '--subdir', 'DAGS_FOLDER/newtest.py', '--cfg-path', '/tmp/tmp7dn3fivr', '--error-file', '/tmp/tmpv8h265ju']
[2022-08-15 11:56:10,609] {standard_task_runner.py:80} INFO - Job 18: Subtask cr1
[2022-08-15 11:56:10,690] {task_command.py:371} INFO - Running <TaskInstance: craw.cr1 manual__2022-08-15T11:56:08.347793+00:00 [running]> on host 340b8712908c
[2022-08-15 11:56:11,094] {taskinstance.py:1591} INFO - Exporting the following env vars:
AIRFLOW_CTX_DAG_OWNER=***
AIRFLOW_CTX_DAG_ID=craw
AIRFLOW_CTX_TASK_ID=cr1
AIRFLOW_CTX_EXECUTION_DATE=2022-08-15T11:56:08.347793+00:00
AIRFLOW_CTX_TRY_NUMBER=1
AIRFLOW_CTX_DAG_RUN_ID=manual__2022-08-15T11:56:08.347793+00:00
[2022-08-15 11:56:11,109] {base.py:68} INFO - Using connection ID 'mysql' for task execution.
[2022-08-15 11:56:11,112] {logger.py:11} INFO - ====== WebDriver manager ======
[2022-08-15 11:56:11,257] {logger.py:11} INFO - Get LATEST chromedriver version for google-chrome 104.0.5112
[2022-08-15 11:56:11,559] {logger.py:11} INFO - Driver [/home/***/.wdm/drivers/chromedriver/linux64/104.0.5112/chromedriver] found in cache
[2022-08-15 11:58:41,403] {logging_mixin.py:115} INFO - https://shopping-phinf.pstatic.net/main_2091432/20914327278.20210303111810.jpg?type=f140 웨이코스 씽크웨이 토체티 텐키리스 D&T 콜라보 체리 키보드 134,000원 배송은 다행이 빠르게 왔으며 제품에 이상없이 잘 사용하고있습니다.
은축이여서 타이핑하기 빠르지만 그만큼 타건하면서 오타가 조금더 발생하긴하네요 ㅎ커세어 K70 저적 쓰다가 갈축하나 알아보고 있는 차에 K320 출시 소식듣고 키캡도 사은품으로 준다고 해서 구매했습니다. 키캡도 이쁘고 제가 생각한 그대로의 타건감 이네요.실물을 보니 이쁘내요~ 그리고 백스페이스랑 스테빌 몇몇 부위가 좀 많이 찰칵 거리기는 하지만 맘에 들어요.
그리고 추가로 차량용거치대를 주셨는데 이거는 사은품인지 뭔지 모르겠내요.텐키리스를 첨 써봐서 아직도 숫자키는 한번씩 허공을 두드릴때가 있지만 느낌이 젛ㅇㅏ용 텅텅, 하는 소리는 신경쓰일정도는 아니네옹텐키리스도 처음 써봤고, 저가형 키보드만 쓰다 기계식 키보드도 첨써봤습니다. 신세계네요. 깔끔한 디자인과 고급진 손맛이 타건만해도 너무 재밌습니다. 숫자키를 많이 쓴다는 사실을 깨닫는 계기도 됐네여.통울림이 아예없지는 않고 다른거에 비해 적은편이네요. 키감도 좋고 나쁘지 않아요. 다크그레이 사진보다는 조금 옅은 감인데 예쁘네요. 잘쓰겠습니다.저소음흑축 처음써보는데 키압 예상했던대로 묵직하고 조용해서 좋네요
사람들이 저흑이 스프링소음이 좀 있다했는데 크게 거슬리는 정도는 아니라서 만족합니다
잘 쓰겠습니다 !서걱서걱 거리는 느낌이 좋아요~~ 청축쓰다가 써서 그런가 구분감이 없는 느낌도 조금 있어요(살짝만 눌러도 입력이 되는 듯한 느낌) 디자인도 예쁘고 만족스럽네요 :D 저소음이라 기숙사에서도 쓰기 좋아요~~일단 소리절대없습니다. 흑축을 처음쓰시는분들은 높은 키압감에 게임할때 손가락과 팔꿈치가 아플수도 있지만 적응되고 몇일 사용해보신다면 키감에 못빠져나옵니다. 소리도 키감도 최고예뻐요 올 베이지가 예쁜거 같아 주문했는데 막상 핑크핵 포인트 들어간게 더 이쁘네요 ㅎㅎ 저소음이긴 하지만 막 누르면서 타자치면 소리는 나네요 ^^;기계식 처음써보는데 생김새도 너무 예쁘고, 소리도 너무 시끄럽지도 않으면서 타자소리가 듣기좋아요~! 약간의 적응기간은 필요할것같습니다. 텐키리스가 생각보다 불편하긴 한것같아요.완전 좋아요 짱짱. 키감이 부드럽네요. 가끔 다른 키가 같이 눌릴때가 있는데요 뭐.. 첫 입문용 키보드치고 좋은 것 같습니다 ㅎ제품이 에어캡없이 왔지만 작동 잘합니다. 로지텍만 쓰다가 처음 써보는데 좋네요~! 더 사용해보고 괜찮으면 업무용으로 하나 더 장만할 예정입니다~사진보다 실물이 좀 칙칙한 색감이네요. 그래도 나름 괜찮아요. 사은품도 빵빵하고 몇시간 사용해봤는데 딱히 문제점은 없었습니다. 잘 사용할게요.너무 만족합니다 저소음 적축으로 그레이 샀는데 키보드가 쫀득쫀득하고 키압이 조금 무겁긴 하지만 지금은 적응되어서 딱 알맞은 키압인 것 같습니다. 무엇보다 디자인이 너무 이쁘네요 볼떄마다 흐뭇합니다 ^^최근 기계식 키보드에 빠져서 이것 저것들을 구매해 보았는데 그 중 단연 최고의 키보드인 것 같습니다. 완성도는 33만원짜리 리얼포스보다 오히려 더 나을 정도네요.. 강추합니다!게임을 하니..키보드가 남아나질 않네요. 틋수 버튼만 지꾸 망가지는게 속상해요. 이번에는 오래 사용할 수 있길 기대해봅니다포장이 별로라는 평이 많아서 걱정했는데 뽁뽁이 둘린 채로 안전하게 잘 왔습니다.
키보드가 예뻐서 너무 만족스럽습니다.
야간에 사용할 일이 많아서 저소음적축으로 골랐는데 안 시끄러워서 좋아요.키캡 크기가 생각보다 작아서 오타가 나긴 하지만 매우 조용한점이 마음에 들어요.
오래 고장없이 사용할 수 있으면 좋겠네요.만족합니다. 기존에 무접접 썼는데 오타가 너무 많이나서 이걸로 바꿨더니 오타 안나고 좋네요. 키압도 적당한것 같습니다. 다만 사진보다 실제 색감이 더 어두워요.블루 적축 샀는데 타건감 적절하고
소리도 크지 않아서 업무에 사용하기에 좋아요소음 굉장히 적고, 색도 예뻐요
엔터랑 esc키 파란색 키캡 따로 챙겨준 것도 좋네요키보드 자체 키감리나 구성품은 가격대비 좋습니다 c to c 케이블에서 감동했네요저소음적축 사용자인데 키압이 생각보다

조금 세지만 그나머지는 다 맘에 들어요좋긴하지만 통울림이랑 스페이스바 스테빌소리가 꽤 거슬린것 빼고는 좋습니다집에 키보드가 많아서 살까 말까 엄청 고민하다 구매했는데 사길 잘한것 같네요요즘 코로나때문에 집에만 있는데 게임을 많이해도 엄마한테 소리가 시끄럽다는 잔소리 안 들어서 굿입니다적축에 이어 갈축으로 두번째인데 키감 마감 전부 만족입니다. 키배열 돌기가 약간만 더 인지가 잘됐으면 하는거 빼면 만족합니다소리 작고 좋네요. 색깔이 조금만 더 밝았으면 좋았겠지만, 지금도 만족합니다.키보드 너무 이쁘네요.
텐키리스는 익숙해져야겠지만.. 키감도 매우 만족합니다키감도좋고 색감이.기대했던 것보다 더 마음에 듭니다. 무소음도 너무 좋네요~~일단 디자인이 너무 예쁘고 소음이 확실히 적어서 사무실에서 쓰기 적합합니다생각한것보다 키감이 부드럽고 괜히 비싼 값을 하는게 아니다란걸 알았네요 ^^회사에서 사용하려고 구입했는데 저소음적축 정말 소리도 안크고 만족합니다!완전 조용하고 예뻐요 ㅠㅠ 키보드 소리때문에 스트레스 받으시는 분들 강추..하자없이 잘 쓰고 있습니다. 첨엔 적응하기 살짝 힘들 었는데 지금은 괜찮아요진짜 소리 너무 좋아요...ㅠㅠ지려저리뮤ㅠ사고싶엇는데 드디어 가져버렷네요역시 토체티네요 저소음이라 진짜 소리도 잘 안나고 사용하기 좋은거 같아요!!반속이 제가 생각한 이상으로 빠르고 디자인이나 무게도 너무 마음에 듭니다!!저소음적축으로구매했는데 키감이 너무 부드러우면서 좋아서 완전 만족합니다. 색감도 너무 맘에들구요~엠그톤 그루브랑 고민하다가 색감이 좋아서 선택했습니다.
저적 키감도 서걱서걱해서 좋네요다크그레이가 제일이쁜것같아요. 다른색상보다 강렬해서좋아요. 타자감도 너무 좋습니다.색감 디자인 모두가 마음에 드네요 무엇보다 타자소리가 조용해좋네요. 일하다보면 타자소리가 거슬렸는데 가볍게 눌리는게 소리가 많이 나지 않아서 좋더라구요
저소음적축이 좋긴좋네요ㅎㅎ조용하고 타이핑하는 느낌도 좋고 예쁩니다~ 배송도 빨라요일단 배송너무빨라서좋구 하자없는 상품이라 마음에듭니다은축은 처음이라 적응이 필요하겠지만 굉장히 만족합니다!!배송은 다서 오래 걸렸어요.. 근데 아들이 너무 좋아하네요소리가 아주 조용하고 좋습니다 색은 생각보다 더 어두워요동봉되어 있떤 키보드캡으로 색 변경했더니 깔끔해졋어요~!기성품 갈축 토체티로 처음 사 봤습니다 듀가드의 명성 답게 잘 만든 키보드네요 파스텔톤을 선택 했는데 키보드 하나로 분위기가 화사해졌습니다빠른배송과 튼튼한 포장으로 파손염려가 없어 만족합니다.키보드 예쁘고 소리도 거의 없습니다
색감이 완전 이뿌네요잘 쓰고 있어요
소음도 적고 타자감도 좋아요
가격값합니다~선물했는데 잘쓰고있다고하네요. 이쁘고 타건감이 좋대여!진짜 저세상 키감 가격도 할인해서좋고 너무만족스럽네요기계식 키보드는 처음 써봤는데 소리도 좋고 만족스러워요예상했던대로 색너무이쁘고 타격감만족합니다 많이파세요유튭에서 타건영상 찾아봤는데 그것보다 조용하고 좋네요~사무실에서 쓰기에는 살짝 시끄럽습니다. 키감 대박이에요풀배열 쓰다가 탠키리스로 바꿨는데 너무 만족스럽습니다.
[2022-08-15 11:59:11,231] {logging_mixin.py:115} INFO - https://shopping-phinf.pstatic.net/main_2685653/26856531523.20210422141628.jpg?type=f140 웨이코스 씽크웨이 토체티BW 블루투스 유무선 텐키리스 체리키보드 170,000원 터치감 좋고 블루투스 연결속도 좋고 조용해서 좋습니다.효율성 10배 상승. 키감 만족 디자인 만족 특이사항 없음.진짜 타건감이 장난아닙니다 ㅋㅋㅋ 원래 무접점 선호했었는데 무접점보다 타건감이 더 좋아요 소리도 정말 조용합니다!!!키감도 좋고 조용합니다 적극추천합니다배송 엄청빠릅니다16시간 정도걸린듯ㅎㅎㅎ
[2022-08-15 12:01:20,986] {logging_mixin.py:115} INFO - https://searchad-phinf.pstatic.net/MjAyMTEyMjFfMjgx/MDAxNjQwMDU2Njc2NjUy.Ob1_cxGTyqNiAIztA-Go5XzACCOEMTzg8KsXQBHAy9Ug.WLbtKsrkcXNkN2TdF96V2tP5GJs-W36zVQAB5pYADkEg.PNG/1871830-d9c5ef97-322f-4073-874e-584610ec51b1.png?type=f200 티앤에스인터내셔널 VALKAN 게이밍 키보드 64,400원 처음으로 산 키보드인데요 소리도 시끄럽지않고 좋습니다!키감 좋고 Led도 은은하니 이쁘고 빠른배송까지 최고입니다적축보단 시끄럽구 갈축보다도 조금 더 소리가 나요. 키감이 문서작업할때 쓰기에도 좋네요.배송도 빠르고 안전하게 잘 왔습니다. 반응속도 좋구요. 키감도 이.가격에 훌륭합니다. 백라이트도 화려해사 원하던 디자인이라 아주 만족스럽네요 ㅎㅎ 많이파세요~~전에 쓰던 키보드가 고장나서 사봤는데 이건 대박 좋네요배송도 빨리오고 전에쓰던 키보드보다 좋은것 같습니다..아들이.주문해달라해서.시켰어요~
마음에든다고.좋다네요조카가 지정해서 사달라고해서 샀어요
저는 부드러운 펜타그래프방식을 좋아해서
좋은지 모르겠는데
게임하는 조카는 엄청 좋아하네요 ㅋ다 좋아요 근데 소리 안큰 적축 찾다가 이번에
여기서 새로 만든 축이라해서 샀는데
청축처럼 소리가 크네요 ㅜㅜ 그거 말고는 다 좋아요키보드 타격감이나 외관상 하나도 맘에 안드는게 없네요아이가 좋다고 골라둿던거라 사줫는데
맘에 들어하네요배송도 빨리 왔고 좋네요. 아직 사용전이지만 잘 쓸게요.개조음
근데 10만원짜리 광축 키보드 보다는 안좋음 ㅋㅋ디자인이 정말 예쁘고 키감도 좋습니다! 배송도 빨라요묵직하고 넘 예쁘다고 아들이 좋아하네요
터치감도 굿!기계식이라 키 누르는 감도 좋고 반응도 빠르고 좋아요키감도 좋고 묵직하니 맘에 듭니다.
키보드 뚜껑이 있어 먼지들어가는 걸 방지 해줘 좋습니다깔끔하고 무난해요.. 다만 고장없이 오래갔으면 하는..아들이 넘 좋아하네요~~사은품두 좋데요~~
번창하세요~~소리크다는 건 잘 모르겠고 이쁘고 편합니당!! 좋아요!동생 선물로 줬는데 만족스러워한다만듬새 괜찮네요 오래쓸듯 싶어요ㅎ키보드 넘 맘에듬요 감사합니다아아엄청 이쁘고 터치감,사운드 완전 좋아요ㅋㅋㅋ키보드 패드도 잘쓰겠습니다!울 아들이 무척 맘에 들어 합니다~^^배송이 일단 빠르고요 너무좋아요!!타격감 도만족스럽구요 아주좋아요좋아해요 아들이 .배송도 빠르고 굿진짜 빠르게 배송되었어요~ 좋아요!아들이 갖고싶어하던 키보드에요. 언제 도착할지 기다렸는데 많이 좋아하네요. 그전 키보드보다 좋아보이긴 해요^^자판소리 소음이 너무 심해요 ㅠㅠ이쁘고타격감좋고 소리도적당해요키보드 눌림도 좋고 소리도 좋아요아들선물로 사줬어요
너무좋아해요타건감 부드럽고 아주 만족합니다!디자인, 키감 완전 대만족합니다!!!아들 완전 만족하며 잘 쓰고있어요게임용 키보드로 적극 추천합니다.진짜 부드럽고 반응속도가 좋아요.소리가 좀 요란하네요 대체로 만족아들이 넝너무 좋아해요키감도 좋고 색도 이뻐요선구매확정! 기다가된다상품과배송 만족합니다~!너무좋습니다.잘쓸께요~사용하기 편하고 이뻐요잘쓰고 있어요.
만족해요선물하려고 구매했어요~아이가 엄청 만족하네요아주 좋습니다 잘쓸게요깔끔하고 키감 좋습니다사용감도 좋고 편합니다잘쓸게요 너무 좋네요^_^엄청 빨리옵니다 좋아요이쁘고 타자감도 좋네요키감이 부드럽고 좋아요키감 좋고 편합니다ㅎㅎ타격감좋고 고장없음 굿가성비 하나는 끝내줘요사용하기 너무 편해용^^
[2022-08-15 12:03:30,457] {logging_mixin.py:115} INFO - https://shopping-phinf.pstatic.net/main_1476185/14761858336.20220714135728.jpg?type=f140 COX CK420 교체축 레인보우 LED 게이밍 기계식 키보드 35,400원 생일선물로 아이들 컴퓨터 바꿔주면서
키보드도 구입했어요~
사기전부터 갈축 청축.. 이런얘길하길래
무슨말인지 하나도 모르겠더라구요;;
같이 보면서 검색해서 구입했는데
ㅋㅋ
불빛도 예쁘고 ~아들이 생일선물로 원했던 게임용 키보드생각보다 훨씬더 좋네요 색상도 너무 예쁘고 적당하게 무게감이 있어서 게임시 움직일 염려도 없고요터치시마다 소리가경쾌해 게임 할 맛이 난답니다저렴하게 구매 잘 했습니다배송도 굿!월래는 청축을 사용하였는데 리듬게임을 할때 손이 아파서 적축을 구매하였습니다. 청축과 비교했을때 소음이 훨씬 덜하고 손에도 무리가 가지 않아서 저같은 손가락 관절이 아프신분들은 적축 사용을 추천드립니다. 키보드 브랜드는 사람마다 스타일이 다르니 피시방에서 사용 후 구매를 추천드립니다.배송도 빨리 오고 포장도 깔금하게되서 왔네요. 청축은 소리가 좀 크다고 해서 갈축으로 구매했더니 타자 칠때 사각사각 소리나는게 마음에드네요. LED 들어올때 색이 되게 예쁘네요. 단점은 아직 첫날이라 잘 모르겠지만 좀 더 써봐야겠네요.깔끔하고 색도 아주 이쁩니다.
그런데 좀 거슬리는 건 키를 누를때마다
챙챙챙 하는 스프링? 소리가 계속 들립니다.
기계식 키보드의 그 타다닥 소리와 함께
챙챙챙 소리가 같이 들리는데 이 스프링 소리가 되게 거슬려요
원래 이 제품 자체가 모두 이런건지 아니면 제가 불량품을 받은건지 잘 모르겠습니다.
그리고 저는 청소도구 같이 안왔습니다.블랙을 샀는데 화이트가 왔어요.
선물로 바로 안 뜯고 준거라 몰랐는데 나중에 동생집 놀러갔다가 놀랐습니다.
뭔 첨보는 하얀 키보드가 있길래 제 선물 버린줄 알았어요;;알았으면 바로 교환했을텐데..
선물로 준건데 너무 속상하더라고요.
갖고싶은색 사주고 싶었는데..일단 예쁩니다. 소리도 좋구요. 하지만 리뷰하신 분들 말처럼 통울림은 조금 있습니다! 조용한 곳에서 타자만 치면 통울림이 약간 크게 들릴 수 있어요! 음악듣고 그러면 그다지 신경쓰이는 정도는 아니네요. 좋은제품 감사합니다~!조용하진않아요 그래도 살살치면 적당히 듣기 좋은 소리가 나요!
전 사무실에서 쓰는데 조용한 사무실은 조금 힘들것같아요
저희 사무실엔 청축을 쾅쾅 내리치는 또라이도 있어서 괜찮네요
오전10시에 주문했는데 11시쯤 배송알림오더니 다음날 3시에 도착했어요!답변이 빠르지만 문제점 확인을 위한 배송이 너무 오래걸렸고, 재문의를 하지않았으면 까먹었듯한 속도였습니다. 산지 2주도 되지않은시점에 'D'키가 반응이없어 수리를 보냈다가 오랜 시간뒤 결함으로 보고 새로 교환 받았지만 이후 지금 쓰는 키보드 역시 'D'키가 문제로 보입니다. 이정도면 공정과정에 문제인지 모른다고 생각됩니다.일단 배송은 당연히 빠르고 (하루만에 오고요)디자인도 고급스럽고 전혀 3만원대 같지 않습니다. 갈축을 구매했는데 키가 정말 잘 눌리고 소음이 적습니다. 스타 빨무 할려고 구매했는데 생각대로 키가 잘 눌려져서 너무나 맘에 듭니다. 기계식 키보드는 COX ! 스타는 알파고 김성현 입니다!시프트랑 스페이스가 다른키들과 각각 키감이 조금다르네요 어떤방식으로 하시는지모르겠는데 백스페이스 와 엔터키 +키 시프트키는 둘중에 방향키쪽은 좋은데 왼쪽방향은 약간 무겁게눌리고 소리가 다르더군여 그부분제외하고 현재는 만족하고있습니다이거 대박입니다 갈축키보드는 처음 써보지만 주변사람들도 기계식 입문용 이라 해서 사봤습니다. 생각보다 소리도 작고 키앞도 적당하고 너무좋습니다.지금 이리뷰를 키보드로 쓰고 있는데 칠때마다 스트레스가 풀리고 너무 좋습니다!!! 그리고 택배올때 박스에 씰도 붙여있고 키보드를 보호 해주는 폼도 있고 너무 잘쓸것 같아요!!! 다만 배송은 좀 빨라졌으면 좋겠네요^^아이들이 너~~무 좋아합니다
지금 고장도 없이 잘~쓰고있어요
번쩍번쩍 불이들어오는거보니까 저도 신기하고 새롭더라구요
사달라고 계속 조르는걸 나중에 사준다고 미뤘는데 진작 사줄껄 그랬어요.
터치감도 저는 좋더라구요.
아들딸도 역시 게임할때 재밌다고 합니다.키보드가 많이 낡아서 한개 바꿔보고 싶어서 찾던도중에 가성비 키보드를 찾은거 같아요!! 처음 기계식 사용하는거라 모르는부분이 많지만 키보드 누를때의 소리와 lcd의 화려함이 저에게 맞는 키보드라는것을 알겠네요! 완전강추 오래쓸수있었으면 좋겠네요!일단 포장 꼼꼼했고 키보드랑 헤드폰 너무 취저에요ㅠㅠ\n블랙 컬러 다른브랜드꺼 쓰고있는데 컴터하나더산김에 화이트컬러쓰고싶었는데 남편추천으로 구매했어요! 사는김에 일단 타격감좋고 소리많이안나길바랬는데 소리정도도 너무좋네요!! 많이파세요오:)키보드가 하나 더 필요해 고민하다 선택한 cox 420 갈축 키보드 한마디로 최고네요가격 상능 어느하나 안 빠집니다. 청축이 좀 시끄러울듯하여 갈축으로 선택한게 정말 잘한듯 합니다. 가성비 가심비 만족 합니다. 장패드 프로모션 인줄 알고 주문했는데 기간 끝난 건가요? ㅎ타자감은 아주 마음에 듭니다. 게임할 때나 워드 작성할때도 튕기는 느낌이 아주 좋아요. 근대 제품설명 사진과는 다르게 무지개 색 발광은 조금 약한거 같아요.불끄고 해봐도 조금 색감은 약하네요. 기능적으로는 아주 좋습니다 가성비도 좋구요가성비 좋은 제품 같습니다~ 포토 리뷰 글을 제대로 읽었어야 했는데 ... 1인1매라 되어있던데 제품은 2개 시켰는데 패드는 1개만 받을 수 있는거 맞죠? ,ㅜ_ㅜ ; 다시 본론으로.. 제품은 LED 불빛도 은은하니 이쁘고 타격감도 좋은거 같네요~기계식키보드 첨써보는데 가격도 저렴하고 넘 좋아요 피씨방 온것같음
누를때 스프링 소리가 꽤 자주나긴 하는데 집에서 쓰는거고 기계식 키보드니까 뭐..이정도 소음은 감수할수 있을것 같아요
이런 소리에 민감하신 분들은 불편하다고 느끼실수도 있을것 같네요 ㅜ갈축을 주문했어요~키보드에 대해사 1도 모르는 사람인데 남자친구가 게임을 좋아해서 집에서 사용하라고 리뷰 참고해서 가정용으로 갈축이 좋을듯하여 구입했는데 받아보니 무게감도 있고 소리도 크지않고 적당히 너무좋구요 !그냥 집에서쓰기에 딱입니다! 그리구 불들어오니까 더이뻐요 ㅎㅎpc방부럽지 않네용 ㅎㅎ화이트살까 하다가 때탈거 생각해서 블랙했는데 화이트도 예쁘겠어요~~!재구매 의사있습니다 ㅋㅋ이벤트 응모해서 패드??도 받을래용 ㅋㅋ화이트에 은은하면서 보기 좋게 불이 들어와서 남편이랑 저랑 둘다 만족합니다^^ 그리고 키감 소리가 정말 좋네요 ㅋㅋ 타자치는데도 게임하는 느낌~ 이 맛이죠!배송도 빠르고
물건도 사진으로 보던것 처럼 이쁨

단지 키보드가 생각보다 많이 묵직함
무거움;;
철판이 느껴짐
튼튼하겠지만 노트북 용으로 쓰는거라
무거운게 조금 아쉬움

그 외에는 다 만족!배송이 일단 엄청빨라서 좋앗고, 상품도 ？틀暉構？ 이뻐요. 적축상품구매했는데 익숙하지않아서 그런지 뭔가 누르는 느낌이 이상하긴한데 익숙해지면 괜찮아지겠죠 가격대비 만족합니다.만족도가 매우 벼로입니다 배송은 빨랐지만..
이게 제가 자주 사용하는 키보드가 w s a d f t r 등이 있는데
f키가 자주 잘 안눌리는 현상이 발생하고 있네요.
다시 사기에는 조금 고민되는 제품이네요일단 화이트 색이 정말 정말 예쁩니다.
그리고 청축에 비해 타자 칠 때 소음이 매우 적은 대신 키감은 다소 떨어지는게 장점이자 단점인 것 같습니다.
청축의 타닥타닥 소리가 많이 거슬리시는 분들은 적축이 좋을 것 같네요.우선 빠른배송에 만족했구요~
기계식이라 그런지 묵직하니 좋네요~
청축 한손 키보드 사용중인데 그 제품에 비해 갈축이라 확실히 더 조용하고 좀 더 가벼운 키감인것같습니다.
딱 제가 원하던 제품이네요~CK420 블랙 갈축 구매했어요. 키감 좋고 LED도 만족합니다. 게임할때는 켜고 하는데 일반 키보드와는 기분이 다르네요. 만능키스킨 덮어놓으면 먼지도 덜할듯요^^제품 깔끔하게 잘왔고, 집에서는 기계식 키보드 처음써보는데 덕분에 기분 좋네요. 싼 가격에 피시방 기분 느낄 수 있어서 참 좋아요 ㅎㅎ
무게는 생각보다 조금 무거운 편이에요!화이트 색상에 깔끔하고도 화려한 led가 일단 눈에 띄고청축만 쓰다 소음방지를 위해 적축을 구매했는데타건감도 좋고 소음도 적어 딱 제격이네요.저렴한 가격에 우수한 상품 잘 구입했네요~아들이 먼저 사용하던 케이밍키보드가 2년도 안돼서 고장났다고 해서 검색하다가 믿어지지 않는 가격의 사용자 만족도 높은 제품으로 픽했습니다.
어제 설치를 하고 테스트해 보니 타격감과 소리가 만족스럽습니다.배송은 아주 빨랐습니다. 처음 구매하는 기계식이라 걱정했는데 키감이 적당해서 좋았어요. 다만 축에 따라 다른 지는 모르겠으나, 키를 누르고 나면 스프링 튀어 오르는 소리 같은 '팅팅'하는 울림 소리가 납니다.기계식 키보드를 여러회사 제품 이용해봤는데
적축은 콕스가 진짜 좋네요.
부들부들하고 소음은 적지만 타건맛은 좋아요.
가성비 좋고 이쁘고 이거 사세요 여러분 사무실에서도 최고입니다.선물용 으로 샀는데 저렴한 거는 안좋다 라는 제 고정관념을 깨는 제품 이었습니다 색상 부터 자판 소리까지 다 마음에 들어해서 키보드 사용 하는걸 영상으로 찍어서 까지 보여주더라구요 잘 받았습니다 또 살께요~아직 컴퓨터 모니터랑 본체가 안와서 연결해서 써보지는 않았어용 흰색으로 사고싶었는데 제가 컬러를 안보고 주문했네용ㅜㅜ그래도 잘 사용하겠습니다!!적축이여도 역시 소리는 좀 크게 나는 편인 것 같아요
시킨 것과 다른 상품으로 와서 교환하고 번거로웠어서 별 뺐어요
써봐야 알겠지만 현재까진 좋습니다~일단 키보드 자체에 무게감이 있어서 격한 버튼질에도 굳건히 자기 자리를 지키며 키LED는 키보드 자신의 기분에 나타내듯 현란히 반짝입니다 열심히 키보드를 누르며 게임하다보면 내방이 PC방인듯한 기분도 들고 좋네요~아예 무소음은 아니고 같은회사청축의 1/5정도?
타격감있어요
청축샀다가 시끄럽고 겜할때 손에 무리가와서ㅜ 다시샀는데 얘는 덜나서 괜찮아요 일단 불빛이 다양해서 좋음넘버패드가 있으면서
최소한의 공간을 차지하고
불끄고 컴퓨터 앞에 앉아도
백라이트로 인해 자판이 보이는
기계식 키보드
원하는 물건을 찾아서 만족합니다키보드 선물하려고 구매했는데 블랙 색상 깔끔하고 키감도 좋다고 하네요 오래 사용할 수 있을 것 같아서 가격 대비 가성비 만족합니다~ 배송도 빨랐어요!가격이 저렴한 편이라 큰 기대 안했었는데 생각보다 디자인도 괜찮고
타건감이 꽤 준수한 편이네요. 사이즈도 크지 않아 가볍게 쓰기에는
아주 만족합니다. 다른 축들도 한번 써보고 싶네요노트북이 흰색이라 흰색 구매 했는데,깔끔하고 , LED 무지개색으로 ,어두운 곳에서도 잘 보이네요.터치감도 가볍고 좋아요 ! 나중에 망가지면 이곳에서 다시 구입할거 같아요!감사 합니다 !키보드 여러개 고민하다 샀는데 만족감이 너무 좋습니다. 손목도 편하고 무게감이 있어 밀리지도 않고 소리도 차르륵하는게ㅡ너무 좋네요 ㅎ 주변 분들에게 강추중입니다 ㅎ맘에들어요 동생이 원래 사용하던 키보드 고장나서 이번에 기계식 써보라고 사줬는데 어색해하더니 곧 잘 쓰네요. 키보드 청소하기도 편해보이고 불빛도반짝반짝예뻐요 ^^포장지가 엄청 더러운거 봐선 밀고 땡기고 한거같은데 남의물건도 중요시 생각했으면 더 좋았을텐데. 그리고 생각보다 키보드 무게감있네요.LED발광도 이쁘고 키감도 좋습니다. 이전에 무선키보드를 써서 그런지 무게감은 있지만 들고다닐거 아니니 문제는 안될것같구요 만족합니다사운드가 경쾌해서 게임시 두배재미를 느끼게 해줍니다오래사용할수 있었음 하네요배송 하루걸렸구요맘에 꼭들어해요입문용 키보드로 아주 좋습니다. 색만 다르게 검정색과 하얀색 두가지 샀는데요 확실히 둘 다 예쁘고 성능도 좋아서 개인 취향에 맞게 사면 될 것 같습니다. 배송도 엄청 빠릅니다.키보드 누를때 느껴지는 무게감이 생각보다는 약간 가볍지만, 싼 값에 막 쓰기에는 가격대비 괜찮은 제품인 것 같아요~배송도 엄청빠르고 게임용으로샀는데 디자인도 깔끔하고 완전 만족스럽네요! 가성비 진짜 좋은것같습니다 추천드려용결제하자마자 다음날 바로배송~ 빠르고오제품 정말 맘에 들어요 타격감도좋고 무게도 묵직하니 밀지리도 않고 좋네요~갈축이 생각보다 소리가 작네요. 청축우로 시킬걸 그랬습니다 ㅎㅎ. 일단 작동 잘되고 묵직해서 밀리지않구요, 장패드만 오면 좋을것 같네요!상품은 괜찮은데 제것만 그런 것인지.. 아니면 제품 전체가 그런 것인지 모르겠지만 엔터키의 키감이 유독 이상하네요;;;

변경하기도 귀찮고..해서 그냥 사용 중인데.. 그것 이외에는
괜찮은 것 같습니다.

0가격에 비해 생각보다 훨씬 좋았습니다. 흰색에 LED 도 잘어울리고 키감도 딱 적당하며 소리가 시끄럽지 않습니다.글자 프린팅이 눈에 확 들어오지 않지만 큰 문제는 아닙니다.회사에서 쓰고싶어서 샀는데 되게 예쁩니다 주변사람들한테 시끄러울까봐 눈치는 좀 보여요 뭐 기계식이라 첨부터 고민했던 부분이라 ㅎㅎ갈축을 처음써보는데 생각보다는 소리도 적게나고 해서 좋은것 같아요 청축만 쓰다가 쓰는거라 느낌이 이상하긴한데 쓰다보니 적응 됬네영생각보다 빨리 와서 좋았어요!!
불량도 없고 제가 딱 원하는 키보드에요~
불빛이며 타자 칠 때 나는 소리도 정말 좋아요!사무실에서 쓰기 좋네요
너무 시끄럽지 않고 감도 좋아요
가성비 좋습니다.
키 불빛을 전체 흰색으로 못하는건 아쉬워요좋은 평들이 많았지만 가격이 저렴해서 기대안했는데가성비 너무 좋습니다!! 앞으로고 콕스 키보드만구입할것 같아요노트북에 연결해서 쓸 키보드 찾고있었는데 우연히 발견해서 구매했어요 타건감도 좋고 소리도 예상한거처럼 엄청 크지 않아서 좋아요 무엇보다 디자인이 엄청 깔끔해서 맘에들어요기계식 키보드 처음 써봤는데 적축으로 고르길 잘 한 것 같아요! 키보드 누를 때도 되게 부드럽고 소음도 거의 없는 편입니다 화이트, 그리고 LED 색도 너무 예뻐요
[2022-08-15 12:03:35,666] {logging_mixin.py:115} INFO - 1
[2022-08-15 12:04:14,620] {logging_mixin.py:115} INFO - https://shopping-phinf.pstatic.net/main_2196898/21968983050.20220603104329.jpg?type=f140 스틸시리즈 Apex 3 74,000원 매우 조용하고 키감도 생각한대로 였습니다 잘사용하겠습니다감사합니다 잘 받았습니다좋습니다 소리도 적게나고 나쁘지않습니다너무 좋습니다. 만족합니다. 배송도 빠르네요너무너무 좋아요 ㅋㅋ매우 만족합니다 소리도 적게나고 키감도 만족합니다빠른배송 너무 감사합니다. 키보드도 진짜 조용하고 이쁩니다.!! 감사합니다!굳굳굳 굳굳굳 굳굳굳
[2022-08-15 12:04:44,458] {logging_mixin.py:115} INFO - https://shopping-phinf.pstatic.net/main_2960575/29605751618.20220324110136.jpg?type=f140 로이체 RK-3700 32,900원 빠른 배송 감사 합니다. 키감도 좋고 크기도 적당해서 딸이 좋아해요.페어링이 빨리빨리잘되요핑크핑크 색상 예뻐요예뻐요. 그냥 예뻐요. 누르는 느낌도 좋아요 끄고 키기도 좋아요 블투 연결도 빨라요 좋아요배송 빠르고 좋아요 ㅎㅎ 잘 쓰겠습니다 ㅎㅎ
[2022-08-15 12:06:11,787] {logging_mixin.py:115} INFO - https://shopping-phinf.pstatic.net/main_2604016/26040163522.20210218152623.jpg?type=f140 로이체 KT5 PRO 17,900원 고장도 안나고 잘 사용하고 있습니다.
좋아요!!가볍고 좋네요!
오래 잘 쓸 수 있음 좋겠어요~^^갤럭시 스마트폰하고도 바로 연결되서 좋네요매우 가볍고 블루투스 전환도 잘 되고 좋아요!재질이 단단함
화욜 주문했다가 금욜 배송받음깔끔하니 예뻐요 블루투스 접속도 잘 되네요가볍고 아이패드11인치랑 사이즈가 딱이에요역시나 허접하긴하네요 그래도 이가격이면!!키보드가 되게 가볍고 쓰기에 나쁘지 않아요적당히 무난하게 쓰기좋아요!!!엄청 가벼워요ㅋㅋㅋ소리는 스카나 독서실에서 쓰기에는 좀 무리인듯!!!배달도 빠르고 가격도 저렴해서 만족합니다크기가 작아 공간 많이 차지 안해서 좋아요.작고 잘쳐지네요 고장이 안났으면 젛겟어여키감 부드럽고 충방전에서 자유로워 좋아요이가격에 잘 연결되고 안 끊기면 만족이죠.생각보다 소리도 안나요 근데 좀 없어보임정말 가볍고 자석에 붙는 재질이라 좋아요아주 만족하면서 잘쓰고 있습니다 좋아요~가격대비 만족합니다. 키감은 좀 가벼운 듯 하지만 가볍고 들고 다니기에 좋습니다.원하던 싸이즈에 슬림해서 마음에 듭니다가성비 좋네요 33777키스킨 만들어주세요 ㅠㅠ .. 가성비 최고~!! 키스킨만 따로 팔아주셨으면 ㅎㅎ..대박 입니다 만족합니다빠른 배송 너무 감사합니다~
잘 받았습니다 ^^옴청옴청 가벼우요!!!가격만큼 진짜 괜찮은거같아요. 뒷판이 자석이라서 훨씬 더 괜찮은거같아요.너무 너무 좋아요^^만족합니다 2개사서 2배 만족합니다아주좋아요아주좋아요저렴하니 좋아요.ㅋㅋ부자 되세요ㅎㅎㅎㅎㅎㅎ감사강사사가사사가사사가사사사요좋. 아. 요. ~
[2022-08-15 12:06:38,651] {logging_mixin.py:115} INFO - https://shopping-phinf.pstatic.net/main_2556452/25564526522.20210112094934.jpg?type=f140 archon K75 유/무선 기계식 키보드 79,000원 빠른배송 상태좋고 포장도 잘되어 왔네요무선으로 게임할수있어서 매우좋아용.잘 쓰고 있고 별 문제 없습니다.귀엽고 이쁘고 잘됩니다좋네 가성비 좋습니다~엄청 빠른배송입니다다각다각 소리가 좋아요 블투 연결도 잘 됩니다배송빠르고 교환건에.대해서 친절히 설명주셨습니다배송도 빨랐고 상태도 좋고 조용하니 너무 좋아요통울림이 정말 심합니다. 스프링소리도 너무 심합니다.. 개조 반드시 해야할 것 같습니다.흡음재 추가 윤활하면 좋아요
배열이 좋아요
[2022-08-15 12:06:43,868] {logging_mixin.py:115} INFO - 2
[2022-08-15 12:08:53,442] {logging_mixin.py:115} INFO - https://shopping-phinf.pstatic.net/main_2091432/20914327278.20210303111810.jpg?type=f140 웨이코스 씽크웨이 토체티 텐키리스 D&T 콜라보 체리 키보드 134,000원 배송은 다행이 빠르게 왔으며 제품에 이상없이 잘 사용하고있습니다.
은축이여서 타이핑하기 빠르지만 그만큼 타건하면서 오타가 조금더 발생하긴하네요 ㅎ커세어 K70 저적 쓰다가 갈축하나 알아보고 있는 차에 K320 출시 소식듣고 키캡도 사은품으로 준다고 해서 구매했습니다. 키캡도 이쁘고 제가 생각한 그대로의 타건감 이네요.실물을 보니 이쁘내요~ 그리고 백스페이스랑 스테빌 몇몇 부위가 좀 많이 찰칵 거리기는 하지만 맘에 들어요.
그리고 추가로 차량용거치대를 주셨는데 이거는 사은품인지 뭔지 모르겠내요.텐키리스를 첨 써봐서 아직도 숫자키는 한번씩 허공을 두드릴때가 있지만 느낌이 젛ㅇㅏ용 텅텅, 하는 소리는 신경쓰일정도는 아니네옹텐키리스도 처음 써봤고, 저가형 키보드만 쓰다 기계식 키보드도 첨써봤습니다. 신세계네요. 깔끔한 디자인과 고급진 손맛이 타건만해도 너무 재밌습니다. 숫자키를 많이 쓴다는 사실을 깨닫는 계기도 됐네여.통울림이 아예없지는 않고 다른거에 비해 적은편이네요. 키감도 좋고 나쁘지 않아요. 다크그레이 사진보다는 조금 옅은 감인데 예쁘네요. 잘쓰겠습니다.저소음흑축 처음써보는데 키압 예상했던대로 묵직하고 조용해서 좋네요
사람들이 저흑이 스프링소음이 좀 있다했는데 크게 거슬리는 정도는 아니라서 만족합니다
잘 쓰겠습니다 !서걱서걱 거리는 느낌이 좋아요~~ 청축쓰다가 써서 그런가 구분감이 없는 느낌도 조금 있어요(살짝만 눌러도 입력이 되는 듯한 느낌) 디자인도 예쁘고 만족스럽네요 :D 저소음이라 기숙사에서도 쓰기 좋아요~~일단 소리절대없습니다. 흑축을 처음쓰시는분들은 높은 키압감에 게임할때 손가락과 팔꿈치가 아플수도 있지만 적응되고 몇일 사용해보신다면 키감에 못빠져나옵니다. 소리도 키감도 최고예뻐요 올 베이지가 예쁜거 같아 주문했는데 막상 핑크핵 포인트 들어간게 더 이쁘네요 ㅎㅎ 저소음이긴 하지만 막 누르면서 타자치면 소리는 나네요 ^^;기계식 처음써보는데 생김새도 너무 예쁘고, 소리도 너무 시끄럽지도 않으면서 타자소리가 듣기좋아요~! 약간의 적응기간은 필요할것같습니다. 텐키리스가 생각보다 불편하긴 한것같아요.완전 좋아요 짱짱. 키감이 부드럽네요. 가끔 다른 키가 같이 눌릴때가 있는데요 뭐.. 첫 입문용 키보드치고 좋은 것 같습니다 ㅎ제품이 에어캡없이 왔지만 작동 잘합니다. 로지텍만 쓰다가 처음 써보는데 좋네요~! 더 사용해보고 괜찮으면 업무용으로 하나 더 장만할 예정입니다~사진보다 실물이 좀 칙칙한 색감이네요. 그래도 나름 괜찮아요. 사은품도 빵빵하고 몇시간 사용해봤는데 딱히 문제점은 없었습니다. 잘 사용할게요.너무 만족합니다 저소음 적축으로 그레이 샀는데 키보드가 쫀득쫀득하고 키압이 조금 무겁긴 하지만 지금은 적응되어서 딱 알맞은 키압인 것 같습니다. 무엇보다 디자인이 너무 이쁘네요 볼떄마다 흐뭇합니다 ^^최근 기계식 키보드에 빠져서 이것 저것들을 구매해 보았는데 그 중 단연 최고의 키보드인 것 같습니다. 완성도는 33만원짜리 리얼포스보다 오히려 더 나을 정도네요.. 강추합니다!게임을 하니..키보드가 남아나질 않네요. 틋수 버튼만 지꾸 망가지는게 속상해요. 이번에는 오래 사용할 수 있길 기대해봅니다포장이 별로라는 평이 많아서 걱정했는데 뽁뽁이 둘린 채로 안전하게 잘 왔습니다.
키보드가 예뻐서 너무 만족스럽습니다.
야간에 사용할 일이 많아서 저소음적축으로 골랐는데 안 시끄러워서 좋아요.키캡 크기가 생각보다 작아서 오타가 나긴 하지만 매우 조용한점이 마음에 들어요.
오래 고장없이 사용할 수 있으면 좋겠네요.만족합니다. 기존에 무접접 썼는데 오타가 너무 많이나서 이걸로 바꿨더니 오타 안나고 좋네요. 키압도 적당한것 같습니다. 다만 사진보다 실제 색감이 더 어두워요.블루 적축 샀는데 타건감 적절하고
소리도 크지 않아서 업무에 사용하기에 좋아요소음 굉장히 적고, 색도 예뻐요
엔터랑 esc키 파란색 키캡 따로 챙겨준 것도 좋네요키보드 자체 키감리나 구성품은 가격대비 좋습니다 c to c 케이블에서 감동했네요저소음적축 사용자인데 키압이 생각보다

조금 세지만 그나머지는 다 맘에 들어요좋긴하지만 통울림이랑 스페이스바 스테빌소리가 꽤 거슬린것 빼고는 좋습니다집에 키보드가 많아서 살까 말까 엄청 고민하다 구매했는데 사길 잘한것 같네요요즘 코로나때문에 집에만 있는데 게임을 많이해도 엄마한테 소리가 시끄럽다는 잔소리 안 들어서 굿입니다적축에 이어 갈축으로 두번째인데 키감 마감 전부 만족입니다. 키배열 돌기가 약간만 더 인지가 잘됐으면 하는거 빼면 만족합니다소리 작고 좋네요. 색깔이 조금만 더 밝았으면 좋았겠지만, 지금도 만족합니다.키보드 너무 이쁘네요.
텐키리스는 익숙해져야겠지만.. 키감도 매우 만족합니다키감도좋고 색감이.기대했던 것보다 더 마음에 듭니다. 무소음도 너무 좋네요~~일단 디자인이 너무 예쁘고 소음이 확실히 적어서 사무실에서 쓰기 적합합니다생각한것보다 키감이 부드럽고 괜히 비싼 값을 하는게 아니다란걸 알았네요 ^^회사에서 사용하려고 구입했는데 저소음적축 정말 소리도 안크고 만족합니다!완전 조용하고 예뻐요 ㅠㅠ 키보드 소리때문에 스트레스 받으시는 분들 강추..하자없이 잘 쓰고 있습니다. 첨엔 적응하기 살짝 힘들 었는데 지금은 괜찮아요진짜 소리 너무 좋아요...ㅠㅠ지려저리뮤ㅠ사고싶엇는데 드디어 가져버렷네요역시 토체티네요 저소음이라 진짜 소리도 잘 안나고 사용하기 좋은거 같아요!!반속이 제가 생각한 이상으로 빠르고 디자인이나 무게도 너무 마음에 듭니다!!저소음적축으로구매했는데 키감이 너무 부드러우면서 좋아서 완전 만족합니다. 색감도 너무 맘에들구요~엠그톤 그루브랑 고민하다가 색감이 좋아서 선택했습니다.
저적 키감도 서걱서걱해서 좋네요다크그레이가 제일이쁜것같아요. 다른색상보다 강렬해서좋아요. 타자감도 너무 좋습니다.색감 디자인 모두가 마음에 드네요 무엇보다 타자소리가 조용해좋네요. 일하다보면 타자소리가 거슬렸는데 가볍게 눌리는게 소리가 많이 나지 않아서 좋더라구요
저소음적축이 좋긴좋네요ㅎㅎ조용하고 타이핑하는 느낌도 좋고 예쁩니다~ 배송도 빨라요일단 배송너무빨라서좋구 하자없는 상품이라 마음에듭니다은축은 처음이라 적응이 필요하겠지만 굉장히 만족합니다!!배송은 다서 오래 걸렸어요.. 근데 아들이 너무 좋아하네요소리가 아주 조용하고 좋습니다 색은 생각보다 더 어두워요동봉되어 있떤 키보드캡으로 색 변경했더니 깔끔해졋어요~!기성품 갈축 토체티로 처음 사 봤습니다 듀가드의 명성 답게 잘 만든 키보드네요 파스텔톤을 선택 했는데 키보드 하나로 분위기가 화사해졌습니다빠른배송과 튼튼한 포장으로 파손염려가 없어 만족합니다.키보드 예쁘고 소리도 거의 없습니다
색감이 완전 이뿌네요선물했는데 잘쓰고있다고하네요. 이쁘고 타건감이 좋대여!잘 쓰고 있어요
소음도 적고 타자감도 좋아요
가격값합니다~진짜 저세상 키감 가격도 할인해서좋고 너무만족스럽네요기계식 키보드는 처음 써봤는데 소리도 좋고 만족스러워요예상했던대로 색너무이쁘고 타격감만족합니다 많이파세요유튭에서 타건영상 찾아봤는데 그것보다 조용하고 좋네요~사무실에서 쓰기에는 살짝 시끄럽습니다. 키감 대박이에요풀배열 쓰다가 탠키리스로 바꿨는데 너무 만족스럽습니다.
[2022-08-15 12:09:23,218] {logging_mixin.py:115} INFO - https://shopping-phinf.pstatic.net/main_2685653/26856531523.20210422141628.jpg?type=f140 웨이코스 씽크웨이 토체티BW 블루투스 유무선 텐키리스 체리키보드 170,000원 터치감 좋고 블루투스 연결속도 좋고 조용해서 좋습니다.효율성 10배 상승. 키감 만족 디자인 만족 특이사항 없음.진짜 타건감이 장난아닙니다 ㅋㅋㅋ 원래 무접점 선호했었는데 무접점보다 타건감이 더 좋아요 소리도 정말 조용합니다!!!키감도 좋고 조용합니다 적극추천합니다배송 엄청빠릅니다16시간 정도걸린듯ㅎㅎㅎ
[2022-08-15 12:11:32,718] {logging_mixin.py:115} INFO - https://searchad-phinf.pstatic.net/MjAyMTEyMjFfMjgx/MDAxNjQwMDU2Njc2NjUy.Ob1_cxGTyqNiAIztA-Go5XzACCOEMTzg8KsXQBHAy9Ug.WLbtKsrkcXNkN2TdF96V2tP5GJs-W36zVQAB5pYADkEg.PNG/1871830-d9c5ef97-322f-4073-874e-584610ec51b1.png?type=f200 티앤에스인터내셔널 VALKAN 게이밍 키보드 64,400원 처음으로 산 키보드인데요 소리도 시끄럽지않고 좋습니다!키감 좋고 Led도 은은하니 이쁘고 빠른배송까지 최고입니다적축보단 시끄럽구 갈축보다도 조금 더 소리가 나요. 키감이 문서작업할때 쓰기에도 좋네요.배송도 빠르고 안전하게 잘 왔습니다. 반응속도 좋구요. 키감도 이.가격에 훌륭합니다. 백라이트도 화려해사 원하던 디자인이라 아주 만족스럽네요 ㅎㅎ 많이파세요~~전에 쓰던 키보드가 고장나서 사봤는데 이건 대박 좋네요배송도 빨리오고 전에쓰던 키보드보다 좋은것 같습니다..아들이.주문해달라해서.시켰어요~
마음에든다고.좋다네요조카가 지정해서 사달라고해서 샀어요
저는 부드러운 펜타그래프방식을 좋아해서
좋은지 모르겠는데
게임하는 조카는 엄청 좋아하네요 ㅋ다 좋아요 근데 소리 안큰 적축 찾다가 이번에
여기서 새로 만든 축이라해서 샀는데
청축처럼 소리가 크네요 ㅜㅜ 그거 말고는 다 좋아요키보드 타격감이나 외관상 하나도 맘에 안드는게 없네요아이가 좋다고 골라둿던거라 사줫는데
맘에 들어하네요배송도 빨리 왔고 좋네요. 아직 사용전이지만 잘 쓸게요.개조음
근데 10만원짜리 광축 키보드 보다는 안좋음 ㅋㅋ디자인이 정말 예쁘고 키감도 좋습니다! 배송도 빨라요묵직하고 넘 예쁘다고 아들이 좋아하네요
터치감도 굿!기계식이라 키 누르는 감도 좋고 반응도 빠르고 좋아요키감도 좋고 묵직하니 맘에 듭니다.
키보드 뚜껑이 있어 먼지들어가는 걸 방지 해줘 좋습니다깔끔하고 무난해요.. 다만 고장없이 오래갔으면 하는..아들이 넘 좋아하네요~~사은품두 좋데요~~
번창하세요~~소리크다는 건 잘 모르겠고 이쁘고 편합니당!! 좋아요!동생 선물로 줬는데 만족스러워한다만듬새 괜찮네요 오래쓸듯 싶어요ㅎ키보드 넘 맘에듬요 감사합니다아아엄청 이쁘고 터치감,사운드 완전 좋아요ㅋㅋㅋ키보드 패드도 잘쓰겠습니다!울 아들이 무척 맘에 들어 합니다~^^배송이 일단 빠르고요 너무좋아요!!타격감 도만족스럽구요 아주좋아요좋아해요 아들이 .배송도 빠르고 굿진짜 빠르게 배송되었어요~ 좋아요!아들이 갖고싶어하던 키보드에요. 언제 도착할지 기다렸는데 많이 좋아하네요. 그전 키보드보다 좋아보이긴 해요^^자판소리 소음이 너무 심해요 ㅠㅠ이쁘고타격감좋고 소리도적당해요키보드 눌림도 좋고 소리도 좋아요아들선물로 사줬어요
너무좋아해요타건감 부드럽고 아주 만족합니다!디자인, 키감 완전 대만족합니다!!!아들 완전 만족하며 잘 쓰고있어요게임용 키보드로 적극 추천합니다.진짜 부드럽고 반응속도가 좋아요.소리가 좀 요란하네요 대체로 만족아들이 넝너무 좋아해요키감도 좋고 색도 이뻐요상품과배송 만족합니다~!선구매확정! 기다가된다너무좋습니다.잘쓸께요~사용하기 편하고 이뻐요잘쓰고 있어요.
만족해요선물하려고 구매했어요~아이가 엄청 만족하네요깔끔하고 키감 좋습니다아주 좋습니다 잘쓸게요사용감도 좋고 편합니다잘쓸게요 너무 좋네요^_^엄청 빨리옵니다 좋아요키감이 부드럽고 좋아요이쁘고 타자감도 좋네요키감 좋고 편합니다ㅎㅎ타격감좋고 고장없음 굿가성비 하나는 끝내줘요사용하기 너무 편해용^^
[2022-08-15 12:13:42,157] {logging_mixin.py:115} INFO - https://shopping-phinf.pstatic.net/main_1476185/14761858336.20220714135728.jpg?type=f140 COX CK420 교체축 레인보우 LED 게이밍 기계식 키보드 35,400원 생일선물로 아이들 컴퓨터 바꿔주면서
키보드도 구입했어요~
사기전부터 갈축 청축.. 이런얘길하길래
무슨말인지 하나도 모르겠더라구요;;
같이 보면서 검색해서 구입했는데
ㅋㅋ
불빛도 예쁘고 ~아들이 생일선물로 원했던 게임용 키보드생각보다 훨씬더 좋네요 색상도 너무 예쁘고 적당하게 무게감이 있어서 게임시 움직일 염려도 없고요터치시마다 소리가경쾌해 게임 할 맛이 난답니다저렴하게 구매 잘 했습니다배송도 굿!월래는 청축을 사용하였는데 리듬게임을 할때 손이 아파서 적축을 구매하였습니다. 청축과 비교했을때 소음이 훨씬 덜하고 손에도 무리가 가지 않아서 저같은 손가락 관절이 아프신분들은 적축 사용을 추천드립니다. 키보드 브랜드는 사람마다 스타일이 다르니 피시방에서 사용 후 구매를 추천드립니다.배송도 빨리 오고 포장도 깔금하게되서 왔네요. 청축은 소리가 좀 크다고 해서 갈축으로 구매했더니 타자 칠때 사각사각 소리나는게 마음에드네요. LED 들어올때 색이 되게 예쁘네요. 단점은 아직 첫날이라 잘 모르겠지만 좀 더 써봐야겠네요.깔끔하고 색도 아주 이쁩니다.
그런데 좀 거슬리는 건 키를 누를때마다
챙챙챙 하는 스프링? 소리가 계속 들립니다.
기계식 키보드의 그 타다닥 소리와 함께
챙챙챙 소리가 같이 들리는데 이 스프링 소리가 되게 거슬려요
원래 이 제품 자체가 모두 이런건지 아니면 제가 불량품을 받은건지 잘 모르겠습니다.
그리고 저는 청소도구 같이 안왔습니다.블랙을 샀는데 화이트가 왔어요.
선물로 바로 안 뜯고 준거라 몰랐는데 나중에 동생집 놀러갔다가 놀랐습니다.
뭔 첨보는 하얀 키보드가 있길래 제 선물 버린줄 알았어요;;알았으면 바로 교환했을텐데..
선물로 준건데 너무 속상하더라고요.
갖고싶은색 사주고 싶었는데..일단 예쁩니다. 소리도 좋구요. 하지만 리뷰하신 분들 말처럼 통울림은 조금 있습니다! 조용한 곳에서 타자만 치면 통울림이 약간 크게 들릴 수 있어요! 음악듣고 그러면 그다지 신경쓰이는 정도는 아니네요. 좋은제품 감사합니다~!조용하진않아요 그래도 살살치면 적당히 듣기 좋은 소리가 나요!
전 사무실에서 쓰는데 조용한 사무실은 조금 힘들것같아요
저희 사무실엔 청축을 쾅쾅 내리치는 또라이도 있어서 괜찮네요
오전10시에 주문했는데 11시쯤 배송알림오더니 다음날 3시에 도착했어요!답변이 빠르지만 문제점 확인을 위한 배송이 너무 오래걸렸고, 재문의를 하지않았으면 까먹었듯한 속도였습니다. 산지 2주도 되지않은시점에 'D'키가 반응이없어 수리를 보냈다가 오랜 시간뒤 결함으로 보고 새로 교환 받았지만 이후 지금 쓰는 키보드 역시 'D'키가 문제로 보입니다. 이정도면 공정과정에 문제인지 모른다고 생각됩니다.일단 배송은 당연히 빠르고 (하루만에 오고요)디자인도 고급스럽고 전혀 3만원대 같지 않습니다. 갈축을 구매했는데 키가 정말 잘 눌리고 소음이 적습니다. 스타 빨무 할려고 구매했는데 생각대로 키가 잘 눌려져서 너무나 맘에 듭니다. 기계식 키보드는 COX ! 스타는 알파고 김성현 입니다!시프트랑 스페이스가 다른키들과 각각 키감이 조금다르네요 어떤방식으로 하시는지모르겠는데 백스페이스 와 엔터키 +키 시프트키는 둘중에 방향키쪽은 좋은데 왼쪽방향은 약간 무겁게눌리고 소리가 다르더군여 그부분제외하고 현재는 만족하고있습니다이거 대박입니다 갈축키보드는 처음 써보지만 주변사람들도 기계식 입문용 이라 해서 사봤습니다. 생각보다 소리도 작고 키앞도 적당하고 너무좋습니다.지금 이리뷰를 키보드로 쓰고 있는데 칠때마다 스트레스가 풀리고 너무 좋습니다!!! 그리고 택배올때 박스에 씰도 붙여있고 키보드를 보호 해주는 폼도 있고 너무 잘쓸것 같아요!!! 다만 배송은 좀 빨라졌으면 좋겠네요^^아이들이 너~~무 좋아합니다
지금 고장도 없이 잘~쓰고있어요
번쩍번쩍 불이들어오는거보니까 저도 신기하고 새롭더라구요
사달라고 계속 조르는걸 나중에 사준다고 미뤘는데 진작 사줄껄 그랬어요.
터치감도 저는 좋더라구요.
아들딸도 역시 게임할때 재밌다고 합니다.키보드가 많이 낡아서 한개 바꿔보고 싶어서 찾던도중에 가성비 키보드를 찾은거 같아요!! 처음 기계식 사용하는거라 모르는부분이 많지만 키보드 누를때의 소리와 lcd의 화려함이 저에게 맞는 키보드라는것을 알겠네요! 완전강추 오래쓸수있었으면 좋겠네요!일단 포장 꼼꼼했고 키보드랑 헤드폰 너무 취저에요ㅠㅠ\n블랙 컬러 다른브랜드꺼 쓰고있는데 컴터하나더산김에 화이트컬러쓰고싶었는데 남편추천으로 구매했어요! 사는김에 일단 타격감좋고 소리많이안나길바랬는데 소리정도도 너무좋네요!! 많이파세요오:)키보드가 하나 더 필요해 고민하다 선택한 cox 420 갈축 키보드 한마디로 최고네요가격 상능 어느하나 안 빠집니다. 청축이 좀 시끄러울듯하여 갈축으로 선택한게 정말 잘한듯 합니다. 가성비 가심비 만족 합니다. 장패드 프로모션 인줄 알고 주문했는데 기간 끝난 건가요? ㅎ타자감은 아주 마음에 듭니다. 게임할 때나 워드 작성할때도 튕기는 느낌이 아주 좋아요. 근대 제품설명 사진과는 다르게 무지개 색 발광은 조금 약한거 같아요.불끄고 해봐도 조금 색감은 약하네요. 기능적으로는 아주 좋습니다 가성비도 좋구요가성비 좋은 제품 같습니다~ 포토 리뷰 글을 제대로 읽었어야 했는데 ... 1인1매라 되어있던데 제품은 2개 시켰는데 패드는 1개만 받을 수 있는거 맞죠? ,ㅜ_ㅜ ; 다시 본론으로.. 제품은 LED 불빛도 은은하니 이쁘고 타격감도 좋은거 같네요~기계식키보드 첨써보는데 가격도 저렴하고 넘 좋아요 피씨방 온것같음
누를때 스프링 소리가 꽤 자주나긴 하는데 집에서 쓰는거고 기계식 키보드니까 뭐..이정도 소음은 감수할수 있을것 같아요
이런 소리에 민감하신 분들은 불편하다고 느끼실수도 있을것 같네요 ㅜ갈축을 주문했어요~키보드에 대해사 1도 모르는 사람인데 남자친구가 게임을 좋아해서 집에서 사용하라고 리뷰 참고해서 가정용으로 갈축이 좋을듯하여 구입했는데 받아보니 무게감도 있고 소리도 크지않고 적당히 너무좋구요 !그냥 집에서쓰기에 딱입니다! 그리구 불들어오니까 더이뻐요 ㅎㅎpc방부럽지 않네용 ㅎㅎ화이트살까 하다가 때탈거 생각해서 블랙했는데 화이트도 예쁘겠어요~~!재구매 의사있습니다 ㅋㅋ이벤트 응모해서 패드??도 받을래용 ㅋㅋ화이트에 은은하면서 보기 좋게 불이 들어와서 남편이랑 저랑 둘다 만족합니다^^ 그리고 키감 소리가 정말 좋네요 ㅋㅋ 타자치는데도 게임하는 느낌~ 이 맛이죠!배송도 빠르고
물건도 사진으로 보던것 처럼 이쁨

단지 키보드가 생각보다 많이 묵직함
무거움;;
철판이 느껴짐
튼튼하겠지만 노트북 용으로 쓰는거라
무거운게 조금 아쉬움

그 외에는 다 만족!배송이 일단 엄청빨라서 좋앗고, 상품도 ？틀暉構？ 이뻐요. 적축상품구매했는데 익숙하지않아서 그런지 뭔가 누르는 느낌이 이상하긴한데 익숙해지면 괜찮아지겠죠 가격대비 만족합니다.만족도가 매우 벼로입니다 배송은 빨랐지만..
이게 제가 자주 사용하는 키보드가 w s a d f t r 등이 있는데
f키가 자주 잘 안눌리는 현상이 발생하고 있네요.
다시 사기에는 조금 고민되는 제품이네요일단 화이트 색이 정말 정말 예쁩니다.
그리고 청축에 비해 타자 칠 때 소음이 매우 적은 대신 키감은 다소 떨어지는게 장점이자 단점인 것 같습니다.
청축의 타닥타닥 소리가 많이 거슬리시는 분들은 적축이 좋을 것 같네요.우선 빠른배송에 만족했구요~
기계식이라 그런지 묵직하니 좋네요~
청축 한손 키보드 사용중인데 그 제품에 비해 갈축이라 확실히 더 조용하고 좀 더 가벼운 키감인것같습니다.
딱 제가 원하던 제품이네요~CK420 블랙 갈축 구매했어요. 키감 좋고 LED도 만족합니다. 게임할때는 켜고 하는데 일반 키보드와는 기분이 다르네요. 만능키스킨 덮어놓으면 먼지도 덜할듯요^^제품 깔끔하게 잘왔고, 집에서는 기계식 키보드 처음써보는데 덕분에 기분 좋네요. 싼 가격에 피시방 기분 느낄 수 있어서 참 좋아요 ㅎㅎ
무게는 생각보다 조금 무거운 편이에요!화이트 색상에 깔끔하고도 화려한 led가 일단 눈에 띄고청축만 쓰다 소음방지를 위해 적축을 구매했는데타건감도 좋고 소음도 적어 딱 제격이네요.저렴한 가격에 우수한 상품 잘 구입했네요~아들이 먼저 사용하던 케이밍키보드가 2년도 안돼서 고장났다고 해서 검색하다가 믿어지지 않는 가격의 사용자 만족도 높은 제품으로 픽했습니다.
어제 설치를 하고 테스트해 보니 타격감과 소리가 만족스럽습니다.배송은 아주 빨랐습니다. 처음 구매하는 기계식이라 걱정했는데 키감이 적당해서 좋았어요. 다만 축에 따라 다른 지는 모르겠으나, 키를 누르고 나면 스프링 튀어 오르는 소리 같은 '팅팅'하는 울림 소리가 납니다.기계식 키보드를 여러회사 제품 이용해봤는데
적축은 콕스가 진짜 좋네요.
부들부들하고 소음은 적지만 타건맛은 좋아요.
가성비 좋고 이쁘고 이거 사세요 여러분 사무실에서도 최고입니다.선물용 으로 샀는데 저렴한 거는 안좋다 라는 제 고정관념을 깨는 제품 이었습니다 색상 부터 자판 소리까지 다 마음에 들어해서 키보드 사용 하는걸 영상으로 찍어서 까지 보여주더라구요 잘 받았습니다 또 살께요~아직 컴퓨터 모니터랑 본체가 안와서 연결해서 써보지는 않았어용 흰색으로 사고싶었는데 제가 컬러를 안보고 주문했네용ㅜㅜ그래도 잘 사용하겠습니다!!적축이여도 역시 소리는 좀 크게 나는 편인 것 같아요
시킨 것과 다른 상품으로 와서 교환하고 번거로웠어서 별 뺐어요
써봐야 알겠지만 현재까진 좋습니다~일단 키보드 자체에 무게감이 있어서 격한 버튼질에도 굳건히 자기 자리를 지키며 키LED는 키보드 자신의 기분에 나타내듯 현란히 반짝입니다 열심히 키보드를 누르며 게임하다보면 내방이 PC방인듯한 기분도 들고 좋네요~아예 무소음은 아니고 같은회사청축의 1/5정도?
타격감있어요
청축샀다가 시끄럽고 겜할때 손에 무리가와서ㅜ 다시샀는데 얘는 덜나서 괜찮아요 일단 불빛이 다양해서 좋음넘버패드가 있으면서
최소한의 공간을 차지하고
불끄고 컴퓨터 앞에 앉아도
백라이트로 인해 자판이 보이는
기계식 키보드
원하는 물건을 찾아서 만족합니다키보드 선물하려고 구매했는데 블랙 색상 깔끔하고 키감도 좋다고 하네요 오래 사용할 수 있을 것 같아서 가격 대비 가성비 만족합니다~ 배송도 빨랐어요!가격이 저렴한 편이라 큰 기대 안했었는데 생각보다 디자인도 괜찮고
타건감이 꽤 준수한 편이네요. 사이즈도 크지 않아 가볍게 쓰기에는
아주 만족합니다. 다른 축들도 한번 써보고 싶네요노트북이 흰색이라 흰색 구매 했는데,깔끔하고 , LED 무지개색으로 ,어두운 곳에서도 잘 보이네요.터치감도 가볍고 좋아요 ! 나중에 망가지면 이곳에서 다시 구입할거 같아요!감사 합니다 !키보드 여러개 고민하다 샀는데 만족감이 너무 좋습니다. 손목도 편하고 무게감이 있어 밀리지도 않고 소리도 차르륵하는게ㅡ너무 좋네요 ㅎ 주변 분들에게 강추중입니다 ㅎ맘에들어요 동생이 원래 사용하던 키보드 고장나서 이번에 기계식 써보라고 사줬는데 어색해하더니 곧 잘 쓰네요. 키보드 청소하기도 편해보이고 불빛도반짝반짝예뻐요 ^^포장지가 엄청 더러운거 봐선 밀고 땡기고 한거같은데 남의물건도 중요시 생각했으면 더 좋았을텐데. 그리고 생각보다 키보드 무게감있네요.LED발광도 이쁘고 키감도 좋습니다. 이전에 무선키보드를 써서 그런지 무게감은 있지만 들고다닐거 아니니 문제는 안될것같구요 만족합니다사운드가 경쾌해서 게임시 두배재미를 느끼게 해줍니다오래사용할수 있었음 하네요배송 하루걸렸구요맘에 꼭들어해요입문용 키보드로 아주 좋습니다. 색만 다르게 검정색과 하얀색 두가지 샀는데요 확실히 둘 다 예쁘고 성능도 좋아서 개인 취향에 맞게 사면 될 것 같습니다. 배송도 엄청 빠릅니다.키보드 누를때 느껴지는 무게감이 생각보다는 약간 가볍지만, 싼 값에 막 쓰기에는 가격대비 괜찮은 제품인 것 같아요~배송도 엄청빠르고 게임용으로샀는데 디자인도 깔끔하고 완전 만족스럽네요! 가성비 진짜 좋은것같습니다 추천드려용결제하자마자 다음날 바로배송~ 빠르고오제품 정말 맘에 들어요 타격감도좋고 무게도 묵직하니 밀지리도 않고 좋네요~갈축이 생각보다 소리가 작네요. 청축우로 시킬걸 그랬습니다 ㅎㅎ. 일단 작동 잘되고 묵직해서 밀리지않구요, 장패드만 오면 좋을것 같네요!상품은 괜찮은데 제것만 그런 것인지.. 아니면 제품 전체가 그런 것인지 모르겠지만 엔터키의 키감이 유독 이상하네요;;;

변경하기도 귀찮고..해서 그냥 사용 중인데.. 그것 이외에는
괜찮은 것 같습니다.

0가격에 비해 생각보다 훨씬 좋았습니다. 흰색에 LED 도 잘어울리고 키감도 딱 적당하며 소리가 시끄럽지 않습니다.글자 프린팅이 눈에 확 들어오지 않지만 큰 문제는 아닙니다.회사에서 쓰고싶어서 샀는데 되게 예쁩니다 주변사람들한테 시끄러울까봐 눈치는 좀 보여요 뭐 기계식이라 첨부터 고민했던 부분이라 ㅎㅎ갈축을 처음써보는데 생각보다는 소리도 적게나고 해서 좋은것 같아요 청축만 쓰다가 쓰는거라 느낌이 이상하긴한데 쓰다보니 적응 됬네영생각보다 빨리 와서 좋았어요!!
불량도 없고 제가 딱 원하는 키보드에요~
불빛이며 타자 칠 때 나는 소리도 정말 좋아요!사무실에서 쓰기 좋네요
너무 시끄럽지 않고 감도 좋아요
가성비 좋습니다.
키 불빛을 전체 흰색으로 못하는건 아쉬워요좋은 평들이 많았지만 가격이 저렴해서 기대안했는데가성비 너무 좋습니다!! 앞으로고 콕스 키보드만구입할것 같아요노트북에 연결해서 쓸 키보드 찾고있었는데 우연히 발견해서 구매했어요 타건감도 좋고 소리도 예상한거처럼 엄청 크지 않아서 좋아요 무엇보다 디자인이 엄청 깔끔해서 맘에들어요기계식 키보드 처음 써봤는데 적축으로 고르길 잘 한 것 같아요! 키보드 누를 때도 되게 부드럽고 소음도 거의 없는 편입니다 화이트, 그리고 LED 색도 너무 예뻐요
[2022-08-15 12:13:47,372] {logging_mixin.py:115} INFO - 3
[2022-08-15 12:13:47,479] {python.py:173} INFO - Done. Returned value was: None
[2022-08-15 12:13:47,492] {taskinstance.py:1420} INFO - Marking task as SUCCESS. dag_id=craw, task_id=cr1, execution_date=20220815T115608, start_date=20220815T115610, end_date=20220815T121347
[2022-08-15 12:13:47,543] {local_task_job.py:156} INFO - Task exited with return code 0
[2022-08-15 12:13:47,567] {local_task_job.py:273} INFO - 0 downstream tasks scheduled from follow-on schedule check
