[2022-08-11 05:06:33,060] {taskinstance.py:1179} INFO - Dependencies all met for <TaskInstance: craw.result manual__2022-08-11T04:52:24.095282+00:00 [queued]>
[2022-08-11 05:06:33,095] {taskinstance.py:1179} INFO - Dependencies all met for <TaskInstance: craw.result manual__2022-08-11T04:52:24.095282+00:00 [queued]>
[2022-08-11 05:06:33,097] {taskinstance.py:1376} INFO - 
--------------------------------------------------------------------------------
[2022-08-11 05:06:33,100] {taskinstance.py:1377} INFO - Starting attempt 1 of 2
[2022-08-11 05:06:33,101] {taskinstance.py:1378} INFO - 
--------------------------------------------------------------------------------
[2022-08-11 05:06:33,201] {taskinstance.py:1397} INFO - Executing <Task(PythonOperator): result> on 2022-08-11 04:52:24.095282+00:00
[2022-08-11 05:06:33,299] {standard_task_runner.py:52} INFO - Started process 12625 to run task
[2022-08-11 05:06:33,309] {standard_task_runner.py:79} INFO - Running: ['***', 'tasks', 'run', 'craw', 'result', 'manual__2022-08-11T04:52:24.095282+00:00', '--job-id', '75', '--raw', '--subdir', 'DAGS_FOLDER/newtest.py', '--cfg-path', '/tmp/tmpv3nm50ad', '--error-file', '/tmp/tmpz15zu2io']
[2022-08-11 05:06:33,320] {standard_task_runner.py:80} INFO - Job 75: Subtask result
[2022-08-11 05:06:33,553] {task_command.py:371} INFO - Running <TaskInstance: craw.result manual__2022-08-11T04:52:24.095282+00:00 [running]> on host d59619969b18
[2022-08-11 05:06:33,768] {taskinstance.py:1591} INFO - Exporting the following env vars:
AIRFLOW_CTX_DAG_OWNER=***
AIRFLOW_CTX_DAG_ID=craw
AIRFLOW_CTX_TASK_ID=result
AIRFLOW_CTX_EXECUTION_DATE=2022-08-11T04:52:24.095282+00:00
AIRFLOW_CTX_TRY_NUMBER=1
AIRFLOW_CTX_DAG_RUN_ID=manual__2022-08-11T04:52:24.095282+00:00
[2022-08-11 05:06:33,772] {logging_mixin.py:115} INFO - []
[2022-08-11 05:06:33,773] {python.py:173} INFO - Done. Returned value was: None
[2022-08-11 05:06:38,462] {taskinstance.py:1420} INFO - Marking task as SUCCESS. dag_id=craw, task_id=result, execution_date=20220811T045224, start_date=20220811T050633, end_date=20220811T050638
[2022-08-11 05:06:38,548] {local_task_job.py:156} INFO - Task exited with return code 0
[2022-08-11 05:06:38,693] {local_task_job.py:273} INFO - 0 downstream tasks scheduled from follow-on schedule check
