[2022-08-17 07:14:48,448] {processor.py:153} INFO - Started process (PID=68) to work on /home/airflow/.local/lib/python3.7/site-packages/airflow/example_dags/example_task_group.py
[2022-08-17 07:14:48,449] {processor.py:641} INFO - Processing file /home/airflow/.local/lib/python3.7/site-packages/airflow/example_dags/example_task_group.py for tasks to queue
[2022-08-17 07:14:48,449] {logging_mixin.py:115} INFO - [2022-08-17 07:14:48,449] {dagbag.py:508} INFO - Filling up the DagBag from /home/airflow/.local/lib/python3.7/site-packages/airflow/example_dags/example_task_group.py
[2022-08-17 07:14:48,456] {processor.py:651} INFO - DAG(s) dict_keys(['example_task_group']) retrieved from /home/airflow/.local/lib/python3.7/site-packages/airflow/example_dags/example_task_group.py
[2022-08-17 07:14:48,585] {logging_mixin.py:115} INFO - [2022-08-17 07:14:48,585] {dag.py:2420} INFO - Sync 1 DAGs
[2022-08-17 07:14:48,608] {logging_mixin.py:115} INFO - [2022-08-17 07:14:48,608] {dag.py:2972} INFO - Setting next_dagrun for example_task_group to 2022-08-16T07:14:48.608377+00:00, run_after=2022-08-17T07:14:48.608377+00:00
[2022-08-17 07:14:48,622] {processor.py:161} INFO - Processing /home/airflow/.local/lib/python3.7/site-packages/airflow/example_dags/example_task_group.py took 0.176 seconds
[2022-08-17 07:15:19,259] {processor.py:153} INFO - Started process (PID=127) to work on /home/airflow/.local/lib/python3.7/site-packages/airflow/example_dags/example_task_group.py
[2022-08-17 07:15:19,260] {processor.py:641} INFO - Processing file /home/airflow/.local/lib/python3.7/site-packages/airflow/example_dags/example_task_group.py for tasks to queue
[2022-08-17 07:15:19,261] {logging_mixin.py:115} INFO - [2022-08-17 07:15:19,261] {dagbag.py:508} INFO - Filling up the DagBag from /home/airflow/.local/lib/python3.7/site-packages/airflow/example_dags/example_task_group.py
[2022-08-17 07:15:19,276] {processor.py:651} INFO - DAG(s) dict_keys(['example_task_group']) retrieved from /home/airflow/.local/lib/python3.7/site-packages/airflow/example_dags/example_task_group.py
[2022-08-17 07:15:19,435] {logging_mixin.py:115} INFO - [2022-08-17 07:15:19,435] {dag.py:2420} INFO - Sync 1 DAGs
[2022-08-17 07:15:19,457] {logging_mixin.py:115} INFO - [2022-08-17 07:15:19,457] {dag.py:2972} INFO - Setting next_dagrun for example_task_group to 2022-08-16T07:15:19.456930+00:00, run_after=2022-08-17T07:15:19.456930+00:00
[2022-08-17 07:15:19,471] {processor.py:161} INFO - Processing /home/airflow/.local/lib/python3.7/site-packages/airflow/example_dags/example_task_group.py took 0.216 seconds
[2022-08-17 07:15:50,265] {processor.py:153} INFO - Started process (PID=193) to work on /home/airflow/.local/lib/python3.7/site-packages/airflow/example_dags/example_task_group.py
[2022-08-17 07:15:50,266] {processor.py:641} INFO - Processing file /home/airflow/.local/lib/python3.7/site-packages/airflow/example_dags/example_task_group.py for tasks to queue
[2022-08-17 07:15:50,267] {logging_mixin.py:115} INFO - [2022-08-17 07:15:50,267] {dagbag.py:508} INFO - Filling up the DagBag from /home/airflow/.local/lib/python3.7/site-packages/airflow/example_dags/example_task_group.py
[2022-08-17 07:15:50,277] {processor.py:651} INFO - DAG(s) dict_keys(['example_task_group']) retrieved from /home/airflow/.local/lib/python3.7/site-packages/airflow/example_dags/example_task_group.py
[2022-08-17 07:15:50,463] {logging_mixin.py:115} INFO - [2022-08-17 07:15:50,463] {dag.py:2420} INFO - Sync 1 DAGs
[2022-08-17 07:15:50,491] {logging_mixin.py:115} INFO - [2022-08-17 07:15:50,491] {dag.py:2972} INFO - Setting next_dagrun for example_task_group to 2022-08-16T07:15:50.491319+00:00, run_after=2022-08-17T07:15:50.491319+00:00
[2022-08-17 07:15:50,510] {processor.py:161} INFO - Processing /home/airflow/.local/lib/python3.7/site-packages/airflow/example_dags/example_task_group.py took 0.248 seconds
[2022-08-17 07:16:21,332] {processor.py:153} INFO - Started process (PID=250) to work on /home/airflow/.local/lib/python3.7/site-packages/airflow/example_dags/example_task_group.py
[2022-08-17 07:16:21,334] {processor.py:641} INFO - Processing file /home/airflow/.local/lib/python3.7/site-packages/airflow/example_dags/example_task_group.py for tasks to queue
[2022-08-17 07:16:21,335] {logging_mixin.py:115} INFO - [2022-08-17 07:16:21,335] {dagbag.py:508} INFO - Filling up the DagBag from /home/airflow/.local/lib/python3.7/site-packages/airflow/example_dags/example_task_group.py
[2022-08-17 07:16:21,349] {processor.py:651} INFO - DAG(s) dict_keys(['example_task_group']) retrieved from /home/airflow/.local/lib/python3.7/site-packages/airflow/example_dags/example_task_group.py
[2022-08-17 07:16:21,494] {logging_mixin.py:115} INFO - [2022-08-17 07:16:21,494] {dag.py:2420} INFO - Sync 1 DAGs
[2022-08-17 07:16:21,514] {logging_mixin.py:115} INFO - [2022-08-17 07:16:21,514] {dag.py:2972} INFO - Setting next_dagrun for example_task_group to 2022-08-16T07:16:21.514396+00:00, run_after=2022-08-17T07:16:21.514396+00:00
[2022-08-17 07:16:21,525] {processor.py:161} INFO - Processing /home/airflow/.local/lib/python3.7/site-packages/airflow/example_dags/example_task_group.py took 0.197 seconds
[2022-08-17 07:16:52,176] {processor.py:153} INFO - Started process (PID=317) to work on /home/airflow/.local/lib/python3.7/site-packages/airflow/example_dags/example_task_group.py
[2022-08-17 07:16:52,177] {processor.py:641} INFO - Processing file /home/airflow/.local/lib/python3.7/site-packages/airflow/example_dags/example_task_group.py for tasks to queue
[2022-08-17 07:16:52,177] {logging_mixin.py:115} INFO - [2022-08-17 07:16:52,177] {dagbag.py:508} INFO - Filling up the DagBag from /home/airflow/.local/lib/python3.7/site-packages/airflow/example_dags/example_task_group.py
[2022-08-17 07:16:52,191] {processor.py:651} INFO - DAG(s) dict_keys(['example_task_group']) retrieved from /home/airflow/.local/lib/python3.7/site-packages/airflow/example_dags/example_task_group.py
[2022-08-17 07:16:52,349] {logging_mixin.py:115} INFO - [2022-08-17 07:16:52,349] {dag.py:2420} INFO - Sync 1 DAGs
[2022-08-17 07:16:52,374] {logging_mixin.py:115} INFO - [2022-08-17 07:16:52,374] {dag.py:2972} INFO - Setting next_dagrun for example_task_group to 2022-08-16T07:16:52.373814+00:00, run_after=2022-08-17T07:16:52.373814+00:00
[2022-08-17 07:16:52,388] {processor.py:161} INFO - Processing /home/airflow/.local/lib/python3.7/site-packages/airflow/example_dags/example_task_group.py took 0.216 seconds
[2022-08-17 07:17:22,967] {processor.py:153} INFO - Started process (PID=383) to work on /home/airflow/.local/lib/python3.7/site-packages/airflow/example_dags/example_task_group.py
[2022-08-17 07:17:22,968] {processor.py:641} INFO - Processing file /home/airflow/.local/lib/python3.7/site-packages/airflow/example_dags/example_task_group.py for tasks to queue
[2022-08-17 07:17:22,969] {logging_mixin.py:115} INFO - [2022-08-17 07:17:22,969] {dagbag.py:508} INFO - Filling up the DagBag from /home/airflow/.local/lib/python3.7/site-packages/airflow/example_dags/example_task_group.py
[2022-08-17 07:17:22,985] {processor.py:651} INFO - DAG(s) dict_keys(['example_task_group']) retrieved from /home/airflow/.local/lib/python3.7/site-packages/airflow/example_dags/example_task_group.py
[2022-08-17 07:17:23,155] {logging_mixin.py:115} INFO - [2022-08-17 07:17:23,155] {dag.py:2420} INFO - Sync 1 DAGs
[2022-08-17 07:17:23,183] {logging_mixin.py:115} INFO - [2022-08-17 07:17:23,183] {dag.py:2972} INFO - Setting next_dagrun for example_task_group to 2022-08-16T07:17:23.182896+00:00, run_after=2022-08-17T07:17:23.182896+00:00
[2022-08-17 07:17:23,195] {processor.py:161} INFO - Processing /home/airflow/.local/lib/python3.7/site-packages/airflow/example_dags/example_task_group.py took 0.234 seconds
