[2022-08-17 07:14:48,385] {processor.py:153} INFO - Started process (PID=66) to work on /home/airflow/.local/lib/python3.7/site-packages/airflow/example_dags/example_dag_decorator.py
[2022-08-17 07:14:48,386] {processor.py:641} INFO - Processing file /home/airflow/.local/lib/python3.7/site-packages/airflow/example_dags/example_dag_decorator.py for tasks to queue
[2022-08-17 07:14:48,387] {logging_mixin.py:115} INFO - [2022-08-17 07:14:48,387] {dagbag.py:508} INFO - Filling up the DagBag from /home/airflow/.local/lib/python3.7/site-packages/airflow/example_dags/example_dag_decorator.py
[2022-08-17 07:14:48,531] {processor.py:651} INFO - DAG(s) dict_keys(['example_dag_decorator']) retrieved from /home/airflow/.local/lib/python3.7/site-packages/airflow/example_dags/example_dag_decorator.py
[2022-08-17 07:14:48,596] {logging_mixin.py:115} INFO - [2022-08-17 07:14:48,596] {dag.py:2420} INFO - Sync 1 DAGs
[2022-08-17 07:14:48,618] {logging_mixin.py:115} INFO - [2022-08-17 07:14:48,618] {dag.py:2972} INFO - Setting next_dagrun for example_dag_decorator to None, run_after=None
[2022-08-17 07:14:48,634] {processor.py:161} INFO - Processing /home/airflow/.local/lib/python3.7/site-packages/airflow/example_dags/example_dag_decorator.py took 0.252 seconds
[2022-08-17 07:15:19,071] {processor.py:153} INFO - Started process (PID=126) to work on /home/airflow/.local/lib/python3.7/site-packages/airflow/example_dags/example_dag_decorator.py
[2022-08-17 07:15:19,072] {processor.py:641} INFO - Processing file /home/airflow/.local/lib/python3.7/site-packages/airflow/example_dags/example_dag_decorator.py for tasks to queue
[2022-08-17 07:15:19,075] {logging_mixin.py:115} INFO - [2022-08-17 07:15:19,075] {dagbag.py:508} INFO - Filling up the DagBag from /home/airflow/.local/lib/python3.7/site-packages/airflow/example_dags/example_dag_decorator.py
[2022-08-17 07:15:19,234] {processor.py:651} INFO - DAG(s) dict_keys(['example_dag_decorator']) retrieved from /home/airflow/.local/lib/python3.7/site-packages/airflow/example_dags/example_dag_decorator.py
[2022-08-17 07:15:19,315] {logging_mixin.py:115} INFO - [2022-08-17 07:15:19,315] {dag.py:2420} INFO - Sync 1 DAGs
[2022-08-17 07:15:19,341] {logging_mixin.py:115} INFO - [2022-08-17 07:15:19,341] {dag.py:2972} INFO - Setting next_dagrun for example_dag_decorator to None, run_after=None
[2022-08-17 07:15:19,355] {processor.py:161} INFO - Processing /home/airflow/.local/lib/python3.7/site-packages/airflow/example_dags/example_dag_decorator.py took 0.287 seconds
[2022-08-17 07:15:50,153] {processor.py:153} INFO - Started process (PID=192) to work on /home/airflow/.local/lib/python3.7/site-packages/airflow/example_dags/example_dag_decorator.py
[2022-08-17 07:15:50,154] {processor.py:641} INFO - Processing file /home/airflow/.local/lib/python3.7/site-packages/airflow/example_dags/example_dag_decorator.py for tasks to queue
[2022-08-17 07:15:50,155] {logging_mixin.py:115} INFO - [2022-08-17 07:15:50,155] {dagbag.py:508} INFO - Filling up the DagBag from /home/airflow/.local/lib/python3.7/site-packages/airflow/example_dags/example_dag_decorator.py
[2022-08-17 07:15:50,332] {processor.py:651} INFO - DAG(s) dict_keys(['example_dag_decorator']) retrieved from /home/airflow/.local/lib/python3.7/site-packages/airflow/example_dags/example_dag_decorator.py
[2022-08-17 07:15:50,414] {logging_mixin.py:115} INFO - [2022-08-17 07:15:50,413] {dag.py:2420} INFO - Sync 1 DAGs
[2022-08-17 07:15:50,443] {logging_mixin.py:115} INFO - [2022-08-17 07:15:50,443] {dag.py:2972} INFO - Setting next_dagrun for example_dag_decorator to None, run_after=None
[2022-08-17 07:15:50,463] {processor.py:161} INFO - Processing /home/airflow/.local/lib/python3.7/site-packages/airflow/example_dags/example_dag_decorator.py took 0.313 seconds
[2022-08-17 07:16:21,278] {processor.py:153} INFO - Started process (PID=249) to work on /home/airflow/.local/lib/python3.7/site-packages/airflow/example_dags/example_dag_decorator.py
[2022-08-17 07:16:21,279] {processor.py:641} INFO - Processing file /home/airflow/.local/lib/python3.7/site-packages/airflow/example_dags/example_dag_decorator.py for tasks to queue
[2022-08-17 07:16:21,279] {logging_mixin.py:115} INFO - [2022-08-17 07:16:21,279] {dagbag.py:508} INFO - Filling up the DagBag from /home/airflow/.local/lib/python3.7/site-packages/airflow/example_dags/example_dag_decorator.py
[2022-08-17 07:16:21,446] {processor.py:651} INFO - DAG(s) dict_keys(['example_dag_decorator']) retrieved from /home/airflow/.local/lib/python3.7/site-packages/airflow/example_dags/example_dag_decorator.py
[2022-08-17 07:16:21,509] {logging_mixin.py:115} INFO - [2022-08-17 07:16:21,509] {dag.py:2420} INFO - Sync 1 DAGs
[2022-08-17 07:16:21,533] {logging_mixin.py:115} INFO - [2022-08-17 07:16:21,533] {dag.py:2972} INFO - Setting next_dagrun for example_dag_decorator to None, run_after=None
[2022-08-17 07:16:21,550] {processor.py:161} INFO - Processing /home/airflow/.local/lib/python3.7/site-packages/airflow/example_dags/example_dag_decorator.py took 0.276 seconds
[2022-08-17 07:16:52,121] {processor.py:153} INFO - Started process (PID=316) to work on /home/airflow/.local/lib/python3.7/site-packages/airflow/example_dags/example_dag_decorator.py
[2022-08-17 07:16:52,122] {processor.py:641} INFO - Processing file /home/airflow/.local/lib/python3.7/site-packages/airflow/example_dags/example_dag_decorator.py for tasks to queue
[2022-08-17 07:16:52,122] {logging_mixin.py:115} INFO - [2022-08-17 07:16:52,122] {dagbag.py:508} INFO - Filling up the DagBag from /home/airflow/.local/lib/python3.7/site-packages/airflow/example_dags/example_dag_decorator.py
[2022-08-17 07:16:52,299] {processor.py:651} INFO - DAG(s) dict_keys(['example_dag_decorator']) retrieved from /home/airflow/.local/lib/python3.7/site-packages/airflow/example_dags/example_dag_decorator.py
[2022-08-17 07:16:52,368] {logging_mixin.py:115} INFO - [2022-08-17 07:16:52,368] {dag.py:2420} INFO - Sync 1 DAGs
[2022-08-17 07:16:52,394] {logging_mixin.py:115} INFO - [2022-08-17 07:16:52,394] {dag.py:2972} INFO - Setting next_dagrun for example_dag_decorator to None, run_after=None
[2022-08-17 07:16:52,410] {processor.py:161} INFO - Processing /home/airflow/.local/lib/python3.7/site-packages/airflow/example_dags/example_dag_decorator.py took 0.294 seconds
[2022-08-17 07:17:22,951] {processor.py:153} INFO - Started process (PID=382) to work on /home/airflow/.local/lib/python3.7/site-packages/airflow/example_dags/example_dag_decorator.py
[2022-08-17 07:17:22,952] {processor.py:641} INFO - Processing file /home/airflow/.local/lib/python3.7/site-packages/airflow/example_dags/example_dag_decorator.py for tasks to queue
[2022-08-17 07:17:22,953] {logging_mixin.py:115} INFO - [2022-08-17 07:17:22,953] {dagbag.py:508} INFO - Filling up the DagBag from /home/airflow/.local/lib/python3.7/site-packages/airflow/example_dags/example_dag_decorator.py
[2022-08-17 07:17:23,120] {processor.py:651} INFO - DAG(s) dict_keys(['example_dag_decorator']) retrieved from /home/airflow/.local/lib/python3.7/site-packages/airflow/example_dags/example_dag_decorator.py
[2022-08-17 07:17:23,196] {logging_mixin.py:115} INFO - [2022-08-17 07:17:23,196] {dag.py:2420} INFO - Sync 1 DAGs
[2022-08-17 07:17:23,225] {logging_mixin.py:115} INFO - [2022-08-17 07:17:23,225] {dag.py:2972} INFO - Setting next_dagrun for example_dag_decorator to None, run_after=None
[2022-08-17 07:17:23,240] {processor.py:161} INFO - Processing /home/airflow/.local/lib/python3.7/site-packages/airflow/example_dags/example_dag_decorator.py took 0.293 seconds
