[2022-08-17 07:14:49,247] {processor.py:153} INFO - Started process (PID=76) to work on /home/airflow/.local/lib/python3.7/site-packages/airflow/example_dags/example_branch_day_of_week_operator.py
[2022-08-17 07:14:49,248] {processor.py:641} INFO - Processing file /home/airflow/.local/lib/python3.7/site-packages/airflow/example_dags/example_branch_day_of_week_operator.py for tasks to queue
[2022-08-17 07:14:49,249] {logging_mixin.py:115} INFO - [2022-08-17 07:14:49,249] {dagbag.py:508} INFO - Filling up the DagBag from /home/airflow/.local/lib/python3.7/site-packages/airflow/example_dags/example_branch_day_of_week_operator.py
[2022-08-17 07:14:49,263] {processor.py:651} INFO - DAG(s) dict_keys(['example_weekday_branch_operator']) retrieved from /home/airflow/.local/lib/python3.7/site-packages/airflow/example_dags/example_branch_day_of_week_operator.py
[2022-08-17 07:14:49,453] {logging_mixin.py:115} INFO - [2022-08-17 07:14:49,453] {dag.py:2420} INFO - Sync 1 DAGs
[2022-08-17 07:14:49,487] {logging_mixin.py:115} INFO - [2022-08-17 07:14:49,487] {dag.py:2972} INFO - Setting next_dagrun for example_weekday_branch_operator to 2022-08-16T00:00:00+00:00, run_after=2022-08-17T00:00:00+00:00
[2022-08-17 07:14:49,504] {processor.py:161} INFO - Processing /home/airflow/.local/lib/python3.7/site-packages/airflow/example_dags/example_branch_day_of_week_operator.py took 0.260 seconds
[2022-08-17 07:15:19,997] {processor.py:153} INFO - Started process (PID=133) to work on /home/airflow/.local/lib/python3.7/site-packages/airflow/example_dags/example_branch_day_of_week_operator.py
[2022-08-17 07:15:19,998] {processor.py:641} INFO - Processing file /home/airflow/.local/lib/python3.7/site-packages/airflow/example_dags/example_branch_day_of_week_operator.py for tasks to queue
[2022-08-17 07:15:19,999] {logging_mixin.py:115} INFO - [2022-08-17 07:15:19,998] {dagbag.py:508} INFO - Filling up the DagBag from /home/airflow/.local/lib/python3.7/site-packages/airflow/example_dags/example_branch_day_of_week_operator.py
[2022-08-17 07:15:20,013] {processor.py:651} INFO - DAG(s) dict_keys(['example_weekday_branch_operator']) retrieved from /home/airflow/.local/lib/python3.7/site-packages/airflow/example_dags/example_branch_day_of_week_operator.py
[2022-08-17 07:15:20,194] {logging_mixin.py:115} INFO - [2022-08-17 07:15:20,194] {dag.py:2420} INFO - Sync 1 DAGs
[2022-08-17 07:15:20,222] {logging_mixin.py:115} INFO - [2022-08-17 07:15:20,221] {dag.py:2972} INFO - Setting next_dagrun for example_weekday_branch_operator to 2022-08-16T00:00:00+00:00, run_after=2022-08-17T00:00:00+00:00
[2022-08-17 07:15:20,233] {processor.py:161} INFO - Processing /home/airflow/.local/lib/python3.7/site-packages/airflow/example_dags/example_branch_day_of_week_operator.py took 0.240 seconds
[2022-08-17 07:15:51,048] {processor.py:153} INFO - Started process (PID=199) to work on /home/airflow/.local/lib/python3.7/site-packages/airflow/example_dags/example_branch_day_of_week_operator.py
[2022-08-17 07:15:51,049] {processor.py:641} INFO - Processing file /home/airflow/.local/lib/python3.7/site-packages/airflow/example_dags/example_branch_day_of_week_operator.py for tasks to queue
[2022-08-17 07:15:51,050] {logging_mixin.py:115} INFO - [2022-08-17 07:15:51,049] {dagbag.py:508} INFO - Filling up the DagBag from /home/airflow/.local/lib/python3.7/site-packages/airflow/example_dags/example_branch_day_of_week_operator.py
[2022-08-17 07:15:51,062] {processor.py:651} INFO - DAG(s) dict_keys(['example_weekday_branch_operator']) retrieved from /home/airflow/.local/lib/python3.7/site-packages/airflow/example_dags/example_branch_day_of_week_operator.py
[2022-08-17 07:15:51,212] {logging_mixin.py:115} INFO - [2022-08-17 07:15:51,212] {dag.py:2420} INFO - Sync 1 DAGs
[2022-08-17 07:15:51,238] {logging_mixin.py:115} INFO - [2022-08-17 07:15:51,238] {dag.py:2972} INFO - Setting next_dagrun for example_weekday_branch_operator to 2022-08-16T00:00:00+00:00, run_after=2022-08-17T00:00:00+00:00
[2022-08-17 07:15:51,255] {processor.py:161} INFO - Processing /home/airflow/.local/lib/python3.7/site-packages/airflow/example_dags/example_branch_day_of_week_operator.py took 0.211 seconds
[2022-08-17 07:16:22,484] {processor.py:153} INFO - Started process (PID=256) to work on /home/airflow/.local/lib/python3.7/site-packages/airflow/example_dags/example_branch_day_of_week_operator.py
[2022-08-17 07:16:22,485] {processor.py:641} INFO - Processing file /home/airflow/.local/lib/python3.7/site-packages/airflow/example_dags/example_branch_day_of_week_operator.py for tasks to queue
[2022-08-17 07:16:22,486] {logging_mixin.py:115} INFO - [2022-08-17 07:16:22,486] {dagbag.py:508} INFO - Filling up the DagBag from /home/airflow/.local/lib/python3.7/site-packages/airflow/example_dags/example_branch_day_of_week_operator.py
[2022-08-17 07:16:22,504] {processor.py:651} INFO - DAG(s) dict_keys(['example_weekday_branch_operator']) retrieved from /home/airflow/.local/lib/python3.7/site-packages/airflow/example_dags/example_branch_day_of_week_operator.py
[2022-08-17 07:16:22,664] {logging_mixin.py:115} INFO - [2022-08-17 07:16:22,664] {dag.py:2420} INFO - Sync 1 DAGs
[2022-08-17 07:16:22,691] {logging_mixin.py:115} INFO - [2022-08-17 07:16:22,691] {dag.py:2972} INFO - Setting next_dagrun for example_weekday_branch_operator to 2022-08-16T00:00:00+00:00, run_after=2022-08-17T00:00:00+00:00
[2022-08-17 07:16:22,703] {processor.py:161} INFO - Processing /home/airflow/.local/lib/python3.7/site-packages/airflow/example_dags/example_branch_day_of_week_operator.py took 0.223 seconds
[2022-08-17 07:16:53,203] {processor.py:153} INFO - Started process (PID=323) to work on /home/airflow/.local/lib/python3.7/site-packages/airflow/example_dags/example_branch_day_of_week_operator.py
[2022-08-17 07:16:53,204] {processor.py:641} INFO - Processing file /home/airflow/.local/lib/python3.7/site-packages/airflow/example_dags/example_branch_day_of_week_operator.py for tasks to queue
[2022-08-17 07:16:53,205] {logging_mixin.py:115} INFO - [2022-08-17 07:16:53,205] {dagbag.py:508} INFO - Filling up the DagBag from /home/airflow/.local/lib/python3.7/site-packages/airflow/example_dags/example_branch_day_of_week_operator.py
[2022-08-17 07:16:53,219] {processor.py:651} INFO - DAG(s) dict_keys(['example_weekday_branch_operator']) retrieved from /home/airflow/.local/lib/python3.7/site-packages/airflow/example_dags/example_branch_day_of_week_operator.py
[2022-08-17 07:16:53,494] {logging_mixin.py:115} INFO - [2022-08-17 07:16:53,494] {dag.py:2420} INFO - Sync 1 DAGs
[2022-08-17 07:16:53,525] {logging_mixin.py:115} INFO - [2022-08-17 07:16:53,525] {dag.py:2972} INFO - Setting next_dagrun for example_weekday_branch_operator to 2022-08-16T00:00:00+00:00, run_after=2022-08-17T00:00:00+00:00
[2022-08-17 07:16:53,540] {processor.py:161} INFO - Processing /home/airflow/.local/lib/python3.7/site-packages/airflow/example_dags/example_branch_day_of_week_operator.py took 0.341 seconds
[2022-08-17 07:17:23,767] {processor.py:153} INFO - Started process (PID=389) to work on /home/airflow/.local/lib/python3.7/site-packages/airflow/example_dags/example_branch_day_of_week_operator.py
[2022-08-17 07:17:23,768] {processor.py:641} INFO - Processing file /home/airflow/.local/lib/python3.7/site-packages/airflow/example_dags/example_branch_day_of_week_operator.py for tasks to queue
[2022-08-17 07:17:23,769] {logging_mixin.py:115} INFO - [2022-08-17 07:17:23,769] {dagbag.py:508} INFO - Filling up the DagBag from /home/airflow/.local/lib/python3.7/site-packages/airflow/example_dags/example_branch_day_of_week_operator.py
[2022-08-17 07:17:23,783] {processor.py:651} INFO - DAG(s) dict_keys(['example_weekday_branch_operator']) retrieved from /home/airflow/.local/lib/python3.7/site-packages/airflow/example_dags/example_branch_day_of_week_operator.py
[2022-08-17 07:17:23,957] {logging_mixin.py:115} INFO - [2022-08-17 07:17:23,957] {dag.py:2420} INFO - Sync 1 DAGs
[2022-08-17 07:17:23,984] {logging_mixin.py:115} INFO - [2022-08-17 07:17:23,984] {dag.py:2972} INFO - Setting next_dagrun for example_weekday_branch_operator to 2022-08-16T00:00:00+00:00, run_after=2022-08-17T00:00:00+00:00
[2022-08-17 07:17:23,998] {processor.py:161} INFO - Processing /home/airflow/.local/lib/python3.7/site-packages/airflow/example_dags/example_branch_day_of_week_operator.py took 0.235 seconds
