[2022-08-17 07:14:50,906] {processor.py:153} INFO - Started process (PID=87) to work on /home/airflow/.local/lib/python3.7/site-packages/airflow/example_dags/example_branch_python_dop_operator_3.py
[2022-08-17 07:14:50,907] {processor.py:641} INFO - Processing file /home/airflow/.local/lib/python3.7/site-packages/airflow/example_dags/example_branch_python_dop_operator_3.py for tasks to queue
[2022-08-17 07:14:50,908] {logging_mixin.py:115} INFO - [2022-08-17 07:14:50,908] {dagbag.py:508} INFO - Filling up the DagBag from /home/airflow/.local/lib/python3.7/site-packages/airflow/example_dags/example_branch_python_dop_operator_3.py
[2022-08-17 07:14:50,920] {processor.py:651} INFO - DAG(s) dict_keys(['example_branch_dop_operator_v3']) retrieved from /home/airflow/.local/lib/python3.7/site-packages/airflow/example_dags/example_branch_python_dop_operator_3.py
[2022-08-17 07:14:51,079] {logging_mixin.py:115} INFO - [2022-08-17 07:14:51,079] {dag.py:2420} INFO - Sync 1 DAGs
[2022-08-17 07:14:51,109] {logging_mixin.py:115} INFO - [2022-08-17 07:14:51,109] {dag.py:2972} INFO - Setting next_dagrun for example_branch_dop_operator_v3 to 2022-08-17T07:13:00+00:00, run_after=2022-08-17T07:14:00+00:00
[2022-08-17 07:14:51,122] {processor.py:161} INFO - Processing /home/airflow/.local/lib/python3.7/site-packages/airflow/example_dags/example_branch_python_dop_operator_3.py took 0.219 seconds
[2022-08-17 07:15:21,936] {processor.py:153} INFO - Started process (PID=144) to work on /home/airflow/.local/lib/python3.7/site-packages/airflow/example_dags/example_branch_python_dop_operator_3.py
[2022-08-17 07:15:21,937] {processor.py:641} INFO - Processing file /home/airflow/.local/lib/python3.7/site-packages/airflow/example_dags/example_branch_python_dop_operator_3.py for tasks to queue
[2022-08-17 07:15:21,938] {logging_mixin.py:115} INFO - [2022-08-17 07:15:21,938] {dagbag.py:508} INFO - Filling up the DagBag from /home/airflow/.local/lib/python3.7/site-packages/airflow/example_dags/example_branch_python_dop_operator_3.py
[2022-08-17 07:15:21,956] {processor.py:651} INFO - DAG(s) dict_keys(['example_branch_dop_operator_v3']) retrieved from /home/airflow/.local/lib/python3.7/site-packages/airflow/example_dags/example_branch_python_dop_operator_3.py
[2022-08-17 07:15:22,140] {logging_mixin.py:115} INFO - [2022-08-17 07:15:22,140] {dag.py:2420} INFO - Sync 1 DAGs
[2022-08-17 07:15:22,179] {logging_mixin.py:115} INFO - [2022-08-17 07:15:22,179] {dag.py:2972} INFO - Setting next_dagrun for example_branch_dop_operator_v3 to 2022-08-17T07:14:00+00:00, run_after=2022-08-17T07:15:00+00:00
[2022-08-17 07:15:22,199] {processor.py:161} INFO - Processing /home/airflow/.local/lib/python3.7/site-packages/airflow/example_dags/example_branch_python_dop_operator_3.py took 0.266 seconds
[2022-08-17 07:15:52,550] {processor.py:153} INFO - Started process (PID=210) to work on /home/airflow/.local/lib/python3.7/site-packages/airflow/example_dags/example_branch_python_dop_operator_3.py
[2022-08-17 07:15:52,551] {processor.py:641} INFO - Processing file /home/airflow/.local/lib/python3.7/site-packages/airflow/example_dags/example_branch_python_dop_operator_3.py for tasks to queue
[2022-08-17 07:15:52,552] {logging_mixin.py:115} INFO - [2022-08-17 07:15:52,551] {dagbag.py:508} INFO - Filling up the DagBag from /home/airflow/.local/lib/python3.7/site-packages/airflow/example_dags/example_branch_python_dop_operator_3.py
[2022-08-17 07:15:52,565] {processor.py:651} INFO - DAG(s) dict_keys(['example_branch_dop_operator_v3']) retrieved from /home/airflow/.local/lib/python3.7/site-packages/airflow/example_dags/example_branch_python_dop_operator_3.py
[2022-08-17 07:15:52,712] {logging_mixin.py:115} INFO - [2022-08-17 07:15:52,712] {dag.py:2420} INFO - Sync 1 DAGs
[2022-08-17 07:15:52,746] {logging_mixin.py:115} INFO - [2022-08-17 07:15:52,746] {dag.py:2972} INFO - Setting next_dagrun for example_branch_dop_operator_v3 to 2022-08-17T07:14:00+00:00, run_after=2022-08-17T07:15:00+00:00
[2022-08-17 07:15:52,761] {processor.py:161} INFO - Processing /home/airflow/.local/lib/python3.7/site-packages/airflow/example_dags/example_branch_python_dop_operator_3.py took 0.215 seconds
[2022-08-17 07:16:24,121] {processor.py:153} INFO - Started process (PID=276) to work on /home/airflow/.local/lib/python3.7/site-packages/airflow/example_dags/example_branch_python_dop_operator_3.py
[2022-08-17 07:16:24,122] {processor.py:641} INFO - Processing file /home/airflow/.local/lib/python3.7/site-packages/airflow/example_dags/example_branch_python_dop_operator_3.py for tasks to queue
[2022-08-17 07:16:24,123] {logging_mixin.py:115} INFO - [2022-08-17 07:16:24,123] {dagbag.py:508} INFO - Filling up the DagBag from /home/airflow/.local/lib/python3.7/site-packages/airflow/example_dags/example_branch_python_dop_operator_3.py
[2022-08-17 07:16:24,140] {processor.py:651} INFO - DAG(s) dict_keys(['example_branch_dop_operator_v3']) retrieved from /home/airflow/.local/lib/python3.7/site-packages/airflow/example_dags/example_branch_python_dop_operator_3.py
[2022-08-17 07:16:24,291] {logging_mixin.py:115} INFO - [2022-08-17 07:16:24,291] {dag.py:2420} INFO - Sync 1 DAGs
[2022-08-17 07:16:24,329] {logging_mixin.py:115} INFO - [2022-08-17 07:16:24,328] {dag.py:2972} INFO - Setting next_dagrun for example_branch_dop_operator_v3 to 2022-08-17T07:15:00+00:00, run_after=2022-08-17T07:16:00+00:00
[2022-08-17 07:16:24,347] {processor.py:161} INFO - Processing /home/airflow/.local/lib/python3.7/site-packages/airflow/example_dags/example_branch_python_dop_operator_3.py took 0.230 seconds
[2022-08-17 07:16:54,650] {processor.py:153} INFO - Started process (PID=334) to work on /home/airflow/.local/lib/python3.7/site-packages/airflow/example_dags/example_branch_python_dop_operator_3.py
[2022-08-17 07:16:54,650] {processor.py:641} INFO - Processing file /home/airflow/.local/lib/python3.7/site-packages/airflow/example_dags/example_branch_python_dop_operator_3.py for tasks to queue
[2022-08-17 07:16:54,651] {logging_mixin.py:115} INFO - [2022-08-17 07:16:54,651] {dagbag.py:508} INFO - Filling up the DagBag from /home/airflow/.local/lib/python3.7/site-packages/airflow/example_dags/example_branch_python_dop_operator_3.py
[2022-08-17 07:16:54,664] {processor.py:651} INFO - DAG(s) dict_keys(['example_branch_dop_operator_v3']) retrieved from /home/airflow/.local/lib/python3.7/site-packages/airflow/example_dags/example_branch_python_dop_operator_3.py
[2022-08-17 07:16:54,811] {logging_mixin.py:115} INFO - [2022-08-17 07:16:54,811] {dag.py:2420} INFO - Sync 1 DAGs
[2022-08-17 07:16:54,839] {logging_mixin.py:115} INFO - [2022-08-17 07:16:54,839] {dag.py:2972} INFO - Setting next_dagrun for example_branch_dop_operator_v3 to 2022-08-17T07:15:00+00:00, run_after=2022-08-17T07:16:00+00:00
[2022-08-17 07:16:54,851] {processor.py:161} INFO - Processing /home/airflow/.local/lib/python3.7/site-packages/airflow/example_dags/example_branch_python_dop_operator_3.py took 0.205 seconds
[2022-08-17 07:17:25,440] {processor.py:153} INFO - Started process (PID=400) to work on /home/airflow/.local/lib/python3.7/site-packages/airflow/example_dags/example_branch_python_dop_operator_3.py
[2022-08-17 07:17:25,441] {processor.py:641} INFO - Processing file /home/airflow/.local/lib/python3.7/site-packages/airflow/example_dags/example_branch_python_dop_operator_3.py for tasks to queue
[2022-08-17 07:17:25,441] {logging_mixin.py:115} INFO - [2022-08-17 07:17:25,441] {dagbag.py:508} INFO - Filling up the DagBag from /home/airflow/.local/lib/python3.7/site-packages/airflow/example_dags/example_branch_python_dop_operator_3.py
[2022-08-17 07:17:25,459] {processor.py:651} INFO - DAG(s) dict_keys(['example_branch_dop_operator_v3']) retrieved from /home/airflow/.local/lib/python3.7/site-packages/airflow/example_dags/example_branch_python_dop_operator_3.py
[2022-08-17 07:17:25,617] {logging_mixin.py:115} INFO - [2022-08-17 07:17:25,617] {dag.py:2420} INFO - Sync 1 DAGs
[2022-08-17 07:17:25,650] {logging_mixin.py:115} INFO - [2022-08-17 07:17:25,650] {dag.py:2972} INFO - Setting next_dagrun for example_branch_dop_operator_v3 to 2022-08-17T07:16:00+00:00, run_after=2022-08-17T07:17:00+00:00
[2022-08-17 07:17:25,663] {processor.py:161} INFO - Processing /home/airflow/.local/lib/python3.7/site-packages/airflow/example_dags/example_branch_python_dop_operator_3.py took 0.227 seconds
