[2022-08-17 07:14:50,627] {processor.py:153} INFO - Started process (PID=85) to work on /home/airflow/.local/lib/python3.7/site-packages/airflow/example_dags/example_branch_datetime_operator.py
[2022-08-17 07:14:50,628] {processor.py:641} INFO - Processing file /home/airflow/.local/lib/python3.7/site-packages/airflow/example_dags/example_branch_datetime_operator.py for tasks to queue
[2022-08-17 07:14:50,629] {logging_mixin.py:115} INFO - [2022-08-17 07:14:50,629] {dagbag.py:508} INFO - Filling up the DagBag from /home/airflow/.local/lib/python3.7/site-packages/airflow/example_dags/example_branch_datetime_operator.py
[2022-08-17 07:14:50,646] {processor.py:651} INFO - DAG(s) dict_keys(['example_branch_datetime_operator', 'example_branch_datetime_operator_2']) retrieved from /home/airflow/.local/lib/python3.7/site-packages/airflow/example_dags/example_branch_datetime_operator.py
[2022-08-17 07:14:50,822] {logging_mixin.py:115} INFO - [2022-08-17 07:14:50,822] {dag.py:2420} INFO - Sync 2 DAGs
[2022-08-17 07:14:50,855] {logging_mixin.py:115} INFO - [2022-08-17 07:14:50,854] {dag.py:2972} INFO - Setting next_dagrun for example_branch_datetime_operator to 2022-08-16T00:00:00+00:00, run_after=2022-08-17T00:00:00+00:00
[2022-08-17 07:14:50,859] {logging_mixin.py:115} INFO - [2022-08-17 07:14:50,859] {dag.py:2972} INFO - Setting next_dagrun for example_branch_datetime_operator_2 to 2022-08-16T00:00:00+00:00, run_after=2022-08-17T00:00:00+00:00
[2022-08-17 07:14:50,878] {processor.py:161} INFO - Processing /home/airflow/.local/lib/python3.7/site-packages/airflow/example_dags/example_branch_datetime_operator.py took 0.256 seconds
[2022-08-17 07:15:21,197] {processor.py:153} INFO - Started process (PID=142) to work on /home/airflow/.local/lib/python3.7/site-packages/airflow/example_dags/example_branch_datetime_operator.py
[2022-08-17 07:15:21,198] {processor.py:641} INFO - Processing file /home/airflow/.local/lib/python3.7/site-packages/airflow/example_dags/example_branch_datetime_operator.py for tasks to queue
[2022-08-17 07:15:21,199] {logging_mixin.py:115} INFO - [2022-08-17 07:15:21,199] {dagbag.py:508} INFO - Filling up the DagBag from /home/airflow/.local/lib/python3.7/site-packages/airflow/example_dags/example_branch_datetime_operator.py
[2022-08-17 07:15:21,218] {processor.py:651} INFO - DAG(s) dict_keys(['example_branch_datetime_operator', 'example_branch_datetime_operator_2']) retrieved from /home/airflow/.local/lib/python3.7/site-packages/airflow/example_dags/example_branch_datetime_operator.py
[2022-08-17 07:15:21,418] {logging_mixin.py:115} INFO - [2022-08-17 07:15:21,418] {dag.py:2420} INFO - Sync 2 DAGs
[2022-08-17 07:15:21,449] {logging_mixin.py:115} INFO - [2022-08-17 07:15:21,448] {dag.py:2972} INFO - Setting next_dagrun for example_branch_datetime_operator to 2022-08-16T00:00:00+00:00, run_after=2022-08-17T00:00:00+00:00
[2022-08-17 07:15:21,452] {logging_mixin.py:115} INFO - [2022-08-17 07:15:21,452] {dag.py:2972} INFO - Setting next_dagrun for example_branch_datetime_operator_2 to 2022-08-16T00:00:00+00:00, run_after=2022-08-17T00:00:00+00:00
[2022-08-17 07:15:21,468] {processor.py:161} INFO - Processing /home/airflow/.local/lib/python3.7/site-packages/airflow/example_dags/example_branch_datetime_operator.py took 0.276 seconds
[2022-08-17 07:15:52,273] {processor.py:153} INFO - Started process (PID=208) to work on /home/airflow/.local/lib/python3.7/site-packages/airflow/example_dags/example_branch_datetime_operator.py
[2022-08-17 07:15:52,273] {processor.py:641} INFO - Processing file /home/airflow/.local/lib/python3.7/site-packages/airflow/example_dags/example_branch_datetime_operator.py for tasks to queue
[2022-08-17 07:15:52,274] {logging_mixin.py:115} INFO - [2022-08-17 07:15:52,274] {dagbag.py:508} INFO - Filling up the DagBag from /home/airflow/.local/lib/python3.7/site-packages/airflow/example_dags/example_branch_datetime_operator.py
[2022-08-17 07:15:52,292] {processor.py:651} INFO - DAG(s) dict_keys(['example_branch_datetime_operator', 'example_branch_datetime_operator_2']) retrieved from /home/airflow/.local/lib/python3.7/site-packages/airflow/example_dags/example_branch_datetime_operator.py
[2022-08-17 07:15:52,470] {logging_mixin.py:115} INFO - [2022-08-17 07:15:52,470] {dag.py:2420} INFO - Sync 2 DAGs
[2022-08-17 07:15:52,499] {logging_mixin.py:115} INFO - [2022-08-17 07:15:52,499] {dag.py:2972} INFO - Setting next_dagrun for example_branch_datetime_operator to 2022-08-16T00:00:00+00:00, run_after=2022-08-17T00:00:00+00:00
[2022-08-17 07:15:52,502] {logging_mixin.py:115} INFO - [2022-08-17 07:15:52,502] {dag.py:2972} INFO - Setting next_dagrun for example_branch_datetime_operator_2 to 2022-08-16T00:00:00+00:00, run_after=2022-08-17T00:00:00+00:00
[2022-08-17 07:15:52,521] {processor.py:161} INFO - Processing /home/airflow/.local/lib/python3.7/site-packages/airflow/example_dags/example_branch_datetime_operator.py took 0.252 seconds
[2022-08-17 07:16:23,815] {processor.py:153} INFO - Started process (PID=274) to work on /home/airflow/.local/lib/python3.7/site-packages/airflow/example_dags/example_branch_datetime_operator.py
[2022-08-17 07:16:23,816] {processor.py:641} INFO - Processing file /home/airflow/.local/lib/python3.7/site-packages/airflow/example_dags/example_branch_datetime_operator.py for tasks to queue
[2022-08-17 07:16:23,817] {logging_mixin.py:115} INFO - [2022-08-17 07:16:23,817] {dagbag.py:508} INFO - Filling up the DagBag from /home/airflow/.local/lib/python3.7/site-packages/airflow/example_dags/example_branch_datetime_operator.py
[2022-08-17 07:16:23,840] {processor.py:651} INFO - DAG(s) dict_keys(['example_branch_datetime_operator', 'example_branch_datetime_operator_2']) retrieved from /home/airflow/.local/lib/python3.7/site-packages/airflow/example_dags/example_branch_datetime_operator.py
[2022-08-17 07:16:24,048] {logging_mixin.py:115} INFO - [2022-08-17 07:16:24,048] {dag.py:2420} INFO - Sync 2 DAGs
[2022-08-17 07:16:24,081] {logging_mixin.py:115} INFO - [2022-08-17 07:16:24,081] {dag.py:2972} INFO - Setting next_dagrun for example_branch_datetime_operator to 2022-08-16T00:00:00+00:00, run_after=2022-08-17T00:00:00+00:00
[2022-08-17 07:16:24,083] {logging_mixin.py:115} INFO - [2022-08-17 07:16:24,083] {dag.py:2972} INFO - Setting next_dagrun for example_branch_datetime_operator_2 to 2022-08-16T00:00:00+00:00, run_after=2022-08-17T00:00:00+00:00
[2022-08-17 07:16:24,098] {processor.py:161} INFO - Processing /home/airflow/.local/lib/python3.7/site-packages/airflow/example_dags/example_branch_datetime_operator.py took 0.287 seconds
[2022-08-17 07:16:54,402] {processor.py:153} INFO - Started process (PID=332) to work on /home/airflow/.local/lib/python3.7/site-packages/airflow/example_dags/example_branch_datetime_operator.py
[2022-08-17 07:16:54,403] {processor.py:641} INFO - Processing file /home/airflow/.local/lib/python3.7/site-packages/airflow/example_dags/example_branch_datetime_operator.py for tasks to queue
[2022-08-17 07:16:54,404] {logging_mixin.py:115} INFO - [2022-08-17 07:16:54,404] {dagbag.py:508} INFO - Filling up the DagBag from /home/airflow/.local/lib/python3.7/site-packages/airflow/example_dags/example_branch_datetime_operator.py
[2022-08-17 07:16:54,421] {processor.py:651} INFO - DAG(s) dict_keys(['example_branch_datetime_operator', 'example_branch_datetime_operator_2']) retrieved from /home/airflow/.local/lib/python3.7/site-packages/airflow/example_dags/example_branch_datetime_operator.py
[2022-08-17 07:16:54,582] {logging_mixin.py:115} INFO - [2022-08-17 07:16:54,581] {dag.py:2420} INFO - Sync 2 DAGs
[2022-08-17 07:16:54,610] {logging_mixin.py:115} INFO - [2022-08-17 07:16:54,609] {dag.py:2972} INFO - Setting next_dagrun for example_branch_datetime_operator to 2022-08-16T00:00:00+00:00, run_after=2022-08-17T00:00:00+00:00
[2022-08-17 07:16:54,612] {logging_mixin.py:115} INFO - [2022-08-17 07:16:54,612] {dag.py:2972} INFO - Setting next_dagrun for example_branch_datetime_operator_2 to 2022-08-16T00:00:00+00:00, run_after=2022-08-17T00:00:00+00:00
[2022-08-17 07:16:54,626] {processor.py:161} INFO - Processing /home/airflow/.local/lib/python3.7/site-packages/airflow/example_dags/example_branch_datetime_operator.py took 0.228 seconds
[2022-08-17 07:17:25,211] {processor.py:153} INFO - Started process (PID=398) to work on /home/airflow/.local/lib/python3.7/site-packages/airflow/example_dags/example_branch_datetime_operator.py
[2022-08-17 07:17:25,211] {processor.py:641} INFO - Processing file /home/airflow/.local/lib/python3.7/site-packages/airflow/example_dags/example_branch_datetime_operator.py for tasks to queue
[2022-08-17 07:17:25,212] {logging_mixin.py:115} INFO - [2022-08-17 07:17:25,212] {dagbag.py:508} INFO - Filling up the DagBag from /home/airflow/.local/lib/python3.7/site-packages/airflow/example_dags/example_branch_datetime_operator.py
[2022-08-17 07:17:25,228] {processor.py:651} INFO - DAG(s) dict_keys(['example_branch_datetime_operator', 'example_branch_datetime_operator_2']) retrieved from /home/airflow/.local/lib/python3.7/site-packages/airflow/example_dags/example_branch_datetime_operator.py
[2022-08-17 07:17:25,374] {logging_mixin.py:115} INFO - [2022-08-17 07:17:25,374] {dag.py:2420} INFO - Sync 2 DAGs
[2022-08-17 07:17:25,398] {logging_mixin.py:115} INFO - [2022-08-17 07:17:25,398] {dag.py:2972} INFO - Setting next_dagrun for example_branch_datetime_operator to 2022-08-16T00:00:00+00:00, run_after=2022-08-17T00:00:00+00:00
[2022-08-17 07:17:25,401] {logging_mixin.py:115} INFO - [2022-08-17 07:17:25,401] {dag.py:2972} INFO - Setting next_dagrun for example_branch_datetime_operator_2 to 2022-08-16T00:00:00+00:00, run_after=2022-08-17T00:00:00+00:00
[2022-08-17 07:17:25,415] {processor.py:161} INFO - Processing /home/airflow/.local/lib/python3.7/site-packages/airflow/example_dags/example_branch_datetime_operator.py took 0.208 seconds
