[2022-08-17 07:14:47,733] {processor.py:153} INFO - Started process (PID=55) to work on /home/airflow/.local/lib/python3.7/site-packages/airflow/example_dags/example_short_circuit_operator.py
[2022-08-17 07:14:47,734] {processor.py:641} INFO - Processing file /home/airflow/.local/lib/python3.7/site-packages/airflow/example_dags/example_short_circuit_operator.py for tasks to queue
[2022-08-17 07:14:47,735] {logging_mixin.py:115} INFO - [2022-08-17 07:14:47,735] {dagbag.py:508} INFO - Filling up the DagBag from /home/airflow/.local/lib/python3.7/site-packages/airflow/example_dags/example_short_circuit_operator.py
[2022-08-17 07:14:47,747] {processor.py:651} INFO - DAG(s) dict_keys(['example_short_circuit_operator']) retrieved from /home/airflow/.local/lib/python3.7/site-packages/airflow/example_dags/example_short_circuit_operator.py
[2022-08-17 07:14:47,878] {logging_mixin.py:115} INFO - [2022-08-17 07:14:47,878] {dag.py:2420} INFO - Sync 1 DAGs
[2022-08-17 07:14:47,901] {logging_mixin.py:115} INFO - [2022-08-17 07:14:47,900] {dag.py:2972} INFO - Setting next_dagrun for example_short_circuit_operator to 2022-08-16T07:14:47.900713+00:00, run_after=2022-08-17T07:14:47.900713+00:00
[2022-08-17 07:14:47,914] {processor.py:161} INFO - Processing /home/airflow/.local/lib/python3.7/site-packages/airflow/example_dags/example_short_circuit_operator.py took 0.184 seconds
[2022-08-17 07:15:18,439] {processor.py:153} INFO - Started process (PID=121) to work on /home/airflow/.local/lib/python3.7/site-packages/airflow/example_dags/example_short_circuit_operator.py
[2022-08-17 07:15:18,440] {processor.py:641} INFO - Processing file /home/airflow/.local/lib/python3.7/site-packages/airflow/example_dags/example_short_circuit_operator.py for tasks to queue
[2022-08-17 07:15:18,441] {logging_mixin.py:115} INFO - [2022-08-17 07:15:18,441] {dagbag.py:508} INFO - Filling up the DagBag from /home/airflow/.local/lib/python3.7/site-packages/airflow/example_dags/example_short_circuit_operator.py
[2022-08-17 07:15:18,456] {processor.py:651} INFO - DAG(s) dict_keys(['example_short_circuit_operator']) retrieved from /home/airflow/.local/lib/python3.7/site-packages/airflow/example_dags/example_short_circuit_operator.py
[2022-08-17 07:15:18,615] {logging_mixin.py:115} INFO - [2022-08-17 07:15:18,615] {dag.py:2420} INFO - Sync 1 DAGs
[2022-08-17 07:15:18,642] {logging_mixin.py:115} INFO - [2022-08-17 07:15:18,641] {dag.py:2972} INFO - Setting next_dagrun for example_short_circuit_operator to 2022-08-16T07:15:18.641635+00:00, run_after=2022-08-17T07:15:18.641635+00:00
[2022-08-17 07:15:18,657] {processor.py:161} INFO - Processing /home/airflow/.local/lib/python3.7/site-packages/airflow/example_dags/example_short_circuit_operator.py took 0.222 seconds
[2022-08-17 07:15:49,463] {processor.py:153} INFO - Started process (PID=187) to work on /home/airflow/.local/lib/python3.7/site-packages/airflow/example_dags/example_short_circuit_operator.py
[2022-08-17 07:15:49,464] {processor.py:641} INFO - Processing file /home/airflow/.local/lib/python3.7/site-packages/airflow/example_dags/example_short_circuit_operator.py for tasks to queue
[2022-08-17 07:15:49,465] {logging_mixin.py:115} INFO - [2022-08-17 07:15:49,465] {dagbag.py:508} INFO - Filling up the DagBag from /home/airflow/.local/lib/python3.7/site-packages/airflow/example_dags/example_short_circuit_operator.py
[2022-08-17 07:15:49,480] {processor.py:651} INFO - DAG(s) dict_keys(['example_short_circuit_operator']) retrieved from /home/airflow/.local/lib/python3.7/site-packages/airflow/example_dags/example_short_circuit_operator.py
[2022-08-17 07:15:49,677] {logging_mixin.py:115} INFO - [2022-08-17 07:15:49,677] {dag.py:2420} INFO - Sync 1 DAGs
[2022-08-17 07:15:49,702] {logging_mixin.py:115} INFO - [2022-08-17 07:15:49,701] {dag.py:2972} INFO - Setting next_dagrun for example_short_circuit_operator to 2022-08-16T07:15:49.701479+00:00, run_after=2022-08-17T07:15:49.701479+00:00
[2022-08-17 07:15:49,716] {processor.py:161} INFO - Processing /home/airflow/.local/lib/python3.7/site-packages/airflow/example_dags/example_short_circuit_operator.py took 0.256 seconds
[2022-08-17 07:16:20,573] {processor.py:153} INFO - Started process (PID=244) to work on /home/airflow/.local/lib/python3.7/site-packages/airflow/example_dags/example_short_circuit_operator.py
[2022-08-17 07:16:20,574] {processor.py:641} INFO - Processing file /home/airflow/.local/lib/python3.7/site-packages/airflow/example_dags/example_short_circuit_operator.py for tasks to queue
[2022-08-17 07:16:20,575] {logging_mixin.py:115} INFO - [2022-08-17 07:16:20,575] {dagbag.py:508} INFO - Filling up the DagBag from /home/airflow/.local/lib/python3.7/site-packages/airflow/example_dags/example_short_circuit_operator.py
[2022-08-17 07:16:20,591] {processor.py:651} INFO - DAG(s) dict_keys(['example_short_circuit_operator']) retrieved from /home/airflow/.local/lib/python3.7/site-packages/airflow/example_dags/example_short_circuit_operator.py
[2022-08-17 07:16:20,774] {logging_mixin.py:115} INFO - [2022-08-17 07:16:20,773] {dag.py:2420} INFO - Sync 1 DAGs
[2022-08-17 07:16:20,798] {logging_mixin.py:115} INFO - [2022-08-17 07:16:20,797] {dag.py:2972} INFO - Setting next_dagrun for example_short_circuit_operator to 2022-08-16T07:16:20.797568+00:00, run_after=2022-08-17T07:16:20.797568+00:00
[2022-08-17 07:16:20,812] {processor.py:161} INFO - Processing /home/airflow/.local/lib/python3.7/site-packages/airflow/example_dags/example_short_circuit_operator.py took 0.243 seconds
[2022-08-17 07:16:51,329] {processor.py:153} INFO - Started process (PID=311) to work on /home/airflow/.local/lib/python3.7/site-packages/airflow/example_dags/example_short_circuit_operator.py
[2022-08-17 07:16:51,329] {processor.py:641} INFO - Processing file /home/airflow/.local/lib/python3.7/site-packages/airflow/example_dags/example_short_circuit_operator.py for tasks to queue
[2022-08-17 07:16:51,330] {logging_mixin.py:115} INFO - [2022-08-17 07:16:51,330] {dagbag.py:508} INFO - Filling up the DagBag from /home/airflow/.local/lib/python3.7/site-packages/airflow/example_dags/example_short_circuit_operator.py
[2022-08-17 07:16:51,343] {processor.py:651} INFO - DAG(s) dict_keys(['example_short_circuit_operator']) retrieved from /home/airflow/.local/lib/python3.7/site-packages/airflow/example_dags/example_short_circuit_operator.py
[2022-08-17 07:16:51,489] {logging_mixin.py:115} INFO - [2022-08-17 07:16:51,489] {dag.py:2420} INFO - Sync 1 DAGs
[2022-08-17 07:16:51,510] {logging_mixin.py:115} INFO - [2022-08-17 07:16:51,510] {dag.py:2972} INFO - Setting next_dagrun for example_short_circuit_operator to 2022-08-16T07:16:51.510305+00:00, run_after=2022-08-17T07:16:51.510305+00:00
[2022-08-17 07:16:51,523] {processor.py:161} INFO - Processing /home/airflow/.local/lib/python3.7/site-packages/airflow/example_dags/example_short_circuit_operator.py took 0.198 seconds
[2022-08-17 07:17:22,168] {processor.py:153} INFO - Started process (PID=377) to work on /home/airflow/.local/lib/python3.7/site-packages/airflow/example_dags/example_short_circuit_operator.py
[2022-08-17 07:17:22,169] {processor.py:641} INFO - Processing file /home/airflow/.local/lib/python3.7/site-packages/airflow/example_dags/example_short_circuit_operator.py for tasks to queue
[2022-08-17 07:17:22,170] {logging_mixin.py:115} INFO - [2022-08-17 07:17:22,170] {dagbag.py:508} INFO - Filling up the DagBag from /home/airflow/.local/lib/python3.7/site-packages/airflow/example_dags/example_short_circuit_operator.py
[2022-08-17 07:17:22,186] {processor.py:651} INFO - DAG(s) dict_keys(['example_short_circuit_operator']) retrieved from /home/airflow/.local/lib/python3.7/site-packages/airflow/example_dags/example_short_circuit_operator.py
[2022-08-17 07:17:22,332] {logging_mixin.py:115} INFO - [2022-08-17 07:17:22,332] {dag.py:2420} INFO - Sync 1 DAGs
[2022-08-17 07:17:22,353] {logging_mixin.py:115} INFO - [2022-08-17 07:17:22,352] {dag.py:2972} INFO - Setting next_dagrun for example_short_circuit_operator to 2022-08-16T07:17:22.352549+00:00, run_after=2022-08-17T07:17:22.352549+00:00
[2022-08-17 07:17:22,370] {processor.py:161} INFO - Processing /home/airflow/.local/lib/python3.7/site-packages/airflow/example_dags/example_short_circuit_operator.py took 0.206 seconds
