[2022-08-17 07:14:49,688] {processor.py:153} INFO - Started process (PID=79) to work on /home/airflow/.local/lib/python3.7/site-packages/airflow/example_dags/example_sla_dag.py
[2022-08-17 07:14:49,689] {processor.py:641} INFO - Processing file /home/airflow/.local/lib/python3.7/site-packages/airflow/example_dags/example_sla_dag.py for tasks to queue
[2022-08-17 07:14:49,692] {logging_mixin.py:115} INFO - [2022-08-17 07:14:49,691] {dagbag.py:508} INFO - Filling up the DagBag from /home/airflow/.local/lib/python3.7/site-packages/airflow/example_dags/example_sla_dag.py
[2022-08-17 07:14:49,878] {processor.py:651} INFO - DAG(s) dict_keys(['example_sla_dag']) retrieved from /home/airflow/.local/lib/python3.7/site-packages/airflow/example_dags/example_sla_dag.py
[2022-08-17 07:14:49,903] {logging_mixin.py:115} INFO - [2022-08-17 07:14:49,903] {dag.py:2420} INFO - Sync 1 DAGs
[2022-08-17 07:14:49,943] {logging_mixin.py:115} INFO - [2022-08-17 07:14:49,942] {dag.py:2972} INFO - Setting next_dagrun for example_sla_dag to 2022-08-17T07:12:00+00:00, run_after=2022-08-17T07:14:00+00:00
[2022-08-17 07:14:49,960] {processor.py:161} INFO - Processing /home/airflow/.local/lib/python3.7/site-packages/airflow/example_dags/example_sla_dag.py took 0.276 seconds
[2022-08-17 07:15:20,329] {processor.py:153} INFO - Started process (PID=136) to work on /home/airflow/.local/lib/python3.7/site-packages/airflow/example_dags/example_sla_dag.py
[2022-08-17 07:15:20,330] {processor.py:641} INFO - Processing file /home/airflow/.local/lib/python3.7/site-packages/airflow/example_dags/example_sla_dag.py for tasks to queue
[2022-08-17 07:15:20,331] {logging_mixin.py:115} INFO - [2022-08-17 07:15:20,330] {dagbag.py:508} INFO - Filling up the DagBag from /home/airflow/.local/lib/python3.7/site-packages/airflow/example_dags/example_sla_dag.py
[2022-08-17 07:15:20,521] {processor.py:651} INFO - DAG(s) dict_keys(['example_sla_dag']) retrieved from /home/airflow/.local/lib/python3.7/site-packages/airflow/example_dags/example_sla_dag.py
[2022-08-17 07:15:20,546] {logging_mixin.py:115} INFO - [2022-08-17 07:15:20,546] {dag.py:2420} INFO - Sync 1 DAGs
[2022-08-17 07:15:20,577] {logging_mixin.py:115} INFO - [2022-08-17 07:15:20,577] {dag.py:2972} INFO - Setting next_dagrun for example_sla_dag to 2022-08-17T07:12:00+00:00, run_after=2022-08-17T07:14:00+00:00
[2022-08-17 07:15:20,596] {processor.py:161} INFO - Processing /home/airflow/.local/lib/python3.7/site-packages/airflow/example_dags/example_sla_dag.py took 0.272 seconds
[2022-08-17 07:15:51,484] {processor.py:153} INFO - Started process (PID=202) to work on /home/airflow/.local/lib/python3.7/site-packages/airflow/example_dags/example_sla_dag.py
[2022-08-17 07:15:51,486] {processor.py:641} INFO - Processing file /home/airflow/.local/lib/python3.7/site-packages/airflow/example_dags/example_sla_dag.py for tasks to queue
[2022-08-17 07:15:51,487] {logging_mixin.py:115} INFO - [2022-08-17 07:15:51,487] {dagbag.py:508} INFO - Filling up the DagBag from /home/airflow/.local/lib/python3.7/site-packages/airflow/example_dags/example_sla_dag.py
[2022-08-17 07:15:51,651] {processor.py:651} INFO - DAG(s) dict_keys(['example_sla_dag']) retrieved from /home/airflow/.local/lib/python3.7/site-packages/airflow/example_dags/example_sla_dag.py
[2022-08-17 07:15:51,673] {logging_mixin.py:115} INFO - [2022-08-17 07:15:51,673] {dag.py:2420} INFO - Sync 1 DAGs
[2022-08-17 07:15:51,705] {logging_mixin.py:115} INFO - [2022-08-17 07:15:51,705] {dag.py:2972} INFO - Setting next_dagrun for example_sla_dag to 2022-08-17T07:12:00+00:00, run_after=2022-08-17T07:14:00+00:00
[2022-08-17 07:15:51,719] {processor.py:161} INFO - Processing /home/airflow/.local/lib/python3.7/site-packages/airflow/example_dags/example_sla_dag.py took 0.240 seconds
[2022-08-17 07:16:22,741] {processor.py:153} INFO - Started process (PID=259) to work on /home/airflow/.local/lib/python3.7/site-packages/airflow/example_dags/example_sla_dag.py
[2022-08-17 07:16:22,742] {processor.py:641} INFO - Processing file /home/airflow/.local/lib/python3.7/site-packages/airflow/example_dags/example_sla_dag.py for tasks to queue
[2022-08-17 07:16:22,743] {logging_mixin.py:115} INFO - [2022-08-17 07:16:22,742] {dagbag.py:508} INFO - Filling up the DagBag from /home/airflow/.local/lib/python3.7/site-packages/airflow/example_dags/example_sla_dag.py
[2022-08-17 07:16:22,915] {processor.py:651} INFO - DAG(s) dict_keys(['example_sla_dag']) retrieved from /home/airflow/.local/lib/python3.7/site-packages/airflow/example_dags/example_sla_dag.py
[2022-08-17 07:16:22,941] {logging_mixin.py:115} INFO - [2022-08-17 07:16:22,941] {dag.py:2420} INFO - Sync 1 DAGs
[2022-08-17 07:16:22,973] {logging_mixin.py:115} INFO - [2022-08-17 07:16:22,973] {dag.py:2972} INFO - Setting next_dagrun for example_sla_dag to 2022-08-17T07:14:00+00:00, run_after=2022-08-17T07:16:00+00:00
[2022-08-17 07:16:22,987] {processor.py:161} INFO - Processing /home/airflow/.local/lib/python3.7/site-packages/airflow/example_dags/example_sla_dag.py took 0.249 seconds
[2022-08-17 07:16:53,601] {processor.py:153} INFO - Started process (PID=326) to work on /home/airflow/.local/lib/python3.7/site-packages/airflow/example_dags/example_sla_dag.py
[2022-08-17 07:16:53,602] {processor.py:641} INFO - Processing file /home/airflow/.local/lib/python3.7/site-packages/airflow/example_dags/example_sla_dag.py for tasks to queue
[2022-08-17 07:16:53,604] {logging_mixin.py:115} INFO - [2022-08-17 07:16:53,603] {dagbag.py:508} INFO - Filling up the DagBag from /home/airflow/.local/lib/python3.7/site-packages/airflow/example_dags/example_sla_dag.py
[2022-08-17 07:16:53,744] {processor.py:651} INFO - DAG(s) dict_keys(['example_sla_dag']) retrieved from /home/airflow/.local/lib/python3.7/site-packages/airflow/example_dags/example_sla_dag.py
[2022-08-17 07:16:53,766] {logging_mixin.py:115} INFO - [2022-08-17 07:16:53,765] {dag.py:2420} INFO - Sync 1 DAGs
[2022-08-17 07:16:53,795] {logging_mixin.py:115} INFO - [2022-08-17 07:16:53,795] {dag.py:2972} INFO - Setting next_dagrun for example_sla_dag to 2022-08-17T07:14:00+00:00, run_after=2022-08-17T07:16:00+00:00
[2022-08-17 07:16:53,807] {processor.py:161} INFO - Processing /home/airflow/.local/lib/python3.7/site-packages/airflow/example_dags/example_sla_dag.py took 0.209 seconds
[2022-08-17 07:17:24,167] {processor.py:153} INFO - Started process (PID=392) to work on /home/airflow/.local/lib/python3.7/site-packages/airflow/example_dags/example_sla_dag.py
[2022-08-17 07:17:24,168] {processor.py:641} INFO - Processing file /home/airflow/.local/lib/python3.7/site-packages/airflow/example_dags/example_sla_dag.py for tasks to queue
[2022-08-17 07:17:24,169] {logging_mixin.py:115} INFO - [2022-08-17 07:17:24,169] {dagbag.py:508} INFO - Filling up the DagBag from /home/airflow/.local/lib/python3.7/site-packages/airflow/example_dags/example_sla_dag.py
[2022-08-17 07:17:24,312] {processor.py:651} INFO - DAG(s) dict_keys(['example_sla_dag']) retrieved from /home/airflow/.local/lib/python3.7/site-packages/airflow/example_dags/example_sla_dag.py
[2022-08-17 07:17:24,349] {logging_mixin.py:115} INFO - [2022-08-17 07:17:24,349] {dag.py:2420} INFO - Sync 1 DAGs
[2022-08-17 07:17:24,390] {logging_mixin.py:115} INFO - [2022-08-17 07:17:24,390] {dag.py:2972} INFO - Setting next_dagrun for example_sla_dag to 2022-08-17T07:14:00+00:00, run_after=2022-08-17T07:16:00+00:00
[2022-08-17 07:17:24,405] {processor.py:161} INFO - Processing /home/airflow/.local/lib/python3.7/site-packages/airflow/example_dags/example_sla_dag.py took 0.242 seconds
