[2022-08-17 07:14:49,540] {processor.py:153} INFO - Started process (PID=78) to work on /home/airflow/.local/lib/python3.7/site-packages/airflow/example_dags/example_python_operator.py
[2022-08-17 07:14:49,541] {processor.py:641} INFO - Processing file /home/airflow/.local/lib/python3.7/site-packages/airflow/example_dags/example_python_operator.py for tasks to queue
[2022-08-17 07:14:49,543] {logging_mixin.py:115} INFO - [2022-08-17 07:14:49,542] {dagbag.py:508} INFO - Filling up the DagBag from /home/airflow/.local/lib/python3.7/site-packages/airflow/example_dags/example_python_operator.py
[2022-08-17 07:14:49,741] {processor.py:651} INFO - DAG(s) dict_keys(['example_python_operator']) retrieved from /home/airflow/.local/lib/python3.7/site-packages/airflow/example_dags/example_python_operator.py
[2022-08-17 07:14:49,770] {logging_mixin.py:115} INFO - [2022-08-17 07:14:49,770] {dag.py:2420} INFO - Sync 1 DAGs
[2022-08-17 07:14:49,801] {logging_mixin.py:115} INFO - [2022-08-17 07:14:49,801] {dag.py:2972} INFO - Setting next_dagrun for example_python_operator to None, run_after=None
[2022-08-17 07:14:49,819] {processor.py:161} INFO - Processing /home/airflow/.local/lib/python3.7/site-packages/airflow/example_dags/example_python_operator.py took 0.283 seconds
[2022-08-17 07:15:20,263] {processor.py:153} INFO - Started process (PID=135) to work on /home/airflow/.local/lib/python3.7/site-packages/airflow/example_dags/example_python_operator.py
[2022-08-17 07:15:20,264] {processor.py:641} INFO - Processing file /home/airflow/.local/lib/python3.7/site-packages/airflow/example_dags/example_python_operator.py for tasks to queue
[2022-08-17 07:15:20,265] {logging_mixin.py:115} INFO - [2022-08-17 07:15:20,265] {dagbag.py:508} INFO - Filling up the DagBag from /home/airflow/.local/lib/python3.7/site-packages/airflow/example_dags/example_python_operator.py
[2022-08-17 07:15:20,466] {processor.py:651} INFO - DAG(s) dict_keys(['example_python_operator']) retrieved from /home/airflow/.local/lib/python3.7/site-packages/airflow/example_dags/example_python_operator.py
[2022-08-17 07:15:20,494] {logging_mixin.py:115} INFO - [2022-08-17 07:15:20,494] {dag.py:2420} INFO - Sync 1 DAGs
[2022-08-17 07:15:20,521] {logging_mixin.py:115} INFO - [2022-08-17 07:15:20,520] {dag.py:2972} INFO - Setting next_dagrun for example_python_operator to None, run_after=None
[2022-08-17 07:15:20,536] {processor.py:161} INFO - Processing /home/airflow/.local/lib/python3.7/site-packages/airflow/example_dags/example_python_operator.py took 0.279 seconds
[2022-08-17 07:15:51,280] {processor.py:153} INFO - Started process (PID=201) to work on /home/airflow/.local/lib/python3.7/site-packages/airflow/example_dags/example_python_operator.py
[2022-08-17 07:15:51,281] {processor.py:641} INFO - Processing file /home/airflow/.local/lib/python3.7/site-packages/airflow/example_dags/example_python_operator.py for tasks to queue
[2022-08-17 07:15:51,282] {logging_mixin.py:115} INFO - [2022-08-17 07:15:51,282] {dagbag.py:508} INFO - Filling up the DagBag from /home/airflow/.local/lib/python3.7/site-packages/airflow/example_dags/example_python_operator.py
[2022-08-17 07:15:51,449] {processor.py:651} INFO - DAG(s) dict_keys(['example_python_operator']) retrieved from /home/airflow/.local/lib/python3.7/site-packages/airflow/example_dags/example_python_operator.py
[2022-08-17 07:15:51,473] {logging_mixin.py:115} INFO - [2022-08-17 07:15:51,473] {dag.py:2420} INFO - Sync 1 DAGs
[2022-08-17 07:15:51,500] {logging_mixin.py:115} INFO - [2022-08-17 07:15:51,499] {dag.py:2972} INFO - Setting next_dagrun for example_python_operator to None, run_after=None
[2022-08-17 07:15:51,513] {processor.py:161} INFO - Processing /home/airflow/.local/lib/python3.7/site-packages/airflow/example_dags/example_python_operator.py took 0.237 seconds
[2022-08-17 07:16:22,728] {processor.py:153} INFO - Started process (PID=258) to work on /home/airflow/.local/lib/python3.7/site-packages/airflow/example_dags/example_python_operator.py
[2022-08-17 07:16:22,728] {processor.py:641} INFO - Processing file /home/airflow/.local/lib/python3.7/site-packages/airflow/example_dags/example_python_operator.py for tasks to queue
[2022-08-17 07:16:22,729] {logging_mixin.py:115} INFO - [2022-08-17 07:16:22,729] {dagbag.py:508} INFO - Filling up the DagBag from /home/airflow/.local/lib/python3.7/site-packages/airflow/example_dags/example_python_operator.py
[2022-08-17 07:16:22,910] {processor.py:651} INFO - DAG(s) dict_keys(['example_python_operator']) retrieved from /home/airflow/.local/lib/python3.7/site-packages/airflow/example_dags/example_python_operator.py
[2022-08-17 07:16:22,939] {logging_mixin.py:115} INFO - [2022-08-17 07:16:22,939] {dag.py:2420} INFO - Sync 1 DAGs
[2022-08-17 07:16:22,966] {logging_mixin.py:115} INFO - [2022-08-17 07:16:22,966] {dag.py:2972} INFO - Setting next_dagrun for example_python_operator to None, run_after=None
[2022-08-17 07:16:22,980] {processor.py:161} INFO - Processing /home/airflow/.local/lib/python3.7/site-packages/airflow/example_dags/example_python_operator.py took 0.256 seconds
[2022-08-17 07:16:53,566] {processor.py:153} INFO - Started process (PID=325) to work on /home/airflow/.local/lib/python3.7/site-packages/airflow/example_dags/example_python_operator.py
[2022-08-17 07:16:53,567] {processor.py:641} INFO - Processing file /home/airflow/.local/lib/python3.7/site-packages/airflow/example_dags/example_python_operator.py for tasks to queue
[2022-08-17 07:16:53,568] {logging_mixin.py:115} INFO - [2022-08-17 07:16:53,568] {dagbag.py:508} INFO - Filling up the DagBag from /home/airflow/.local/lib/python3.7/site-packages/airflow/example_dags/example_python_operator.py
[2022-08-17 07:16:53,723] {processor.py:651} INFO - DAG(s) dict_keys(['example_python_operator']) retrieved from /home/airflow/.local/lib/python3.7/site-packages/airflow/example_dags/example_python_operator.py
[2022-08-17 07:16:53,748] {logging_mixin.py:115} INFO - [2022-08-17 07:16:53,748] {dag.py:2420} INFO - Sync 1 DAGs
[2022-08-17 07:16:53,770] {logging_mixin.py:115} INFO - [2022-08-17 07:16:53,770] {dag.py:2972} INFO - Setting next_dagrun for example_python_operator to None, run_after=None
[2022-08-17 07:16:53,782] {processor.py:161} INFO - Processing /home/airflow/.local/lib/python3.7/site-packages/airflow/example_dags/example_python_operator.py took 0.220 seconds
[2022-08-17 07:17:24,023] {processor.py:153} INFO - Started process (PID=391) to work on /home/airflow/.local/lib/python3.7/site-packages/airflow/example_dags/example_python_operator.py
[2022-08-17 07:17:24,023] {processor.py:641} INFO - Processing file /home/airflow/.local/lib/python3.7/site-packages/airflow/example_dags/example_python_operator.py for tasks to queue
[2022-08-17 07:17:24,024] {logging_mixin.py:115} INFO - [2022-08-17 07:17:24,024] {dagbag.py:508} INFO - Filling up the DagBag from /home/airflow/.local/lib/python3.7/site-packages/airflow/example_dags/example_python_operator.py
[2022-08-17 07:17:24,175] {processor.py:651} INFO - DAG(s) dict_keys(['example_python_operator']) retrieved from /home/airflow/.local/lib/python3.7/site-packages/airflow/example_dags/example_python_operator.py
[2022-08-17 07:17:24,301] {logging_mixin.py:115} INFO - [2022-08-17 07:17:24,301] {dag.py:2420} INFO - Sync 1 DAGs
[2022-08-17 07:17:24,335] {logging_mixin.py:115} INFO - [2022-08-17 07:17:24,335] {dag.py:2972} INFO - Setting next_dagrun for example_python_operator to None, run_after=None
[2022-08-17 07:17:24,355] {processor.py:161} INFO - Processing /home/airflow/.local/lib/python3.7/site-packages/airflow/example_dags/example_python_operator.py took 0.336 seconds
