[2022-08-17 07:14:50,514] {processor.py:153} INFO - Started process (PID=84) to work on /home/airflow/.local/lib/python3.7/site-packages/airflow/example_dags/example_bash_operator.py
[2022-08-17 07:14:50,515] {processor.py:641} INFO - Processing file /home/airflow/.local/lib/python3.7/site-packages/airflow/example_dags/example_bash_operator.py for tasks to queue
[2022-08-17 07:14:50,516] {logging_mixin.py:115} INFO - [2022-08-17 07:14:50,516] {dagbag.py:508} INFO - Filling up the DagBag from /home/airflow/.local/lib/python3.7/site-packages/airflow/example_dags/example_bash_operator.py
[2022-08-17 07:14:50,538] {processor.py:651} INFO - DAG(s) dict_keys(['example_bash_operator']) retrieved from /home/airflow/.local/lib/python3.7/site-packages/airflow/example_dags/example_bash_operator.py
[2022-08-17 07:14:50,727] {logging_mixin.py:115} INFO - [2022-08-17 07:14:50,727] {dag.py:2420} INFO - Sync 1 DAGs
[2022-08-17 07:14:50,761] {logging_mixin.py:115} INFO - [2022-08-17 07:14:50,760] {dag.py:2972} INFO - Setting next_dagrun for example_bash_operator to 2022-08-16T00:00:00+00:00, run_after=2022-08-17T00:00:00+00:00
[2022-08-17 07:14:50,777] {processor.py:161} INFO - Processing /home/airflow/.local/lib/python3.7/site-packages/airflow/example_dags/example_bash_operator.py took 0.266 seconds
[2022-08-17 07:15:21,177] {processor.py:153} INFO - Started process (PID=141) to work on /home/airflow/.local/lib/python3.7/site-packages/airflow/example_dags/example_bash_operator.py
[2022-08-17 07:15:21,178] {processor.py:641} INFO - Processing file /home/airflow/.local/lib/python3.7/site-packages/airflow/example_dags/example_bash_operator.py for tasks to queue
[2022-08-17 07:15:21,179] {logging_mixin.py:115} INFO - [2022-08-17 07:15:21,179] {dagbag.py:508} INFO - Filling up the DagBag from /home/airflow/.local/lib/python3.7/site-packages/airflow/example_dags/example_bash_operator.py
[2022-08-17 07:15:21,207] {processor.py:651} INFO - DAG(s) dict_keys(['example_bash_operator']) retrieved from /home/airflow/.local/lib/python3.7/site-packages/airflow/example_dags/example_bash_operator.py
[2022-08-17 07:15:21,425] {logging_mixin.py:115} INFO - [2022-08-17 07:15:21,425] {dag.py:2420} INFO - Sync 1 DAGs
[2022-08-17 07:15:21,456] {logging_mixin.py:115} INFO - [2022-08-17 07:15:21,456] {dag.py:2972} INFO - Setting next_dagrun for example_bash_operator to 2022-08-16T00:00:00+00:00, run_after=2022-08-17T00:00:00+00:00
[2022-08-17 07:15:21,471] {processor.py:161} INFO - Processing /home/airflow/.local/lib/python3.7/site-packages/airflow/example_dags/example_bash_operator.py took 0.301 seconds
[2022-08-17 07:15:52,113] {processor.py:153} INFO - Started process (PID=207) to work on /home/airflow/.local/lib/python3.7/site-packages/airflow/example_dags/example_bash_operator.py
[2022-08-17 07:15:52,114] {processor.py:641} INFO - Processing file /home/airflow/.local/lib/python3.7/site-packages/airflow/example_dags/example_bash_operator.py for tasks to queue
[2022-08-17 07:15:52,115] {logging_mixin.py:115} INFO - [2022-08-17 07:15:52,115] {dagbag.py:508} INFO - Filling up the DagBag from /home/airflow/.local/lib/python3.7/site-packages/airflow/example_dags/example_bash_operator.py
[2022-08-17 07:15:52,131] {processor.py:651} INFO - DAG(s) dict_keys(['example_bash_operator']) retrieved from /home/airflow/.local/lib/python3.7/site-packages/airflow/example_dags/example_bash_operator.py
[2022-08-17 07:15:52,275] {logging_mixin.py:115} INFO - [2022-08-17 07:15:52,275] {dag.py:2420} INFO - Sync 1 DAGs
[2022-08-17 07:15:52,303] {logging_mixin.py:115} INFO - [2022-08-17 07:15:52,303] {dag.py:2972} INFO - Setting next_dagrun for example_bash_operator to 2022-08-16T00:00:00+00:00, run_after=2022-08-17T00:00:00+00:00
[2022-08-17 07:15:52,318] {processor.py:161} INFO - Processing /home/airflow/.local/lib/python3.7/site-packages/airflow/example_dags/example_bash_operator.py took 0.209 seconds
[2022-08-17 07:16:23,558] {processor.py:153} INFO - Started process (PID=273) to work on /home/airflow/.local/lib/python3.7/site-packages/airflow/example_dags/example_bash_operator.py
[2022-08-17 07:16:23,559] {processor.py:641} INFO - Processing file /home/airflow/.local/lib/python3.7/site-packages/airflow/example_dags/example_bash_operator.py for tasks to queue
[2022-08-17 07:16:23,560] {logging_mixin.py:115} INFO - [2022-08-17 07:16:23,560] {dagbag.py:508} INFO - Filling up the DagBag from /home/airflow/.local/lib/python3.7/site-packages/airflow/example_dags/example_bash_operator.py
[2022-08-17 07:16:23,581] {processor.py:651} INFO - DAG(s) dict_keys(['example_bash_operator']) retrieved from /home/airflow/.local/lib/python3.7/site-packages/airflow/example_dags/example_bash_operator.py
[2022-08-17 07:16:23,740] {logging_mixin.py:115} INFO - [2022-08-17 07:16:23,740] {dag.py:2420} INFO - Sync 1 DAGs
[2022-08-17 07:16:23,770] {logging_mixin.py:115} INFO - [2022-08-17 07:16:23,769] {dag.py:2972} INFO - Setting next_dagrun for example_bash_operator to 2022-08-16T00:00:00+00:00, run_after=2022-08-17T00:00:00+00:00
[2022-08-17 07:16:23,786] {processor.py:161} INFO - Processing /home/airflow/.local/lib/python3.7/site-packages/airflow/example_dags/example_bash_operator.py took 0.232 seconds
[2022-08-17 07:16:54,328] {processor.py:153} INFO - Started process (PID=331) to work on /home/airflow/.local/lib/python3.7/site-packages/airflow/example_dags/example_bash_operator.py
[2022-08-17 07:16:54,329] {processor.py:641} INFO - Processing file /home/airflow/.local/lib/python3.7/site-packages/airflow/example_dags/example_bash_operator.py for tasks to queue
[2022-08-17 07:16:54,330] {logging_mixin.py:115} INFO - [2022-08-17 07:16:54,330] {dagbag.py:508} INFO - Filling up the DagBag from /home/airflow/.local/lib/python3.7/site-packages/airflow/example_dags/example_bash_operator.py
[2022-08-17 07:16:54,370] {processor.py:651} INFO - DAG(s) dict_keys(['example_bash_operator']) retrieved from /home/airflow/.local/lib/python3.7/site-packages/airflow/example_dags/example_bash_operator.py
[2022-08-17 07:16:54,542] {logging_mixin.py:115} INFO - [2022-08-17 07:16:54,542] {dag.py:2420} INFO - Sync 1 DAGs
[2022-08-17 07:16:54,572] {logging_mixin.py:115} INFO - [2022-08-17 07:16:54,572] {dag.py:2972} INFO - Setting next_dagrun for example_bash_operator to 2022-08-16T00:00:00+00:00, run_after=2022-08-17T00:00:00+00:00
[2022-08-17 07:16:54,587] {processor.py:161} INFO - Processing /home/airflow/.local/lib/python3.7/site-packages/airflow/example_dags/example_bash_operator.py took 0.263 seconds
[2022-08-17 07:17:24,989] {processor.py:153} INFO - Started process (PID=397) to work on /home/airflow/.local/lib/python3.7/site-packages/airflow/example_dags/example_bash_operator.py
[2022-08-17 07:17:24,990] {processor.py:641} INFO - Processing file /home/airflow/.local/lib/python3.7/site-packages/airflow/example_dags/example_bash_operator.py for tasks to queue
[2022-08-17 07:17:24,990] {logging_mixin.py:115} INFO - [2022-08-17 07:17:24,990] {dagbag.py:508} INFO - Filling up the DagBag from /home/airflow/.local/lib/python3.7/site-packages/airflow/example_dags/example_bash_operator.py
[2022-08-17 07:17:25,005] {processor.py:651} INFO - DAG(s) dict_keys(['example_bash_operator']) retrieved from /home/airflow/.local/lib/python3.7/site-packages/airflow/example_dags/example_bash_operator.py
[2022-08-17 07:17:25,153] {logging_mixin.py:115} INFO - [2022-08-17 07:17:25,153] {dag.py:2420} INFO - Sync 1 DAGs
[2022-08-17 07:17:25,175] {logging_mixin.py:115} INFO - [2022-08-17 07:17:25,175] {dag.py:2972} INFO - Setting next_dagrun for example_bash_operator to 2022-08-16T00:00:00+00:00, run_after=2022-08-17T00:00:00+00:00
[2022-08-17 07:17:25,187] {processor.py:161} INFO - Processing /home/airflow/.local/lib/python3.7/site-packages/airflow/example_dags/example_bash_operator.py took 0.201 seconds
