[2022-08-17 07:14:51,880] {processor.py:153} INFO - Started process (PID=94) to work on /home/airflow/.local/lib/python3.7/site-packages/airflow/example_dags/example_xcomargs.py
[2022-08-17 07:14:51,881] {processor.py:641} INFO - Processing file /home/airflow/.local/lib/python3.7/site-packages/airflow/example_dags/example_xcomargs.py for tasks to queue
[2022-08-17 07:14:51,882] {logging_mixin.py:115} INFO - [2022-08-17 07:14:51,882] {dagbag.py:508} INFO - Filling up the DagBag from /home/airflow/.local/lib/python3.7/site-packages/airflow/example_dags/example_xcomargs.py
[2022-08-17 07:14:52,039] {processor.py:651} INFO - DAG(s) dict_keys(['example_xcom_args', 'example_xcom_args_with_operators']) retrieved from /home/airflow/.local/lib/python3.7/site-packages/airflow/example_dags/example_xcomargs.py
[2022-08-17 07:14:52,113] {logging_mixin.py:115} INFO - [2022-08-17 07:14:52,113] {dag.py:2420} INFO - Sync 2 DAGs
[2022-08-17 07:14:52,136] {logging_mixin.py:115} INFO - [2022-08-17 07:14:52,136] {dag.py:2972} INFO - Setting next_dagrun for example_xcom_args to None, run_after=None
[2022-08-17 07:14:52,137] {logging_mixin.py:115} INFO - [2022-08-17 07:14:52,137] {dag.py:2972} INFO - Setting next_dagrun for example_xcom_args_with_operators to None, run_after=None
[2022-08-17 07:14:52,155] {processor.py:161} INFO - Processing /home/airflow/.local/lib/python3.7/site-packages/airflow/example_dags/example_xcomargs.py took 0.278 seconds
[2022-08-17 07:15:22,983] {processor.py:153} INFO - Started process (PID=151) to work on /home/airflow/.local/lib/python3.7/site-packages/airflow/example_dags/example_xcomargs.py
[2022-08-17 07:15:22,985] {processor.py:641} INFO - Processing file /home/airflow/.local/lib/python3.7/site-packages/airflow/example_dags/example_xcomargs.py for tasks to queue
[2022-08-17 07:15:22,987] {logging_mixin.py:115} INFO - [2022-08-17 07:15:22,986] {dagbag.py:508} INFO - Filling up the DagBag from /home/airflow/.local/lib/python3.7/site-packages/airflow/example_dags/example_xcomargs.py
[2022-08-17 07:15:23,189] {processor.py:651} INFO - DAG(s) dict_keys(['example_xcom_args', 'example_xcom_args_with_operators']) retrieved from /home/airflow/.local/lib/python3.7/site-packages/airflow/example_dags/example_xcomargs.py
[2022-08-17 07:15:23,312] {logging_mixin.py:115} INFO - [2022-08-17 07:15:23,311] {dag.py:2420} INFO - Sync 2 DAGs
[2022-08-17 07:15:23,342] {logging_mixin.py:115} INFO - [2022-08-17 07:15:23,342] {dag.py:2972} INFO - Setting next_dagrun for example_xcom_args to None, run_after=None
[2022-08-17 07:15:23,342] {logging_mixin.py:115} INFO - [2022-08-17 07:15:23,342] {dag.py:2972} INFO - Setting next_dagrun for example_xcom_args_with_operators to None, run_after=None
[2022-08-17 07:15:23,362] {processor.py:161} INFO - Processing /home/airflow/.local/lib/python3.7/site-packages/airflow/example_dags/example_xcomargs.py took 0.384 seconds
[2022-08-17 07:15:53,416] {processor.py:153} INFO - Started process (PID=217) to work on /home/airflow/.local/lib/python3.7/site-packages/airflow/example_dags/example_xcomargs.py
[2022-08-17 07:15:53,417] {processor.py:641} INFO - Processing file /home/airflow/.local/lib/python3.7/site-packages/airflow/example_dags/example_xcomargs.py for tasks to queue
[2022-08-17 07:15:53,418] {logging_mixin.py:115} INFO - [2022-08-17 07:15:53,418] {dagbag.py:508} INFO - Filling up the DagBag from /home/airflow/.local/lib/python3.7/site-packages/airflow/example_dags/example_xcomargs.py
[2022-08-17 07:15:53,596] {processor.py:651} INFO - DAG(s) dict_keys(['example_xcom_args', 'example_xcom_args_with_operators']) retrieved from /home/airflow/.local/lib/python3.7/site-packages/airflow/example_dags/example_xcomargs.py
[2022-08-17 07:15:53,680] {logging_mixin.py:115} INFO - [2022-08-17 07:15:53,680] {dag.py:2420} INFO - Sync 2 DAGs
[2022-08-17 07:15:53,707] {logging_mixin.py:115} INFO - [2022-08-17 07:15:53,706] {dag.py:2972} INFO - Setting next_dagrun for example_xcom_args to None, run_after=None
[2022-08-17 07:15:53,707] {logging_mixin.py:115} INFO - [2022-08-17 07:15:53,707] {dag.py:2972} INFO - Setting next_dagrun for example_xcom_args_with_operators to None, run_after=None
[2022-08-17 07:15:53,726] {processor.py:161} INFO - Processing /home/airflow/.local/lib/python3.7/site-packages/airflow/example_dags/example_xcomargs.py took 0.315 seconds
[2022-08-17 07:16:25,030] {processor.py:153} INFO - Started process (PID=283) to work on /home/airflow/.local/lib/python3.7/site-packages/airflow/example_dags/example_xcomargs.py
[2022-08-17 07:16:25,031] {processor.py:641} INFO - Processing file /home/airflow/.local/lib/python3.7/site-packages/airflow/example_dags/example_xcomargs.py for tasks to queue
[2022-08-17 07:16:25,032] {logging_mixin.py:115} INFO - [2022-08-17 07:16:25,032] {dagbag.py:508} INFO - Filling up the DagBag from /home/airflow/.local/lib/python3.7/site-packages/airflow/example_dags/example_xcomargs.py
[2022-08-17 07:16:25,203] {processor.py:651} INFO - DAG(s) dict_keys(['example_xcom_args', 'example_xcom_args_with_operators']) retrieved from /home/airflow/.local/lib/python3.7/site-packages/airflow/example_dags/example_xcomargs.py
[2022-08-17 07:16:25,286] {logging_mixin.py:115} INFO - [2022-08-17 07:16:25,286] {dag.py:2420} INFO - Sync 2 DAGs
[2022-08-17 07:16:25,312] {logging_mixin.py:115} INFO - [2022-08-17 07:16:25,312] {dag.py:2972} INFO - Setting next_dagrun for example_xcom_args to None, run_after=None
[2022-08-17 07:16:25,313] {logging_mixin.py:115} INFO - [2022-08-17 07:16:25,313] {dag.py:2972} INFO - Setting next_dagrun for example_xcom_args_with_operators to None, run_after=None
[2022-08-17 07:16:25,333] {processor.py:161} INFO - Processing /home/airflow/.local/lib/python3.7/site-packages/airflow/example_dags/example_xcomargs.py took 0.307 seconds
[2022-08-17 07:16:55,763] {processor.py:153} INFO - Started process (PID=341) to work on /home/airflow/.local/lib/python3.7/site-packages/airflow/example_dags/example_xcomargs.py
[2022-08-17 07:16:55,764] {processor.py:641} INFO - Processing file /home/airflow/.local/lib/python3.7/site-packages/airflow/example_dags/example_xcomargs.py for tasks to queue
[2022-08-17 07:16:55,765] {logging_mixin.py:115} INFO - [2022-08-17 07:16:55,765] {dagbag.py:508} INFO - Filling up the DagBag from /home/airflow/.local/lib/python3.7/site-packages/airflow/example_dags/example_xcomargs.py
[2022-08-17 07:16:55,914] {processor.py:651} INFO - DAG(s) dict_keys(['example_xcom_args', 'example_xcom_args_with_operators']) retrieved from /home/airflow/.local/lib/python3.7/site-packages/airflow/example_dags/example_xcomargs.py
[2022-08-17 07:16:55,999] {logging_mixin.py:115} INFO - [2022-08-17 07:16:55,999] {dag.py:2420} INFO - Sync 2 DAGs
[2022-08-17 07:16:56,035] {logging_mixin.py:115} INFO - [2022-08-17 07:16:56,035] {dag.py:2972} INFO - Setting next_dagrun for example_xcom_args to None, run_after=None
[2022-08-17 07:16:56,036] {logging_mixin.py:115} INFO - [2022-08-17 07:16:56,036] {dag.py:2972} INFO - Setting next_dagrun for example_xcom_args_with_operators to None, run_after=None
[2022-08-17 07:16:56,062] {processor.py:161} INFO - Processing /home/airflow/.local/lib/python3.7/site-packages/airflow/example_dags/example_xcomargs.py took 0.303 seconds
[2022-08-17 07:17:26,341] {processor.py:153} INFO - Started process (PID=409) to work on /home/airflow/.local/lib/python3.7/site-packages/airflow/example_dags/example_xcomargs.py
[2022-08-17 07:17:26,341] {processor.py:641} INFO - Processing file /home/airflow/.local/lib/python3.7/site-packages/airflow/example_dags/example_xcomargs.py for tasks to queue
[2022-08-17 07:17:26,342] {logging_mixin.py:115} INFO - [2022-08-17 07:17:26,342] {dagbag.py:508} INFO - Filling up the DagBag from /home/airflow/.local/lib/python3.7/site-packages/airflow/example_dags/example_xcomargs.py
[2022-08-17 07:17:26,477] {processor.py:651} INFO - DAG(s) dict_keys(['example_xcom_args', 'example_xcom_args_with_operators']) retrieved from /home/airflow/.local/lib/python3.7/site-packages/airflow/example_dags/example_xcomargs.py
[2022-08-17 07:17:26,548] {logging_mixin.py:115} INFO - [2022-08-17 07:17:26,548] {dag.py:2420} INFO - Sync 2 DAGs
[2022-08-17 07:17:26,569] {logging_mixin.py:115} INFO - [2022-08-17 07:17:26,569] {dag.py:2972} INFO - Setting next_dagrun for example_xcom_args to None, run_after=None
[2022-08-17 07:17:26,570] {logging_mixin.py:115} INFO - [2022-08-17 07:17:26,570] {dag.py:2972} INFO - Setting next_dagrun for example_xcom_args_with_operators to None, run_after=None
[2022-08-17 07:17:26,584] {processor.py:161} INFO - Processing /home/airflow/.local/lib/python3.7/site-packages/airflow/example_dags/example_xcomargs.py took 0.247 seconds
