[2022-08-17 07:14:48,141] {processor.py:153} INFO - Started process (PID=58) to work on /home/airflow/.local/lib/python3.7/site-packages/airflow/example_dags/example_branch_labels.py
[2022-08-17 07:14:48,141] {processor.py:641} INFO - Processing file /home/airflow/.local/lib/python3.7/site-packages/airflow/example_dags/example_branch_labels.py for tasks to queue
[2022-08-17 07:14:48,142] {logging_mixin.py:115} INFO - [2022-08-17 07:14:48,142] {dagbag.py:508} INFO - Filling up the DagBag from /home/airflow/.local/lib/python3.7/site-packages/airflow/example_dags/example_branch_labels.py
[2022-08-17 07:14:48,149] {processor.py:651} INFO - DAG(s) dict_keys(['example_branch_labels']) retrieved from /home/airflow/.local/lib/python3.7/site-packages/airflow/example_dags/example_branch_labels.py
[2022-08-17 07:14:48,177] {logging_mixin.py:115} INFO - [2022-08-17 07:14:48,177] {dag.py:2420} INFO - Sync 1 DAGs
[2022-08-17 07:14:48,340] {logging_mixin.py:115} INFO - [2022-08-17 07:14:48,340] {dag.py:2972} INFO - Setting next_dagrun for example_branch_labels to 2022-08-16T00:00:00+00:00, run_after=2022-08-17T00:00:00+00:00
[2022-08-17 07:14:48,358] {processor.py:161} INFO - Processing /home/airflow/.local/lib/python3.7/site-packages/airflow/example_dags/example_branch_labels.py took 0.219 seconds
[2022-08-17 07:15:18,826] {processor.py:153} INFO - Started process (PID=124) to work on /home/airflow/.local/lib/python3.7/site-packages/airflow/example_dags/example_branch_labels.py
[2022-08-17 07:15:18,827] {processor.py:641} INFO - Processing file /home/airflow/.local/lib/python3.7/site-packages/airflow/example_dags/example_branch_labels.py for tasks to queue
[2022-08-17 07:15:18,827] {logging_mixin.py:115} INFO - [2022-08-17 07:15:18,827] {dagbag.py:508} INFO - Filling up the DagBag from /home/airflow/.local/lib/python3.7/site-packages/airflow/example_dags/example_branch_labels.py
[2022-08-17 07:15:18,841] {processor.py:651} INFO - DAG(s) dict_keys(['example_branch_labels']) retrieved from /home/airflow/.local/lib/python3.7/site-packages/airflow/example_dags/example_branch_labels.py
[2022-08-17 07:15:19,002] {logging_mixin.py:115} INFO - [2022-08-17 07:15:19,002] {dag.py:2420} INFO - Sync 1 DAGs
[2022-08-17 07:15:19,034] {logging_mixin.py:115} INFO - [2022-08-17 07:15:19,033] {dag.py:2972} INFO - Setting next_dagrun for example_branch_labels to 2022-08-16T00:00:00+00:00, run_after=2022-08-17T00:00:00+00:00
[2022-08-17 07:15:19,048] {processor.py:161} INFO - Processing /home/airflow/.local/lib/python3.7/site-packages/airflow/example_dags/example_branch_labels.py took 0.226 seconds
[2022-08-17 07:15:49,918] {processor.py:153} INFO - Started process (PID=190) to work on /home/airflow/.local/lib/python3.7/site-packages/airflow/example_dags/example_branch_labels.py
[2022-08-17 07:15:49,919] {processor.py:641} INFO - Processing file /home/airflow/.local/lib/python3.7/site-packages/airflow/example_dags/example_branch_labels.py for tasks to queue
[2022-08-17 07:15:49,920] {logging_mixin.py:115} INFO - [2022-08-17 07:15:49,920] {dagbag.py:508} INFO - Filling up the DagBag from /home/airflow/.local/lib/python3.7/site-packages/airflow/example_dags/example_branch_labels.py
[2022-08-17 07:15:49,938] {processor.py:651} INFO - DAG(s) dict_keys(['example_branch_labels']) retrieved from /home/airflow/.local/lib/python3.7/site-packages/airflow/example_dags/example_branch_labels.py
[2022-08-17 07:15:50,093] {logging_mixin.py:115} INFO - [2022-08-17 07:15:50,093] {dag.py:2420} INFO - Sync 1 DAGs
[2022-08-17 07:15:50,117] {logging_mixin.py:115} INFO - [2022-08-17 07:15:50,116] {dag.py:2972} INFO - Setting next_dagrun for example_branch_labels to 2022-08-16T00:00:00+00:00, run_after=2022-08-17T00:00:00+00:00
[2022-08-17 07:15:50,131] {processor.py:161} INFO - Processing /home/airflow/.local/lib/python3.7/site-packages/airflow/example_dags/example_branch_labels.py took 0.216 seconds
[2022-08-17 07:16:21,048] {processor.py:153} INFO - Started process (PID=247) to work on /home/airflow/.local/lib/python3.7/site-packages/airflow/example_dags/example_branch_labels.py
[2022-08-17 07:16:21,049] {processor.py:641} INFO - Processing file /home/airflow/.local/lib/python3.7/site-packages/airflow/example_dags/example_branch_labels.py for tasks to queue
[2022-08-17 07:16:21,050] {logging_mixin.py:115} INFO - [2022-08-17 07:16:21,050] {dagbag.py:508} INFO - Filling up the DagBag from /home/airflow/.local/lib/python3.7/site-packages/airflow/example_dags/example_branch_labels.py
[2022-08-17 07:16:21,061] {processor.py:651} INFO - DAG(s) dict_keys(['example_branch_labels']) retrieved from /home/airflow/.local/lib/python3.7/site-packages/airflow/example_dags/example_branch_labels.py
[2022-08-17 07:16:21,219] {logging_mixin.py:115} INFO - [2022-08-17 07:16:21,219] {dag.py:2420} INFO - Sync 1 DAGs
[2022-08-17 07:16:21,243] {logging_mixin.py:115} INFO - [2022-08-17 07:16:21,243] {dag.py:2972} INFO - Setting next_dagrun for example_branch_labels to 2022-08-16T00:00:00+00:00, run_after=2022-08-17T00:00:00+00:00
[2022-08-17 07:16:21,255] {processor.py:161} INFO - Processing /home/airflow/.local/lib/python3.7/site-packages/airflow/example_dags/example_branch_labels.py took 0.210 seconds
[2022-08-17 07:16:51,847] {processor.py:153} INFO - Started process (PID=314) to work on /home/airflow/.local/lib/python3.7/site-packages/airflow/example_dags/example_branch_labels.py
[2022-08-17 07:16:51,848] {processor.py:641} INFO - Processing file /home/airflow/.local/lib/python3.7/site-packages/airflow/example_dags/example_branch_labels.py for tasks to queue
[2022-08-17 07:16:51,848] {logging_mixin.py:115} INFO - [2022-08-17 07:16:51,848] {dagbag.py:508} INFO - Filling up the DagBag from /home/airflow/.local/lib/python3.7/site-packages/airflow/example_dags/example_branch_labels.py
[2022-08-17 07:16:51,863] {processor.py:651} INFO - DAG(s) dict_keys(['example_branch_labels']) retrieved from /home/airflow/.local/lib/python3.7/site-packages/airflow/example_dags/example_branch_labels.py
[2022-08-17 07:16:52,047] {logging_mixin.py:115} INFO - [2022-08-17 07:16:52,047] {dag.py:2420} INFO - Sync 1 DAGs
[2022-08-17 07:16:52,074] {logging_mixin.py:115} INFO - [2022-08-17 07:16:52,074] {dag.py:2972} INFO - Setting next_dagrun for example_branch_labels to 2022-08-16T00:00:00+00:00, run_after=2022-08-17T00:00:00+00:00
[2022-08-17 07:16:52,091] {processor.py:161} INFO - Processing /home/airflow/.local/lib/python3.7/site-packages/airflow/example_dags/example_branch_labels.py took 0.248 seconds
[2022-08-17 07:17:22,661] {processor.py:153} INFO - Started process (PID=380) to work on /home/airflow/.local/lib/python3.7/site-packages/airflow/example_dags/example_branch_labels.py
[2022-08-17 07:17:22,662] {processor.py:641} INFO - Processing file /home/airflow/.local/lib/python3.7/site-packages/airflow/example_dags/example_branch_labels.py for tasks to queue
[2022-08-17 07:17:22,663] {logging_mixin.py:115} INFO - [2022-08-17 07:17:22,663] {dagbag.py:508} INFO - Filling up the DagBag from /home/airflow/.local/lib/python3.7/site-packages/airflow/example_dags/example_branch_labels.py
[2022-08-17 07:17:22,684] {processor.py:651} INFO - DAG(s) dict_keys(['example_branch_labels']) retrieved from /home/airflow/.local/lib/python3.7/site-packages/airflow/example_dags/example_branch_labels.py
[2022-08-17 07:17:22,873] {logging_mixin.py:115} INFO - [2022-08-17 07:17:22,873] {dag.py:2420} INFO - Sync 1 DAGs
[2022-08-17 07:17:22,905] {logging_mixin.py:115} INFO - [2022-08-17 07:17:22,905] {dag.py:2972} INFO - Setting next_dagrun for example_branch_labels to 2022-08-16T00:00:00+00:00, run_after=2022-08-17T00:00:00+00:00
[2022-08-17 07:17:22,927] {processor.py:161} INFO - Processing /home/airflow/.local/lib/python3.7/site-packages/airflow/example_dags/example_branch_labels.py took 0.271 seconds
