[2022-08-17 07:14:48,180] {processor.py:153} INFO - Started process (PID=59) to work on /home/airflow/.local/lib/python3.7/site-packages/airflow/example_dags/example_branch_operator_decorator.py
[2022-08-17 07:14:48,180] {processor.py:641} INFO - Processing file /home/airflow/.local/lib/python3.7/site-packages/airflow/example_dags/example_branch_operator_decorator.py for tasks to queue
[2022-08-17 07:14:48,181] {logging_mixin.py:115} INFO - [2022-08-17 07:14:48,181] {dagbag.py:508} INFO - Filling up the DagBag from /home/airflow/.local/lib/python3.7/site-packages/airflow/example_dags/example_branch_operator_decorator.py
[2022-08-17 07:14:48,335] {processor.py:651} INFO - DAG(s) dict_keys(['example_branch_python_operator_decorator']) retrieved from /home/airflow/.local/lib/python3.7/site-packages/airflow/example_dags/example_branch_operator_decorator.py
[2022-08-17 07:14:48,363] {logging_mixin.py:115} INFO - [2022-08-17 07:14:48,362] {dag.py:2420} INFO - Sync 1 DAGs
[2022-08-17 07:14:48,395] {logging_mixin.py:115} INFO - [2022-08-17 07:14:48,395] {dag.py:2972} INFO - Setting next_dagrun for example_branch_python_operator_decorator to 2022-08-16T00:00:00+00:00, run_after=2022-08-17T00:00:00+00:00
[2022-08-17 07:14:48,410] {processor.py:161} INFO - Processing /home/airflow/.local/lib/python3.7/site-packages/airflow/example_dags/example_branch_operator_decorator.py took 0.233 seconds
[2022-08-17 07:15:19,004] {processor.py:153} INFO - Started process (PID=125) to work on /home/airflow/.local/lib/python3.7/site-packages/airflow/example_dags/example_branch_operator_decorator.py
[2022-08-17 07:15:19,005] {processor.py:641} INFO - Processing file /home/airflow/.local/lib/python3.7/site-packages/airflow/example_dags/example_branch_operator_decorator.py for tasks to queue
[2022-08-17 07:15:19,006] {logging_mixin.py:115} INFO - [2022-08-17 07:15:19,006] {dagbag.py:508} INFO - Filling up the DagBag from /home/airflow/.local/lib/python3.7/site-packages/airflow/example_dags/example_branch_operator_decorator.py
[2022-08-17 07:15:19,172] {processor.py:651} INFO - DAG(s) dict_keys(['example_branch_python_operator_decorator']) retrieved from /home/airflow/.local/lib/python3.7/site-packages/airflow/example_dags/example_branch_operator_decorator.py
[2022-08-17 07:15:19,198] {logging_mixin.py:115} INFO - [2022-08-17 07:15:19,197] {dag.py:2420} INFO - Sync 1 DAGs
[2022-08-17 07:15:19,223] {logging_mixin.py:115} INFO - [2022-08-17 07:15:19,223] {dag.py:2972} INFO - Setting next_dagrun for example_branch_python_operator_decorator to 2022-08-16T00:00:00+00:00, run_after=2022-08-17T00:00:00+00:00
[2022-08-17 07:15:19,235] {processor.py:161} INFO - Processing /home/airflow/.local/lib/python3.7/site-packages/airflow/example_dags/example_branch_operator_decorator.py took 0.235 seconds
[2022-08-17 07:15:50,014] {processor.py:153} INFO - Started process (PID=191) to work on /home/airflow/.local/lib/python3.7/site-packages/airflow/example_dags/example_branch_operator_decorator.py
[2022-08-17 07:15:50,015] {processor.py:641} INFO - Processing file /home/airflow/.local/lib/python3.7/site-packages/airflow/example_dags/example_branch_operator_decorator.py for tasks to queue
[2022-08-17 07:15:50,017] {logging_mixin.py:115} INFO - [2022-08-17 07:15:50,017] {dagbag.py:508} INFO - Filling up the DagBag from /home/airflow/.local/lib/python3.7/site-packages/airflow/example_dags/example_branch_operator_decorator.py
[2022-08-17 07:15:50,173] {processor.py:651} INFO - DAG(s) dict_keys(['example_branch_python_operator_decorator']) retrieved from /home/airflow/.local/lib/python3.7/site-packages/airflow/example_dags/example_branch_operator_decorator.py
[2022-08-17 07:15:50,198] {logging_mixin.py:115} INFO - [2022-08-17 07:15:50,198] {dag.py:2420} INFO - Sync 1 DAGs
[2022-08-17 07:15:50,221] {logging_mixin.py:115} INFO - [2022-08-17 07:15:50,221] {dag.py:2972} INFO - Setting next_dagrun for example_branch_python_operator_decorator to 2022-08-16T00:00:00+00:00, run_after=2022-08-17T00:00:00+00:00
[2022-08-17 07:15:50,238] {processor.py:161} INFO - Processing /home/airflow/.local/lib/python3.7/site-packages/airflow/example_dags/example_branch_operator_decorator.py took 0.227 seconds
[2022-08-17 07:16:21,103] {processor.py:153} INFO - Started process (PID=248) to work on /home/airflow/.local/lib/python3.7/site-packages/airflow/example_dags/example_branch_operator_decorator.py
[2022-08-17 07:16:21,104] {processor.py:641} INFO - Processing file /home/airflow/.local/lib/python3.7/site-packages/airflow/example_dags/example_branch_operator_decorator.py for tasks to queue
[2022-08-17 07:16:21,104] {logging_mixin.py:115} INFO - [2022-08-17 07:16:21,104] {dagbag.py:508} INFO - Filling up the DagBag from /home/airflow/.local/lib/python3.7/site-packages/airflow/example_dags/example_branch_operator_decorator.py
[2022-08-17 07:16:21,242] {processor.py:651} INFO - DAG(s) dict_keys(['example_branch_python_operator_decorator']) retrieved from /home/airflow/.local/lib/python3.7/site-packages/airflow/example_dags/example_branch_operator_decorator.py
[2022-08-17 07:16:21,262] {logging_mixin.py:115} INFO - [2022-08-17 07:16:21,262] {dag.py:2420} INFO - Sync 1 DAGs
[2022-08-17 07:16:21,289] {logging_mixin.py:115} INFO - [2022-08-17 07:16:21,288] {dag.py:2972} INFO - Setting next_dagrun for example_branch_python_operator_decorator to 2022-08-16T00:00:00+00:00, run_after=2022-08-17T00:00:00+00:00
[2022-08-17 07:16:21,303] {processor.py:161} INFO - Processing /home/airflow/.local/lib/python3.7/site-packages/airflow/example_dags/example_branch_operator_decorator.py took 0.203 seconds
[2022-08-17 07:16:51,891] {processor.py:153} INFO - Started process (PID=315) to work on /home/airflow/.local/lib/python3.7/site-packages/airflow/example_dags/example_branch_operator_decorator.py
[2022-08-17 07:16:51,891] {processor.py:641} INFO - Processing file /home/airflow/.local/lib/python3.7/site-packages/airflow/example_dags/example_branch_operator_decorator.py for tasks to queue
[2022-08-17 07:16:51,892] {logging_mixin.py:115} INFO - [2022-08-17 07:16:51,892] {dagbag.py:508} INFO - Filling up the DagBag from /home/airflow/.local/lib/python3.7/site-packages/airflow/example_dags/example_branch_operator_decorator.py
[2022-08-17 07:16:52,070] {processor.py:651} INFO - DAG(s) dict_keys(['example_branch_python_operator_decorator']) retrieved from /home/airflow/.local/lib/python3.7/site-packages/airflow/example_dags/example_branch_operator_decorator.py
[2022-08-17 07:16:52,094] {logging_mixin.py:115} INFO - [2022-08-17 07:16:52,094] {dag.py:2420} INFO - Sync 1 DAGs
[2022-08-17 07:16:52,128] {logging_mixin.py:115} INFO - [2022-08-17 07:16:52,128] {dag.py:2972} INFO - Setting next_dagrun for example_branch_python_operator_decorator to 2022-08-16T00:00:00+00:00, run_after=2022-08-17T00:00:00+00:00
[2022-08-17 07:16:52,147] {processor.py:161} INFO - Processing /home/airflow/.local/lib/python3.7/site-packages/airflow/example_dags/example_branch_operator_decorator.py took 0.260 seconds
[2022-08-17 07:17:22,700] {processor.py:153} INFO - Started process (PID=381) to work on /home/airflow/.local/lib/python3.7/site-packages/airflow/example_dags/example_branch_operator_decorator.py
[2022-08-17 07:17:22,700] {processor.py:641} INFO - Processing file /home/airflow/.local/lib/python3.7/site-packages/airflow/example_dags/example_branch_operator_decorator.py for tasks to queue
[2022-08-17 07:17:22,701] {logging_mixin.py:115} INFO - [2022-08-17 07:17:22,701] {dagbag.py:508} INFO - Filling up the DagBag from /home/airflow/.local/lib/python3.7/site-packages/airflow/example_dags/example_branch_operator_decorator.py
[2022-08-17 07:17:22,864] {processor.py:651} INFO - DAG(s) dict_keys(['example_branch_python_operator_decorator']) retrieved from /home/airflow/.local/lib/python3.7/site-packages/airflow/example_dags/example_branch_operator_decorator.py
[2022-08-17 07:17:22,892] {logging_mixin.py:115} INFO - [2022-08-17 07:17:22,892] {dag.py:2420} INFO - Sync 1 DAGs
[2022-08-17 07:17:22,923] {logging_mixin.py:115} INFO - [2022-08-17 07:17:22,923] {dag.py:2972} INFO - Setting next_dagrun for example_branch_python_operator_decorator to 2022-08-16T00:00:00+00:00, run_after=2022-08-17T00:00:00+00:00
[2022-08-17 07:17:22,940] {processor.py:161} INFO - Processing /home/airflow/.local/lib/python3.7/site-packages/airflow/example_dags/example_branch_operator_decorator.py took 0.244 seconds
