[2022-08-17 07:14:48,888] {processor.py:153} INFO - Started process (PID=73) to work on /home/airflow/.local/lib/python3.7/site-packages/airflow/example_dags/example_skip_dag.py
[2022-08-17 07:14:48,889] {processor.py:641} INFO - Processing file /home/airflow/.local/lib/python3.7/site-packages/airflow/example_dags/example_skip_dag.py for tasks to queue
[2022-08-17 07:14:48,890] {logging_mixin.py:115} INFO - [2022-08-17 07:14:48,890] {dagbag.py:508} INFO - Filling up the DagBag from /home/airflow/.local/lib/python3.7/site-packages/airflow/example_dags/example_skip_dag.py
[2022-08-17 07:14:48,897] {processor.py:651} INFO - DAG(s) dict_keys(['example_skip_dag']) retrieved from /home/airflow/.local/lib/python3.7/site-packages/airflow/example_dags/example_skip_dag.py
[2022-08-17 07:14:48,931] {logging_mixin.py:115} INFO - [2022-08-17 07:14:48,931] {dag.py:2420} INFO - Sync 1 DAGs
[2022-08-17 07:14:49,079] {logging_mixin.py:115} INFO - [2022-08-17 07:14:49,079] {dag.py:2972} INFO - Setting next_dagrun for example_skip_dag to 2022-08-16T07:14:49.078994+00:00, run_after=2022-08-17T07:14:49.078994+00:00
[2022-08-17 07:14:49,092] {processor.py:161} INFO - Processing /home/airflow/.local/lib/python3.7/site-packages/airflow/example_dags/example_skip_dag.py took 0.207 seconds
[2022-08-17 07:15:19,633] {processor.py:153} INFO - Started process (PID=130) to work on /home/airflow/.local/lib/python3.7/site-packages/airflow/example_dags/example_skip_dag.py
[2022-08-17 07:15:19,633] {processor.py:641} INFO - Processing file /home/airflow/.local/lib/python3.7/site-packages/airflow/example_dags/example_skip_dag.py for tasks to queue
[2022-08-17 07:15:19,634] {logging_mixin.py:115} INFO - [2022-08-17 07:15:19,634] {dagbag.py:508} INFO - Filling up the DagBag from /home/airflow/.local/lib/python3.7/site-packages/airflow/example_dags/example_skip_dag.py
[2022-08-17 07:15:19,643] {processor.py:651} INFO - DAG(s) dict_keys(['example_skip_dag']) retrieved from /home/airflow/.local/lib/python3.7/site-packages/airflow/example_dags/example_skip_dag.py
[2022-08-17 07:15:19,786] {logging_mixin.py:115} INFO - [2022-08-17 07:15:19,785] {dag.py:2420} INFO - Sync 1 DAGs
[2022-08-17 07:15:19,806] {logging_mixin.py:115} INFO - [2022-08-17 07:15:19,806] {dag.py:2972} INFO - Setting next_dagrun for example_skip_dag to 2022-08-16T07:15:19.805815+00:00, run_after=2022-08-17T07:15:19.805815+00:00
[2022-08-17 07:15:19,817] {processor.py:161} INFO - Processing /home/airflow/.local/lib/python3.7/site-packages/airflow/example_dags/example_skip_dag.py took 0.188 seconds
[2022-08-17 07:15:50,750] {processor.py:153} INFO - Started process (PID=196) to work on /home/airflow/.local/lib/python3.7/site-packages/airflow/example_dags/example_skip_dag.py
[2022-08-17 07:15:50,751] {processor.py:641} INFO - Processing file /home/airflow/.local/lib/python3.7/site-packages/airflow/example_dags/example_skip_dag.py for tasks to queue
[2022-08-17 07:15:50,752] {logging_mixin.py:115} INFO - [2022-08-17 07:15:50,752] {dagbag.py:508} INFO - Filling up the DagBag from /home/airflow/.local/lib/python3.7/site-packages/airflow/example_dags/example_skip_dag.py
[2022-08-17 07:15:50,761] {processor.py:651} INFO - DAG(s) dict_keys(['example_skip_dag']) retrieved from /home/airflow/.local/lib/python3.7/site-packages/airflow/example_dags/example_skip_dag.py
[2022-08-17 07:15:50,927] {logging_mixin.py:115} INFO - [2022-08-17 07:15:50,927] {dag.py:2420} INFO - Sync 1 DAGs
[2022-08-17 07:15:50,949] {logging_mixin.py:115} INFO - [2022-08-17 07:15:50,949] {dag.py:2972} INFO - Setting next_dagrun for example_skip_dag to 2022-08-16T07:15:50.949022+00:00, run_after=2022-08-17T07:15:50.949022+00:00
[2022-08-17 07:15:50,962] {processor.py:161} INFO - Processing /home/airflow/.local/lib/python3.7/site-packages/airflow/example_dags/example_skip_dag.py took 0.216 seconds
[2022-08-17 07:16:21,871] {processor.py:153} INFO - Started process (PID=253) to work on /home/airflow/.local/lib/python3.7/site-packages/airflow/example_dags/example_skip_dag.py
[2022-08-17 07:16:21,872] {processor.py:641} INFO - Processing file /home/airflow/.local/lib/python3.7/site-packages/airflow/example_dags/example_skip_dag.py for tasks to queue
[2022-08-17 07:16:21,872] {logging_mixin.py:115} INFO - [2022-08-17 07:16:21,872] {dagbag.py:508} INFO - Filling up the DagBag from /home/airflow/.local/lib/python3.7/site-packages/airflow/example_dags/example_skip_dag.py
[2022-08-17 07:16:21,881] {processor.py:651} INFO - DAG(s) dict_keys(['example_skip_dag']) retrieved from /home/airflow/.local/lib/python3.7/site-packages/airflow/example_dags/example_skip_dag.py
[2022-08-17 07:16:22,063] {logging_mixin.py:115} INFO - [2022-08-17 07:16:22,062] {dag.py:2420} INFO - Sync 1 DAGs
[2022-08-17 07:16:22,097] {logging_mixin.py:115} INFO - [2022-08-17 07:16:22,097] {dag.py:2972} INFO - Setting next_dagrun for example_skip_dag to 2022-08-16T07:16:22.097391+00:00, run_after=2022-08-17T07:16:22.097391+00:00
[2022-08-17 07:16:22,112] {processor.py:161} INFO - Processing /home/airflow/.local/lib/python3.7/site-packages/airflow/example_dags/example_skip_dag.py took 0.245 seconds
[2022-08-17 07:16:52,666] {processor.py:153} INFO - Started process (PID=320) to work on /home/airflow/.local/lib/python3.7/site-packages/airflow/example_dags/example_skip_dag.py
[2022-08-17 07:16:52,666] {processor.py:641} INFO - Processing file /home/airflow/.local/lib/python3.7/site-packages/airflow/example_dags/example_skip_dag.py for tasks to queue
[2022-08-17 07:16:52,667] {logging_mixin.py:115} INFO - [2022-08-17 07:16:52,667] {dagbag.py:508} INFO - Filling up the DagBag from /home/airflow/.local/lib/python3.7/site-packages/airflow/example_dags/example_skip_dag.py
[2022-08-17 07:16:52,677] {processor.py:651} INFO - DAG(s) dict_keys(['example_skip_dag']) retrieved from /home/airflow/.local/lib/python3.7/site-packages/airflow/example_dags/example_skip_dag.py
[2022-08-17 07:16:52,850] {logging_mixin.py:115} INFO - [2022-08-17 07:16:52,849] {dag.py:2420} INFO - Sync 1 DAGs
[2022-08-17 07:16:52,883] {logging_mixin.py:115} INFO - [2022-08-17 07:16:52,883] {dag.py:2972} INFO - Setting next_dagrun for example_skip_dag to 2022-08-16T07:16:52.883587+00:00, run_after=2022-08-17T07:16:52.883587+00:00
[2022-08-17 07:16:52,899] {processor.py:161} INFO - Processing /home/airflow/.local/lib/python3.7/site-packages/airflow/example_dags/example_skip_dag.py took 0.237 seconds
[2022-08-17 07:17:23,450] {processor.py:153} INFO - Started process (PID=386) to work on /home/airflow/.local/lib/python3.7/site-packages/airflow/example_dags/example_skip_dag.py
[2022-08-17 07:17:23,451] {processor.py:641} INFO - Processing file /home/airflow/.local/lib/python3.7/site-packages/airflow/example_dags/example_skip_dag.py for tasks to queue
[2022-08-17 07:17:23,451] {logging_mixin.py:115} INFO - [2022-08-17 07:17:23,451] {dagbag.py:508} INFO - Filling up the DagBag from /home/airflow/.local/lib/python3.7/site-packages/airflow/example_dags/example_skip_dag.py
[2022-08-17 07:17:23,462] {processor.py:651} INFO - DAG(s) dict_keys(['example_skip_dag']) retrieved from /home/airflow/.local/lib/python3.7/site-packages/airflow/example_dags/example_skip_dag.py
[2022-08-17 07:17:23,618] {logging_mixin.py:115} INFO - [2022-08-17 07:17:23,618] {dag.py:2420} INFO - Sync 1 DAGs
[2022-08-17 07:17:23,645] {logging_mixin.py:115} INFO - [2022-08-17 07:17:23,645] {dag.py:2972} INFO - Setting next_dagrun for example_skip_dag to 2022-08-16T07:17:23.645359+00:00, run_after=2022-08-17T07:17:23.645359+00:00
[2022-08-17 07:17:23,657] {processor.py:161} INFO - Processing /home/airflow/.local/lib/python3.7/site-packages/airflow/example_dags/example_skip_dag.py took 0.211 seconds
