[2022-08-17 07:14:48,645] {processor.py:153} INFO - Started process (PID=71) to work on /home/airflow/.local/lib/python3.7/site-packages/airflow/example_dags/example_complex.py
[2022-08-17 07:14:48,646] {processor.py:641} INFO - Processing file /home/airflow/.local/lib/python3.7/site-packages/airflow/example_dags/example_complex.py for tasks to queue
[2022-08-17 07:14:48,646] {logging_mixin.py:115} INFO - [2022-08-17 07:14:48,646] {dagbag.py:508} INFO - Filling up the DagBag from /home/airflow/.local/lib/python3.7/site-packages/airflow/example_dags/example_complex.py
[2022-08-17 07:14:48,663] {processor.py:651} INFO - DAG(s) dict_keys(['example_complex']) retrieved from /home/airflow/.local/lib/python3.7/site-packages/airflow/example_dags/example_complex.py
[2022-08-17 07:14:48,824] {logging_mixin.py:115} INFO - [2022-08-17 07:14:48,824] {dag.py:2420} INFO - Sync 1 DAGs
[2022-08-17 07:14:48,848] {logging_mixin.py:115} INFO - [2022-08-17 07:14:48,848] {dag.py:2972} INFO - Setting next_dagrun for example_complex to None, run_after=None
[2022-08-17 07:14:48,868] {processor.py:161} INFO - Processing /home/airflow/.local/lib/python3.7/site-packages/airflow/example_dags/example_complex.py took 0.226 seconds
[2022-08-17 07:15:19,385] {processor.py:153} INFO - Started process (PID=128) to work on /home/airflow/.local/lib/python3.7/site-packages/airflow/example_dags/example_complex.py
[2022-08-17 07:15:19,386] {processor.py:641} INFO - Processing file /home/airflow/.local/lib/python3.7/site-packages/airflow/example_dags/example_complex.py for tasks to queue
[2022-08-17 07:15:19,387] {logging_mixin.py:115} INFO - [2022-08-17 07:15:19,387] {dagbag.py:508} INFO - Filling up the DagBag from /home/airflow/.local/lib/python3.7/site-packages/airflow/example_dags/example_complex.py
[2022-08-17 07:15:19,406] {processor.py:651} INFO - DAG(s) dict_keys(['example_complex']) retrieved from /home/airflow/.local/lib/python3.7/site-packages/airflow/example_dags/example_complex.py
[2022-08-17 07:15:19,566] {logging_mixin.py:115} INFO - [2022-08-17 07:15:19,566] {dag.py:2420} INFO - Sync 1 DAGs
[2022-08-17 07:15:19,596] {logging_mixin.py:115} INFO - [2022-08-17 07:15:19,596] {dag.py:2972} INFO - Setting next_dagrun for example_complex to None, run_after=None
[2022-08-17 07:15:19,609] {processor.py:161} INFO - Processing /home/airflow/.local/lib/python3.7/site-packages/airflow/example_dags/example_complex.py took 0.228 seconds
[2022-08-17 07:15:50,491] {processor.py:153} INFO - Started process (PID=194) to work on /home/airflow/.local/lib/python3.7/site-packages/airflow/example_dags/example_complex.py
[2022-08-17 07:15:50,492] {processor.py:641} INFO - Processing file /home/airflow/.local/lib/python3.7/site-packages/airflow/example_dags/example_complex.py for tasks to queue
[2022-08-17 07:15:50,492] {logging_mixin.py:115} INFO - [2022-08-17 07:15:50,492] {dagbag.py:508} INFO - Filling up the DagBag from /home/airflow/.local/lib/python3.7/site-packages/airflow/example_dags/example_complex.py
[2022-08-17 07:15:50,515] {processor.py:651} INFO - DAG(s) dict_keys(['example_complex']) retrieved from /home/airflow/.local/lib/python3.7/site-packages/airflow/example_dags/example_complex.py
[2022-08-17 07:15:50,684] {logging_mixin.py:115} INFO - [2022-08-17 07:15:50,684] {dag.py:2420} INFO - Sync 1 DAGs
[2022-08-17 07:15:50,710] {logging_mixin.py:115} INFO - [2022-08-17 07:15:50,710] {dag.py:2972} INFO - Setting next_dagrun for example_complex to None, run_after=None
[2022-08-17 07:15:50,724] {processor.py:161} INFO - Processing /home/airflow/.local/lib/python3.7/site-packages/airflow/example_dags/example_complex.py took 0.237 seconds
[2022-08-17 07:16:21,549] {processor.py:153} INFO - Started process (PID=251) to work on /home/airflow/.local/lib/python3.7/site-packages/airflow/example_dags/example_complex.py
[2022-08-17 07:16:21,549] {processor.py:641} INFO - Processing file /home/airflow/.local/lib/python3.7/site-packages/airflow/example_dags/example_complex.py for tasks to queue
[2022-08-17 07:16:21,550] {logging_mixin.py:115} INFO - [2022-08-17 07:16:21,550] {dagbag.py:508} INFO - Filling up the DagBag from /home/airflow/.local/lib/python3.7/site-packages/airflow/example_dags/example_complex.py
[2022-08-17 07:16:21,569] {processor.py:651} INFO - DAG(s) dict_keys(['example_complex']) retrieved from /home/airflow/.local/lib/python3.7/site-packages/airflow/example_dags/example_complex.py
[2022-08-17 07:16:21,736] {logging_mixin.py:115} INFO - [2022-08-17 07:16:21,735] {dag.py:2420} INFO - Sync 1 DAGs
[2022-08-17 07:16:21,765] {logging_mixin.py:115} INFO - [2022-08-17 07:16:21,765] {dag.py:2972} INFO - Setting next_dagrun for example_complex to None, run_after=None
[2022-08-17 07:16:21,834] {processor.py:161} INFO - Processing /home/airflow/.local/lib/python3.7/site-packages/airflow/example_dags/example_complex.py took 0.289 seconds
[2022-08-17 07:16:52,409] {processor.py:153} INFO - Started process (PID=318) to work on /home/airflow/.local/lib/python3.7/site-packages/airflow/example_dags/example_complex.py
[2022-08-17 07:16:52,409] {processor.py:641} INFO - Processing file /home/airflow/.local/lib/python3.7/site-packages/airflow/example_dags/example_complex.py for tasks to queue
[2022-08-17 07:16:52,410] {logging_mixin.py:115} INFO - [2022-08-17 07:16:52,410] {dagbag.py:508} INFO - Filling up the DagBag from /home/airflow/.local/lib/python3.7/site-packages/airflow/example_dags/example_complex.py
[2022-08-17 07:16:52,427] {processor.py:651} INFO - DAG(s) dict_keys(['example_complex']) retrieved from /home/airflow/.local/lib/python3.7/site-packages/airflow/example_dags/example_complex.py
[2022-08-17 07:16:52,593] {logging_mixin.py:115} INFO - [2022-08-17 07:16:52,593] {dag.py:2420} INFO - Sync 1 DAGs
[2022-08-17 07:16:52,618] {logging_mixin.py:115} INFO - [2022-08-17 07:16:52,618] {dag.py:2972} INFO - Setting next_dagrun for example_complex to None, run_after=None
[2022-08-17 07:16:52,632] {processor.py:161} INFO - Processing /home/airflow/.local/lib/python3.7/site-packages/airflow/example_dags/example_complex.py took 0.227 seconds
[2022-08-17 07:17:23,218] {processor.py:153} INFO - Started process (PID=384) to work on /home/airflow/.local/lib/python3.7/site-packages/airflow/example_dags/example_complex.py
[2022-08-17 07:17:23,219] {processor.py:641} INFO - Processing file /home/airflow/.local/lib/python3.7/site-packages/airflow/example_dags/example_complex.py for tasks to queue
[2022-08-17 07:17:23,220] {logging_mixin.py:115} INFO - [2022-08-17 07:17:23,220] {dagbag.py:508} INFO - Filling up the DagBag from /home/airflow/.local/lib/python3.7/site-packages/airflow/example_dags/example_complex.py
[2022-08-17 07:17:23,239] {processor.py:651} INFO - DAG(s) dict_keys(['example_complex']) retrieved from /home/airflow/.local/lib/python3.7/site-packages/airflow/example_dags/example_complex.py
[2022-08-17 07:17:23,387] {logging_mixin.py:115} INFO - [2022-08-17 07:17:23,387] {dag.py:2420} INFO - Sync 1 DAGs
[2022-08-17 07:17:23,409] {logging_mixin.py:115} INFO - [2022-08-17 07:17:23,409] {dag.py:2972} INFO - Setting next_dagrun for example_complex to None, run_after=None
[2022-08-17 07:17:23,422] {processor.py:161} INFO - Processing /home/airflow/.local/lib/python3.7/site-packages/airflow/example_dags/example_complex.py took 0.208 seconds
