[2022-08-17 07:14:51,394] {processor.py:153} INFO - Started process (PID=90) to work on /home/airflow/.local/lib/python3.7/site-packages/airflow/example_dags/example_latest_only_with_trigger.py
[2022-08-17 07:14:51,395] {processor.py:641} INFO - Processing file /home/airflow/.local/lib/python3.7/site-packages/airflow/example_dags/example_latest_only_with_trigger.py for tasks to queue
[2022-08-17 07:14:51,397] {logging_mixin.py:115} INFO - [2022-08-17 07:14:51,397] {dagbag.py:508} INFO - Filling up the DagBag from /home/airflow/.local/lib/python3.7/site-packages/airflow/example_dags/example_latest_only_with_trigger.py
[2022-08-17 07:14:51,403] {processor.py:651} INFO - DAG(s) dict_keys(['latest_only_with_trigger']) retrieved from /home/airflow/.local/lib/python3.7/site-packages/airflow/example_dags/example_latest_only_with_trigger.py
[2022-08-17 07:14:51,550] {logging_mixin.py:115} INFO - [2022-08-17 07:14:51,550] {dag.py:2420} INFO - Sync 1 DAGs
[2022-08-17 07:14:51,574] {logging_mixin.py:115} INFO - [2022-08-17 07:14:51,574] {dag.py:2972} INFO - Setting next_dagrun for latest_only_with_trigger to 2022-08-17T03:14:51.574257+00:00, run_after=2022-08-17T07:14:51.574257+00:00
[2022-08-17 07:14:51,588] {processor.py:161} INFO - Processing /home/airflow/.local/lib/python3.7/site-packages/airflow/example_dags/example_latest_only_with_trigger.py took 0.197 seconds
[2022-08-17 07:15:22,235] {processor.py:153} INFO - Started process (PID=147) to work on /home/airflow/.local/lib/python3.7/site-packages/airflow/example_dags/example_latest_only_with_trigger.py
[2022-08-17 07:15:22,236] {processor.py:641} INFO - Processing file /home/airflow/.local/lib/python3.7/site-packages/airflow/example_dags/example_latest_only_with_trigger.py for tasks to queue
[2022-08-17 07:15:22,237] {logging_mixin.py:115} INFO - [2022-08-17 07:15:22,237] {dagbag.py:508} INFO - Filling up the DagBag from /home/airflow/.local/lib/python3.7/site-packages/airflow/example_dags/example_latest_only_with_trigger.py
[2022-08-17 07:15:22,250] {processor.py:651} INFO - DAG(s) dict_keys(['latest_only_with_trigger']) retrieved from /home/airflow/.local/lib/python3.7/site-packages/airflow/example_dags/example_latest_only_with_trigger.py
[2022-08-17 07:15:22,479] {logging_mixin.py:115} INFO - [2022-08-17 07:15:22,479] {dag.py:2420} INFO - Sync 1 DAGs
[2022-08-17 07:15:22,522] {logging_mixin.py:115} INFO - [2022-08-17 07:15:22,522] {dag.py:2972} INFO - Setting next_dagrun for latest_only_with_trigger to 2022-08-17T03:15:22.521694+00:00, run_after=2022-08-17T07:15:22.521694+00:00
[2022-08-17 07:15:22,547] {processor.py:161} INFO - Processing /home/airflow/.local/lib/python3.7/site-packages/airflow/example_dags/example_latest_only_with_trigger.py took 0.315 seconds
[2022-08-17 07:15:52,882] {processor.py:153} INFO - Started process (PID=213) to work on /home/airflow/.local/lib/python3.7/site-packages/airflow/example_dags/example_latest_only_with_trigger.py
[2022-08-17 07:15:52,884] {processor.py:641} INFO - Processing file /home/airflow/.local/lib/python3.7/site-packages/airflow/example_dags/example_latest_only_with_trigger.py for tasks to queue
[2022-08-17 07:15:52,885] {logging_mixin.py:115} INFO - [2022-08-17 07:15:52,885] {dagbag.py:508} INFO - Filling up the DagBag from /home/airflow/.local/lib/python3.7/site-packages/airflow/example_dags/example_latest_only_with_trigger.py
[2022-08-17 07:15:52,894] {processor.py:651} INFO - DAG(s) dict_keys(['latest_only_with_trigger']) retrieved from /home/airflow/.local/lib/python3.7/site-packages/airflow/example_dags/example_latest_only_with_trigger.py
[2022-08-17 07:15:53,055] {logging_mixin.py:115} INFO - [2022-08-17 07:15:53,055] {dag.py:2420} INFO - Sync 1 DAGs
[2022-08-17 07:15:53,084] {logging_mixin.py:115} INFO - [2022-08-17 07:15:53,083] {dag.py:2972} INFO - Setting next_dagrun for latest_only_with_trigger to 2022-08-17T03:15:53.083695+00:00, run_after=2022-08-17T07:15:53.083695+00:00
[2022-08-17 07:15:53,099] {processor.py:161} INFO - Processing /home/airflow/.local/lib/python3.7/site-packages/airflow/example_dags/example_latest_only_with_trigger.py took 0.219 seconds
[2022-08-17 07:16:24,458] {processor.py:153} INFO - Started process (PID=279) to work on /home/airflow/.local/lib/python3.7/site-packages/airflow/example_dags/example_latest_only_with_trigger.py
[2022-08-17 07:16:24,459] {processor.py:641} INFO - Processing file /home/airflow/.local/lib/python3.7/site-packages/airflow/example_dags/example_latest_only_with_trigger.py for tasks to queue
[2022-08-17 07:16:24,460] {logging_mixin.py:115} INFO - [2022-08-17 07:16:24,460] {dagbag.py:508} INFO - Filling up the DagBag from /home/airflow/.local/lib/python3.7/site-packages/airflow/example_dags/example_latest_only_with_trigger.py
[2022-08-17 07:16:24,471] {processor.py:651} INFO - DAG(s) dict_keys(['latest_only_with_trigger']) retrieved from /home/airflow/.local/lib/python3.7/site-packages/airflow/example_dags/example_latest_only_with_trigger.py
[2022-08-17 07:16:24,661] {logging_mixin.py:115} INFO - [2022-08-17 07:16:24,660] {dag.py:2420} INFO - Sync 1 DAGs
[2022-08-17 07:16:24,693] {logging_mixin.py:115} INFO - [2022-08-17 07:16:24,692] {dag.py:2972} INFO - Setting next_dagrun for latest_only_with_trigger to 2022-08-17T03:16:24.692599+00:00, run_after=2022-08-17T07:16:24.692599+00:00
[2022-08-17 07:16:24,707] {processor.py:161} INFO - Processing /home/airflow/.local/lib/python3.7/site-packages/airflow/example_dags/example_latest_only_with_trigger.py took 0.253 seconds
[2022-08-17 07:16:55,179] {processor.py:153} INFO - Started process (PID=337) to work on /home/airflow/.local/lib/python3.7/site-packages/airflow/example_dags/example_latest_only_with_trigger.py
[2022-08-17 07:16:55,180] {processor.py:641} INFO - Processing file /home/airflow/.local/lib/python3.7/site-packages/airflow/example_dags/example_latest_only_with_trigger.py for tasks to queue
[2022-08-17 07:16:55,181] {logging_mixin.py:115} INFO - [2022-08-17 07:16:55,181] {dagbag.py:508} INFO - Filling up the DagBag from /home/airflow/.local/lib/python3.7/site-packages/airflow/example_dags/example_latest_only_with_trigger.py
[2022-08-17 07:16:55,195] {processor.py:651} INFO - DAG(s) dict_keys(['latest_only_with_trigger']) retrieved from /home/airflow/.local/lib/python3.7/site-packages/airflow/example_dags/example_latest_only_with_trigger.py
[2022-08-17 07:16:55,346] {logging_mixin.py:115} INFO - [2022-08-17 07:16:55,346] {dag.py:2420} INFO - Sync 1 DAGs
[2022-08-17 07:16:55,369] {logging_mixin.py:115} INFO - [2022-08-17 07:16:55,369] {dag.py:2972} INFO - Setting next_dagrun for latest_only_with_trigger to 2022-08-17T03:16:55.369141+00:00, run_after=2022-08-17T07:16:55.369141+00:00
[2022-08-17 07:16:55,387] {processor.py:161} INFO - Processing /home/airflow/.local/lib/python3.7/site-packages/airflow/example_dags/example_latest_only_with_trigger.py took 0.211 seconds
[2022-08-17 07:17:25,772] {processor.py:153} INFO - Started process (PID=403) to work on /home/airflow/.local/lib/python3.7/site-packages/airflow/example_dags/example_latest_only_with_trigger.py
[2022-08-17 07:17:25,773] {processor.py:641} INFO - Processing file /home/airflow/.local/lib/python3.7/site-packages/airflow/example_dags/example_latest_only_with_trigger.py for tasks to queue
[2022-08-17 07:17:25,774] {logging_mixin.py:115} INFO - [2022-08-17 07:17:25,774] {dagbag.py:508} INFO - Filling up the DagBag from /home/airflow/.local/lib/python3.7/site-packages/airflow/example_dags/example_latest_only_with_trigger.py
[2022-08-17 07:17:25,785] {processor.py:651} INFO - DAG(s) dict_keys(['latest_only_with_trigger']) retrieved from /home/airflow/.local/lib/python3.7/site-packages/airflow/example_dags/example_latest_only_with_trigger.py
[2022-08-17 07:17:25,938] {logging_mixin.py:115} INFO - [2022-08-17 07:17:25,938] {dag.py:2420} INFO - Sync 1 DAGs
[2022-08-17 07:17:25,963] {logging_mixin.py:115} INFO - [2022-08-17 07:17:25,963] {dag.py:2972} INFO - Setting next_dagrun for latest_only_with_trigger to 2022-08-17T03:17:25.963254+00:00, run_after=2022-08-17T07:17:25.963254+00:00
[2022-08-17 07:17:25,976] {processor.py:161} INFO - Processing /home/airflow/.local/lib/python3.7/site-packages/airflow/example_dags/example_latest_only_with_trigger.py took 0.208 seconds
