[2022-08-17 07:14:50,805] {processor.py:153} INFO - Started process (PID=86) to work on /home/airflow/.local/lib/python3.7/site-packages/airflow/example_dags/example_task_group_decorator.py
[2022-08-17 07:14:50,807] {processor.py:641} INFO - Processing file /home/airflow/.local/lib/python3.7/site-packages/airflow/example_dags/example_task_group_decorator.py for tasks to queue
[2022-08-17 07:14:50,807] {logging_mixin.py:115} INFO - [2022-08-17 07:14:50,807] {dagbag.py:508} INFO - Filling up the DagBag from /home/airflow/.local/lib/python3.7/site-packages/airflow/example_dags/example_task_group_decorator.py
[2022-08-17 07:14:50,991] {processor.py:651} INFO - DAG(s) dict_keys(['example_task_group_decorator']) retrieved from /home/airflow/.local/lib/python3.7/site-packages/airflow/example_dags/example_task_group_decorator.py
[2022-08-17 07:14:51,077] {logging_mixin.py:115} INFO - [2022-08-17 07:14:51,076] {dag.py:2420} INFO - Sync 1 DAGs
[2022-08-17 07:14:51,102] {logging_mixin.py:115} INFO - [2022-08-17 07:14:51,102] {dag.py:2972} INFO - Setting next_dagrun for example_task_group_decorator to 2022-08-16T07:14:51.102323+00:00, run_after=2022-08-17T07:14:51.102323+00:00
[2022-08-17 07:14:51,118] {processor.py:161} INFO - Processing /home/airflow/.local/lib/python3.7/site-packages/airflow/example_dags/example_task_group_decorator.py took 0.316 seconds
[2022-08-17 07:15:21,518] {processor.py:153} INFO - Started process (PID=143) to work on /home/airflow/.local/lib/python3.7/site-packages/airflow/example_dags/example_task_group_decorator.py
[2022-08-17 07:15:21,519] {processor.py:641} INFO - Processing file /home/airflow/.local/lib/python3.7/site-packages/airflow/example_dags/example_task_group_decorator.py for tasks to queue
[2022-08-17 07:15:21,520] {logging_mixin.py:115} INFO - [2022-08-17 07:15:21,520] {dagbag.py:508} INFO - Filling up the DagBag from /home/airflow/.local/lib/python3.7/site-packages/airflow/example_dags/example_task_group_decorator.py
[2022-08-17 07:15:21,730] {processor.py:651} INFO - DAG(s) dict_keys(['example_task_group_decorator']) retrieved from /home/airflow/.local/lib/python3.7/site-packages/airflow/example_dags/example_task_group_decorator.py
[2022-08-17 07:15:21,832] {logging_mixin.py:115} INFO - [2022-08-17 07:15:21,832] {dag.py:2420} INFO - Sync 1 DAGs
[2022-08-17 07:15:21,879] {logging_mixin.py:115} INFO - [2022-08-17 07:15:21,879] {dag.py:2972} INFO - Setting next_dagrun for example_task_group_decorator to 2022-08-16T07:15:21.879414+00:00, run_after=2022-08-17T07:15:21.879414+00:00
[2022-08-17 07:15:21,903] {processor.py:161} INFO - Processing /home/airflow/.local/lib/python3.7/site-packages/airflow/example_dags/example_task_group_decorator.py took 0.389 seconds
[2022-08-17 07:15:52,343] {processor.py:153} INFO - Started process (PID=209) to work on /home/airflow/.local/lib/python3.7/site-packages/airflow/example_dags/example_task_group_decorator.py
[2022-08-17 07:15:52,344] {processor.py:641} INFO - Processing file /home/airflow/.local/lib/python3.7/site-packages/airflow/example_dags/example_task_group_decorator.py for tasks to queue
[2022-08-17 07:15:52,345] {logging_mixin.py:115} INFO - [2022-08-17 07:15:52,344] {dagbag.py:508} INFO - Filling up the DagBag from /home/airflow/.local/lib/python3.7/site-packages/airflow/example_dags/example_task_group_decorator.py
[2022-08-17 07:15:52,521] {processor.py:651} INFO - DAG(s) dict_keys(['example_task_group_decorator']) retrieved from /home/airflow/.local/lib/python3.7/site-packages/airflow/example_dags/example_task_group_decorator.py
[2022-08-17 07:15:52,596] {logging_mixin.py:115} INFO - [2022-08-17 07:15:52,596] {dag.py:2420} INFO - Sync 1 DAGs
[2022-08-17 07:15:52,618] {logging_mixin.py:115} INFO - [2022-08-17 07:15:52,618] {dag.py:2972} INFO - Setting next_dagrun for example_task_group_decorator to 2022-08-16T07:15:52.617902+00:00, run_after=2022-08-17T07:15:52.617902+00:00
[2022-08-17 07:15:52,636] {processor.py:161} INFO - Processing /home/airflow/.local/lib/python3.7/site-packages/airflow/example_dags/example_task_group_decorator.py took 0.297 seconds
[2022-08-17 07:16:23,842] {processor.py:153} INFO - Started process (PID=275) to work on /home/airflow/.local/lib/python3.7/site-packages/airflow/example_dags/example_task_group_decorator.py
[2022-08-17 07:16:23,843] {processor.py:641} INFO - Processing file /home/airflow/.local/lib/python3.7/site-packages/airflow/example_dags/example_task_group_decorator.py for tasks to queue
[2022-08-17 07:16:23,844] {logging_mixin.py:115} INFO - [2022-08-17 07:16:23,844] {dagbag.py:508} INFO - Filling up the DagBag from /home/airflow/.local/lib/python3.7/site-packages/airflow/example_dags/example_task_group_decorator.py
[2022-08-17 07:16:24,049] {processor.py:651} INFO - DAG(s) dict_keys(['example_task_group_decorator']) retrieved from /home/airflow/.local/lib/python3.7/site-packages/airflow/example_dags/example_task_group_decorator.py
[2022-08-17 07:16:24,129] {logging_mixin.py:115} INFO - [2022-08-17 07:16:24,129] {dag.py:2420} INFO - Sync 1 DAGs
[2022-08-17 07:16:24,156] {logging_mixin.py:115} INFO - [2022-08-17 07:16:24,156] {dag.py:2972} INFO - Setting next_dagrun for example_task_group_decorator to 2022-08-16T07:16:24.156261+00:00, run_after=2022-08-17T07:16:24.156261+00:00
[2022-08-17 07:16:24,180] {processor.py:161} INFO - Processing /home/airflow/.local/lib/python3.7/site-packages/airflow/example_dags/example_task_group_decorator.py took 0.346 seconds
[2022-08-17 07:16:54,612] {processor.py:153} INFO - Started process (PID=333) to work on /home/airflow/.local/lib/python3.7/site-packages/airflow/example_dags/example_task_group_decorator.py
[2022-08-17 07:16:54,612] {processor.py:641} INFO - Processing file /home/airflow/.local/lib/python3.7/site-packages/airflow/example_dags/example_task_group_decorator.py for tasks to queue
[2022-08-17 07:16:54,613] {logging_mixin.py:115} INFO - [2022-08-17 07:16:54,613] {dagbag.py:508} INFO - Filling up the DagBag from /home/airflow/.local/lib/python3.7/site-packages/airflow/example_dags/example_task_group_decorator.py
[2022-08-17 07:16:54,772] {processor.py:651} INFO - DAG(s) dict_keys(['example_task_group_decorator']) retrieved from /home/airflow/.local/lib/python3.7/site-packages/airflow/example_dags/example_task_group_decorator.py
[2022-08-17 07:16:54,841] {logging_mixin.py:115} INFO - [2022-08-17 07:16:54,840] {dag.py:2420} INFO - Sync 1 DAGs
[2022-08-17 07:16:54,864] {logging_mixin.py:115} INFO - [2022-08-17 07:16:54,864] {dag.py:2972} INFO - Setting next_dagrun for example_task_group_decorator to 2022-08-16T07:16:54.864444+00:00, run_after=2022-08-17T07:16:54.864444+00:00
[2022-08-17 07:16:54,883] {processor.py:161} INFO - Processing /home/airflow/.local/lib/python3.7/site-packages/airflow/example_dags/example_task_group_decorator.py took 0.276 seconds
[2022-08-17 07:17:25,218] {processor.py:153} INFO - Started process (PID=399) to work on /home/airflow/.local/lib/python3.7/site-packages/airflow/example_dags/example_task_group_decorator.py
[2022-08-17 07:17:25,219] {processor.py:641} INFO - Processing file /home/airflow/.local/lib/python3.7/site-packages/airflow/example_dags/example_task_group_decorator.py for tasks to queue
[2022-08-17 07:17:25,220] {logging_mixin.py:115} INFO - [2022-08-17 07:17:25,220] {dagbag.py:508} INFO - Filling up the DagBag from /home/airflow/.local/lib/python3.7/site-packages/airflow/example_dags/example_task_group_decorator.py
[2022-08-17 07:17:25,377] {processor.py:651} INFO - DAG(s) dict_keys(['example_task_group_decorator']) retrieved from /home/airflow/.local/lib/python3.7/site-packages/airflow/example_dags/example_task_group_decorator.py
[2022-08-17 07:17:25,452] {logging_mixin.py:115} INFO - [2022-08-17 07:17:25,452] {dag.py:2420} INFO - Sync 1 DAGs
[2022-08-17 07:17:25,478] {logging_mixin.py:115} INFO - [2022-08-17 07:17:25,478] {dag.py:2972} INFO - Setting next_dagrun for example_task_group_decorator to 2022-08-16T07:17:25.478236+00:00, run_after=2022-08-17T07:17:25.478236+00:00
[2022-08-17 07:17:25,495] {processor.py:161} INFO - Processing /home/airflow/.local/lib/python3.7/site-packages/airflow/example_dags/example_task_group_decorator.py took 0.281 seconds
