[2022-08-17 07:14:49,118] {processor.py:153} INFO - Started process (PID=75) to work on /home/airflow/.local/lib/python3.7/site-packages/airflow/example_dags/tutorial.py
[2022-08-17 07:14:49,119] {processor.py:641} INFO - Processing file /home/airflow/.local/lib/python3.7/site-packages/airflow/example_dags/tutorial.py for tasks to queue
[2022-08-17 07:14:49,119] {logging_mixin.py:115} INFO - [2022-08-17 07:14:49,119] {dagbag.py:508} INFO - Filling up the DagBag from /home/airflow/.local/lib/python3.7/site-packages/airflow/example_dags/tutorial.py
[2022-08-17 07:14:49,126] {processor.py:651} INFO - DAG(s) dict_keys(['tutorial']) retrieved from /home/airflow/.local/lib/python3.7/site-packages/airflow/example_dags/tutorial.py
[2022-08-17 07:14:49,298] {logging_mixin.py:115} INFO - [2022-08-17 07:14:49,298] {dag.py:2420} INFO - Sync 1 DAGs
[2022-08-17 07:14:49,333] {logging_mixin.py:115} INFO - [2022-08-17 07:14:49,333] {dag.py:2972} INFO - Setting next_dagrun for tutorial to 2022-08-16T07:14:49.333469+00:00, run_after=2022-08-17T07:14:49.333469+00:00
[2022-08-17 07:14:49,352] {processor.py:161} INFO - Processing /home/airflow/.local/lib/python3.7/site-packages/airflow/example_dags/tutorial.py took 0.238 seconds
[2022-08-17 07:15:19,837] {processor.py:153} INFO - Started process (PID=132) to work on /home/airflow/.local/lib/python3.7/site-packages/airflow/example_dags/tutorial.py
[2022-08-17 07:15:19,838] {processor.py:641} INFO - Processing file /home/airflow/.local/lib/python3.7/site-packages/airflow/example_dags/tutorial.py for tasks to queue
[2022-08-17 07:15:19,838] {logging_mixin.py:115} INFO - [2022-08-17 07:15:19,838] {dagbag.py:508} INFO - Filling up the DagBag from /home/airflow/.local/lib/python3.7/site-packages/airflow/example_dags/tutorial.py
[2022-08-17 07:15:19,850] {processor.py:651} INFO - DAG(s) dict_keys(['tutorial']) retrieved from /home/airflow/.local/lib/python3.7/site-packages/airflow/example_dags/tutorial.py
[2022-08-17 07:15:20,012] {logging_mixin.py:115} INFO - [2022-08-17 07:15:20,012] {dag.py:2420} INFO - Sync 1 DAGs
[2022-08-17 07:15:20,040] {logging_mixin.py:115} INFO - [2022-08-17 07:15:20,040] {dag.py:2972} INFO - Setting next_dagrun for tutorial to 2022-08-16T07:15:20.040329+00:00, run_after=2022-08-17T07:15:20.040329+00:00
[2022-08-17 07:15:20,056] {processor.py:161} INFO - Processing /home/airflow/.local/lib/python3.7/site-packages/airflow/example_dags/tutorial.py took 0.223 seconds
[2022-08-17 07:15:50,987] {processor.py:153} INFO - Started process (PID=198) to work on /home/airflow/.local/lib/python3.7/site-packages/airflow/example_dags/tutorial.py
[2022-08-17 07:15:50,988] {processor.py:641} INFO - Processing file /home/airflow/.local/lib/python3.7/site-packages/airflow/example_dags/tutorial.py for tasks to queue
[2022-08-17 07:15:50,989] {logging_mixin.py:115} INFO - [2022-08-17 07:15:50,989] {dagbag.py:508} INFO - Filling up the DagBag from /home/airflow/.local/lib/python3.7/site-packages/airflow/example_dags/tutorial.py
[2022-08-17 07:15:50,998] {processor.py:651} INFO - DAG(s) dict_keys(['tutorial']) retrieved from /home/airflow/.local/lib/python3.7/site-packages/airflow/example_dags/tutorial.py
[2022-08-17 07:15:51,157] {logging_mixin.py:115} INFO - [2022-08-17 07:15:51,157] {dag.py:2420} INFO - Sync 1 DAGs
[2022-08-17 07:15:51,180] {logging_mixin.py:115} INFO - [2022-08-17 07:15:51,180] {dag.py:2972} INFO - Setting next_dagrun for tutorial to 2022-08-16T07:15:51.180201+00:00, run_after=2022-08-17T07:15:51.180201+00:00
[2022-08-17 07:15:51,196] {processor.py:161} INFO - Processing /home/airflow/.local/lib/python3.7/site-packages/airflow/example_dags/tutorial.py took 0.211 seconds
[2022-08-17 07:16:22,142] {processor.py:153} INFO - Started process (PID=255) to work on /home/airflow/.local/lib/python3.7/site-packages/airflow/example_dags/tutorial.py
[2022-08-17 07:16:22,143] {processor.py:641} INFO - Processing file /home/airflow/.local/lib/python3.7/site-packages/airflow/example_dags/tutorial.py for tasks to queue
[2022-08-17 07:16:22,144] {logging_mixin.py:115} INFO - [2022-08-17 07:16:22,144] {dagbag.py:508} INFO - Filling up the DagBag from /home/airflow/.local/lib/python3.7/site-packages/airflow/example_dags/tutorial.py
[2022-08-17 07:16:22,155] {processor.py:651} INFO - DAG(s) dict_keys(['tutorial']) retrieved from /home/airflow/.local/lib/python3.7/site-packages/airflow/example_dags/tutorial.py
[2022-08-17 07:16:22,434] {logging_mixin.py:115} INFO - [2022-08-17 07:16:22,434] {dag.py:2420} INFO - Sync 1 DAGs
[2022-08-17 07:16:22,456] {logging_mixin.py:115} INFO - [2022-08-17 07:16:22,456] {dag.py:2972} INFO - Setting next_dagrun for tutorial to 2022-08-16T07:16:22.455837+00:00, run_after=2022-08-17T07:16:22.455837+00:00
[2022-08-17 07:16:22,473] {processor.py:161} INFO - Processing /home/airflow/.local/lib/python3.7/site-packages/airflow/example_dags/tutorial.py took 0.334 seconds
[2022-08-17 07:16:52,931] {processor.py:153} INFO - Started process (PID=322) to work on /home/airflow/.local/lib/python3.7/site-packages/airflow/example_dags/tutorial.py
[2022-08-17 07:16:52,932] {processor.py:641} INFO - Processing file /home/airflow/.local/lib/python3.7/site-packages/airflow/example_dags/tutorial.py for tasks to queue
[2022-08-17 07:16:52,933] {logging_mixin.py:115} INFO - [2022-08-17 07:16:52,933] {dagbag.py:508} INFO - Filling up the DagBag from /home/airflow/.local/lib/python3.7/site-packages/airflow/example_dags/tutorial.py
[2022-08-17 07:16:52,952] {processor.py:651} INFO - DAG(s) dict_keys(['tutorial']) retrieved from /home/airflow/.local/lib/python3.7/site-packages/airflow/example_dags/tutorial.py
[2022-08-17 07:16:53,130] {logging_mixin.py:115} INFO - [2022-08-17 07:16:53,129] {dag.py:2420} INFO - Sync 1 DAGs
[2022-08-17 07:16:53,155] {logging_mixin.py:115} INFO - [2022-08-17 07:16:53,155] {dag.py:2972} INFO - Setting next_dagrun for tutorial to 2022-08-16T07:16:53.155239+00:00, run_after=2022-08-17T07:16:53.155239+00:00
[2022-08-17 07:16:53,168] {processor.py:161} INFO - Processing /home/airflow/.local/lib/python3.7/site-packages/airflow/example_dags/tutorial.py took 0.242 seconds
[2022-08-17 07:17:23,687] {processor.py:153} INFO - Started process (PID=388) to work on /home/airflow/.local/lib/python3.7/site-packages/airflow/example_dags/tutorial.py
[2022-08-17 07:17:23,688] {processor.py:641} INFO - Processing file /home/airflow/.local/lib/python3.7/site-packages/airflow/example_dags/tutorial.py for tasks to queue
[2022-08-17 07:17:23,689] {logging_mixin.py:115} INFO - [2022-08-17 07:17:23,689] {dagbag.py:508} INFO - Filling up the DagBag from /home/airflow/.local/lib/python3.7/site-packages/airflow/example_dags/tutorial.py
[2022-08-17 07:17:23,699] {processor.py:651} INFO - DAG(s) dict_keys(['tutorial']) retrieved from /home/airflow/.local/lib/python3.7/site-packages/airflow/example_dags/tutorial.py
[2022-08-17 07:17:23,869] {logging_mixin.py:115} INFO - [2022-08-17 07:17:23,869] {dag.py:2420} INFO - Sync 1 DAGs
[2022-08-17 07:17:23,902] {logging_mixin.py:115} INFO - [2022-08-17 07:17:23,901] {dag.py:2972} INFO - Setting next_dagrun for tutorial to 2022-08-16T07:17:23.901716+00:00, run_after=2022-08-17T07:17:23.901716+00:00
[2022-08-17 07:17:23,915] {processor.py:161} INFO - Processing /home/airflow/.local/lib/python3.7/site-packages/airflow/example_dags/tutorial.py took 0.231 seconds
