[2022-08-11 05:33:30,787] {taskinstance.py:1179} INFO - Dependencies all met for <TaskInstance: craw.cr1 manual__2022-08-11T05:32:30.559219+00:00 [queued]>
[2022-08-11 05:33:30,811] {taskinstance.py:1179} INFO - Dependencies all met for <TaskInstance: craw.cr1 manual__2022-08-11T05:32:30.559219+00:00 [queued]>
[2022-08-11 05:33:30,811] {taskinstance.py:1376} INFO - 
--------------------------------------------------------------------------------
[2022-08-11 05:33:30,812] {taskinstance.py:1377} INFO - Starting attempt 2 of 3
[2022-08-11 05:33:30,813] {taskinstance.py:1378} INFO - 
--------------------------------------------------------------------------------
[2022-08-11 05:33:30,848] {taskinstance.py:1397} INFO - Executing <Task(PythonOperator): cr1> on 2022-08-11 05:32:30.559219+00:00
[2022-08-11 05:33:30,860] {standard_task_runner.py:52} INFO - Started process 14969 to run task
[2022-08-11 05:33:30,870] {standard_task_runner.py:79} INFO - Running: ['***', 'tasks', 'run', 'craw', 'cr1', 'manual__2022-08-11T05:32:30.559219+00:00', '--job-id', '83', '--raw', '--subdir', 'DAGS_FOLDER/newtest.py', '--cfg-path', '/tmp/tmp9slreoua', '--error-file', '/tmp/tmpt2zl_coi']
[2022-08-11 05:33:30,874] {standard_task_runner.py:80} INFO - Job 83: Subtask cr1
[2022-08-11 05:33:31,035] {task_command.py:371} INFO - Running <TaskInstance: craw.cr1 manual__2022-08-11T05:32:30.559219+00:00 [running]> on host d59619969b18
[2022-08-11 05:33:31,178] {taskinstance.py:1591} INFO - Exporting the following env vars:
AIRFLOW_CTX_DAG_OWNER=***
AIRFLOW_CTX_DAG_ID=craw
AIRFLOW_CTX_TASK_ID=cr1
AIRFLOW_CTX_EXECUTION_DATE=2022-08-11T05:32:30.559219+00:00
AIRFLOW_CTX_TRY_NUMBER=2
AIRFLOW_CTX_DAG_RUN_ID=manual__2022-08-11T05:32:30.559219+00:00
[2022-08-11 05:33:31,181] {logger.py:11} INFO - ====== WebDriver manager ======
[2022-08-11 05:33:31,633] {logger.py:11} INFO - Get LATEST chromedriver version for google-chrome 104.0.5112
[2022-08-11 05:33:32,822] {logger.py:11} INFO - Driver [/home/***/.wdm/drivers/chromedriver/linux64/104.0.5112/chromedriver] found in cache
[2022-08-11 05:34:27,313] {local_task_job.py:221} WARNING - State of this instance has been externally set to failed. Terminating instance.
[2022-08-11 05:34:27,324] {process_utils.py:129} INFO - Sending Signals.SIGTERM to group 14969. PIDs of all processes in the group: [14995, 15015, 15019, 15020, 15024, 15027, 15042, 15092, 15141, 15041, 14969]
[2022-08-11 05:34:27,325] {process_utils.py:80} INFO - Sending the signal Signals.SIGTERM to group 14969
[2022-08-11 05:34:27,327] {taskinstance.py:1561} ERROR - Received SIGTERM. Terminating subprocesses.
[2022-08-11 05:34:27,420] {process_utils.py:75} INFO - Process psutil.Process(pid=15092, status='terminated', started='05:33:33') (15092) terminated with exit code None
[2022-08-11 05:34:27,424] {process_utils.py:75} INFO - Process psutil.Process(pid=14969, status='terminated', exitcode=0, started='05:33:30') (14969) terminated with exit code 0
[2022-08-11 05:34:27,425] {process_utils.py:75} INFO - Process psutil.Process(pid=15020, status='terminated', started='05:33:33') (15020) terminated with exit code None
[2022-08-11 05:34:27,426] {process_utils.py:75} INFO - Process psutil.Process(pid=15041, status='terminated', started='05:33:33') (15041) terminated with exit code None
[2022-08-11 05:34:27,427] {process_utils.py:75} INFO - Process psutil.Process(pid=15141, status='terminated', started='05:34:04') (15141) terminated with exit code None
[2022-08-11 05:34:27,428] {process_utils.py:75} INFO - Process psutil.Process(pid=15015, status='terminated', started='05:33:33') (15015) terminated with exit code None
[2022-08-11 05:34:27,428] {process_utils.py:75} INFO - Process psutil.Process(pid=15042, status='terminated', started='05:33:33') (15042) terminated with exit code None
[2022-08-11 05:34:27,429] {process_utils.py:75} INFO - Process psutil.Process(pid=14995, status='terminated', started='05:33:32') (14995) terminated with exit code None
[2022-08-11 05:34:27,430] {process_utils.py:75} INFO - Process psutil.Process(pid=15027, status='terminated', started='05:33:33') (15027) terminated with exit code None
[2022-08-11 05:34:27,430] {process_utils.py:75} INFO - Process psutil.Process(pid=15024, status='terminated', started='05:33:33') (15024) terminated with exit code None
[2022-08-11 05:34:27,431] {process_utils.py:75} INFO - Process psutil.Process(pid=15019, status='terminated', started='05:33:33') (15019) terminated with exit code None
