[2022-08-11 05:32:46,760] {taskinstance.py:1179} INFO - Dependencies all met for <TaskInstance: craw.cr1 manual__2022-08-11T05:32:30.559219+00:00 [queued]>
[2022-08-11 05:32:46,797] {taskinstance.py:1179} INFO - Dependencies all met for <TaskInstance: craw.cr1 manual__2022-08-11T05:32:30.559219+00:00 [queued]>
[2022-08-11 05:32:46,798] {taskinstance.py:1376} INFO - 
--------------------------------------------------------------------------------
[2022-08-11 05:32:46,799] {taskinstance.py:1377} INFO - Starting attempt 1 of 2
[2022-08-11 05:32:46,800] {taskinstance.py:1378} INFO - 
--------------------------------------------------------------------------------
[2022-08-11 05:32:46,882] {taskinstance.py:1397} INFO - Executing <Task(PythonOperator): cr1> on 2022-08-11 05:32:30.559219+00:00
[2022-08-11 05:32:46,901] {standard_task_runner.py:52} INFO - Started process 14684 to run task
[2022-08-11 05:32:46,912] {standard_task_runner.py:79} INFO - Running: ['***', 'tasks', 'run', 'craw', 'cr1', 'manual__2022-08-11T05:32:30.559219+00:00', '--job-id', '80', '--raw', '--subdir', 'DAGS_FOLDER/newtest.py', '--cfg-path', '/tmp/tmpnjp7x7z5', '--error-file', '/tmp/tmpcvu8en6l']
[2022-08-11 05:32:46,918] {standard_task_runner.py:80} INFO - Job 80: Subtask cr1
[2022-08-11 05:32:47,254] {task_command.py:371} INFO - Running <TaskInstance: craw.cr1 manual__2022-08-11T05:32:30.559219+00:00 [running]> on host d59619969b18
[2022-08-11 05:32:58,638] {taskinstance.py:1591} INFO - Exporting the following env vars:
AIRFLOW_CTX_DAG_OWNER=***
AIRFLOW_CTX_DAG_ID=craw
AIRFLOW_CTX_TASK_ID=cr1
AIRFLOW_CTX_EXECUTION_DATE=2022-08-11T05:32:30.559219+00:00
AIRFLOW_CTX_TRY_NUMBER=1
AIRFLOW_CTX_DAG_RUN_ID=manual__2022-08-11T05:32:30.559219+00:00
[2022-08-11 05:32:58,641] {logger.py:11} INFO - ====== WebDriver manager ======
[2022-08-11 05:32:59,059] {logger.py:11} INFO - Get LATEST chromedriver version for google-chrome 104.0.5112
[2022-08-11 05:32:59,763] {logger.py:11} INFO - Driver [/home/***/.wdm/drivers/chromedriver/linux64/104.0.5112/chromedriver] found in cache
[2022-08-11 05:33:02,403] {local_task_job.py:221} WARNING - State of this instance has been externally set to restarting. Terminating instance.
[2022-08-11 05:33:02,431] {process_utils.py:129} INFO - Sending Signals.SIGTERM to group 14684. PIDs of all processes in the group: [14834, 14840, 14844, 14845, 14849, 14850, 14872, 14873, 14913, 14866, 14684]
[2022-08-11 05:33:02,432] {process_utils.py:80} INFO - Sending the signal Signals.SIGTERM to group 14684
[2022-08-11 05:33:02,444] {taskinstance.py:1561} ERROR - Received SIGTERM. Terminating subprocesses.
[2022-08-11 05:33:02,477] {process_utils.py:75} INFO - Process psutil.Process(pid=14866, status='terminated', started='05:33:01') (14866) terminated with exit code None
[2022-08-11 05:33:02,577] {process_utils.py:75} INFO - Process psutil.Process(pid=14849, status='terminated', started='05:33:00') (14849) terminated with exit code None
[2022-08-11 05:33:02,582] {process_utils.py:75} INFO - Process psutil.Process(pid=14913, status='terminated', started='05:33:01') (14913) terminated with exit code None
[2022-08-11 05:33:02,592] {process_utils.py:75} INFO - Process psutil.Process(pid=14873, status='terminated', started='05:33:01') (14873) terminated with exit code None
[2022-08-11 05:33:02,594] {process_utils.py:75} INFO - Process psutil.Process(pid=14845, status='terminated', started='05:33:00') (14845) terminated with exit code None
[2022-08-11 05:33:02,599] {process_utils.py:75} INFO - Process psutil.Process(pid=14872, status='terminated', started='05:33:01') (14872) terminated with exit code None
[2022-08-11 05:33:02,612] {process_utils.py:75} INFO - Process psutil.Process(pid=14850, status='terminated', started='05:33:00') (14850) terminated with exit code None
[2022-08-11 05:33:02,615] {process_utils.py:75} INFO - Process psutil.Process(pid=14840, status='terminated', started='05:33:00') (14840) terminated with exit code None
[2022-08-11 05:33:02,513] {taskinstance.py:1909} ERROR - Task failed with exception
Traceback (most recent call last):
  File "/home/airflow/.local/lib/python3.7/site-packages/airflow/operators/python.py", line 171, in execute
    return_value = self.execute_callable()
  File "/home/airflow/.local/lib/python3.7/site-packages/airflow/operators/python.py", line 189, in execute_callable
    return self.python_callable(*self.op_args, **self.op_kwargs)
  File "/opt/airflow/dags/newtest.py", line 41, in crawling
    driver.get('https://search.shopping.naver.com/search/all?query=%ED%82%A4%EB%B3%B4%EB%93%9C&frm=NVSHATC&prevQuery=%ED%82%A4%EB%B3%B4%EB%93%9C')
  File "/home/airflow/.local/lib/python3.7/site-packages/selenium/webdriver/remote/webdriver.py", line 447, in get
    self.execute(Command.GET, {'url': url})
  File "/home/airflow/.local/lib/python3.7/site-packages/selenium/webdriver/remote/webdriver.py", line 433, in execute
    response = self.command_executor.execute(driver_command, params)
  File "/home/airflow/.local/lib/python3.7/site-packages/selenium/webdriver/remote/remote_connection.py", line 344, in execute
    return self._request(command_info[0], url, body=data)
  File "/home/airflow/.local/lib/python3.7/site-packages/selenium/webdriver/remote/remote_connection.py", line 366, in _request
    response = self._conn.request(method, url, body=body, headers=headers)
  File "/home/airflow/.local/lib/python3.7/site-packages/urllib3/request.py", line 79, in request
    method, url, fields=fields, headers=headers, **urlopen_kw
  File "/home/airflow/.local/lib/python3.7/site-packages/urllib3/request.py", line 170, in request_encode_body
    return self.urlopen(method, url, **extra_kw)
  File "/home/airflow/.local/lib/python3.7/site-packages/urllib3/poolmanager.py", line 376, in urlopen
    response = conn.urlopen(method, u.request_uri, **kw)
  File "/home/airflow/.local/lib/python3.7/site-packages/urllib3/connectionpool.py", line 710, in urlopen
    chunked=chunked,
  File "/home/airflow/.local/lib/python3.7/site-packages/urllib3/connectionpool.py", line 449, in _make_request
    six.raise_from(e, None)
  File "<string>", line 3, in raise_from
  File "/home/airflow/.local/lib/python3.7/site-packages/urllib3/connectionpool.py", line 444, in _make_request
    httplib_response = conn.getresponse()
  File "/usr/local/lib/python3.7/http/client.py", line 1373, in getresponse
    response.begin()
  File "/usr/local/lib/python3.7/http/client.py", line 319, in begin
    version, status, reason = self._read_status()
  File "/usr/local/lib/python3.7/http/client.py", line 280, in _read_status
    line = str(self.fp.readline(_MAXLINE + 1), "iso-8859-1")
  File "/usr/local/lib/python3.7/socket.py", line 589, in readinto
    return self._sock.recv_into(b)
  File "/home/airflow/.local/lib/python3.7/site-packages/airflow/models/taskinstance.py", line 1563, in signal_handler
    raise AirflowException("Task received SIGTERM signal")
airflow.exceptions.AirflowException: Task received SIGTERM signal
[2022-08-11 05:33:02,619] {process_utils.py:75} INFO - Process psutil.Process(pid=14844, status='terminated', started='05:33:00') (14844) terminated with exit code None
[2022-08-11 05:33:02,627] {taskinstance.py:1420} INFO - Marking task as UP_FOR_RETRY. dag_id=craw, task_id=cr1, execution_date=20220811T053230, start_date=20220811T053246, end_date=20220811T053302
[2022-08-11 05:33:02,696] {standard_task_runner.py:97} ERROR - Failed to execute job 80 for task cr1 (Task received SIGTERM signal; 14684)
[2022-08-11 05:33:02,737] {process_utils.py:75} INFO - Process psutil.Process(pid=14834, status='terminated', started='05:32:59') (14834) terminated with exit code None
[2022-08-11 05:33:02,738] {process_utils.py:75} INFO - Process psutil.Process(pid=14684, status='terminated', exitcode=1, started='05:32:46') (14684) terminated with exit code 1
