[2022-08-13 08:25:19,521] {taskinstance.py:1179} INFO - Dependencies all met for <TaskInstance: workflow.create_table manual__2022-08-13T08:25:18.104633+00:00 [queued]>
[2022-08-13 08:25:19,540] {taskinstance.py:1179} INFO - Dependencies all met for <TaskInstance: workflow.create_table manual__2022-08-13T08:25:18.104633+00:00 [queued]>
[2022-08-13 08:25:19,542] {taskinstance.py:1376} INFO - 
--------------------------------------------------------------------------------
[2022-08-13 08:25:19,543] {taskinstance.py:1377} INFO - Starting attempt 1 of 1
[2022-08-13 08:25:19,544] {taskinstance.py:1378} INFO - 
--------------------------------------------------------------------------------
[2022-08-13 08:25:19,577] {taskinstance.py:1397} INFO - Executing <Task(MySqlOperator): create_table> on 2022-08-13 08:25:18.104633+00:00
[2022-08-13 08:25:19,583] {standard_task_runner.py:52} INFO - Started process 455 to run task
[2022-08-13 08:25:19,588] {standard_task_runner.py:79} INFO - Running: ['***', 'tasks', 'run', 'workflow', 'create_table', 'manual__2022-08-13T08:25:18.104633+00:00', '--job-id', '33', '--raw', '--subdir', 'DAGS_FOLDER/test.py', '--cfg-path', '/tmp/tmptsi6rfpf', '--error-file', '/tmp/tmpj5xi313w']
[2022-08-13 08:25:19,588] {standard_task_runner.py:80} INFO - Job 33: Subtask create_table
[2022-08-13 08:25:19,689] {task_command.py:371} INFO - Running <TaskInstance: workflow.create_table manual__2022-08-13T08:25:18.104633+00:00 [running]> on host cdb6935da655
[2022-08-13 08:25:19,835] {taskinstance.py:1591} INFO - Exporting the following env vars:
AIRFLOW_CTX_DAG_OWNER=***
AIRFLOW_CTX_DAG_ID=workflow
AIRFLOW_CTX_TASK_ID=create_table
AIRFLOW_CTX_EXECUTION_DATE=2022-08-13T08:25:18.104633+00:00
AIRFLOW_CTX_TRY_NUMBER=1
AIRFLOW_CTX_DAG_RUN_ID=manual__2022-08-13T08:25:18.104633+00:00
[2022-08-13 08:25:19,837] {mysql.py:82} INFO - Executing: CREATE DATABASE qweql
[2022-08-13 08:25:19,852] {base.py:68} INFO - Using connection ID 'mysql' for task execution.
[2022-08-13 08:25:19,855] {dbapi.py:231} INFO - Running statement: CREATE DATABASE qweql, parameters: None
[2022-08-13 08:25:19,867] {dbapi.py:239} INFO - Rows affected: 1
[2022-08-13 08:25:19,882] {taskinstance.py:1420} INFO - Marking task as SUCCESS. dag_id=workflow, task_id=create_table, execution_date=20220813T082518, start_date=20220813T082519, end_date=20220813T082519
[2022-08-13 08:25:19,919] {local_task_job.py:156} INFO - Task exited with return code 0
[2022-08-13 08:25:20,072] {local_task_job.py:273} INFO - 0 downstream tasks scheduled from follow-on schedule check
