[2022-07-22 05:43:23,003] {taskinstance.py:1179} INFO - Dependencies all met for <TaskInstance: workflow.create_table scheduled__2022-01-10T00:00:00+00:00 [queued]>
[2022-07-22 05:43:23,054] {taskinstance.py:1179} INFO - Dependencies all met for <TaskInstance: workflow.create_table scheduled__2022-01-10T00:00:00+00:00 [queued]>
[2022-07-22 05:43:23,056] {taskinstance.py:1376} INFO - 
--------------------------------------------------------------------------------
[2022-07-22 05:43:23,057] {taskinstance.py:1377} INFO - Starting attempt 1 of 1
[2022-07-22 05:43:23,061] {taskinstance.py:1378} INFO - 
--------------------------------------------------------------------------------
[2022-07-22 05:43:23,093] {taskinstance.py:1397} INFO - Executing <Task(MySqlOperator): create_table> on 2022-01-10 00:00:00+00:00
[2022-07-22 05:43:23,098] {standard_task_runner.py:52} INFO - Started process 2363 to run task
[2022-07-22 05:43:23,119] {standard_task_runner.py:79} INFO - Running: ['***', 'tasks', 'run', 'workflow', 'create_table', 'scheduled__2022-01-10T00:00:00+00:00', '--job-id', '314', '--raw', '--subdir', 'DAGS_FOLDER/test.py', '--cfg-path', '/tmp/tmpv0ucgdmj', '--error-file', '/tmp/tmp8ii5e38j']
[2022-07-22 05:43:23,120] {standard_task_runner.py:80} INFO - Job 314: Subtask create_table
[2022-07-22 05:43:23,272] {task_command.py:371} INFO - Running <TaskInstance: workflow.create_table scheduled__2022-01-10T00:00:00+00:00 [running]> on host cdbfdeb58988
[2022-07-22 05:43:23,381] {taskinstance.py:1591} INFO - Exporting the following env vars:
AIRFLOW_CTX_DAG_OWNER=***
AIRFLOW_CTX_DAG_ID=workflow
AIRFLOW_CTX_TASK_ID=create_table
AIRFLOW_CTX_EXECUTION_DATE=2022-01-10T00:00:00+00:00
AIRFLOW_CTX_TRY_NUMBER=1
AIRFLOW_CTX_DAG_RUN_ID=scheduled__2022-01-10T00:00:00+00:00
[2022-07-22 05:43:23,384] {mysql.py:82} INFO - Executing: CREATE DATABASE FUCK
[2022-07-22 05:43:23,400] {base.py:68} INFO - Using connection ID 'mysql_db' for task execution.
[2022-07-22 05:43:23,401] {taskinstance.py:1909} ERROR - Task failed with exception
Traceback (most recent call last):
  File "/home/airflow/.local/lib/python3.7/site-packages/airflow/providers/mysql/operators/mysql.py", line 84, in execute
    hook.run(self.sql, autocommit=self.autocommit, parameters=self.parameters)
  File "/home/airflow/.local/lib/python3.7/site-packages/airflow/hooks/dbapi.py", line 204, in run
    with closing(self.get_conn()) as conn:
  File "/home/airflow/.local/lib/python3.7/site-packages/airflow/providers/mysql/hooks/mysql.py", line 163, in get_conn
    import MySQLdb
ModuleNotFoundError: No module named 'MySQLdb'
[2022-07-22 05:43:23,417] {taskinstance.py:1420} INFO - Marking task as FAILED. dag_id=workflow, task_id=create_table, execution_date=20220110T000000, start_date=20220722T054323, end_date=20220722T054323
[2022-07-22 05:43:23,438] {standard_task_runner.py:97} ERROR - Failed to execute job 314 for task create_table (No module named 'MySQLdb'; 2363)
[2022-07-22 05:43:23,496] {local_task_job.py:156} INFO - Task exited with return code 1
[2022-07-22 05:43:23,532] {local_task_job.py:273} INFO - 0 downstream tasks scheduled from follow-on schedule check
