[2022-08-13 08:58:27,436] {taskinstance.py:1179} INFO - Dependencies all met for <TaskInstance: craw.cr1 manual__2022-08-13T08:58:25.652314+00:00 [queued]>
[2022-08-13 08:58:27,449] {taskinstance.py:1179} INFO - Dependencies all met for <TaskInstance: craw.cr1 manual__2022-08-13T08:58:25.652314+00:00 [queued]>
[2022-08-13 08:58:27,450] {taskinstance.py:1376} INFO - 
--------------------------------------------------------------------------------
[2022-08-13 08:58:27,450] {taskinstance.py:1377} INFO - Starting attempt 1 of 2
[2022-08-13 08:58:27,451] {taskinstance.py:1378} INFO - 
--------------------------------------------------------------------------------
[2022-08-13 08:58:27,478] {taskinstance.py:1397} INFO - Executing <Task(PythonOperator): cr1> on 2022-08-13 08:58:25.652314+00:00
[2022-08-13 08:58:27,483] {standard_task_runner.py:52} INFO - Started process 3568 to run task
[2022-08-13 08:58:27,487] {standard_task_runner.py:79} INFO - Running: ['***', 'tasks', 'run', 'craw', 'cr1', 'manual__2022-08-13T08:58:25.652314+00:00', '--job-id', '50', '--raw', '--subdir', 'DAGS_FOLDER/newtest.py', '--cfg-path', '/tmp/tmpkwq0av0c', '--error-file', '/tmp/tmpzf510khu']
[2022-08-13 08:58:27,489] {standard_task_runner.py:80} INFO - Job 50: Subtask cr1
[2022-08-13 08:58:27,568] {task_command.py:371} INFO - Running <TaskInstance: craw.cr1 manual__2022-08-13T08:58:25.652314+00:00 [running]> on host cdb6935da655
[2022-08-13 08:58:27,818] {taskinstance.py:1591} INFO - Exporting the following env vars:
AIRFLOW_CTX_DAG_OWNER=***
AIRFLOW_CTX_DAG_ID=craw
AIRFLOW_CTX_TASK_ID=cr1
AIRFLOW_CTX_EXECUTION_DATE=2022-08-13T08:58:25.652314+00:00
AIRFLOW_CTX_TRY_NUMBER=1
AIRFLOW_CTX_DAG_RUN_ID=manual__2022-08-13T08:58:25.652314+00:00
[2022-08-13 08:58:27,819] {logger.py:11} INFO - ====== WebDriver manager ======
[2022-08-13 08:58:27,930] {logger.py:11} INFO - Get LATEST chromedriver version for google-chrome 104.0.5112
[2022-08-13 08:58:28,180] {logger.py:11} INFO - Driver [/home/***/.wdm/drivers/chromedriver/linux64/104.0.5112/chromedriver] found in cache
[2022-08-13 09:00:44,265] {local_task_job.py:221} WARNING - State of this instance has been externally set to failed. Terminating instance.
[2022-08-13 09:00:44,270] {process_utils.py:129} INFO - Sending Signals.SIGTERM to group 3568. PIDs of all processes in the group: [3618, 3634, 3640, 3641, 3654, 3655, 3707, 3775, 3846, 3704, 3568]
[2022-08-13 09:00:44,271] {process_utils.py:80} INFO - Sending the signal Signals.SIGTERM to group 3568
[2022-08-13 09:00:44,272] {taskinstance.py:1561} ERROR - Received SIGTERM. Terminating subprocesses.
[2022-08-13 09:00:44,279] {process_utils.py:75} INFO - Process psutil.Process(pid=3655, status='terminated', started='08:58:28') (3655) terminated with exit code None
[2022-08-13 09:00:44,307] {process_utils.py:75} INFO - Process psutil.Process(pid=3846, status='terminated', started='08:58:54') (3846) terminated with exit code None
[2022-08-13 09:00:44,308] {process_utils.py:75} INFO - Process psutil.Process(pid=3618, status='terminated', started='08:58:27') (3618) terminated with exit code None
[2022-08-13 09:00:44,309] {process_utils.py:75} INFO - Process psutil.Process(pid=3707, status='terminated', started='08:58:28') (3707) terminated with exit code None
[2022-08-13 09:00:44,310] {process_utils.py:75} INFO - Process psutil.Process(pid=3704, status='terminated', started='08:58:28') (3704) terminated with exit code None
[2022-08-13 09:00:44,310] {process_utils.py:75} INFO - Process psutil.Process(pid=3654, status='terminated', started='08:58:28') (3654) terminated with exit code None
[2022-08-13 09:00:44,311] {process_utils.py:75} INFO - Process psutil.Process(pid=3641, status='terminated', started='08:58:28') (3641) terminated with exit code None
[2022-08-13 09:00:44,312] {process_utils.py:75} INFO - Process psutil.Process(pid=3775, status='terminated', started='08:58:28') (3775) terminated with exit code None
[2022-08-13 09:00:44,326] {process_utils.py:75} INFO - Process psutil.Process(pid=3568, status='terminated', exitcode=0, started='08:58:26') (3568) terminated with exit code 0
[2022-08-13 09:00:44,327] {process_utils.py:75} INFO - Process psutil.Process(pid=3634, status='terminated', started='08:58:28') (3634) terminated with exit code None
[2022-08-13 09:00:44,328] {process_utils.py:75} INFO - Process psutil.Process(pid=3640, status='terminated', started='08:58:28') (3640) terminated with exit code None
