[2022-08-19 03:40:50,497] {taskinstance.py:1179} INFO - Dependencies all met for <TaskInstance: craw.cr3 manual__2022-08-19T03:40:47.993606+00:00 [queued]>
[2022-08-19 03:40:50,509] {taskinstance.py:1179} INFO - Dependencies all met for <TaskInstance: craw.cr3 manual__2022-08-19T03:40:47.993606+00:00 [queued]>
[2022-08-19 03:40:50,510] {taskinstance.py:1376} INFO - 
--------------------------------------------------------------------------------
[2022-08-19 03:40:50,510] {taskinstance.py:1377} INFO - Starting attempt 1 of 2
[2022-08-19 03:40:50,511] {taskinstance.py:1378} INFO - 
--------------------------------------------------------------------------------
[2022-08-19 03:40:50,527] {taskinstance.py:1397} INFO - Executing <Task(PythonOperator): cr3> on 2022-08-19 03:40:47.993606+00:00
[2022-08-19 03:40:50,536] {standard_task_runner.py:52} INFO - Started process 99 to run task
[2022-08-19 03:40:50,545] {standard_task_runner.py:79} INFO - Running: ['***', 'tasks', 'run', 'craw', 'cr3', 'manual__2022-08-19T03:40:47.993606+00:00', '--job-id', '193', '--raw', '--subdir', 'DAGS_FOLDER/newtest.py', '--cfg-path', '/tmp/tmpl9f3gzw6', '--error-file', '/tmp/tmpd2rl7o7c']
[2022-08-19 03:40:50,550] {standard_task_runner.py:80} INFO - Job 193: Subtask cr3
[2022-08-19 03:40:50,654] {task_command.py:371} INFO - Running <TaskInstance: craw.cr3 manual__2022-08-19T03:40:47.993606+00:00 [running]> on host 60f4a82f80df
[2022-08-19 03:40:50,811] {taskinstance.py:1589} INFO - Exporting the following env vars:
AIRFLOW_CTX_DAG_OWNER=***
AIRFLOW_CTX_DAG_ID=craw
AIRFLOW_CTX_TASK_ID=cr3
AIRFLOW_CTX_EXECUTION_DATE=2022-08-19T03:40:47.993606+00:00
AIRFLOW_CTX_TRY_NUMBER=1
AIRFLOW_CTX_DAG_RUN_ID=manual__2022-08-19T03:40:47.993606+00:00
[2022-08-19 03:40:50,832] {base.py:68} INFO - Using connection ID 'mysql' for task execution.
[2022-08-19 03:40:50,838] {logger.py:11} INFO - ====== WebDriver manager ======
[2022-08-19 03:40:51,002] {logger.py:11} INFO - Get LATEST chromedriver version for google-chrome 104.0.5112
[2022-08-19 03:40:51,313] {logger.py:11} INFO - There is no [linux64] chromedriver for browser 104.0.5112 in cache
[2022-08-19 03:40:51,313] {logger.py:11} INFO - About to download new driver from https://chromedriver.storage.googleapis.com/104.0.5112.79/chromedriver_linux64.zip
[2022-08-19 03:41:10,420] {logger.py:11} INFO - Driver has been saved in cache [/home/***/.wdm/drivers/chromedriver/linux64/104.0.5112]
[2022-08-19 03:41:56,376] {logging_mixin.py:115} INFO - https://shopping-phinf.pstatic.net/main_1214685/12146852973.20220714135921.jpg?type=f140 앱코 K660 축교환 완전방수 게이밍 카일광축 레인보우LED 53,500원 
[2022-08-19 03:42:20,138] {logging_mixin.py:115} INFO - https://shopping-phinf.pstatic.net/main_2061262/20612627710.20191022173313.jpg?type=f140 마이크로닉스 MANIC X30 마닉축 기계식 키보드 33,900원 
[2022-08-19 03:43:05,754] {logging_mixin.py:115} INFO - https://shopping-phinf.pstatic.net/main_2158566/21585664463.20191225114207.jpg?type=f140 HP GK400F LED 게이밍 기계식 키보드 25,900원 
[2022-08-19 03:43:29,470] {logging_mixin.py:115} INFO - https://shopping-phinf.pstatic.net/main_2074421/20744210637.20211005163947.jpg?type=f140 앱코 K515 축교환 측면 RGB 라이팅 이중사출 게이밍 기계식 키보드 32,900원 
[2022-08-19 03:43:53,188] {logging_mixin.py:115} INFO - https://shopping-phinf.pstatic.net/main_2922743/29227436619.20211014105845.jpg?type=f140 마이크로닉스 MANIC EX580 광축 크리스탈 게이밍 키보드 66,850원 
[2022-08-19 03:43:58,618] {logging_mixin.py:115} INFO - 1
[2022-08-19 03:44:22,328] {logging_mixin.py:115} INFO - https://shopping-phinf.pstatic.net/main_1071478/10714780944.20161201110333.jpg?type=f140 로지텍 멀티 디바이스 블루투스 키보드 K375S 27,070원 
[2022-08-19 03:44:46,058] {logging_mixin.py:115} INFO - https://shopping-phinf.pstatic.net/main_2091432/20914327278.20210303111810.jpg?type=f140 웨이코스 씽크웨이 토체티 텐키리스 D&T 콜라보 체리 키보드 134,000원 
[2022-08-19 03:45:09,768] {logging_mixin.py:115} INFO - https://shopping-phinf.pstatic.net/main_1727812/17278124782.20190130110141.jpg?type=f140 COX 엔데버 텐키리스 RGB PBT 완전방수 무접점 키보드 150,000원 
[2022-08-19 03:45:33,548] {logging_mixin.py:115} INFO - https://shopping-phinf.pstatic.net/main_3048826/30488263622.20220110170830.jpg?type=f140 로지텍 MX KEYS MINI 113,800원 
[2022-08-19 03:45:57,278] {logging_mixin.py:115} INFO - https://shopping-phinf.pstatic.net/main_2678593/26785933523.20210416110923.jpg?type=f140 커세어 K70 RGB TKL 게이밍 키보드 한글판 179,000원 
[2022-08-19 03:46:02,694] {logging_mixin.py:115} INFO - 2
[2022-08-19 03:46:26,505] {logging_mixin.py:115} INFO - https://shopping-phinf.pstatic.net/main_1214685/12146852973.20220714135921.jpg?type=f140 앱코 K660 축교환 완전방수 게이밍 카일광축 레인보우LED 53,500원 
[2022-08-19 03:46:50,268] {logging_mixin.py:115} INFO - https://shopping-phinf.pstatic.net/main_2061262/20612627710.20191022173313.jpg?type=f140 마이크로닉스 MANIC X30 마닉축 기계식 키보드 33,900원 
[2022-08-19 03:47:13,998] {logging_mixin.py:115} INFO - https://shopping-phinf.pstatic.net/main_2158566/21585664463.20191225114207.jpg?type=f140 HP GK400F LED 게이밍 기계식 키보드 25,900원 
[2022-08-19 03:47:37,766] {logging_mixin.py:115} INFO - https://shopping-phinf.pstatic.net/main_2074421/20744210637.20211005163947.jpg?type=f140 앱코 K515 축교환 측면 RGB 라이팅 이중사출 게이밍 기계식 키보드 32,900원 
[2022-08-19 03:48:01,447] {logging_mixin.py:115} INFO - https://shopping-phinf.pstatic.net/main_2922743/29227436619.20211014105845.jpg?type=f140 마이크로닉스 MANIC EX580 광축 크리스탈 게이밍 키보드 66,850원 
[2022-08-19 03:48:06,881] {logging_mixin.py:115} INFO - 3
[2022-08-19 03:48:06,968] {python.py:173} INFO - Done. Returned value was: None
[2022-08-19 03:48:06,991] {taskinstance.py:1415} INFO - Marking task as SUCCESS. dag_id=craw, task_id=cr3, execution_date=20220819T034047, start_date=20220819T034050, end_date=20220819T034806
[2022-08-19 03:48:07,062] {local_task_job.py:156} INFO - Task exited with return code 0
[2022-08-19 03:48:07,101] {local_task_job.py:273} INFO - 0 downstream tasks scheduled from follow-on schedule check
