[2022-08-13 08:46:44,031] {taskinstance.py:1179} INFO - Dependencies all met for <TaskInstance: craw.cr2 manual__2022-08-13T08:46:41.606794+00:00 [queued]>
[2022-08-13 08:46:44,051] {taskinstance.py:1179} INFO - Dependencies all met for <TaskInstance: craw.cr2 manual__2022-08-13T08:46:41.606794+00:00 [queued]>
[2022-08-13 08:46:44,052] {taskinstance.py:1376} INFO - 
--------------------------------------------------------------------------------
[2022-08-13 08:46:44,052] {taskinstance.py:1377} INFO - Starting attempt 1 of 2
[2022-08-13 08:46:44,053] {taskinstance.py:1378} INFO - 
--------------------------------------------------------------------------------
[2022-08-13 08:46:44,080] {taskinstance.py:1397} INFO - Executing <Task(PythonOperator): cr2> on 2022-08-13 08:46:41.606794+00:00
[2022-08-13 08:46:44,086] {standard_task_runner.py:52} INFO - Started process 2105 to run task
[2022-08-13 08:46:44,092] {standard_task_runner.py:79} INFO - Running: ['***', 'tasks', 'run', 'craw', 'cr2', 'manual__2022-08-13T08:46:41.606794+00:00', '--job-id', '45', '--raw', '--subdir', 'DAGS_FOLDER/newtest.py', '--cfg-path', '/tmp/tmpnnu29k0x', '--error-file', '/tmp/tmpe1bxv5k9']
[2022-08-13 08:46:44,096] {standard_task_runner.py:80} INFO - Job 45: Subtask cr2
[2022-08-13 08:46:44,369] {task_command.py:371} INFO - Running <TaskInstance: craw.cr2 manual__2022-08-13T08:46:41.606794+00:00 [running]> on host cdb6935da655
[2022-08-13 08:46:44,645] {taskinstance.py:1591} INFO - Exporting the following env vars:
AIRFLOW_CTX_DAG_OWNER=***
AIRFLOW_CTX_DAG_ID=craw
AIRFLOW_CTX_TASK_ID=cr2
AIRFLOW_CTX_EXECUTION_DATE=2022-08-13T08:46:41.606794+00:00
AIRFLOW_CTX_TRY_NUMBER=1
AIRFLOW_CTX_DAG_RUN_ID=manual__2022-08-13T08:46:41.606794+00:00
[2022-08-13 08:46:44,648] {logger.py:11} INFO - ====== WebDriver manager ======
[2022-08-13 08:46:44,971] {logger.py:11} INFO - Get LATEST chromedriver version for google-chrome 104.0.5112
[2022-08-13 08:46:47,241] {logger.py:11} INFO - Driver [/home/***/.wdm/drivers/chromedriver/linux64/104.0.5112/chromedriver] found in cache
[2022-08-13 08:47:40,788] {base.py:68} INFO - Using connection ID 'mysql' for task execution.
[2022-08-13 08:47:40,792] {dbapi.py:231} INFO - Running statement: INSERT INTO info (image,name,price,review) VALUES(v1, v2, v3, v4);, parameters: None
[2022-08-13 08:47:40,793] {taskinstance.py:1909} ERROR - Task failed with exception
Traceback (most recent call last):
  File "/home/airflow/.local/lib/python3.7/site-packages/airflow/operators/python.py", line 171, in execute
    return_value = self.execute_callable()
  File "/home/airflow/.local/lib/python3.7/site-packages/airflow/operators/python.py", line 189, in execute_callable
    return self.python_callable(*self.op_args, **self.op_kwargs)
  File "/opt/airflow/dags/newtest.py", line 94, in crawling
    mysql_hook.run(insert_mysql,(image,name,price,review))
  File "/home/airflow/.local/lib/python3.7/site-packages/airflow/hooks/dbapi.py", line 211, in run
    self._run_command(cur, sql_statement, parameters)
  File "/home/airflow/.local/lib/python3.7/site-packages/airflow/hooks/dbapi.py", line 235, in _run_command
    cur.execute(sql_statement)
  File "/home/airflow/.local/lib/python3.7/site-packages/pymysql/cursors.py", line 148, in execute
    result = self._query(query)
  File "/home/airflow/.local/lib/python3.7/site-packages/pymysql/cursors.py", line 310, in _query
    conn.query(q)
  File "/home/airflow/.local/lib/python3.7/site-packages/pymysql/connections.py", line 548, in query
    self._affected_rows = self._read_query_result(unbuffered=unbuffered)
  File "/home/airflow/.local/lib/python3.7/site-packages/pymysql/connections.py", line 775, in _read_query_result
    result.read()
  File "/home/airflow/.local/lib/python3.7/site-packages/pymysql/connections.py", line 1156, in read
    first_packet = self.connection._read_packet()
  File "/home/airflow/.local/lib/python3.7/site-packages/pymysql/connections.py", line 725, in _read_packet
    packet.raise_for_error()
  File "/home/airflow/.local/lib/python3.7/site-packages/pymysql/protocol.py", line 221, in raise_for_error
    err.raise_mysql_exception(self._data)
  File "/home/airflow/.local/lib/python3.7/site-packages/pymysql/err.py", line 143, in raise_mysql_exception
    raise errorclass(errno, errval)
pymysql.err.OperationalError: (1054, "Unknown column 'v1' in 'field list'")
[2022-08-13 08:47:40,812] {taskinstance.py:1420} INFO - Marking task as UP_FOR_RETRY. dag_id=craw, task_id=cr2, execution_date=20220813T084641, start_date=20220813T084644, end_date=20220813T084740
[2022-08-13 08:47:40,838] {standard_task_runner.py:97} ERROR - Failed to execute job 45 for task cr2 ((1054, "Unknown column 'v1' in 'field list'"); 2105)
[2022-08-13 08:47:40,853] {local_task_job.py:156} INFO - Task exited with return code 1
[2022-08-13 08:47:40,892] {local_task_job.py:273} INFO - 0 downstream tasks scheduled from follow-on schedule check
