[2022-08-13 09:57:00,821] {taskinstance.py:1179} INFO - Dependencies all met for <TaskInstance: craw.cr1 manual__2022-08-13T09:56:57.889047+00:00 [queued]>
[2022-08-13 09:57:00,838] {taskinstance.py:1179} INFO - Dependencies all met for <TaskInstance: craw.cr1 manual__2022-08-13T09:56:57.889047+00:00 [queued]>
[2022-08-13 09:57:00,838] {taskinstance.py:1376} INFO - 
--------------------------------------------------------------------------------
[2022-08-13 09:57:00,839] {taskinstance.py:1377} INFO - Starting attempt 1 of 2
[2022-08-13 09:57:00,839] {taskinstance.py:1378} INFO - 
--------------------------------------------------------------------------------
[2022-08-13 09:57:00,861] {taskinstance.py:1397} INFO - Executing <Task(PythonOperator): cr1> on 2022-08-13 09:56:57.889047+00:00
[2022-08-13 09:57:00,868] {standard_task_runner.py:52} INFO - Started process 123 to run task
[2022-08-13 09:57:00,872] {standard_task_runner.py:79} INFO - Running: ['***', 'tasks', 'run', 'craw', 'cr1', 'manual__2022-08-13T09:56:57.889047+00:00', '--job-id', '64', '--raw', '--subdir', 'DAGS_FOLDER/newtest.py', '--cfg-path', '/tmp/tmpojajo0go', '--error-file', '/tmp/tmpyy6haoqq']
[2022-08-13 09:57:00,874] {standard_task_runner.py:80} INFO - Job 64: Subtask cr1
[2022-08-13 09:57:00,972] {task_command.py:371} INFO - Running <TaskInstance: craw.cr1 manual__2022-08-13T09:56:57.889047+00:00 [running]> on host cdb6935da655
[2022-08-13 09:57:01,147] {taskinstance.py:1591} INFO - Exporting the following env vars:
AIRFLOW_CTX_DAG_OWNER=***
AIRFLOW_CTX_DAG_ID=craw
AIRFLOW_CTX_TASK_ID=cr1
AIRFLOW_CTX_EXECUTION_DATE=2022-08-13T09:56:57.889047+00:00
AIRFLOW_CTX_TRY_NUMBER=1
AIRFLOW_CTX_DAG_RUN_ID=manual__2022-08-13T09:56:57.889047+00:00
[2022-08-13 09:57:01,152] {taskinstance.py:1909} ERROR - Task failed with exception
Traceback (most recent call last):
  File "/home/airflow/.local/lib/python3.7/site-packages/airflow/operators/python.py", line 171, in execute
    return_value = self.execute_callable()
  File "/home/airflow/.local/lib/python3.7/site-packages/airflow/operators/python.py", line 189, in execute_callable
    return self.python_callable(*self.op_args, **self.op_kwargs)
  File "/opt/airflow/dags/newtest.py", line 39, in crawling
    cursor=conn.cursor()
AttributeError: 'function' object has no attribute 'cursor'
[2022-08-13 09:57:01,192] {taskinstance.py:1420} INFO - Marking task as UP_FOR_RETRY. dag_id=craw, task_id=cr1, execution_date=20220813T095657, start_date=20220813T095700, end_date=20220813T095701
[2022-08-13 09:57:01,234] {standard_task_runner.py:97} ERROR - Failed to execute job 64 for task cr1 ('function' object has no attribute 'cursor'; 123)
[2022-08-13 09:57:01,291] {local_task_job.py:156} INFO - Task exited with return code 1
[2022-08-13 09:57:01,422] {local_task_job.py:273} INFO - 0 downstream tasks scheduled from follow-on schedule check
