[2022-08-12 08:00:12,326] {taskinstance.py:1179} INFO - Dependencies all met for <TaskInstance: craw.cr1 manual__2022-08-12T08:00:08.983965+00:00 [queued]>
[2022-08-12 08:00:12,352] {taskinstance.py:1179} INFO - Dependencies all met for <TaskInstance: craw.cr1 manual__2022-08-12T08:00:08.983965+00:00 [queued]>
[2022-08-12 08:00:12,353] {taskinstance.py:1376} INFO - 
--------------------------------------------------------------------------------
[2022-08-12 08:00:12,353] {taskinstance.py:1377} INFO - Starting attempt 1 of 2
[2022-08-12 08:00:12,354] {taskinstance.py:1378} INFO - 
--------------------------------------------------------------------------------
[2022-08-12 08:00:12,390] {taskinstance.py:1397} INFO - Executing <Task(PythonOperator): cr1> on 2022-08-12 08:00:08.983965+00:00
[2022-08-12 08:00:12,404] {standard_task_runner.py:52} INFO - Started process 1654 to run task
[2022-08-12 08:00:12,415] {standard_task_runner.py:79} INFO - Running: ['***', 'tasks', 'run', 'craw', 'cr1', 'manual__2022-08-12T08:00:08.983965+00:00', '--job-id', '121', '--raw', '--subdir', 'DAGS_FOLDER/newtest.py', '--cfg-path', '/tmp/tmp78eeofz6', '--error-file', '/tmp/tmp7ykeso51']
[2022-08-12 08:00:12,419] {standard_task_runner.py:80} INFO - Job 121: Subtask cr1
[2022-08-12 08:00:12,645] {task_command.py:371} INFO - Running <TaskInstance: craw.cr1 manual__2022-08-12T08:00:08.983965+00:00 [running]> on host d59619969b18
[2022-08-12 08:00:13,088] {taskinstance.py:1591} INFO - Exporting the following env vars:
AIRFLOW_CTX_DAG_OWNER=***
AIRFLOW_CTX_DAG_ID=craw
AIRFLOW_CTX_TASK_ID=cr1
AIRFLOW_CTX_EXECUTION_DATE=2022-08-12T08:00:08.983965+00:00
AIRFLOW_CTX_TRY_NUMBER=1
AIRFLOW_CTX_DAG_RUN_ID=manual__2022-08-12T08:00:08.983965+00:00
[2022-08-12 08:00:13,104] {taskinstance.py:1909} ERROR - Task failed with exception
Traceback (most recent call last):
  File "/home/airflow/.local/lib/python3.7/site-packages/pymysql/connections.py", line 614, in connect
    (self.host, self.port), self.connect_timeout, **kwargs
  File "/usr/local/lib/python3.7/socket.py", line 728, in create_connection
    raise err
  File "/usr/local/lib/python3.7/socket.py", line 716, in create_connection
    sock.connect(sa)
ConnectionRefusedError: [Errno 111] Connection refused

During handling of the above exception, another exception occurred:

Traceback (most recent call last):
  File "/home/airflow/.local/lib/python3.7/site-packages/airflow/operators/python.py", line 171, in execute
    return_value = self.execute_callable()
  File "/home/airflow/.local/lib/python3.7/site-packages/airflow/operators/python.py", line 189, in execute_callable
    return self.python_callable(*self.op_args, **self.op_kwargs)
  File "/opt/airflow/dags/newtest.py", line 42, in crawling
    port=3306)
  File "/home/airflow/.local/lib/python3.7/site-packages/pymysql/connections.py", line 353, in __init__
    self.connect()
  File "/home/airflow/.local/lib/python3.7/site-packages/pymysql/connections.py", line 664, in connect
    raise exc
pymysql.err.OperationalError: (2003, "Can't connect to MySQL server on '127.0.0.1' ([Errno 111] Connection refused)")
[2022-08-12 08:00:13,163] {taskinstance.py:1420} INFO - Marking task as UP_FOR_RETRY. dag_id=craw, task_id=cr1, execution_date=20220812T080008, start_date=20220812T080012, end_date=20220812T080013
[2022-08-12 08:00:13,207] {standard_task_runner.py:97} ERROR - Failed to execute job 121 for task cr1 ((2003, "Can't connect to MySQL server on '127.0.0.1' ([Errno 111] Connection refused)"); 1654)
[2022-08-12 08:00:13,239] {local_task_job.py:156} INFO - Task exited with return code 1
[2022-08-12 08:00:13,407] {local_task_job.py:273} INFO - 0 downstream tasks scheduled from follow-on schedule check
