[2022-08-11 04:35:21,012] {taskinstance.py:1179} INFO - Dependencies all met for <TaskInstance: craw.cr1 manual__2022-08-11T04:35:17.364741+00:00 [queued]>
[2022-08-11 04:35:21,053] {taskinstance.py:1179} INFO - Dependencies all met for <TaskInstance: craw.cr1 manual__2022-08-11T04:35:17.364741+00:00 [queued]>
[2022-08-11 04:35:21,056] {taskinstance.py:1376} INFO - 
--------------------------------------------------------------------------------
[2022-08-11 04:35:21,057] {taskinstance.py:1377} INFO - Starting attempt 1 of 2
[2022-08-11 04:35:21,058] {taskinstance.py:1378} INFO - 
--------------------------------------------------------------------------------
[2022-08-11 04:35:21,105] {taskinstance.py:1397} INFO - Executing <Task(PythonOperator): cr1> on 2022-08-11 04:35:17.364741+00:00
[2022-08-11 04:35:21,123] {standard_task_runner.py:52} INFO - Started process 9602 to run task
[2022-08-11 04:35:21,137] {standard_task_runner.py:79} INFO - Running: ['***', 'tasks', 'run', 'craw', 'cr1', 'manual__2022-08-11T04:35:17.364741+00:00', '--job-id', '64', '--raw', '--subdir', 'DAGS_FOLDER/newtest.py', '--cfg-path', '/tmp/tmp0cpinxpc', '--error-file', '/tmp/tmp1bqoprjg']
[2022-08-11 04:35:21,151] {standard_task_runner.py:80} INFO - Job 64: Subtask cr1
[2022-08-11 04:35:21,421] {task_command.py:371} INFO - Running <TaskInstance: craw.cr1 manual__2022-08-11T04:35:17.364741+00:00 [running]> on host d59619969b18
[2022-08-11 04:35:21,666] {taskinstance.py:1591} INFO - Exporting the following env vars:
AIRFLOW_CTX_DAG_OWNER=***
AIRFLOW_CTX_DAG_ID=craw
AIRFLOW_CTX_TASK_ID=cr1
AIRFLOW_CTX_EXECUTION_DATE=2022-08-11T04:35:17.364741+00:00
AIRFLOW_CTX_TRY_NUMBER=1
AIRFLOW_CTX_DAG_RUN_ID=manual__2022-08-11T04:35:17.364741+00:00
[2022-08-11 04:35:21,672] {logger.py:11} INFO - ====== WebDriver manager ======
[2022-08-11 04:35:22,394] {logger.py:11} INFO - Get LATEST chromedriver version for google-chrome 104.0.5112
[2022-08-11 04:35:23,374] {logger.py:11} INFO - Driver [/home/***/.wdm/drivers/chromedriver/linux64/104.0.5112/chromedriver] found in cache
[2022-08-11 04:38:02,570] {taskinstance.py:1909} ERROR - Task failed with exception
Traceback (most recent call last):
  File "/home/airflow/.local/lib/python3.7/site-packages/airflow/operators/python.py", line 171, in execute
    return_value = self.execute_callable()
  File "/home/airflow/.local/lib/python3.7/site-packages/airflow/operators/python.py", line 189, in execute_callable
    return self.python_callable(*self.op_args, **self.op_kwargs)
  File "/opt/airflow/dags/newtest.py", line 93, in crawling
    lists.append((image, name, price, review))
NameError: name 'lists' is not defined
[2022-08-11 04:38:02,615] {taskinstance.py:1420} INFO - Marking task as UP_FOR_RETRY. dag_id=craw, task_id=cr1, execution_date=20220811T043517, start_date=20220811T043521, end_date=20220811T043802
[2022-08-11 04:38:02,662] {standard_task_runner.py:97} ERROR - Failed to execute job 64 for task cr1 (name 'lists' is not defined; 9602)
[2022-08-11 04:38:02,694] {local_task_job.py:156} INFO - Task exited with return code 1
[2022-08-11 04:38:02,771] {local_task_job.py:273} INFO - 0 downstream tasks scheduled from follow-on schedule check
