[2022-08-18 04:39:06,245] {taskinstance.py:1179} INFO - Dependencies all met for <TaskInstance: craw.cr3 manual__2022-08-18T04:38:28.162136+00:00 [queued]>
[2022-08-18 04:39:06,348] {taskinstance.py:1179} INFO - Dependencies all met for <TaskInstance: craw.cr3 manual__2022-08-18T04:38:28.162136+00:00 [queued]>
[2022-08-18 04:39:06,349] {taskinstance.py:1376} INFO - 
--------------------------------------------------------------------------------
[2022-08-18 04:39:06,350] {taskinstance.py:1377} INFO - Starting attempt 1 of 2
[2022-08-18 04:39:06,351] {taskinstance.py:1378} INFO - 
--------------------------------------------------------------------------------
[2022-08-18 04:39:06,478] {taskinstance.py:1397} INFO - Executing <Task(PythonOperator): cr3> on 2022-08-18 04:38:28.162136+00:00
[2022-08-18 04:39:06,524] {standard_task_runner.py:52} INFO - Started process 2146 to run task
[2022-08-18 04:39:06,554] {standard_task_runner.py:79} INFO - Running: ['***', 'tasks', 'run', 'craw', 'cr3', 'manual__2022-08-18T04:38:28.162136+00:00', '--job-id', '186', '--raw', '--subdir', 'DAGS_FOLDER/newtest.py', '--cfg-path', '/tmp/tmpqn_ijibs', '--error-file', '/tmp/tmpao6hntb3']
[2022-08-18 04:39:06,557] {standard_task_runner.py:80} INFO - Job 186: Subtask cr3
[2022-08-18 04:39:06,881] {task_command.py:371} INFO - Running <TaskInstance: craw.cr3 manual__2022-08-18T04:38:28.162136+00:00 [running]> on host d59619969b18
[2022-08-18 04:39:07,354] {taskinstance.py:1591} INFO - Exporting the following env vars:
AIRFLOW_CTX_DAG_OWNER=***
AIRFLOW_CTX_DAG_ID=craw
AIRFLOW_CTX_TASK_ID=cr3
AIRFLOW_CTX_EXECUTION_DATE=2022-08-18T04:38:28.162136+00:00
AIRFLOW_CTX_TRY_NUMBER=1
AIRFLOW_CTX_DAG_RUN_ID=manual__2022-08-18T04:38:28.162136+00:00
[2022-08-18 04:39:38,303] {base.py:68} INFO - Using connection ID 'mysql' for task execution.
[2022-08-18 04:39:38,376] {logger.py:11} INFO - ====== WebDriver manager ======
[2022-08-18 04:39:38,657] {logger.py:11} INFO - Get LATEST chromedriver version for google-chrome 104.0.5112
[2022-08-18 04:39:53,067] {logger.py:11} INFO - Driver [/home/***/.wdm/drivers/chromedriver/linux64/104.0.5112/chromedriver] found in cache
