[2022-08-13 08:23:14,841] {taskinstance.py:1179} INFO - Dependencies all met for <TaskInstance: workflow.create_table manual__2022-08-13T08:23:13.150430+00:00 [queued]>
[2022-08-13 08:23:14,864] {taskinstance.py:1179} INFO - Dependencies all met for <TaskInstance: workflow.create_table manual__2022-08-13T08:23:13.150430+00:00 [queued]>
[2022-08-13 08:23:14,864] {taskinstance.py:1376} INFO - 
--------------------------------------------------------------------------------
[2022-08-13 08:23:14,865] {taskinstance.py:1377} INFO - Starting attempt 1 of 1
[2022-08-13 08:23:14,866] {taskinstance.py:1378} INFO - 
--------------------------------------------------------------------------------
[2022-08-13 08:23:14,910] {taskinstance.py:1397} INFO - Executing <Task(MySqlOperator): create_table> on 2022-08-13 08:23:13.150430+00:00
[2022-08-13 08:23:14,917] {standard_task_runner.py:52} INFO - Started process 361 to run task
[2022-08-13 08:23:14,922] {standard_task_runner.py:79} INFO - Running: ['***', 'tasks', 'run', 'workflow', 'create_table', 'manual__2022-08-13T08:23:13.150430+00:00', '--job-id', '32', '--raw', '--subdir', 'DAGS_FOLDER/test.py', '--cfg-path', '/tmp/tmp8qif5wi8', '--error-file', '/tmp/tmp8y1ygac0']
[2022-08-13 08:23:14,923] {standard_task_runner.py:80} INFO - Job 32: Subtask create_table
[2022-08-13 08:23:15,035] {task_command.py:371} INFO - Running <TaskInstance: workflow.create_table manual__2022-08-13T08:23:13.150430+00:00 [running]> on host cdb6935da655
[2022-08-13 08:23:15,157] {taskinstance.py:1591} INFO - Exporting the following env vars:
AIRFLOW_CTX_DAG_OWNER=***
AIRFLOW_CTX_DAG_ID=workflow
AIRFLOW_CTX_TASK_ID=create_table
AIRFLOW_CTX_EXECUTION_DATE=2022-08-13T08:23:13.150430+00:00
AIRFLOW_CTX_TRY_NUMBER=1
AIRFLOW_CTX_DAG_RUN_ID=manual__2022-08-13T08:23:13.150430+00:00
[2022-08-13 08:23:15,159] {mysql.py:82} INFO - Executing: CREATE DATABASE qweql
[2022-08-13 08:23:15,175] {base.py:68} INFO - Using connection ID 'mysql' for task execution.
[2022-08-13 08:23:15,178] {taskinstance.py:1909} ERROR - Task failed with exception
Traceback (most recent call last):
  File "/home/airflow/.local/lib/python3.7/site-packages/pymysql/connections.py", line 614, in connect
    (self.host, self.port), self.connect_timeout, **kwargs
  File "/usr/local/lib/python3.7/socket.py", line 728, in create_connection
    raise err
  File "/usr/local/lib/python3.7/socket.py", line 716, in create_connection
    sock.connect(sa)
OSError: [Errno 99] Cannot assign requested address

During handling of the above exception, another exception occurred:

Traceback (most recent call last):
  File "/home/airflow/.local/lib/python3.7/site-packages/airflow/providers/mysql/operators/mysql.py", line 84, in execute
    hook.run(self.sql, autocommit=self.autocommit, parameters=self.parameters)
  File "/home/airflow/.local/lib/python3.7/site-packages/airflow/hooks/dbapi.py", line 204, in run
    with closing(self.get_conn()) as conn:
  File "/home/airflow/.local/lib/python3.7/site-packages/airflow/providers/mysql/hooks/mysql.py", line 166, in get_conn
    return MySQLdb.connect(**conn_config)
  File "/home/airflow/.local/lib/python3.7/site-packages/pymysql/connections.py", line 353, in __init__
    self.connect()
  File "/home/airflow/.local/lib/python3.7/site-packages/pymysql/connections.py", line 664, in connect
    raise exc
pymysql.err.OperationalError: (2003, "Can't connect to MySQL server on 'localhost' ([Errno 99] Cannot assign requested address)")
[2022-08-13 08:23:15,191] {taskinstance.py:1420} INFO - Marking task as FAILED. dag_id=workflow, task_id=create_table, execution_date=20220813T082313, start_date=20220813T082314, end_date=20220813T082315
[2022-08-13 08:23:15,212] {standard_task_runner.py:97} ERROR - Failed to execute job 32 for task create_table ((2003, "Can't connect to MySQL server on 'localhost' ([Errno 99] Cannot assign requested address)"); 361)
[2022-08-13 08:23:15,256] {local_task_job.py:156} INFO - Task exited with return code 1
[2022-08-13 08:23:15,318] {local_task_job.py:273} INFO - 0 downstream tasks scheduled from follow-on schedule check
