[2022-08-13 14:34:45,997] {taskinstance.py:1179} INFO - Dependencies all met for <TaskInstance: craw.cr2 manual__2022-08-13T14:34:44.399039+00:00 [queued]>
[2022-08-13 14:34:46,014] {taskinstance.py:1179} INFO - Dependencies all met for <TaskInstance: craw.cr2 manual__2022-08-13T14:34:44.399039+00:00 [queued]>
[2022-08-13 14:34:46,015] {taskinstance.py:1376} INFO - 
--------------------------------------------------------------------------------
[2022-08-13 14:34:46,015] {taskinstance.py:1377} INFO - Starting attempt 1 of 2
[2022-08-13 14:34:46,016] {taskinstance.py:1378} INFO - 
--------------------------------------------------------------------------------
[2022-08-13 14:34:46,047] {taskinstance.py:1397} INFO - Executing <Task(PythonOperator): cr2> on 2022-08-13 14:34:44.399039+00:00
[2022-08-13 14:34:46,053] {standard_task_runner.py:52} INFO - Started process 23028 to run task
[2022-08-13 14:34:46,061] {standard_task_runner.py:79} INFO - Running: ['***', 'tasks', 'run', 'craw', 'cr2', 'manual__2022-08-13T14:34:44.399039+00:00', '--job-id', '95', '--raw', '--subdir', 'DAGS_FOLDER/newtest.py', '--cfg-path', '/tmp/tmpd2x__oaw', '--error-file', '/tmp/tmp13oykb6k']
[2022-08-13 14:34:46,063] {standard_task_runner.py:80} INFO - Job 95: Subtask cr2
[2022-08-13 14:34:46,227] {task_command.py:371} INFO - Running <TaskInstance: craw.cr2 manual__2022-08-13T14:34:44.399039+00:00 [running]> on host cdb6935da655
[2022-08-13 14:34:46,327] {taskinstance.py:1591} INFO - Exporting the following env vars:
AIRFLOW_CTX_DAG_OWNER=***
AIRFLOW_CTX_DAG_ID=craw
AIRFLOW_CTX_TASK_ID=cr2
AIRFLOW_CTX_EXECUTION_DATE=2022-08-13T14:34:44.399039+00:00
AIRFLOW_CTX_TRY_NUMBER=1
AIRFLOW_CTX_DAG_RUN_ID=manual__2022-08-13T14:34:44.399039+00:00
[2022-08-13 14:34:46,496] {base.py:68} INFO - Using connection ID 'mysql' for task execution.
[2022-08-13 14:34:46,500] {logger.py:11} INFO - ====== WebDriver manager ======
[2022-08-13 14:34:46,619] {logger.py:11} INFO - Get LATEST chromedriver version for google-chrome 104.0.5112
[2022-08-13 14:34:46,893] {logger.py:11} INFO - Driver [/home/***/.wdm/drivers/chromedriver/linux64/104.0.5112/chromedriver] found in cache
[2022-08-13 14:35:35,720] {logging_mixin.py:115} INFO - https://shopping-phinf.pstatic.net/main_2685653/26856531523.20210422141628.jpg?type=f140 웨이코스 씽크웨이 토체티BW 블루투스 유무선 텐키리스 체리키보드 170,000원 터치감 좋고 블루투스 연결속도 좋고 조용해서 좋습니다.효율성 10배 상승. 키감 만족 디자인 만족 특이사항 없음.진짜 타건감이 장난아닙니다 ㅋㅋㅋ 원래 무접점 선호했었는데 무접점보다 타건감이 더 좋아요 소리도 정말 조용합니다!!!키감도 좋고 조용합니다 적극추천합니다배송 엄청빠릅니다16시간 정도걸린듯ㅎㅎㅎ
[2022-08-13 14:35:41,096] {logging_mixin.py:115} INFO - 1
[2022-08-13 14:37:52,184] {logging_mixin.py:115} INFO - https://shopping-phinf.pstatic.net/main_2079313/20793131297.20200331153801.jpg?type=f140 비프렌드 팬터그래프 KB800 31,870원 소음이 완전 안나진 않아여
지금 사무실에서 쓰는게 워낙에 꾸져서 소리가 엄청 컸지만요..
실버+화이트 깔끔하네요저소음이라 사무실에서 타자 맘껏 쳐도 눈치안보여요 키스킨도 살껄 그랫나봐요 넘 이쁜데 때가 탈까봐 두려워요키감도 좋고 조용해서 너무 좋아요.
지금은 사무실에서 쓰고 있는데 집에 있는 키보드도 바꿀까 고민중입니다.
키감이 가벼워서 손가락에 힘이 많이 안들어가서 좋습니다.기계식 쓰다가 이거 사용하니 세상 좋네요 키감이 부드러워 잘 눌리면서도 탄력감이 있어 누르는 맛이 좋습니다. 검은색을 구매했는데 키 색상도 이쁘네요무선키보드사려고 했는데 선이 달려있어서 당황했습니다. 제대로 살펴보지않고 주문한 제 실수에 헛웃음이 나왔습니다. 그래도 타자감도 좋고 만족스럽네요ㅋㅋㅋ진짜 조용하고 좋아요. 사무실에서 사용하려고 이거저거 엄청 고심하다 산건데 가성비 짱이고 넘 맘에 들어요! 써본결과 엄지척입니다.구매 이후 부품 빠갈난것도 빠르게 응대해주셔서 교체하고 잘 쓰고 있습니다 사무실용으로 짱이에요 키감도 굿키감이 완전 부드럽진 않네요. 그리고 ㅁ 키캡이 흔들려요. 사용하다 빠질까봐 걱정이긴한데 우선 그냥 씁니다비프렌드꺼 다른거 써봤는데 좋아서 회사에쓸 키보드 구입한거였거든요
키스킨도 주고 저렴하게 잘산거같아요쓰던건데USB가찌그러져서재구입하게됐어요~
실버화이트도예쁘네요~
소리도적고타감도좋아서계속쓸제품입니다~초기 적응이 힘들고 한달이상 사용했는데 아직도 오타가 평상시보다 나긴합니다. 키감이 나쁜건 아닌데 왠지모르게 오타가 많이 나니깐 좋은데 안좋은 느낌? 그리고 키스킨 벗기고 사용해야 키감이 더 좋습니다.디자인도 너무 이쁘구
타자칠 때 소음이 뭐 거의 없다고해야하나
리뷰에 스페이스바 딸깍거리는 소리 난다고했는데
저는 그런현상은 없었어요 ㅎㅎㅎ가성비 짱이에요 사무실에서 이번에 이걸로 바꿨는데 너무 좋아서 집에서 시끄럽게 게임하는 남편꺼도 바꿔놨어요 넘 맘족스러워요잘 받았어요. 내일 회사가서 설치해서 써보려구요. 조용하고 문제없길 기도합니다. 한 달 후기로 돌아올게요.진짜 거의 무소음이고 기존에 쓰던 거에 비해 키감좋아요
무게감 상당하구요
주변에도 추천할수 있을 퀄리티소리는 상당히 적어서 좋습니다. 다만 기존 사용하던 키보드와 배열과 간격이 달라서 오타가 좀 자주 나네요.키감도 좋고 소음도 생각보다 없어요~
다만 키스킨은....덮으면 빡빡해져요;
안 쓸 때 덮개용으로 써야 할듯요..키보드는 만족하나 키스킨이 뻑뻑해서 이걸 쓰면 제품의 상품성을 이끌어내질 못함.. 그거 외에는 좋습니다.화이트가 품절이라 블랙으로 삿는데 블랙도 이쁘네요.
일단 키감도 굉장히 부드러워서 마음에 듭니다. 가격대비 괜찮은 제품같아요.키감부드럽고 좋아요
갈축쓰다가 손목에 무리가는거 같아서 바꿨어요
키스킨까지 사용하니 조용해서 좋네요부드럽고정말조용해요!!게임하는데 눈치보여서 무소음 찾고있었는데 게이밍으로도 좋습니다좋습니다!
약간 연약해보이긴 하는데 가격대비 괜찮은 것 같아요~눌려지는 느낌이 좋고 부드러워요!
생각보다 높이는 조금 있어요~부드럽게 눌려서 좋아요 소리고 안나고 아주 잘 쓸거 같습니다 ^^급하게쓰려고삿는데소음적고다좋아요 그런데오타가잘나요 왜지키스킨까지 주셔서 아주유용하게 잘 쓸거같습니다. 키보드 사이로은근 지저분ㄴ해지는데 키스킨이 있으니 좋네요키보드 계속 사용중인데 이상없이 좋네요 추천해요 가성비 좋음사무실에서 메신져 눈치없이 쓰기 개꿀 실리콘패드 있어야 조용키보드가 깨끗하고 좋아요 입력 시 소리가 안나서 더 만족해요^^사무실에서 쓰는데 최적이에요.
손의 피로감도 적고..소음도 적어요.
왜 진작 몰랐나 싶을 정도에요.굿좝
완전 내스타일
매크로기능이 있었믄 별5갠데 조금 아쉬워요키감도 좋고 조용하고 묵직하니 딱 제스타일이네요.감사합니다여전히 좋습니다!
키보드는 매우 좋지만...유선이라 살짝 불편해서 무선살걸...살짝 후회도 되네요!키 사이사이에 먼지가 잘달라붙는것이 단점이고 소음이나 키감이나 이런것들은 처음 사용했을때와 똑같이 좋네요이거 정말 마음에들어요 소리가 진짜 조용해요
키스킨은 필수!!다 좋아요. 근데 키스킨은 왜 안 온거예요??? 답변 좀 해주세요.적축 기계식 쓰다 적축임에도 소음이 여전히 부담스러워 이걸로 교체하였는데 대만족합니다!
부담스럽지 않은 소음 원하시는분들에게 적극추천사무용키보드용으로 구매했는데 이쁘면서 타자치기 편하네요재택근무 때문에 집에서 쓰려고 하나 더 주문했어요 좋습니다전에 여기서 산게 괜찮아서 아직 쓰고있었는데 이것도 좋네요너무 좋아요 불편한거 없이 잘 쓰고있슴당!사무실에서 쓰려고 샀는데 매우만족합니다키스킨은 그냥그렇지만 키보드는 괜찮네요상품 좋고 포장도 좋아요~배송도 빠릅니다~키감 조용하고 좋아요~
손가락이 덜 아파요~키감좋고 소리도 딱 적당해요 ㅎㅎㅎ만족합니다! 저는 커버안씌운게 더 좋았어요타건감이 쫀득쫀득하니 좋네요. 기계식 쓰다가 쓰니 손가락이 덜 아픈 느낌입니다.키보드를 치면 소리가 조용해서 참 좋네요사이즈도 딱맞고 타자칠때 느낌도 좋아용~무게가 있어 흔들리지 않고 키감도 좋네요키보드가 생각보다 가볍고 쓰기 편합니다.타자 소리도 많이 안나고 키감도 괜찮아요진짜 소음도 적고 배송도 빨라서 좋앗어요무게감이 있지만 색이 너무 예뻐서 좋아요한달이 지났는데 아직도 환불이 안됐네요.타이핑이오오 무거운거빼곤 너무좋습니다배송빠르고 좋네요
아직사용전이라 담에 ~~키보드에 잘맞아 거슬림 없고 배송이 빠름소리 안나오 좋아요...배송도 빠르고 최고!전에쓰던 키보드가 너무 시끄러워서 바꿨는데 진짜 조용하네요
저소음 키보드 찾으시는 분들은 추천함
[2022-08-13 14:37:57,564] {logging_mixin.py:115} INFO - 2
[2022-08-13 14:39:25,825] {logging_mixin.py:115} INFO - https://shopping-phinf.pstatic.net/main_2604016/26040163522.20210218152623.jpg?type=f140 로이체 KT5 PRO 17,900원 고장도 안나고 잘 사용하고 있습니다.
좋아요!!가볍고 좋네요!
오래 잘 쓸 수 있음 좋겠어요~^^갤럭시 스마트폰하고도 바로 연결되서 좋네요매우 가볍고 블루투스 전환도 잘 되고 좋아요!재질이 단단함
화욜 주문했다가 금욜 배송받음깔끔하니 예뻐요 블루투스 접속도 잘 되네요가볍고 아이패드11인치랑 사이즈가 딱이에요역시나 허접하긴하네요 그래도 이가격이면!!키보드가 되게 가볍고 쓰기에 나쁘지 않아요적당히 무난하게 쓰기좋아요!!!엄청 가벼워요ㅋㅋㅋ소리는 스카나 독서실에서 쓰기에는 좀 무리인듯!!!배달도 빠르고 가격도 저렴해서 만족합니다크기가 작아 공간 많이 차지 안해서 좋아요.작고 잘쳐지네요 고장이 안났으면 젛겟어여키감 부드럽고 충방전에서 자유로워 좋아요이가격에 잘 연결되고 안 끊기면 만족이죠.생각보다 소리도 안나요 근데 좀 없어보임정말 가볍고 자석에 붙는 재질이라 좋아요아주 만족하면서 잘쓰고 있습니다 좋아요~가격대비 만족합니다. 키감은 좀 가벼운 듯 하지만 가볍고 들고 다니기에 좋습니다.원하던 싸이즈에 슬림해서 마음에 듭니다가성비 좋네요 33777키스킨 만들어주세요 ㅠㅠ .. 가성비 최고~!! 키스킨만 따로 팔아주셨으면 ㅎㅎ..대박 입니다 만족합니다빠른 배송 너무 감사합니다~
잘 받았습니다 ^^옴청옴청 가벼우요!!!가격만큼 진짜 괜찮은거같아요. 뒷판이 자석이라서 훨씬 더 괜찮은거같아요.너무 너무 좋아요^^만족합니다 2개사서 2배 만족합니다아주좋아요아주좋아요저렴하니 좋아요.ㅋㅋ부자 되세요ㅎㅎㅎㅎㅎㅎ감사강사사가사사가사사가사사사요좋. 아. 요. ~
[2022-08-13 14:39:31,118] {logging_mixin.py:115} INFO - 3
[2022-08-13 14:39:31,205] {python.py:173} INFO - Done. Returned value was: None
[2022-08-13 14:39:31,223] {taskinstance.py:1420} INFO - Marking task as SUCCESS. dag_id=craw, task_id=cr2, execution_date=20220813T143444, start_date=20220813T143445, end_date=20220813T143931
[2022-08-13 14:39:31,270] {local_task_job.py:156} INFO - Task exited with return code 0
[2022-08-13 14:39:31,308] {local_task_job.py:273} INFO - 0 downstream tasks scheduled from follow-on schedule check
