[2022-07-22 06:02:36,102] {taskinstance.py:1179} INFO - Dependencies all met for <TaskInstance: workflow.create_table manual__2022-07-22T06:02:35.018862+00:00 [queued]>
[2022-07-22 06:02:36,108] {taskinstance.py:1179} INFO - Dependencies all met for <TaskInstance: workflow.create_table manual__2022-07-22T06:02:35.018862+00:00 [queued]>
[2022-07-22 06:02:36,109] {taskinstance.py:1376} INFO - 
--------------------------------------------------------------------------------
[2022-07-22 06:02:36,110] {taskinstance.py:1377} INFO - Starting attempt 1 of 1
[2022-07-22 06:02:36,111] {taskinstance.py:1378} INFO - 
--------------------------------------------------------------------------------
[2022-07-22 06:02:36,120] {taskinstance.py:1397} INFO - Executing <Task(MySqlOperator): create_table> on 2022-07-22 06:02:35.018862+00:00
[2022-07-22 06:02:36,125] {standard_task_runner.py:52} INFO - Started process 69 to run task
[2022-07-22 06:02:36,128] {standard_task_runner.py:79} INFO - Running: ['***', 'tasks', 'run', 'workflow', 'create_table', 'manual__2022-07-22T06:02:35.018862+00:00', '--job-id', '511', '--raw', '--subdir', 'DAGS_FOLDER/test.py', '--cfg-path', '/tmp/tmp8jwsy4u3', '--error-file', '/tmp/tmpbaz_76i3']
[2022-07-22 06:02:36,129] {standard_task_runner.py:80} INFO - Job 511: Subtask create_table
[2022-07-22 06:02:36,174] {task_command.py:371} INFO - Running <TaskInstance: workflow.create_table manual__2022-07-22T06:02:35.018862+00:00 [running]> on host 2092df15527a
[2022-07-22 06:02:36,236] {taskinstance.py:1591} INFO - Exporting the following env vars:
AIRFLOW_CTX_DAG_OWNER=***
AIRFLOW_CTX_DAG_ID=workflow
AIRFLOW_CTX_TASK_ID=create_table
AIRFLOW_CTX_EXECUTION_DATE=2022-07-22T06:02:35.018862+00:00
AIRFLOW_CTX_TRY_NUMBER=1
AIRFLOW_CTX_DAG_RUN_ID=manual__2022-07-22T06:02:35.018862+00:00
[2022-07-22 06:02:36,238] {mysql.py:82} INFO - Executing: CREATE DATABASE FUCK
[2022-07-22 06:02:36,246] {base.py:68} INFO - Using connection ID 'mysql_db' for task execution.
[2022-07-22 06:02:36,258] {dbapi.py:231} INFO - Running statement: CREATE DATABASE FUCK, parameters: None
[2022-07-22 06:02:36,265] {dbapi.py:239} INFO - Rows affected: 1
[2022-07-22 06:02:36,275] {taskinstance.py:1420} INFO - Marking task as SUCCESS. dag_id=workflow, task_id=create_table, execution_date=20220722T060235, start_date=20220722T060236, end_date=20220722T060236
[2022-07-22 06:02:36,300] {local_task_job.py:156} INFO - Task exited with return code 0
[2022-07-22 06:02:36,335] {local_task_job.py:273} INFO - 0 downstream tasks scheduled from follow-on schedule check
