[2022-08-18 04:32:40,745] {taskinstance.py:1179} INFO - Dependencies all met for <TaskInstance: craw.cr5 manual__2022-08-18T04:32:34.652409+00:00 [queued]>
[2022-08-18 04:32:40,800] {taskinstance.py:1179} INFO - Dependencies all met for <TaskInstance: craw.cr5 manual__2022-08-18T04:32:34.652409+00:00 [queued]>
[2022-08-18 04:32:40,811] {taskinstance.py:1376} INFO - 
--------------------------------------------------------------------------------
[2022-08-18 04:32:40,812] {taskinstance.py:1377} INFO - Starting attempt 1 of 2
[2022-08-18 04:32:40,815] {taskinstance.py:1378} INFO - 
--------------------------------------------------------------------------------
[2022-08-18 04:32:40,928] {taskinstance.py:1397} INFO - Executing <Task(PythonOperator): cr5> on 2022-08-18 04:32:34.652409+00:00
[2022-08-18 04:32:40,971] {standard_task_runner.py:52} INFO - Started process 521 to run task
[2022-08-18 04:32:41,041] {standard_task_runner.py:79} INFO - Running: ['***', 'tasks', 'run', 'craw', 'cr5', 'manual__2022-08-18T04:32:34.652409+00:00', '--job-id', '171', '--raw', '--subdir', 'DAGS_FOLDER/newtest.py', '--cfg-path', '/tmp/tmpih7l8zdl', '--error-file', '/tmp/tmpngh93_nw']
[2022-08-18 04:32:41,066] {standard_task_runner.py:80} INFO - Job 171: Subtask cr5
[2022-08-18 04:32:41,592] {task_command.py:371} INFO - Running <TaskInstance: craw.cr5 manual__2022-08-18T04:32:34.652409+00:00 [running]> on host d59619969b18
[2022-08-18 04:32:46,046] {taskinstance.py:1591} INFO - Exporting the following env vars:
AIRFLOW_CTX_DAG_OWNER=***
AIRFLOW_CTX_DAG_ID=craw
AIRFLOW_CTX_TASK_ID=cr5
AIRFLOW_CTX_EXECUTION_DATE=2022-08-18T04:32:34.652409+00:00
AIRFLOW_CTX_TRY_NUMBER=1
AIRFLOW_CTX_DAG_RUN_ID=manual__2022-08-18T04:32:34.652409+00:00
[2022-08-18 04:32:46,199] {base.py:68} INFO - Using connection ID 'mysql' for task execution.
[2022-08-18 04:32:46,228] {logger.py:11} INFO - ====== WebDriver manager ======
[2022-08-18 04:32:47,139] {logger.py:11} INFO - Get LATEST chromedriver version for google-chrome 104.0.5112
[2022-08-18 04:32:51,919] {logger.py:11} INFO - About to download new driver from https://chromedriver.storage.googleapis.com/104.0.5112.79/chromedriver_linux64.zip
[2022-08-18 04:34:14,060] {logger.py:11} INFO - Driver has been saved in cache [/home/***/.wdm/drivers/chromedriver/linux64/104.0.5112]
[2022-08-18 04:35:05,879] {logging_mixin.py:115} INFO - https://shopping-phinf.pstatic.net/main_2992245/29922458618.20220303175959.jpg?type=f140 앱코 K840 스퀘어 레트로 축교환 기계식 키보드 47,900원 
[2022-08-18 04:35:29,838] {logging_mixin.py:115} INFO - https://shopping-phinf.pstatic.net/main_2013869/20138695528.20220610100245.jpg?type=f140 한성컴퓨터 GK898B OfficeMaster 한글 159,000원 
[2022-08-18 04:35:54,168] {logging_mixin.py:115} INFO - https://shopping-phinf.pstatic.net/main_1182593/11825933324.20210720140537.jpg?type=f140 한성컴퓨터 Gtune MKF30S Rainbow 37,900원 
[2022-08-18 04:36:17,975] {logging_mixin.py:115} INFO - https://shopping-phinf.pstatic.net/main_2750214/27502145524.20210610145407.jpg?type=f140 한성컴퓨터 BK330 멀티페어링 블루투스 키보드 24,651원 
[2022-08-18 04:36:41,710] {logging_mixin.py:115} INFO - https://shopping-phinf.pstatic.net/main_2674213/26742135522.20210413104258.jpg?type=f140 브리츠 BA-BK10 Plus 66,231원 
[2022-08-18 04:36:47,295] {logging_mixin.py:115} INFO - 1
[2022-08-18 04:37:11,292] {logging_mixin.py:115} INFO - https://shopping-phinf.pstatic.net/main_2183882/21838827773.20200129100927.jpg?type=f140 앱코 K611 텐키리스 카일광축 완전방수 축교환 게이밍 키보드 39,900원 
[2022-08-18 04:37:19,864] {local_task_job.py:221} WARNING - State of this instance has been externally set to failed. Terminating instance.
[2022-08-18 04:37:20,198] {process_utils.py:129} INFO - Sending Signals.SIGTERM to group 521. PIDs of all processes in the group: [1197, 1203, 1207, 1208, 1212, 1213, 1230, 1271, 2002, 1229, 521]
[2022-08-18 04:37:20,215] {process_utils.py:80} INFO - Sending the signal Signals.SIGTERM to group 521
[2022-08-18 04:37:20,294] {taskinstance.py:1561} ERROR - Received SIGTERM. Terminating subprocesses.
[2022-08-18 04:37:20,343] {process_utils.py:75} INFO - Process psutil.Process(pid=1212, status='terminated', started='04:34:13') (1212) terminated with exit code None
[2022-08-18 04:37:20,456] {process_utils.py:75} INFO - Process psutil.Process(pid=1207, status='terminated', started='04:34:13') (1207) terminated with exit code None
[2022-08-18 04:37:20,521] {process_utils.py:75} INFO - Process psutil.Process(pid=1271, status='terminated', started='04:34:13') (1271) terminated with exit code None
[2022-08-18 04:37:20,525] {process_utils.py:75} INFO - Process psutil.Process(pid=1230, status='terminated', started='04:34:13') (1230) terminated with exit code None
[2022-08-18 04:37:20,620] {process_utils.py:75} INFO - Process psutil.Process(pid=1208, status='terminated', started='04:34:13') (1208) terminated with exit code None
[2022-08-18 04:37:20,717] {process_utils.py:75} INFO - Process psutil.Process(pid=1229, status='terminated', started='04:34:13') (1229) terminated with exit code None
[2022-08-18 04:37:20,718] {process_utils.py:75} INFO - Process psutil.Process(pid=1203, status='terminated', started='04:34:13') (1203) terminated with exit code None
[2022-08-18 04:37:20,719] {process_utils.py:75} INFO - Process psutil.Process(pid=2002, status='terminated', started='04:37:18') (2002) terminated with exit code None
[2022-08-18 04:37:20,720] {process_utils.py:75} INFO - Process psutil.Process(pid=1213, status='terminated', started='04:34:13') (1213) terminated with exit code None
[2022-08-18 04:37:22,068] {process_utils.py:75} INFO - Process psutil.Process(pid=521, status='terminated', exitcode=0, started='04:32:40') (521) terminated with exit code 0
[2022-08-18 04:37:22,069] {process_utils.py:75} INFO - Process psutil.Process(pid=1197, status='terminated', started='04:34:13') (1197) terminated with exit code None
